
The following have been reloaded with a version change:
  1) compiler/GCCcore/10.3.0 => compiler/GCCcore/6.3.0
  2) lang/Java/11.0.2 => lang/Java/1.8.0_191
  3) numlib/beagle-lib/3.1.2-GCC-10.3.0 => numlib/beagle-lib/3.0.2-intel-2018.5.274
  4) tools/binutils/2.36.1-GCCcore-10.3.0 => tools/binutils/2.26-GCCcore-6.3.0

File: asterophryinae_20230702.xml seed: 1688673694678 threads: 1
Loading package ORC v1.1.1 Recombination v1.0.0 BEASTLabs v2.0.0 BDSKY v1.5.0 SSM v1.2.0 FastRelaxedClockLogNormal v1.2.0 BEAST.app v2.7.3 BEAST.base v2.7.3    
  Ignoring ambiguities in tree likelihood.
  Ignoring character uncertainty in tree likelihood.
  With 50 unique site patterns.
  Using rescaling scheme : dynamic
  Ignoring ambiguities in tree likelihood.
  Ignoring character uncertainty in tree likelihood.
  With 49 unique site patterns.
  Using rescaling scheme : dynamic
  Ignoring ambiguities in tree likelihood.
  Ignoring character uncertainty in tree likelihood.
  With 115 unique site patterns.
  Using rescaling scheme : dynamic
  Ignoring ambiguities in tree likelihood.
  Ignoring character uncertainty in tree likelihood.
  With 125 unique site patterns.
  Using rescaling scheme : dynamic
  Ignoring ambiguities in tree likelihood.
  Ignoring character uncertainty in tree likelihood.
  With 59 unique site patterns.
  Using rescaling scheme : dynamic
  Ignoring ambiguities in tree likelihood.
  Ignoring character uncertainty in tree likelihood.
  With 48 unique site patterns.
  Using rescaling scheme : dynamic
  Ignoring ambiguities in tree likelihood.
  Ignoring character uncertainty in tree likelihood.
  With 69 unique site patterns.
  Using rescaling scheme : dynamic
  Ignoring ambiguities in tree likelihood.
  Ignoring character uncertainty in tree likelihood.
  With 60 unique site patterns.
  Using rescaling scheme : dynamic
  Ignoring ambiguities in tree likelihood.
  Ignoring character uncertainty in tree likelihood.
  With 151 unique site patterns.
  Using rescaling scheme : dynamic
  Ignoring ambiguities in tree likelihood.
  Ignoring character uncertainty in tree likelihood.
  With 114 unique site patterns.
  Using rescaling scheme : dynamic
  Ignoring ambiguities in tree likelihood.
  Ignoring character uncertainty in tree likelihood.
  With 95 unique site patterns.
  Using rescaling scheme : dynamic
  Ignoring ambiguities in tree likelihood.
  Ignoring character uncertainty in tree likelihood.
  With 170 unique site patterns.
  Using rescaling scheme : dynamic
  Ignoring ambiguities in tree likelihood.
  Ignoring character uncertainty in tree likelihood.
  With 135 unique site patterns.
  Using rescaling scheme : dynamic
  Ignoring ambiguities in tree likelihood.
  Ignoring character uncertainty in tree likelihood.
  With 105 unique site patterns.
  Using rescaling scheme : dynamic
  Ignoring ambiguities in tree likelihood.
  Ignoring character uncertainty in tree likelihood.
  With 162 unique site patterns.
  Using rescaling scheme : dynamic
Warning: removing transform class beast.base.inference.operator.kernel.Transform$LogConstrainedSumTransform because it should have at least 2 dimensions but it has 0
Warning: removing transform class beast.base.inference.operator.kernel.Transform$LogConstrainedSumTransform because it should have at least 2 dimensions but it has 0
Warning: removing transform class beast.base.inference.operator.kernel.Transform$LogConstrainedSumTransform because it should have at least 2 dimensions but it has 0
Warning: removing transform class beast.base.inference.operator.kernel.Transform$LogConstrainedSumTransform because it should have at least 2 dimensions but it has 0
Warning: removing transform class beast.base.inference.operator.kernel.Transform$LogConstrainedSumTransform because it should have at least 2 dimensions but it has 0
Warning: removing transform class beast.base.inference.operator.kernel.Transform$LogConstrainedSumTransform because it should have at least 2 dimensions but it has 0
Warning: removing transform class beast.base.inference.operator.kernel.Transform$LogConstrainedSumTransform because it should have at least 2 dimensions but it has 0
Warning: removing transform class beast.base.inference.operator.kernel.Transform$LogConstrainedSumTransform because it should have at least 2 dimensions but it has 0
Warning: removing transform class beast.base.inference.operator.kernel.Transform$LogConstrainedSumTransform because it should have at least 2 dimensions but it has 0
Warning: removing transform class beast.base.inference.operator.kernel.Transform$LogConstrainedSumTransform because it should have at least 2 dimensions but it has 0
Warning: removing transform class beast.base.inference.operator.kernel.Transform$LogConstrainedSumTransform because it should have at least 2 dimensions but it has 0
Warning: removing transform class beast.base.inference.operator.kernel.Transform$LogConstrainedSumTransform because it should have at least 2 dimensions but it has 0
Warning: removing transform class beast.base.inference.operator.kernel.Transform$LogConstrainedSumTransform because it should have at least 2 dimensions but it has 0
Warning: removing transform class beast.base.inference.operator.kernel.Transform$LogConstrainedSumTransform because it should have at least 2 dimensions but it has 0
Warning: removing transform class beast.base.inference.operator.kernel.Transform$LogConstrainedSumTransform because it should have at least 2 dimensions but it has 0
Operator                                                                                       Tuning    #accept    #reject      Pr(m)  Pr(acc|m)
AdaptableOperatorSampler(gammaShapeScaler.s:sia_pos1)                                               -       2174      43673    0.00044    0.04742 
AdaptableOperatorSampler(kappa1Scaler.s:sia_pos1)                                                   -      12819      33195    0.00044    0.27859 
AdaptableOperatorSampler(kappa2Scaler.s:sia_pos1)                                                   -      12023      33654    0.00044    0.26322 
AdaptableOperatorSampler(gammaShapeScaler.s:sia_pos2)                                               -       3113      42478    0.00044    0.06828 
AdaptableOperatorSampler(gammaShapeScaler.s:sia_pos3)                                               -      11178      34608    0.00044    0.24414 
AdaptableOperatorSampler(kappa1Scaler.s:sia_pos3)                                                   -      12431      33282    0.00044    0.27194 
AdaptableOperatorSampler(kappa2Scaler.s:sia_pos3)                                                   -      12243      33840    0.00044    0.26567 
AdaptableOperatorSampler(gammaShapeScaler.s:bdnf_pos1)                                              -       8484      37220    0.00044    0.18563 
beast.base.inference.operator.DeltaExchangeOperator(K80RateDeltaExchanger.s:bdnf_pos1)        0.27167      23475      68431    0.00088    0.25542 
AdaptableOperatorSampler(gammaShapeScaler.s:bdnf_pos2)                                              -        929      44789    0.00044    0.02032 
beast.base.inference.operator.DeltaExchangeOperator(TVMefRateDeltaExchanger.s:bdnf_pos2)      0.80909      14693      76294    0.00088    0.16148 
AdaptableOperatorSampler(gammaShapeScaler.s:bdnf_pos3)                                              -       3462      42542    0.00044    0.07525 
beast.base.inference.operator.DeltaExchangeOperator(TPM1RateDeltaExchanger.s:bdnf_pos3)       1.32652      20465      70510    0.00088    0.22495 
AdaptableOperatorSampler(gammaShapeScaler.s:nxc_pos1)                                               -       7252      38698    0.00044    0.15782 
beast.base.inference.operator.DeltaExchangeOperator(TIM2ufRateDeltaExchanger.s:nxc_pos1)      0.75148      13852      77756    0.00088    0.15121 
beast.base.inference.operator.DeltaExchangeOperator(TIM2ufFrequenciesExchanger.s:nxc_pos1)    0.11667      25966      65537    0.00088    0.28377 
AdaptableOperatorSampler(gammaShapeScaler.s:nxc_pos2)                                               -        596      45313    0.00044    0.01298 
beast.base.inference.operator.DeltaExchangeOperator(TIM3ufRateDeltaExchanger.s:nxc_pos2)      0.66825      14651      76595    0.00088    0.16057 
beast.base.inference.operator.DeltaExchangeOperator(TIM3ufFrequenciesExchanger.s:nxc_pos2)    0.11221      26346      65643    0.00088    0.28640 
AdaptableOperatorSampler(kappa1Scaler.s:nxc_pos3)                                                   -      12140      33590    0.00044    0.26547 
AdaptableOperatorSampler(kappa2Scaler.s:nxc_pos3)                                                   -      12289      33694    0.00044    0.26725 
AdaptableOperatorSampler(gammaShapeScaler.s:nxc_pos3)                                               -       9303      36398    0.00044    0.20356 
AdaptableOperatorSampler(gammaShapeScaler.s:cyb_pos1)                                               -      10744      34986    0.00044    0.23494 
beast.base.inference.operator.DeltaExchangeOperator(TPM2RateDeltaExchanger.s:cyb_pos1)        0.18168      15256      76185    0.00088    0.16684 
AdaptableOperatorSampler(RateACScaler.s:cyb_pos2)                                                   -      13208      32197    0.00044    0.29089 
AdaptableOperatorSampler(RateAGScaler.s:cyb_pos2)                                                   -      13529      32253    0.00044    0.29551 
AdaptableOperatorSampler(RateATScaler.s:cyb_pos2)                                                   -      13238      32248    0.00044    0.29103 
AdaptableOperatorSampler(RateCGScaler.s:cyb_pos2)                                                   -      12152      33454    0.00044    0.26646 
AdaptableOperatorSampler(RateGTScaler.s:cyb_pos2)                                                   -      18324      27115    0.00044    0.40327 
AdaptableOperatorSampler(gammaShapeScaler.s:cyb_pos2)                                               -       9515      36291    0.00044    0.20772 
AdaptableOperatorSampler(RateACScaler.s:cyb_pos3)                                                   -      11426      34233    0.00044    0.25025 
AdaptableOperatorSampler(RateAGScaler.s:cyb_pos3)                                                   -      11298      34437    0.00044    0.24703 
AdaptableOperatorSampler(RateATScaler.s:cyb_pos3)                                                   -      11448      34565    0.00044    0.24880 
AdaptableOperatorSampler(RateCGScaler.s:cyb_pos3)                                                   -      13036      32684    0.00044    0.28513 
AdaptableOperatorSampler(RateGTScaler.s:cyb_pos3)                                                   -      12207      33127    0.00044    0.26927 
AdaptableOperatorSampler(gammaShapeScaler.s:cyb_pos3)                                               -      12812      32910    0.00044    0.28022 
AdaptableOperatorSampler(gammaShapeScaler.s:nd4_pos1)                                               -      10198      35592    0.00044    0.22271 
beast.base.inference.operator.DeltaExchangeOperator(TIM2ufRateDeltaExchanger.s:nd4_pos1)      0.25399      19067      72705    0.00088    0.20776 
beast.base.inference.operator.DeltaExchangeOperator(TIM2ufFrequenciesExchanger.s:nd4_pos1)    0.04893      23401      67749    0.00088    0.25673 
AdaptableOperatorSampler(RateACScaler.s:nd4_pos2)                                                   -      13138      32125    0.00044    0.29026 
AdaptableOperatorSampler(RateAGScaler.s:nd4_pos2)                                                   -      13470      31984    0.00044    0.29634 
AdaptableOperatorSampler(RateATScaler.s:nd4_pos2)                                                   -      13422      32384    0.00044    0.29302 
AdaptableOperatorSampler(RateCGScaler.s:nd4_pos2)                                                   -      12609      33129    0.00044    0.27568 
AdaptableOperatorSampler(RateGTScaler.s:nd4_pos2)                                                   -      14454      31392    0.00044    0.31527 
AdaptableOperatorSampler(gammaShapeScaler.s:nd4_pos2)                                               -      11737      34173    0.00044    0.25565 
AdaptableOperatorSampler(kappa1Scaler.s:nd4_pos3)                                                   -      10139      35526    0.00044    0.22203 
AdaptableOperatorSampler(kappa2Scaler.s:nd4_pos3)                                                   -       9996      36094    0.00044    0.21688 
AdaptableOperatorSampler(gammaShapeScaler.s:nd4_pos3)                                               -      12100      33345    0.00044    0.26626 
AdaptableOperatorSampler(ORCAdaptableOperatorSampler_sigma.c:BD)                                    -     635226    2109438    0.02634    0.23144 
AdaptableOperatorSampler(ORCAdaptableOperatorSampler_rates_root.c:BD)                               -     390855     522379    0.00878    0.42799 
AdaptableOperatorSampler(ORCAdaptableOperatorSampler_rates_internal.c:BD)                           -    6679134   11625018    0.17559    0.36490 
AdaptableOperatorSampler(ORCAdaptableOperatorSampler_NER.c:BD)                                      -     921025   12803651    0.13169    0.06711 
EpochFlexOperator(BirthDeathBICEPSEpochTop.t:nomerge89)                                       0.06010     704795    1125176    0.01756    0.38514 
EpochFlexOperator(BirthDeathBICEPSEpochAll.t:nomerge89)                                       0.05992     703408    1125389    0.01756    0.38463 
TreeStretchOperator(BirthDeathBICEPSTreeFlex.t:nomerge89)                                     0.02591     719700    1109158    0.01756    0.39352 
kernel.BactrianScaleOperator(BirthDeathTreeRootScaler.t:nomerge89)                            0.07743     682705    2059292    0.02634    0.24898 
kernel.BactrianNodeOperator(BirthDeathUniformOperator.t:nomerge89)                            0.93646    8301562   19147248    0.26339    0.30244 
kernel.BactrianSubtreeSlide(BirthDeathSubtreeSlide.t:nomerge89)                               0.49832    2917058   10803978    0.13169    0.21260 
Exchange(BirthDeathNarrow.t:nomerge89)                                                              -          0          0    0.00000        NaN 
Exchange(BirthDeathWide.t:nomerge89)                                                                -        591    2741957    0.02634    0.00022 
WilsonBalding(BirthDeathWilsonBalding.t:nomerge89)                                                  -       2074    2743650    0.02634    0.00076 
kernel.BactrianScaleOperator(BirthRateScaler.t:nomerge89)                                     0.15438     797458    1945638    0.02634    0.29071 
kernel.BactrianScaleOperator(DeathRateScaler.t:nomerge89)                                     2.21248     758313    1984937    0.02634    0.27643 
ScaleOperator(ORCucldMeanScaler.c:BD)                                                         0.87354     440436    2301245    0.02634    0.16064 
beast.base.inference.operator.kernel.BactrianUpDownOperator(ORC.UpDown.c:BD)                  0.15046     806366    1938709    0.02634    0.29375 

     Tuning: The value of the operator's tuning parameter, or '-' if the operator can't be optimized.
    #accept: The total number of times a proposal by this operator has been accepted.
    #reject: The total number of times a proposal by this operator has been rejected.
      Pr(m): The probability this operator is chosen in a step of the MCMC (i.e. the normalized weight).
  Pr(acc|m): The acceptance probability (#accept as a fraction of the total proposals for this operator).

slurmstepd: error: *** JOB 44243627 ON node-0100 CANCELLED AT 2023-07-09T20:03:43 DUE TO TIME LIMIT ***
