IQ-TREE multicore version 2.2.2.6 COVID-edition for Mac OS X 64-bit built May 27 2023
Developed by Bui Quang Minh, James Barbetti, Nguyen Lam Tung,
Olga Chernomor, Heiko Schmidt, Dominik Schrempf, Michael Woodhams, Ly Trong Nhan.

Host:    Marguerites-MacBook-Pro.local (AVX2, FMA3, 16 GB RAM)
Command: iqtree2 -s ../../mesquite_alignment/asterophryinae_20230527.phy -p merge69.nex -m TESTMERGEONLY -o UMMZ219489_Scaphiophryne_marmorata --date ../input/asterophryinae_dates.txt --date-tip 0 -mset JC,F81,K80,HKY,TN,TNe,TPM2,TPM2u,TPM3,TPM3u,TIM,TIMe,TIM2,TIM2e,TIM3,TIM3e,TVMe,TVM,SYM,GTR
Seed:    33119 (Using SPRNG - Scalable Parallel Random Number Generator)
Time:    Sat Jul  1 00:04:55 2023
Kernel:  AVX+FMA - 1 threads (16 CPU cores detected)

HINT: Use -nt option to specify number of threads because your CPU has 16 cores!
HINT: -nt AUTO will automatically determine the best number of threads to use.

Reading partition model file merge69.nex ...
Reading alignment file ../../mesquite_alignment/asterophryinae_20230527.phy ... Phylip format detected
Alignment most likely contains DNA/RNA sequences
Constructing alignment: done in 0.00757289 secs using 76.68% CPU
Alignment has 243 sequences with 2475 columns, 1397 distinct patterns
951 parsimony-informative, 195 singleton sites, 1329 constant sites
                                                 Gap/Ambiguity  Composition  p-value
Analyzing sequences: done in 0.000822067 secs using 99.51% CPU
   1  ABTC116941_Oreophryne_A_graminis                  21.21%    passed      9.55%
   2  BPBM47733_Choerophryne_darlingtoni_complex_sp_1    0.28%    passed     96.47%
   3  BPBM47780_Cophixalus_cf__cryptotympanum            2.14%    passed     91.89%
   4  BPBM47792_Hylophorbus_cf__rufescens_14             0.24%    passed     73.43%
   5  BPBM47804_Cophixalus_darlingtoni                   5.41%    passed     97.97%
   6  BPBM31882_Paedophryne_swiftorum_complex_sp_1      22.42%    passed     19.17%
   7  BPBM47713_Paedophryne_amauensis                    0.08%    passed     92.69%
   8  BPBM47786_Callulops_sp_2                           3.68%    passed     93.47%
   9  UMMZ242263_Cophixalus_variabilis_complex_sp_1      1.25%    passed     72.15%
  10  UMMZ242338_Liophryne_aff__dentata_1                0.00%    passed     17.66%
  11  UMMZ242317_Hylophorbus_cf__rufescens_1             0.00%    passed     95.84%
  12  UMMZ242212_Austrochaperina_C_aff__palmipes_1       1.70%    passed     77.48%
  13  UMMZ242361_Mantophryne_cf__lateralis_1             0.04%    passed     85.64%
  14  UMMZ242309_Genyophryne_aff__thomsoni_1             0.44%    passed     87.07%
  15  UMMZ242349_Cophixalus_verrucosus_complex_sp_1      1.41%    passed     98.49%
  16  UMMZ242404_Oreophryne_A_sp_8                       0.00%    passed     13.68%
  17  UMMZ242232_Cophixalus_desticans_complex_sp_1       0.36%    passed     45.79%
  18  UMMZ242226_Callulops_doriae_complex_sp_1           0.20%    passed     66.15%
  19  FK16913_Paedophryne_titan                          0.48%    passed     19.31%
  20  UMMZ242398_Oreophryne_B_penelopia                  0.12%    passed     94.92%
  21  BPBM47888_Hylophorbus_cf__rufescens_13             4.24%    passed     97.92%
  22  JAM11383_Oreophryne_B_sp_5                         1.82%    passed     81.64%
  23  BPBM35843_Cophixalus_cf__pipilans_1                0.20%    passed     23.94%
  24  BPBM40083_Copiula_sp_1                             1.29%    passed     78.66%
  25  BPBM20571_Oreophryne_B_sp_2                        0.20%    passed     73.92%
  26  BPBM22664_Austrochaperina_A_sp_1                   1.58%    passed     79.89%
  27  BPBM20396_Mantophryne_cf__lateralis_1              0.24%    passed     93.85%
  28  BPBM48036_Paedophryne_sp_2                        20.00%    passed     26.99%
  29  BPBM35561_Choerophryne_gudrunae                    1.41%    passed     97.18%
  30  BPBM40135_Mantophryne_insignis                     0.12%    passed     84.17%
  31  BPBM39638_Hylophorbus_myopicus                     1.49%    passed     99.99%
  32  BPBM20572_Oreophryne_B_sp_3                        5.17%    passed     94.78%
  33  BPBM13110_Asterophrys_slateri                      0.93%    passed     34.06%
  34  BPBM33669_Callulops_wilhelmanus                    0.20%    passed     97.14%
  35  BPBM16554_Oreophryne_A_philosylleptoris            0.20%    passed     14.99%
  36  BPBM20262_Copiula_sp_2                             5.86%    passed     88.01%
  37  BPBM39000_Oreophryne_B_sp_1                        0.20%    passed     83.71%
  38  BPBM34677_Oreophryne_A_cameroni                    5.74%    passed     47.62%
  39  BPBM38990_Oreophryne_A_sp_2                        0.81%    passed     25.21%
  40  BPBM16181_Hylophorbus_cf__rufescens_2              0.24%    passed     96.64%
  41  BPBM39048_Cophixalus_sp_3                          0.69%    passed     49.14%
  42  BPBM34688_Oreophryne_A_biroi                       0.16%    passed     28.32%
  43  BPBM38939_Copiula_sp_7                            20.04%    passed     38.28%
  44  BPBM22675_Choerophryne_longirostris                0.12%    passed     95.84%
  45  BPBM18450_Hylophorbus_cf__rufescens_6              0.20%    passed     83.41%
  46  BPBM22504_Hylophorbus_cf__rufescens_12             1.45%    passed     82.71%
  47  BPBM39357_Oreophryne_B_sp_6                        0.32%    passed     87.04%
  48  BPBM20522_Oreophryne_A_aurora                      0.28%    passed     94.28%
  49  BPBM40145_Oreophryne_A_sp_6                        2.46%    passed     30.65%
  50  BPBM39569_Hylophorbus_cf__rufescens_9              0.04%    passed     99.01%
  51  BPBM22780_Mantophryne_cf__lateralis_3              1.25%    passed     99.37%
  52  BPBM39007_Copiula_sp_3                            20.97%    passed     20.72%
  53  BPBM19265_Mantophryne_cf__lateralis_4              1.29%    passed     99.09%
  54  BPBM33763_Oreophryne_A_anamiatoi                   0.12%    passed     59.28%
  55  BPBM22692_Cophixalus_balbus                        1.45%    passed     98.69%
  56  BPBM39244_Oreophryne_A_sp_3                        1.58%    passed     45.35%
  57  BPBM22689_Oreophryne_A_cf__cameroni                1.82%    passed     47.97%
  58  BPBM18430_Cophixalus_albolineatus                  1.21%    passed     68.12%
  59  BPBM38988_Oreophryne_B_sp_4                        2.34%    passed     84.17%
  60  BPBM33707_Cophixalus_caverniphilus                 1.98%    passed     83.33%
  61  BPBM39991_Choerophryne_bryonopsis                  1.70%    passed     58.79%
  62  BPBM39631_Hylophorbus_cf__rufescens_7              0.24%    passed     98.62%
  63  BPBM19320_Cophixalus_nexipus                       1.70%    passed     88.30%
  64  BPBM37122_Callulops_sp_1                           0.04%    passed     91.58%
  65  BPBM34724_Hylophorbus_atrifasciatus                0.04%    passed     90.35%
  66  BPBM18392_Cophixalus_cheesmanae_complex_sp_1       3.07%    passed     75.09%
  67  BPBM39929_Liophryne_miniafia                       0.00%    passed     96.71%
  68  BPBM35866_Hylophorbus_cf__rufescens_15             0.04%    passed     95.71%
  69  BPBM17959_Cophixalus_sp_4                          0.16%    passed     93.36%
  70  BPBM40000_Austrochaperina_A_sp_2                   0.04%    passed     80.32%
  71  BPBM19277_Cophixalus_iovaorum                      0.16%    passed     86.61%
  72  BPBM19338_Hylophorbus_cf__rufescens_10             0.20%    passed     99.67%
  73  BPBM37232_Hylophorbus_cf__rufescens_3              0.28%    passed     96.46%
  74  BPBM38914_Barygenys_maculata                       0.12%    passed     12.48%
  75  BPBM19371_Oreophryne_A_sp_4                        0.00%    passed     76.04%
  76  BPBM33749_Hylophorbus_richardsi                    0.08%    passed     85.68%
  77  BPBM18429_Cophixalus_albolineatus                  2.55%    passed     84.93%
  78  BPBM33664_Choerophryne_darlingtoni_complex_sp_2    0.81%    passed     98.97%
  79  BPBM34679_Choerophryne_proboscidea                 0.57%    passed     92.16%
  80  BPBM20538_Oreophryne_B_sp_3                        0.85%    passed     99.66%
  81  BPBM19314_Cophixalus_ateles                        2.18%    passed     95.88%
  82  BPBM38992_Oreophryne_A_sp_2                        1.98%    passed     32.16%
  83  BPBM39510_Oreophryne_B_phoebe                      1.54%    passed     55.09%
  84  BPBM37718_Cophixalus_clapporum                    20.97%    passed     29.43%
  85  BPBM39344_Oreophryne_B_sp_4                        1.25%    passed     47.26%
  86  BPBM38904_Barygenys_apodasta                       1.62%    passed     59.57%
  87  BPBM20126_Barygenys_aff__exsul_1                   1.78%    passed     37.71%
  88  BPBM15814_Cophixalus_variabilis_complex_sp_2       5.17%    passed     97.39%
  89  BPBM15708_Cophixalus_desticans_complex_sp_2        0.16%    passed     62.84%
  90  BPBM33674_Oreophryne_A_notata                      2.79%    failed      2.70%
  91  BPBM35692_Hylophorbus_cf__proekes                  1.78%    passed     61.30%
  92  BPBM20141_Callulops_doriae_complex_sp_2            1.78%    passed     44.43%
  93  BPBM17048_Hylophorbus_cf__rufescens_11             1.82%    passed     97.23%
  94  BPBM18509_Oreophryne_A_lemur                       1.41%    passed     85.36%
  95  BPBM33780_Xenorhina_parkerorum                     2.75%    passed     65.65%
  96  BPBM15259_Barygenys_resima                         1.94%    passed     46.96%
  97  BPBM20501_Oreophryne_B_meliades                    0.32%    passed     84.93%
  98  BPBM35986_Hylophorbus_cf__rufescens_17             2.02%    passed     95.61%
  99  BPBM27491_Cophixalus_verrucosus_complex_sp_3       1.13%    passed     84.53%
 100  BPBM15775_Oreophryne_B_equus                       1.45%    passed     73.95%
 101  BPBM15410_Mantophryne_cf__lateralis_2              1.25%    passed     97.74%
 102  BPBM39366_Oreophryne_A_sp_5                        1.86%    passed     85.78%
 103  BPBM37753_Paedophryne_dekot                        1.86%    passed     98.15%
 104  BPBM15707_Cophixalus_sp_5                          0.08%    passed     91.41%
 105  BPBM35735_Austrochaperina_B_sp_3                   0.00%    passed     96.97%
 106  TNHC58922_Oreophryne_B_variabilis                  3.19%    passed     63.47%
 107  CMNH1366_Oreophryne_A_anulata                      2.30%    passed     10.09%
 108  KU321316_Oreophryne_A_nana                         1.78%    passed     12.42%
 109  BPBM18605_Copiula_fistulans                        0.36%    passed     87.37%
 110  BPBM41683_Aphantophryne_B_pansa_3                  3.03%    passed     96.17%
 111  BPBM41681_Aphantophryne_B_pansa_3                  4.57%    passed     99.64%
 112  BPBM41685_Aphantophryne_B_pansa_3                  1.37%    passed     99.58%
 113  BPBM41682_Aphantophryne_B_pansa_3                  1.37%    passed     97.50%
 114  BPBM17084_Copiula_oxyrhina                         1.25%    passed     92.19%
 115  BPBM13862_Austrochaperina_B_macrorhyncha           0.85%    passed     96.89%
 116  BPBM18351_Choerophryne_gunnari                     2.26%    passed     53.32%
 117  BPBM20357_Genyophryne_thomsoni                     1.94%    passed     66.57%
 118  BPBM22740_Hylophorbus_cf__rufescens_16             1.13%    passed     95.74%
 119  BPBM20369_Hylophorbus_extimus                      0.85%    passed     97.32%
 120  BPBM22761_Hylophorbus_proekes                      0.85%    passed     97.50%
 121  BPBM15373_Liophryne_aff__dentata_2                 1.37%    passed     39.86%
 122  BPBM22754_Liophryne_schlaginhaufeni                1.13%    passed     51.32%
 123  BPBM20142_Mantophryne_louisiadensis                3.39%    passed     84.93%
 124  BPBM22511_Oreophryne_A_brachypus                   1.58%    passed     44.48%
 125  BPBM18510_Oreophryne_A_cf__geislerorum_1           1.17%    passed     28.54%
 126  BPBM17847_Choerophryne_sanguinopictus              1.66%    passed     98.69%
 127  BPBM16217_Oreophryne_A_inornata                    0.93%    passed     66.60%
 128  BPBM16546_Oreophryne_B_insulana                    2.63%    passed     77.54%
 129  BPBM22539_Oreophryne_A_loriae                      1.41%    passed     71.70%
 130  BPBM17890_Oxydactyla_crassa                        1.21%    passed     76.22%
 131  BPBM31477_Mantophryne_menziesi                     0.89%    passed     97.70%
 132  BPBM22793_Sphenophryne_cornuta                     3.64%    passed     60.22%
 133  BPBM22797_Xenorhina_arboricola                     0.89%    failed      3.82%
 134  BPBM28179_Xenorhina_mehelyi                        0.89%    passed     16.59%
 135  BPBM14060_Xenorhina_ocellata                       2.46%    passed     37.00%
 136  BPBM22795_Xenorhina_tumulus                        0.81%    passed      6.45%
 137  BPBM28153_Asterophrys_leucopus                     0.89%    passed     61.81%
 138  BPBM22649_Choerophryne_brunhildae                  0.97%    passed     90.84%
 139  BPBM18317_Choerophryne_exclamitans                 1.54%    passed     91.37%
 140  BPBM28204_Asterophrys_turpicola                    0.97%    passed     58.86%
 141  BPBM22665_Austrochaperina_B_basipalmata            1.62%    passed     71.42%
 142  BPBM22656_Austrochaperina_B_blumi                  1.29%    passed     90.15%
 143  BPBM22708_Copiula_tyleri                           0.04%    passed     73.84%
 144  BPBM22481_Austrochaperina_A_novaebritanniae        1.66%    passed     85.30%
 145  BPBM20112_Austrochaperina_A_yelaensis              3.84%    passed     71.99%
 146  BPBM15234_Austrochaperina_C_aff__palmipes_3        0.12%    passed     96.68%
 147  BPBM25756_Barygenys_atra                           0.85%    passed     48.80%
 148  BPBM25760_Barygenys_sp                             0.04%    passed     99.76%
 149  BPBM18504_Callulops_personatus                     0.89%    passed     99.31%
 150  BPBM13155_Callulops_eremnosphax                    1.62%    passed     91.50%
 151  BPBM20215_Cophixalus_cupricarenus                  2.51%    passed     94.72%
 152  BPBM20197_Cophixalus_melanops                      2.34%    passed     67.49%
 153  BPBM15665_Copiula_minor                            1.13%    passed     64.01%
 154  BPBM20287_Copiula_sp_6                            22.38%    passed     16.64%
 155  BPBM17827_Copiula_sp_4                             1.13%    passed     88.97%
 156  BPBM18388_Austrochaperina_A_parkeri                0.85%    passed     88.37%
 157  BPBM15355_Hylophorbus_cf__rufescens_4              1.13%    passed     85.72%
 158  BPBM18033_Hylophorbus_cf__rufescens_8              1.05%    passed     96.59%
 159  BPBM18441_Hylophorbus_cf__rufescens_12             1.45%    passed     82.05%
 160  BPBM18315_Liophryne_allisoni                       0.85%    passed     56.84%
 161  BPBM19360_Liophryne_magnitympanum                  1.29%    passed     64.63%
 162  BPBM20397_Mantophryne_axanthogaster                0.89%    passed     99.82%
 163  BPBM22784_Oreophryne_A_parkeri                    21.70%    passed     21.52%
 164  BPBM18128_Oreophryne_B_picticrus                   1.90%    passed     63.74%
 165  BPBM18002_Oreophryne_A_sp_7                        1.90%    passed     69.63%
 166  BPBM17980_Oreophryne_B_matawan                     6.95%    passed     80.26%
 167  BPBM22668_Austrochaperina_B_septentrionalis        1.86%    passed     64.19%
 168  BPBM22789_Oreophryne_A_parkopanorum                1.17%    passed     14.80%
 169  BPBM21474_Xenorhina_adisca                         1.09%    passed     36.91%
 170  BPBM22685_Choerophryne_rostellifer                 0.12%    passed     87.98%
 171  UMMZ211174_Dyscophis_antongilli                    2.18%    passed     83.75%
 172  UMMZ211181_Platypelis_grandis                      2.42%    passed     70.24%
 173  UMMZ219489_Scaphiophryne_marmorata                 0.08%    passed     78.02%
 174  BPBM20128_Barygenys_exsul                          0.89%    passed      8.09%
 175  ZMB74609_Asterophrys_senglaubi                     1.37%    passed     49.03%
 176  ZMB70535_Asterophrys_eurydactylus                  1.29%    passed     19.20%
 177  ZMB70187_Asterophrys_cf__marani                    1.58%    passed     20.41%
 178  ZMB63882_Asterophrys_marani                        2.63%    passed     41.04%
 179  ZMB70185_Asterophrys_cf__marani                    1.54%    passed     20.66%
 180  FK15527_Paedophryne_verrucosa                      1.49%    passed     23.68%
 181  BPBM39156_Oreophryne_A_sp_1                        0.81%    passed     33.73%
 182  BPBM19236_Callulops_bicolor                        1.54%    passed     56.88%
 183  BPBM35836_Callulops_microtis                       0.93%    passed     88.48%
 184  BPBM34741_Xenorhina_obesa                          0.85%    passed     34.03%
 185  BPBM20532_Oreophryne_B_sp_3                        0.89%    passed     99.80%
 186  BPBM15232_Austrochaperina_C_aff__palmipes_3        0.89%    passed     85.63%
 187  BPBM20469_Oreophryne_B_ezra                        4.16%    passed     43.13%
 188  BPBM33637_Choerophryne_murrita                     0.97%    passed     98.62%
 189  BPBM40143_Oreophryne_B_brunnea                     0.04%    passed     46.21%
 190  BPBM18097_Cophixalus_timidus                       1.29%    passed     86.62%
 191  BPBM20440_Oreophryne_B_meliades                    0.32%    passed     87.83%
 192  BPBM34697_Xenorhina_oxycephala                     0.00%    passed     29.10%
 193  BPBM16806_Callulops_robustus                       0.04%    passed     91.68%
 194  MB233_Cophixalus_sp_1                              2.71%    passed     72.25%
 195  MB291_Paedophryne_sp_1                             3.64%    passed     82.45%
 196  MB294_Hylophorbus_cf__rufescens_12                 0.04%    passed     87.76%
 197  MB300_Choerophryne_gunnari                         0.12%    passed     45.68%
 198  MB302_Cophixalus_sp_2                              0.00%    passed     54.57%
 199  MB309_Copiula_sp_5                                 2.51%    passed     68.74%
 200  MB327_Xenorhina_sp_1                              19.64%    passed     13.01%
 201  MB331_Mantophryne_cf__lateralis_4                  0.04%    passed     89.04%
 202  MB342_Oreophryne_A_loriae                          1.25%    passed     65.21%
 203  MB463_Choerophryne_sp_2                            0.44%    passed     84.51%
 204  MB466_Choerophryne_sp_1                            0.00%    passed     99.97%
 205  MB470_Cophixalus_cheesmanae_complex_sp_2           1.25%    passed     38.85%
 206  MB472_Choerophryne_sp_4                            0.00%    passed     58.32%
 207  MB475_Austrochaperina_C_aff__palmipes_4            0.00%    passed     98.73%
 208  MB479_Mantophryne_cf__lateralis_5                  2.91%    passed     97.33%
 209  MB482_Cophixalus_linnaeus                          0.24%    passed     86.61%
 210  MB483_Hylophorbus_cf__rufescens_5                  0.04%    passed     83.80%
 211  MB484_Oreophryne_A_cf__geislerorum_2               0.73%    passed     21.20%
 212  MB486_Paedophryne_swiftorum_complex_sp_2           6.51%    passed     30.11%
 213  MB508_Callulops_doriae_complex_sp_1                1.17%    passed     41.26%
 214  MB518_Mantophryne_cf__lateralis_1                  3.23%    passed     95.34%
 215  MB539_Austrochaperina_C_aff__palmipes_2            1.17%    passed     73.66%
 216  MB556_Hylophorbus_cf__rufescens_1                  1.25%    passed     94.67%
 217  MB571_Cophixalus_variabilis_complex_sp_3           0.00%    passed     93.13%
 218  MB583_Cophixalus_verrucosus_complex_sp_2           1.17%    passed     97.96%
 219  MB593_Liophryne_aff__dentata_3                     1.25%    passed     47.32%
 220  MB617_Cophixalus_desticans_complex_sp_1            0.00%    passed     44.75%
 221  MB626_Genyophryne_aff__thomsoni_2                  1.41%    passed     96.99%
 222  MB627_Oreophryne_B_penelopia                       1.33%    passed     80.92%
 223  BPBM31979_Hylophorbus_cf__rufescens_5              3.27%    passed     84.86%
 224  BPBM26182_Cophixalus_tomaiodactylus                1.29%    passed     98.98%
 225  BPBM23740_Callulops_personatus                     1.09%    passed     99.20%
 226  BPBM25837_Choerophryne_sp_3                        1.45%    passed     97.75%
 227  BPBM26194_Cophixalus_phaeobalius                   1.41%    passed     98.50%
 228  BPBM25754_Choerophryne_sp_4                        1.41%    passed     55.30%
 229  BPBM31337_Cophixalus_linnaeus                      1.37%    passed     86.56%
 230  BPBM31847_Cophixalus_cf__pipilans_2                0.28%    passed     71.98%
 231  BPBM31853_Genyophryne_aff__thomsoni_3              2.83%    passed     43.85%
 232  BPBM31808_Choerophryne_sp_1                        1.45%    passed     97.99%
 233  BPBM35367_Choerophryne_sp_4                        0.04%    passed     66.59%
 234  AA24862_Asterophrys_sp                             2.34%    passed     16.35%
 235  BPBM44363_Aphantophryne_sabini                     0.12%    passed     98.52%
 236  BPBM44369_Aphantophryne_sabini                     0.20%    passed     99.05%
 237  BPBM44373_Aphantophryne_sabini                     0.20%    passed     98.72%
 238  BJE1120_Oreophryne_A_senckenbergiana               1.29%    passed     44.37%
 239  BJE1143_Oreophryne_A_senckenbergiana               1.21%    passed     43.67%
 240  BJE1144_Oreophryne_A_senckenbergiana               1.21%    passed     43.14%
 241  BJE1248_Oreophryne_A_frontifasciata                1.58%    passed     63.05%
 242  BPBM43952_Aphantophryne_pansa                      1.62%    passed     99.66%
 243  BPBM43954_Aphantophryne_pansa                      1.29%    passed     99.95%
****  TOTAL                                              2.05%  2 sequences failed composition chi2 test (p-value<5%; df=3)
NOTE: No CharPartition defined, use all CharSets

Loading 15 partitions...
Identifying sites to remove: done in 0.000418901 secs using 87.13% CPU
Identifying sites to remove: done in 0.000349045 secs using 91.68% CPU
Identifying sites to remove: done in 0.000498056 secs using 82.52% CPU
Identifying sites to remove: done in 0.000413179 secs using 86.65% CPU
Identifying sites to remove: done in 0.000283003 secs using 96.47% CPU
Identifying sites to remove: done in 0.000436068 secs using 81.64% CPU
Subset	Type	Seqs	Sites	Infor	Invar	Model	Name
1		243	136	4	118	TESTMERGEONLY	sia_pos1
2		243	136	0	128	TESTMERGEONLY	sia_pos2
WARNING: No parsimony-informative sites in partition sia_pos2
3		243	135	72	45	TESTMERGEONLY	sia_pos3
4		243	173	78	78	TESTMERGEONLY	bdnf_pos1
5		243	172	16	154	TESTMERGEONLY	bdnf_pos2
6		243	172	4	163	TESTMERGEONLY	bdnf_pos3
7		243	185	16	144	TESTMERGEONLY	nxc_pos1
8		243	185	10	164	TESTMERGEONLY	nxc_pos2
9		243	185	96	52	TESTMERGEONLY	nxc_pos3
10		242	170	86	72	TESTMERGEONLY	cyb_pos1
11		242	170	59	99	TESTMERGEONLY	cyb_pos2
12		242	170	170	0	TESTMERGEONLY	cyb_pos3
13		235	162	110	39	TESTMERGEONLY	nd4_pos1
14		235	162	68	73	TESTMERGEONLY	nd4_pos2
15		235	162	162	0	TESTMERGEONLY	nd4_pos3
Degree of missing data: 0.007
Info: multi-threading strategy over partitions



Create initial parsimony tree by phylogenetic likelihood library (PLL)... 0.071 seconds
Perform fast likelihood tree search using GTR+I+G model...
Estimate model parameters (epsilon = 5.000)
Initial log-likelihood: -99043.340
Current log-likelihood at step 1: -85544.180
Current log-likelihood at step 2: -84164.693
Current log-likelihood at step 3: -84084.170
Current log-likelihood at step 4: -84065.138
Current log-likelihood at step 5: -84024.971
Current log-likelihood at step 6: -84014.715
Current log-likelihood at step 7: -84013.220
Parameters optimization took 6 rounds (10.561 sec)


WARNING: Estimated model parameters are at boundary that can cause numerical instability!

Perform nearest neighbor interchange...
Optimizing NNI: done in 4.62985 secs using 99.87% CPU
Estimate model parameters (epsilon = 1.000)
Initial log-likelihood: -83695.200
Current log-likelihood at step 1: -83688.155
Current log-likelihood at step 2: -83686.681
Current log-likelihood at step 3: -83685.891
Partition-specific rates:  0.313 0.259 1.019 0.479 0.216 0.694 0.617 0.379 0.408 1.499 0.565 2.748 2.391 0.773 2.652
Parameters optimization took 2 rounds (2.450 sec)


WARNING: Estimated model parameters are at boundary that can cause numerical instability!

Time for fast ML tree search: 17.684 seconds

NOTE: ModelFinder requires 5 MB RAM!
Selecting individual models for 15 charsets using BIC...
 No. Model        Score       TreeLen     Charset
   1 GTR+F+I+G4   1093.698    2.010       sia_pos1
   2 GTR+F+I+G4   636.568     1.004       sia_pos2
   3 GTR+F+I+G4   6789.777    7.174       sia_pos3
   4 GTR+F+I+G4   5812.510    3.376       bdnf_pos1
   5 GTR+F+I+G4   1591.984    0.720       bdnf_pos2
   6 GTR+F+I+G4   822.647     4.754       bdnf_pos3
   7 GTR+F+I+G4   2125.408    4.070       nxc_pos1
   8 GTR+F+I+G4   1648.176    2.664       nxc_pos2
   9 GTR+F+I+G4   6650.174    2.875       nxc_pos3
  10 GTR+F+I+G4   13951.403   10.488      cyb_pos1	0h:0m:0s (0h:0m:11s left)
  11 GTR+F+I+G4   5794.834    3.953       cyb_pos2	0h:0m:0s (0h:0m:10s left)
  12 GTR+F+ASC+G4 50535.009   19.214      cyb_pos3	0h:0m:0s (0h:0m:11s left)
  13 GTR+F+I+G4   16999.861   16.537      nd4_pos1	0h:0m:0s (0h:0m:11s left)
  14 GTR+F+I+G4   6974.733    5.359       nd4_pos2	0h:0m:0s (0h:0m:10s left)
  15 GTR+F+ASC+G4 46765.108   18.358      nd4_pos3	0h:0m:0s (0h:0m:10s left)
Full partition model BIC score: 172400.528 (LnL: -83680.250  df:645)
Merging models to increase model fit (about 211 total partition schemes)...
  16 GTR+F+I+G4   172318.874  0.517       sia_pos1+sia_pos2	0h:0m:1s (0h:0m:14s left)
  17 GTR+F+I+G4   172418.160  4.191       sia_pos1+sia_pos3	0h:0m:1s (0h:0m:19s left)
  18 GTR+F+I+G4   172379.280  2.165       sia_pos1+bdnf_pos1	0h:0m:1s (0h:0m:20s left)
  19 GTR+F+I+G4   172339.755  0.707       sia_pos1+bdnf_pos2	0h:0m:2s (0h:0m:22s left)
  20 GTR+F+I+G4   172318.942  0.517       sia_pos1+bdnf_pos3	0h:0m:3s (0h:0m:34s left)
  21 GTR+F+I+G4   172292.019  0.794       sia_pos1+nxc_pos1	0h:0m:3s (0h:0m:35s left)
  22 GTR+F+I+G4   172371.990  3.444       sia_pos1+nxc_pos2	0h:0m:4s (0h:0m:36s left)
  23 GTR+F+I+G4   172434.600  1.897       sia_pos1+nxc_pos3	0h:0m:4s (0h:0m:37s left)
  24 GTR+F+I+G4   172413.573  7.203       sia_pos1+cyb_pos1	0h:0m:5s (0h:0m:40s left)
  25 GTR+F+I+G4   172363.147  2.802       sia_pos1+cyb_pos2	0h:0m:5s (0h:0m:40s left)
  26 GTR+F+I+G4   172861.702  40.312      sia_pos1+cyb_pos3	0h:0m:6s (0h:0m:42s left)
  27 GTR+F+I+G4   172502.447  10.946      sia_pos1+nd4_pos1	0h:0m:6s (0h:0m:44s left)
  28 GTR+F+I+G4   172416.606  3.383       sia_pos1+nd4_pos2	0h:0m:6s (0h:0m:44s left)
  29 GTR+F+I+G4   173034.687  30.545      sia_pos1+nd4_pos3	0h:0m:7s (0h:0m:47s left)
  30 GTR+F+I+G4   172458.169  4.130       sia_pos2+sia_pos3	0h:0m:8s (0h:0m:49s left)
  31 GTR+F+I+G4   172419.430  2.031       sia_pos2+bdnf_pos1	0h:0m:8s (0h:0m:48s left)
  32 GTR+F+I+G4   172352.009  0.554       sia_pos2+bdnf_pos2	0h:0m:8s (0h:0m:48s left)
  33 GTR+F+I+G4   172329.750  3.000       sia_pos2+bdnf_pos3	0h:0m:8s (0h:0m:47s left)
  34 GTR+F+I+G4   172308.831  0.681       sia_pos2+nxc_pos1	0h:0m:9s (0h:0m:46s left)
  35 GTR+F+I+G4   172333.130  2.116       sia_pos2+nxc_pos2	0h:0m:9s (0h:0m:47s left)
  36 GTR+F+I+G4   172487.395  1.747       sia_pos2+nxc_pos3	0h:0m:9s (0h:0m:47s left)
  37 GTR+F+I+G4   172437.377  6.368       sia_pos2+cyb_pos1	0h:0m:10s (0h:0m:48s left)
  38 GTR+F+I+G4   172397.016  2.482       sia_pos2+cyb_pos2	0h:0m:10s (0h:0m:48s left)
  39 GTR+F+I+G4   172757.950  39.596      sia_pos2+cyb_pos3	0h:0m:11s (0h:0m:49s left)
  40 GTR+F+I+G4   172523.486  9.937       sia_pos2+nd4_pos1	0h:0m:12s (0h:0m:51s left)
  41 GTR+F+I+G4   172459.027  3.158       sia_pos2+nd4_pos2	0h:0m:12s (0h:0m:50s left)
  42 GTR+F+I+G4   172927.753  30.192      sia_pos2+nd4_pos3	0h:0m:12s (0h:0m:51s left)
  43 GTR+F+I+G4   172359.144  5.958       sia_pos3+bdnf_pos1	0h:0m:13s (0h:0m:51s left)
  44 GTR+F+I+G4   172582.345  3.860       sia_pos3+bdnf_pos2	0h:0m:13s (0h:0m:51s left)
  45 GTR+F+I+G4   172497.003  3.788       sia_pos3+bdnf_pos3	0h:0m:13s (0h:0m:51s left)
  46 GTR+F+I+G4   172520.597  4.053       sia_pos3+nxc_pos1	0h:0m:14s (0h:0m:51s left)
  47 GTR+F+I+G4   172491.767  4.588       sia_pos3+nxc_pos2	0h:0m:14s (0h:0m:51s left)
  48 GTR+F+I+G4   172438.184  6.369       sia_pos3+nxc_pos3	0h:0m:15s (0h:0m:51s left)
  49 GTR+F+I+G4   172450.149  11.799      sia_pos3+cyb_pos1	0h:0m:15s (0h:0m:52s left)
  50 GTR+F+I+G4   172496.408  6.131       sia_pos3+cyb_pos2	0h:0m:16s (0h:0m:52s left)
  51 GTR+F+I+G4   173053.510  68.209      sia_pos3+cyb_pos3	0h:0m:17s (0h:0m:55s left)
  52 GTR+F+I+G4   172521.818  16.115      sia_pos3+nd4_pos1	0h:0m:18s (0h:0m:56s left)
  53 GTR+F+I+G4   172479.527  6.205       sia_pos3+nd4_pos2	0h:0m:19s (0h:0m:56s left)
  54 GTR+F+I+G4   173248.368  28.892      sia_pos3+nd4_pos3	0h:0m:19s (0h:0m:57s left)
  55 GTR+F+I+G4   172501.716  1.920       bdnf_pos1+bdnf_pos2	0h:0m:20s (0h:0m:57s left)
  56 GTR+F+I+G4   172440.119  1.778       bdnf_pos1+bdnf_pos3	0h:0m:20s (0h:0m:56s left)
  57 GTR+F+I+G4   172419.005  2.173       bdnf_pos1+nxc_pos1	0h:0m:20s (0h:0m:56s left)
  58 GTR+F+I+G4   172485.564  2.770       bdnf_pos1+nxc_pos2	0h:0m:21s (0h:0m:55s left)
  59 GTR+F+I+G4   172359.198  3.293       bdnf_pos1+nxc_pos3	0h:0m:21s (0h:0m:55s left)
  60 GTR+F+I+G4   172442.873  9.815       bdnf_pos1+cyb_pos1	0h:0m:22s (0h:0m:55s left)
  61 GTR+F+I+G4   172437.101  3.998       bdnf_pos1+cyb_pos2	0h:0m:22s (0h:0m:55s left)
  62 GTR+F+I+G4   173070.553  50.488      bdnf_pos1+cyb_pos3	0h:0m:23s (0h:0m:56s left)
  63 GTR+F+I+G4   172527.383  14.129      bdnf_pos1+nd4_pos1	0h:0m:24s (0h:0m:57s left)
  64 GTR+F+I+G4   172467.364  4.735       bdnf_pos1+nd4_pos2	0h:0m:24s (0h:0m:56s left)
  65 GTR+F+I+G4   173290.843  35.101      bdnf_pos1+nd4_pos3	0h:0m:25s (0h:0m:57s left)
  66 GTR+F+I+G4   172336.843  0.542       bdnf_pos2+bdnf_pos3	0h:0m:25s (0h:0m:57s left)
  67 GTR+F+I+G4   172307.165  0.776       bdnf_pos2+nxc_pos1	0h:0m:26s (0h:0m:56s left)
  68 GTR+F+I+G4   172438.104  2.618       bdnf_pos2+nxc_pos2	0h:0m:26s (0h:0m:55s left)
  69 GTR+F+I+G4   172544.891  1.895       bdnf_pos2+nxc_pos3	0h:0m:26s (0h:0m:55s left)
  70 GTR+F+I+G4   172536.556  6.750       bdnf_pos2+cyb_pos1	0h:0m:27s (0h:0m:55s left)
  71 GTR+F+I+G4   172483.658  2.397       bdnf_pos2+cyb_pos2	0h:0m:27s (0h:0m:55s left)
  72 GTR+F+I+G4   173125.853  31.116      bdnf_pos2+cyb_pos3	0h:0m:28s (0h:0m:54s left)
  73 GTR+F+I+G4   172620.552  9.500       bdnf_pos2+nd4_pos1	0h:0m:28s (0h:0m:54s left)
  74 GTR+F+I+G4   172559.636  2.917       bdnf_pos2+nd4_pos2	0h:0m:29s (0h:0m:54s left)
  75 GTR+F+I+G4   173257.520  28.811      bdnf_pos2+nd4_pos3	0h:0m:29s (0h:0m:54s left)
  76 GTR+F+I+G4   172306.584  0.643       bdnf_pos3+nxc_pos1	0h:0m:30s (0h:0m:54s left)
  77 GTR+F+I+G4   172337.576  1.888       bdnf_pos3+nxc_pos2	0h:0m:30s (0h:0m:53s left)
  78 GTR+F+I+G4   172506.619  1.538       bdnf_pos3+nxc_pos3	0h:0m:31s (0h:0m:53s left)
  79 GTR+F+I+G4   172456.501  5.456       bdnf_pos3+cyb_pos1	0h:0m:31s (0h:0m:53s left)
  80 GTR+F+I+G4   172404.951  2.120       bdnf_pos3+cyb_pos2	0h:0m:32s (0h:0m:52s left)
  81 GTR+F+I+G4   172822.346  34.554      bdnf_pos3+cyb_pos3	0h:0m:32s (0h:0m:52s left)
  82 GTR+F+I+G4   172548.502  8.468       bdnf_pos3+nd4_pos1	0h:0m:33s (0h:0m:52s left)
  83 GTR+F+I+G4   172497.394  2.682       bdnf_pos3+nd4_pos2	0h:0m:33s (0h:0m:52s left)
  84 GTR+F+I+G4   173002.379  27.853      bdnf_pos3+nd4_pos3	0h:0m:34s (0h:0m:52s left)
  85 GTR+F+I+G4   172442.256  4.256       nxc_pos1+nxc_pos2	0h:0m:34s (0h:0m:51s left)
  86 GTR+F+I+G4   172445.557  1.798       nxc_pos1+nxc_pos3	0h:0m:35s (0h:0m:51s left)
  87 GTR+F+I+G4   172516.038  6.905       nxc_pos1+cyb_pos1	0h:0m:35s (0h:0m:50s left)
  88 GTR+F+I+G4   172428.203  2.487       nxc_pos1+cyb_pos2	0h:0m:36s (0h:0m:50s left)
  89 GTR+F+I+G4   173251.783  36.901      nxc_pos1+cyb_pos3	0h:0m:36s (0h:0m:50s left)
  90 GTR+F+I+G4   172601.770  10.211      nxc_pos1+nd4_pos1	0h:0m:37s (0h:0m:50s left)
  91 GTR+F+I+G4   172482.916  3.099       nxc_pos1+nd4_pos2	0h:0m:37s (0h:0m:49s left)
  92 GTR+F+I+G4   173448.032  30.757      nxc_pos1+nd4_pos3	0h:0m:38s (0h:0m:50s left)
  93 GTR+F+I+G4   172592.513  2.325       nxc_pos2+nxc_pos3	0h:0m:39s (0h:0m:49s left)
  94 GTR+F+I+G4   172470.580  5.596       nxc_pos2+cyb_pos1	0h:0m:39s (0h:0m:49s left)
  95 GTR+F+I+G4   172507.722  3.248       nxc_pos2+cyb_pos2	0h:0m:39s (0h:0m:48s left)
  96 GTR+F+I+G4   172950.678  33.504      nxc_pos2+cyb_pos3	0h:0m:40s (0h:0m:48s left)
  97 GTR+F+I+G4   172568.541  8.217       nxc_pos2+nd4_pos1	0h:0m:41s (0h:0m:48s left)
  98 GTR+F+I+G4   172599.580  3.286       nxc_pos2+nd4_pos2	0h:0m:41s (0h:0m:47s left)
  99 GTR+F+I+G4   173172.359  27.387      nxc_pos2+nd4_pos3	0h:0m:41s (0h:0m:47s left)
 100 GTR+F+I+G4   172495.260  10.886      nxc_pos3+cyb_pos1	0h:0m:42s (0h:0m:47s left)
 101 GTR+F+I+G4   172460.870  4.431       nxc_pos3+cyb_pos2	0h:0m:43s (0h:0m:47s left)
 102 GTR+F+I+G4   173073.725  59.603      nxc_pos3+cyb_pos3	0h:0m:44s (0h:0m:47s left)
 103 GTR+F+I+G4   172542.877  14.646      nxc_pos3+nd4_pos1	0h:0m:44s (0h:0m:47s left)
 104 GTR+F+I+G4   172486.311  5.491       nxc_pos3+nd4_pos2	0h:0m:45s (0h:0m:46s left)
 105 GTR+F+I+G4   173325.709  24.165      nxc_pos3+nd4_pos3	0h:0m:46s (0h:0m:47s left)
 106 GTR+F+I+G4   172464.986  8.346       cyb_pos1+cyb_pos2	0h:0m:47s (0h:0m:46s left)
 107 GTR+F+I+G4   172726.271  50.459      cyb_pos1+cyb_pos3	0h:0m:48s (0h:0m:46s left)
 108 GTR+F+I+G4   172358.178  15.002      cyb_pos1+nd4_pos1	0h:0m:48s (0h:0m:46s left)
 109 GTR+F+I+G4   172537.531  9.811       cyb_pos1+nd4_pos2	0h:0m:49s (0h:0m:46s left)
 110 GTR+F+I+G4   172892.199  36.658      cyb_pos1+nd4_pos3	0h:0m:50s (0h:0m:46s left)
 111 GTR+F+I+G4   172850.708  50.324      cyb_pos2+cyb_pos3	0h:0m:51s (0h:0m:46s left)
 112 GTR+F+I+G4   172568.889  11.972      cyb_pos2+nd4_pos1	0h:0m:52s (0h:0m:46s left)
 113 GTR+F+I+G4   172355.604  4.729       cyb_pos2+nd4_pos2	0h:0m:52s (0h:0m:45s left)
 114 GTR+F+I+G4   173047.379  32.651      cyb_pos2+nd4_pos3	0h:0m:53s (0h:0m:45s left)
 115 GTR+F+I+G4   172576.839  54.839      cyb_pos3+nd4_pos1	0h:0m:54s (0h:0m:45s left)
 116 GTR+F+I+G4   172955.028  28.397      cyb_pos3+nd4_pos2	0h:0m:55s (0h:0m:45s left)
 117 GTR+F+ASC+G4 172427.403  18.982      cyb_pos3+nd4_pos3	0h:0m:57s (0h:0m:46s left)
 118 GTR+F+I+G4   172635.637  13.521      nd4_pos1+nd4_pos2	0h:0m:57s (0h:0m:45s left)
 119 GTR+F+I+G4   172728.082  42.078      nd4_pos1+nd4_pos3	0h:0m:58s (0h:0m:45s left)
 120 GTR+F+I+G4   173140.433  31.394      nd4_pos2+nd4_pos3	0h:0m:59s (0h:0m:45s left)
5 compatible better partition pairs found
Merging sia_pos1+nxc_pos1 with BIC score: 172292.019 (LnL: -83668.973  df: 634)
Merging sia_pos2+bdnf_pos3 with BIC score: 172221.240 (LnL: -83676.560  df: 623)
Merging cyb_pos2+nd4_pos2 with BIC score: 172176.316 (LnL: -83697.075  df: 612)
Merging cyb_pos1+nd4_pos1 with BIC score: 172133.967 (LnL: -83718.878  df: 601)
Merging sia_pos3+bdnf_pos1 with BIC score: 172092.582 (LnL: -83741.162  df: 590)
 121 GTR+F+I+G4   172049.895  0.596       sia_pos1+sia_pos2+bdnf_pos3+nxc_pos1	0h:1m:0s (0h:0m:44s left)
 122 GTR+F+I+G4   172297.027  3.329       sia_pos1+sia_pos3+bdnf_pos1+nxc_pos1	0h:1m:0s (0h:0m:44s left)
 123 GTR+F+I+G4   172045.584  0.726       sia_pos1+bdnf_pos2+nxc_pos1	0h:1m:1s (0h:0m:43s left)
 124 GTR+F+I+G4   172172.343  1.655       sia_pos1+nxc_pos1+nxc_pos2	0h:1m:1s (0h:0m:43s left)
 125 GTR+F+I+G4   172215.742  1.482       sia_pos1+nxc_pos1+nxc_pos3	0h:1m:2s (0h:0m:42s left)
 126 GTR+F+I+G4   172415.048  8.919       sia_pos1+nxc_pos1+cyb_pos1+nd4_pos1	0h:1m:3s (0h:0m:42s left)
 127 GTR+F+I+G4   172248.521  2.936       sia_pos1+nxc_pos1+cyb_pos2+nd4_pos2	0h:1m:3s (0h:0m:42s left)
 128 GTR+F+I+G4   173185.370  28.890      sia_pos1+nxc_pos1+cyb_pos3	0h:1m:4s (0h:0m:41s left)
 129 GTR+F+I+G4   173369.948  22.546      sia_pos1+nxc_pos1+nd4_pos3	0h:1m:5s (0h:0m:41s left)
 130 GTR+F+I+G4   172285.024  3.269       sia_pos2+sia_pos3+bdnf_pos1+bdnf_pos3	0h:1m:6s (0h:0m:41s left)
 131 GTR+F+I+G4   172043.151  0.515       sia_pos2+bdnf_pos2+bdnf_pos3	0h:1m:6s (0h:0m:40s left)
 132 GTR+F+I+G4   172031.685  1.679       sia_pos2+bdnf_pos3+nxc_pos2	0h:1m:7s (0h:0m:40s left)
 133 GTR+F+I+G4   172260.222  1.161       sia_pos2+bdnf_pos3+nxc_pos3	0h:1m:7s (0h:0m:39s left)
 134 GTR+F+I+G4   172337.914  7.934       sia_pos2+bdnf_pos3+cyb_pos1+nd4_pos1	0h:1m:8s (0h:0m:39s left)
 135 GTR+F+I+G4   172228.936  2.592       sia_pos2+bdnf_pos3+cyb_pos2+nd4_pos2	0h:1m:9s (0h:0m:39s left)
 136 GTR+F+I+G4   172826.488  25.633      sia_pos2+bdnf_pos3+cyb_pos3	0h:1m:9s (0h:0m:38s left)
 137 GTR+F+I+G4   172993.808  19.655      sia_pos2+bdnf_pos3+nd4_pos3	0h:1m:10s (0h:0m:38s left)
 138 GTR+F+I+G4   172283.008  3.864       sia_pos3+bdnf_pos1+bdnf_pos2	0h:1m:11s (0h:0m:37s left)
 139 GTR+F+I+G4   172218.511  4.502       sia_pos3+bdnf_pos1+nxc_pos2	0h:1m:11s (0h:0m:37s left)
 140 GTR+F+I+G4   172124.998  5.416       sia_pos3+bdnf_pos1+nxc_pos3	0h:1m:12s (0h:0m:36s left)
 141 GTR+F+I+G4   172301.550  13.164      sia_pos3+bdnf_pos1+cyb_pos1+nd4_pos1	0h:1m:13s (0h:0m:36s left)
 142 GTR+F+I+G4   172286.705  5.423       sia_pos3+bdnf_pos1+cyb_pos2+nd4_pos2	0h:1m:14s (0h:0m:36s left)
 143 GTR+F+I+G4   173175.260  22.262      sia_pos3+bdnf_pos1+cyb_pos3	0h:1m:15s (0h:0m:35s left)
 144 GTR+F+I+G4   173320.947  21.229      sia_pos3+bdnf_pos1+nd4_pos3	0h:1m:16s (0h:0m:35s left)
 145 GTR+F+I+G4   172308.558  10.338      bdnf_pos2+cyb_pos1+nd4_pos1	0h:1m:17s (0h:0m:35s left)
 146 GTR+F+I+G4   172241.245  3.330       bdnf_pos2+cyb_pos2+nd4_pos2	0h:1m:17s (0h:0m:34s left)
 147 GTR+F+I+G4   172250.746  9.220       nxc_pos2+cyb_pos1+nd4_pos1	0h:1m:18s (0h:0m:34s left)
 148 GTR+F+I+G4   172284.131  3.454       nxc_pos2+cyb_pos2+nd4_pos2	0h:1m:19s (0h:0m:33s left)
 149 GTR+F+I+G4   172228.619  12.879      nxc_pos3+cyb_pos1+nd4_pos1	0h:1m:20s (0h:0m:33s left)
 150 GTR+F+I+G4   172197.566  4.970       nxc_pos3+cyb_pos2+nd4_pos2	0h:1m:20s (0h:0m:32s left)
 151 GTR+F+I+G4   172438.808  10.799      cyb_pos1+cyb_pos2+nd4_pos1+nd4_pos2	0h:1m:21s (0h:0m:32s left)
 152 GTR+F+I+G4   172630.356  45.698      cyb_pos1+cyb_pos3+nd4_pos1	0h:1m:23s (0h:0m:32s left)
 153 GTR+F+I+G4   172739.298  33.955      cyb_pos1+nd4_pos1+nd4_pos3	0h:1m:24s (0h:0m:31s left)
 154 GTR+F+I+G4   173036.398  22.859      cyb_pos2+cyb_pos3+nd4_pos2	0h:1m:25s (0h:0m:31s left)
 155 GTR+F+I+G4   173192.804  24.759      cyb_pos2+nd4_pos2+nd4_pos3	0h:1m:26s (0h:0m:31s left)
2 compatible better partition pairs found
Merging sia_pos2+bdnf_pos3+nxc_pos2 with BIC score: 172031.685 (LnL: -83753.691  df: 579)
Merging sia_pos1+bdnf_pos2+nxc_pos1 with BIC score: 171984.687 (LnL: -83773.169  df: 568)
 156 GTR+F+I+G4   172087.617  0.786       sia_pos1+sia_pos2+bdnf_pos2+bdnf_pos3+nxc_pos1+nxc_pos2	0h:1m:26s (0h:0m:30s left)
 157 GTR+F+I+G4   172318.586  2.674       sia_pos1+sia_pos3+bdnf_pos1+bdnf_pos2+nxc_pos1	0h:1m:27s (0h:0m:29s left)
 158 GTR+F+I+G4   172179.489  1.305       sia_pos1+bdnf_pos2+nxc_pos1+nxc_pos3	0h:1m:27s (0h:0m:29s left)
 159 GTR+F+I+G4   172453.808  7.608       sia_pos1+bdnf_pos2+nxc_pos1+cyb_pos1+nd4_pos1	0h:1m:28s (0h:0m:29s left)
 160 GTR+F+I+G4   172254.731  2.473       sia_pos1+bdnf_pos2+nxc_pos1+cyb_pos2+nd4_pos2	0h:1m:29s (0h:0m:28s left)
 161 GTR+F+I+G4   173327.508  20.553      sia_pos1+bdnf_pos2+nxc_pos1+cyb_pos3	0h:1m:31s (0h:0m:28s left)
 162 GTR+F+I+G4   173467.989  21.983      sia_pos1+bdnf_pos2+nxc_pos1+nd4_pos3	0h:1m:32s (0h:0m:27s left)
 163 GTR+F+I+G4   172259.521  2.988       sia_pos2+sia_pos3+bdnf_pos1+bdnf_pos3+nxc_pos2	0h:1m:33s (0h:0m:27s left)
 164 GTR+F+I+G4   172289.541  1.373       sia_pos2+bdnf_pos3+nxc_pos2+nxc_pos3	0h:1m:33s (0h:0m:26s left)
 165 GTR+F+I+G4   172331.964  6.107       sia_pos2+bdnf_pos3+nxc_pos2+cyb_pos1+nd4_pos1	0h:1m:34s (0h:0m:26s left)
 166 GTR+F+I+G4   172302.918  2.330       sia_pos2+bdnf_pos3+nxc_pos2+cyb_pos2+nd4_pos2	0h:1m:35s (0h:0m:25s left)
 167 GTR+F+I+G4   173037.084  17.507      sia_pos2+bdnf_pos3+nxc_pos2+cyb_pos3	0h:1m:36s (0h:0m:25s left)
 168 GTR+F+I+G4   173189.267  15.874      sia_pos2+bdnf_pos3+nxc_pos2+nd4_pos3	0h:1m:38s (0h:0m:25s left)
Agglomerative model selection: (((sia_pos1,nxc_pos1)1:172292,bdnf_pos2)7:171985,((sia_pos2,bdnf_pos3)2:172221,nxc_pos2)6:172032,(sia_pos3,bdnf_pos1)5:172093,nxc_pos3,(cyb_pos1,nd4_pos1)4:172134,(cyb_pos2,nd4_pos2)3:172176,cyb_pos3,nd4_pos3)
Merging into 8 partitions...
 169 SYM+I+G4     4727.381    sia_pos1+bdnf_pos2+nxc_pos1	0h:1m:40s (0h:0m:24s left)
 170 GTR+F+I+G4   3047.744    sia_pos2+bdnf_pos3+nxc_pos2	0h:1m:44s (0h:0m:25s left)
 171 HKY+F+I+G4   12585.877   sia_pos3+bdnf_pos1	0h:1m:48s (0h:0m:25s left)
 172 TN+F+G4      6635.086    nxc_pos3	0h:1m:52s (0h:0m:25s left)
 173 GTR+F+I+G4   30946.267   cyb_pos1+nd4_pos1	0h:1m:56s (0h:0m:25s left)
 174 GTR+F+I+G4   12761.997   cyb_pos2+nd4_pos2	0h:2m:0s (0h:0m:25s left)
 175 TIM2+F+ASC+G4 49979.641   cyb_pos3	0h:2m:8s (0h:0m:26s left)
 176 TN+F+ASC     46749.381   nd4_pos3	0h:2m:15s (0h:0m:27s left)
Best partition model BIC score: 171345.097 (LnL: -83519.793  df:551)
Partition information was printed to merge69.nex.best_scheme.nex
Partition information in Raxml format was printed to merge69.nex.best_scheme

All model information printed to merge69.nex.model.gz
CPU time for ModelFinder: 153.384 seconds (0h:2m:33s)
Wall-clock time for ModelFinder: 153.758 seconds (0h:2m:33s)

NOTE: 44 MB RAM (0 GB) is required!
Estimate model parameters (epsilon = 0.010)
Initial log-likelihood: -83549.205
Current log-likelihood at step 1: -83513.210
Current log-likelihood at step 2: -83512.835
Current log-likelihood at step 3: -83512.789
Current log-likelihood at step 4: -83512.782
Partition-specific rates:  0.049 0.113 0.382 0.190 0.988 0.311 5.955 4.929
Parameters optimization took 3 rounds (1.901 sec)

Wrote distance file to... 
Partition information was printed to merge69.nex.best_model.nex
BEST SCORE FOUND : -83512.782
Total tree length: 15.253

Total number of iterations: 0
CPU time used for tree search: 0.000 sec (0h:0m:0s)
Wall-clock time used for tree search: 0.000 sec (0h:0m:0s)
Total CPU time used: 1.950 sec (0h:0m:1s)
Total wall-clock time used: 1.971 sec (0h:0m:1s)

Analysis results written to: 
  IQ-TREE report:                merge69.nex.iqtree
  Tree used for ModelFinder:     merge69.nex.treefile
  Best partitioning scheme:      merge69.nex.best_scheme.nex
           in RAxML format:      merge69.nex.best_scheme
  Screen log file:               merge69.nex.log

--- Start phylogenetic dating ---
Reading date file ../input/asterophryinae_dates.txt ...
5 dates extracted
Building time tree by least-square dating (LSD) with command:
lsd -i merge69.nex.timetree.subst -s 2475 -o merge69.nex.timetree -g merge69.nex.timetree.outgroup -d merge69.nex.timetree.date -z 0 
Reroot the tree(s) using given outgroups ...

TREE 1
*PROCESSING:
Reading the tree ... 
Collapse 1 (over 241) internal branches having branch length <= 0.000202
 (settable via option -l)
Parameter to adjust variances was set to 0.0211 (settable via option -b)
Minimum branch length of time scaled tree (settable via option -u and -U): 0
Estimating the root position on the branch defined by given outgroups ...

*RESULTS:
- Dating results:
 rate 0.0097607, tMRCA -22.2076 , objective function 1.42752

TOTAL ELAPSED TIME: 0.00793 seconds
LSD results written to:
  LSD report:                  merge69.nex.timetree.lsd
  Time tree in nexus format:   merge69.nex.timetree.nex
  Time tree in newick format:  merge69.nex.timetree.nwk

--- End phylogenetic dating ---
Date and Time: Sat Jul  1 00:07:30 2023
