IQ-TREE multicore version 2.2.2.6 COVID-edition for Mac OS X 64-bit built May 27 2023
Developed by Bui Quang Minh, James Barbetti, Nguyen Lam Tung,
Olga Chernomor, Heiko Schmidt, Dominik Schrempf, Michael Woodhams, Ly Trong Nhan.

Host:    Marguerites-MacBook-Pro.local (AVX2, FMA3, 16 GB RAM)
Command: iqtree2 -s ../../mesquite_alignment/asterophryinae_20230527.phy -p merge38.nex -m TESTMERGEONLY -o UMMZ219489_Scaphiophryne_marmorata --date ../input/asterophryinae_dates.txt --date-tip 0 -mset JC,F81,K80,HKY,TN,TNe,TPM2,TPM2u,TPM3,TPM3u,TIM,TIMe,TIM2,TIM2e,TIM3,TIM3e,TVMe,TVM,SYM,GTR
Seed:    85754 (Using SPRNG - Scalable Parallel Random Number Generator)
Time:    Fri Jun 30 22:31:43 2023
Kernel:  AVX+FMA - 1 threads (16 CPU cores detected)

HINT: Use -nt option to specify number of threads because your CPU has 16 cores!
HINT: -nt AUTO will automatically determine the best number of threads to use.

Reading partition model file merge38.nex ...
Reading alignment file ../../mesquite_alignment/asterophryinae_20230527.phy ... Phylip format detected
Alignment most likely contains DNA/RNA sequences
Constructing alignment: done in 0.00735307 secs using 75.57% CPU
Alignment has 243 sequences with 2475 columns, 1397 distinct patterns
951 parsimony-informative, 195 singleton sites, 1329 constant sites
                                                 Gap/Ambiguity  Composition  p-value
Analyzing sequences: done in 0.000801802 secs using 99.4% CPU
   1  ABTC116941_Oreophryne_A_graminis                  21.21%    passed      9.55%
   2  BPBM47733_Choerophryne_darlingtoni_complex_sp_1    0.28%    passed     96.47%
   3  BPBM47780_Cophixalus_cf__cryptotympanum            2.14%    passed     91.89%
   4  BPBM47792_Hylophorbus_cf__rufescens_14             0.24%    passed     73.43%
   5  BPBM47804_Cophixalus_darlingtoni                   5.41%    passed     97.97%
   6  BPBM31882_Paedophryne_swiftorum_complex_sp_1      22.42%    passed     19.17%
   7  BPBM47713_Paedophryne_amauensis                    0.08%    passed     92.69%
   8  BPBM47786_Callulops_sp_2                           3.68%    passed     93.47%
   9  UMMZ242263_Cophixalus_variabilis_complex_sp_1      1.25%    passed     72.15%
  10  UMMZ242338_Liophryne_aff__dentata_1                0.00%    passed     17.66%
  11  UMMZ242317_Hylophorbus_cf__rufescens_1             0.00%    passed     95.84%
  12  UMMZ242212_Austrochaperina_C_aff__palmipes_1       1.70%    passed     77.48%
  13  UMMZ242361_Mantophryne_cf__lateralis_1             0.04%    passed     85.64%
  14  UMMZ242309_Genyophryne_aff__thomsoni_1             0.44%    passed     87.07%
  15  UMMZ242349_Cophixalus_verrucosus_complex_sp_1      1.41%    passed     98.49%
  16  UMMZ242404_Oreophryne_A_sp_8                       0.00%    passed     13.68%
  17  UMMZ242232_Cophixalus_desticans_complex_sp_1       0.36%    passed     45.79%
  18  UMMZ242226_Callulops_doriae_complex_sp_1           0.20%    passed     66.15%
  19  FK16913_Paedophryne_titan                          0.48%    passed     19.31%
  20  UMMZ242398_Oreophryne_B_penelopia                  0.12%    passed     94.92%
  21  BPBM47888_Hylophorbus_cf__rufescens_13             4.24%    passed     97.92%
  22  JAM11383_Oreophryne_B_sp_5                         1.82%    passed     81.64%
  23  BPBM35843_Cophixalus_cf__pipilans_1                0.20%    passed     23.94%
  24  BPBM40083_Copiula_sp_1                             1.29%    passed     78.66%
  25  BPBM20571_Oreophryne_B_sp_2                        0.20%    passed     73.92%
  26  BPBM22664_Austrochaperina_A_sp_1                   1.58%    passed     79.89%
  27  BPBM20396_Mantophryne_cf__lateralis_1              0.24%    passed     93.85%
  28  BPBM48036_Paedophryne_sp_2                        20.00%    passed     26.99%
  29  BPBM35561_Choerophryne_gudrunae                    1.41%    passed     97.18%
  30  BPBM40135_Mantophryne_insignis                     0.12%    passed     84.17%
  31  BPBM39638_Hylophorbus_myopicus                     1.49%    passed     99.99%
  32  BPBM20572_Oreophryne_B_sp_3                        5.17%    passed     94.78%
  33  BPBM13110_Asterophrys_slateri                      0.93%    passed     34.06%
  34  BPBM33669_Callulops_wilhelmanus                    0.20%    passed     97.14%
  35  BPBM16554_Oreophryne_A_philosylleptoris            0.20%    passed     14.99%
  36  BPBM20262_Copiula_sp_2                             5.86%    passed     88.01%
  37  BPBM39000_Oreophryne_B_sp_1                        0.20%    passed     83.71%
  38  BPBM34677_Oreophryne_A_cameroni                    5.74%    passed     47.62%
  39  BPBM38990_Oreophryne_A_sp_2                        0.81%    passed     25.21%
  40  BPBM16181_Hylophorbus_cf__rufescens_2              0.24%    passed     96.64%
  41  BPBM39048_Cophixalus_sp_3                          0.69%    passed     49.14%
  42  BPBM34688_Oreophryne_A_biroi                       0.16%    passed     28.32%
  43  BPBM38939_Copiula_sp_7                            20.04%    passed     38.28%
  44  BPBM22675_Choerophryne_longirostris                0.12%    passed     95.84%
  45  BPBM18450_Hylophorbus_cf__rufescens_6              0.20%    passed     83.41%
  46  BPBM22504_Hylophorbus_cf__rufescens_12             1.45%    passed     82.71%
  47  BPBM39357_Oreophryne_B_sp_6                        0.32%    passed     87.04%
  48  BPBM20522_Oreophryne_A_aurora                      0.28%    passed     94.28%
  49  BPBM40145_Oreophryne_A_sp_6                        2.46%    passed     30.65%
  50  BPBM39569_Hylophorbus_cf__rufescens_9              0.04%    passed     99.01%
  51  BPBM22780_Mantophryne_cf__lateralis_3              1.25%    passed     99.37%
  52  BPBM39007_Copiula_sp_3                            20.97%    passed     20.72%
  53  BPBM19265_Mantophryne_cf__lateralis_4              1.29%    passed     99.09%
  54  BPBM33763_Oreophryne_A_anamiatoi                   0.12%    passed     59.28%
  55  BPBM22692_Cophixalus_balbus                        1.45%    passed     98.69%
  56  BPBM39244_Oreophryne_A_sp_3                        1.58%    passed     45.35%
  57  BPBM22689_Oreophryne_A_cf__cameroni                1.82%    passed     47.97%
  58  BPBM18430_Cophixalus_albolineatus                  1.21%    passed     68.12%
  59  BPBM38988_Oreophryne_B_sp_4                        2.34%    passed     84.17%
  60  BPBM33707_Cophixalus_caverniphilus                 1.98%    passed     83.33%
  61  BPBM39991_Choerophryne_bryonopsis                  1.70%    passed     58.79%
  62  BPBM39631_Hylophorbus_cf__rufescens_7              0.24%    passed     98.62%
  63  BPBM19320_Cophixalus_nexipus                       1.70%    passed     88.30%
  64  BPBM37122_Callulops_sp_1                           0.04%    passed     91.58%
  65  BPBM34724_Hylophorbus_atrifasciatus                0.04%    passed     90.35%
  66  BPBM18392_Cophixalus_cheesmanae_complex_sp_1       3.07%    passed     75.09%
  67  BPBM39929_Liophryne_miniafia                       0.00%    passed     96.71%
  68  BPBM35866_Hylophorbus_cf__rufescens_15             0.04%    passed     95.71%
  69  BPBM17959_Cophixalus_sp_4                          0.16%    passed     93.36%
  70  BPBM40000_Austrochaperina_A_sp_2                   0.04%    passed     80.32%
  71  BPBM19277_Cophixalus_iovaorum                      0.16%    passed     86.61%
  72  BPBM19338_Hylophorbus_cf__rufescens_10             0.20%    passed     99.67%
  73  BPBM37232_Hylophorbus_cf__rufescens_3              0.28%    passed     96.46%
  74  BPBM38914_Barygenys_maculata                       0.12%    passed     12.48%
  75  BPBM19371_Oreophryne_A_sp_4                        0.00%    passed     76.04%
  76  BPBM33749_Hylophorbus_richardsi                    0.08%    passed     85.68%
  77  BPBM18429_Cophixalus_albolineatus                  2.55%    passed     84.93%
  78  BPBM33664_Choerophryne_darlingtoni_complex_sp_2    0.81%    passed     98.97%
  79  BPBM34679_Choerophryne_proboscidea                 0.57%    passed     92.16%
  80  BPBM20538_Oreophryne_B_sp_3                        0.85%    passed     99.66%
  81  BPBM19314_Cophixalus_ateles                        2.18%    passed     95.88%
  82  BPBM38992_Oreophryne_A_sp_2                        1.98%    passed     32.16%
  83  BPBM39510_Oreophryne_B_phoebe                      1.54%    passed     55.09%
  84  BPBM37718_Cophixalus_clapporum                    20.97%    passed     29.43%
  85  BPBM39344_Oreophryne_B_sp_4                        1.25%    passed     47.26%
  86  BPBM38904_Barygenys_apodasta                       1.62%    passed     59.57%
  87  BPBM20126_Barygenys_aff__exsul_1                   1.78%    passed     37.71%
  88  BPBM15814_Cophixalus_variabilis_complex_sp_2       5.17%    passed     97.39%
  89  BPBM15708_Cophixalus_desticans_complex_sp_2        0.16%    passed     62.84%
  90  BPBM33674_Oreophryne_A_notata                      2.79%    failed      2.70%
  91  BPBM35692_Hylophorbus_cf__proekes                  1.78%    passed     61.30%
  92  BPBM20141_Callulops_doriae_complex_sp_2            1.78%    passed     44.43%
  93  BPBM17048_Hylophorbus_cf__rufescens_11             1.82%    passed     97.23%
  94  BPBM18509_Oreophryne_A_lemur                       1.41%    passed     85.36%
  95  BPBM33780_Xenorhina_parkerorum                     2.75%    passed     65.65%
  96  BPBM15259_Barygenys_resima                         1.94%    passed     46.96%
  97  BPBM20501_Oreophryne_B_meliades                    0.32%    passed     84.93%
  98  BPBM35986_Hylophorbus_cf__rufescens_17             2.02%    passed     95.61%
  99  BPBM27491_Cophixalus_verrucosus_complex_sp_3       1.13%    passed     84.53%
 100  BPBM15775_Oreophryne_B_equus                       1.45%    passed     73.95%
 101  BPBM15410_Mantophryne_cf__lateralis_2              1.25%    passed     97.74%
 102  BPBM39366_Oreophryne_A_sp_5                        1.86%    passed     85.78%
 103  BPBM37753_Paedophryne_dekot                        1.86%    passed     98.15%
 104  BPBM15707_Cophixalus_sp_5                          0.08%    passed     91.41%
 105  BPBM35735_Austrochaperina_B_sp_3                   0.00%    passed     96.97%
 106  TNHC58922_Oreophryne_B_variabilis                  3.19%    passed     63.47%
 107  CMNH1366_Oreophryne_A_anulata                      2.30%    passed     10.09%
 108  KU321316_Oreophryne_A_nana                         1.78%    passed     12.42%
 109  BPBM18605_Copiula_fistulans                        0.36%    passed     87.37%
 110  BPBM41683_Aphantophryne_B_pansa_3                  3.03%    passed     96.17%
 111  BPBM41681_Aphantophryne_B_pansa_3                  4.57%    passed     99.64%
 112  BPBM41685_Aphantophryne_B_pansa_3                  1.37%    passed     99.58%
 113  BPBM41682_Aphantophryne_B_pansa_3                  1.37%    passed     97.50%
 114  BPBM17084_Copiula_oxyrhina                         1.25%    passed     92.19%
 115  BPBM13862_Austrochaperina_B_macrorhyncha           0.85%    passed     96.89%
 116  BPBM18351_Choerophryne_gunnari                     2.26%    passed     53.32%
 117  BPBM20357_Genyophryne_thomsoni                     1.94%    passed     66.57%
 118  BPBM22740_Hylophorbus_cf__rufescens_16             1.13%    passed     95.74%
 119  BPBM20369_Hylophorbus_extimus                      0.85%    passed     97.32%
 120  BPBM22761_Hylophorbus_proekes                      0.85%    passed     97.50%
 121  BPBM15373_Liophryne_aff__dentata_2                 1.37%    passed     39.86%
 122  BPBM22754_Liophryne_schlaginhaufeni                1.13%    passed     51.32%
 123  BPBM20142_Mantophryne_louisiadensis                3.39%    passed     84.93%
 124  BPBM22511_Oreophryne_A_brachypus                   1.58%    passed     44.48%
 125  BPBM18510_Oreophryne_A_cf__geislerorum_1           1.17%    passed     28.54%
 126  BPBM17847_Choerophryne_sanguinopictus              1.66%    passed     98.69%
 127  BPBM16217_Oreophryne_A_inornata                    0.93%    passed     66.60%
 128  BPBM16546_Oreophryne_B_insulana                    2.63%    passed     77.54%
 129  BPBM22539_Oreophryne_A_loriae                      1.41%    passed     71.70%
 130  BPBM17890_Oxydactyla_crassa                        1.21%    passed     76.22%
 131  BPBM31477_Mantophryne_menziesi                     0.89%    passed     97.70%
 132  BPBM22793_Sphenophryne_cornuta                     3.64%    passed     60.22%
 133  BPBM22797_Xenorhina_arboricola                     0.89%    failed      3.82%
 134  BPBM28179_Xenorhina_mehelyi                        0.89%    passed     16.59%
 135  BPBM14060_Xenorhina_ocellata                       2.46%    passed     37.00%
 136  BPBM22795_Xenorhina_tumulus                        0.81%    passed      6.45%
 137  BPBM28153_Asterophrys_leucopus                     0.89%    passed     61.81%
 138  BPBM22649_Choerophryne_brunhildae                  0.97%    passed     90.84%
 139  BPBM18317_Choerophryne_exclamitans                 1.54%    passed     91.37%
 140  BPBM28204_Asterophrys_turpicola                    0.97%    passed     58.86%
 141  BPBM22665_Austrochaperina_B_basipalmata            1.62%    passed     71.42%
 142  BPBM22656_Austrochaperina_B_blumi                  1.29%    passed     90.15%
 143  BPBM22708_Copiula_tyleri                           0.04%    passed     73.84%
 144  BPBM22481_Austrochaperina_A_novaebritanniae        1.66%    passed     85.30%
 145  BPBM20112_Austrochaperina_A_yelaensis              3.84%    passed     71.99%
 146  BPBM15234_Austrochaperina_C_aff__palmipes_3        0.12%    passed     96.68%
 147  BPBM25756_Barygenys_atra                           0.85%    passed     48.80%
 148  BPBM25760_Barygenys_sp                             0.04%    passed     99.76%
 149  BPBM18504_Callulops_personatus                     0.89%    passed     99.31%
 150  BPBM13155_Callulops_eremnosphax                    1.62%    passed     91.50%
 151  BPBM20215_Cophixalus_cupricarenus                  2.51%    passed     94.72%
 152  BPBM20197_Cophixalus_melanops                      2.34%    passed     67.49%
 153  BPBM15665_Copiula_minor                            1.13%    passed     64.01%
 154  BPBM20287_Copiula_sp_6                            22.38%    passed     16.64%
 155  BPBM17827_Copiula_sp_4                             1.13%    passed     88.97%
 156  BPBM18388_Austrochaperina_A_parkeri                0.85%    passed     88.37%
 157  BPBM15355_Hylophorbus_cf__rufescens_4              1.13%    passed     85.72%
 158  BPBM18033_Hylophorbus_cf__rufescens_8              1.05%    passed     96.59%
 159  BPBM18441_Hylophorbus_cf__rufescens_12             1.45%    passed     82.05%
 160  BPBM18315_Liophryne_allisoni                       0.85%    passed     56.84%
 161  BPBM19360_Liophryne_magnitympanum                  1.29%    passed     64.63%
 162  BPBM20397_Mantophryne_axanthogaster                0.89%    passed     99.82%
 163  BPBM22784_Oreophryne_A_parkeri                    21.70%    passed     21.52%
 164  BPBM18128_Oreophryne_B_picticrus                   1.90%    passed     63.74%
 165  BPBM18002_Oreophryne_A_sp_7                        1.90%    passed     69.63%
 166  BPBM17980_Oreophryne_B_matawan                     6.95%    passed     80.26%
 167  BPBM22668_Austrochaperina_B_septentrionalis        1.86%    passed     64.19%
 168  BPBM22789_Oreophryne_A_parkopanorum                1.17%    passed     14.80%
 169  BPBM21474_Xenorhina_adisca                         1.09%    passed     36.91%
 170  BPBM22685_Choerophryne_rostellifer                 0.12%    passed     87.98%
 171  UMMZ211174_Dyscophis_antongilli                    2.18%    passed     83.75%
 172  UMMZ211181_Platypelis_grandis                      2.42%    passed     70.24%
 173  UMMZ219489_Scaphiophryne_marmorata                 0.08%    passed     78.02%
 174  BPBM20128_Barygenys_exsul                          0.89%    passed      8.09%
 175  ZMB74609_Asterophrys_senglaubi                     1.37%    passed     49.03%
 176  ZMB70535_Asterophrys_eurydactylus                  1.29%    passed     19.20%
 177  ZMB70187_Asterophrys_cf__marani                    1.58%    passed     20.41%
 178  ZMB63882_Asterophrys_marani                        2.63%    passed     41.04%
 179  ZMB70185_Asterophrys_cf__marani                    1.54%    passed     20.66%
 180  FK15527_Paedophryne_verrucosa                      1.49%    passed     23.68%
 181  BPBM39156_Oreophryne_A_sp_1                        0.81%    passed     33.73%
 182  BPBM19236_Callulops_bicolor                        1.54%    passed     56.88%
 183  BPBM35836_Callulops_microtis                       0.93%    passed     88.48%
 184  BPBM34741_Xenorhina_obesa                          0.85%    passed     34.03%
 185  BPBM20532_Oreophryne_B_sp_3                        0.89%    passed     99.80%
 186  BPBM15232_Austrochaperina_C_aff__palmipes_3        0.89%    passed     85.63%
 187  BPBM20469_Oreophryne_B_ezra                        4.16%    passed     43.13%
 188  BPBM33637_Choerophryne_murrita                     0.97%    passed     98.62%
 189  BPBM40143_Oreophryne_B_brunnea                     0.04%    passed     46.21%
 190  BPBM18097_Cophixalus_timidus                       1.29%    passed     86.62%
 191  BPBM20440_Oreophryne_B_meliades                    0.32%    passed     87.83%
 192  BPBM34697_Xenorhina_oxycephala                     0.00%    passed     29.10%
 193  BPBM16806_Callulops_robustus                       0.04%    passed     91.68%
 194  MB233_Cophixalus_sp_1                              2.71%    passed     72.25%
 195  MB291_Paedophryne_sp_1                             3.64%    passed     82.45%
 196  MB294_Hylophorbus_cf__rufescens_12                 0.04%    passed     87.76%
 197  MB300_Choerophryne_gunnari                         0.12%    passed     45.68%
 198  MB302_Cophixalus_sp_2                              0.00%    passed     54.57%
 199  MB309_Copiula_sp_5                                 2.51%    passed     68.74%
 200  MB327_Xenorhina_sp_1                              19.64%    passed     13.01%
 201  MB331_Mantophryne_cf__lateralis_4                  0.04%    passed     89.04%
 202  MB342_Oreophryne_A_loriae                          1.25%    passed     65.21%
 203  MB463_Choerophryne_sp_2                            0.44%    passed     84.51%
 204  MB466_Choerophryne_sp_1                            0.00%    passed     99.97%
 205  MB470_Cophixalus_cheesmanae_complex_sp_2           1.25%    passed     38.85%
 206  MB472_Choerophryne_sp_4                            0.00%    passed     58.32%
 207  MB475_Austrochaperina_C_aff__palmipes_4            0.00%    passed     98.73%
 208  MB479_Mantophryne_cf__lateralis_5                  2.91%    passed     97.33%
 209  MB482_Cophixalus_linnaeus                          0.24%    passed     86.61%
 210  MB483_Hylophorbus_cf__rufescens_5                  0.04%    passed     83.80%
 211  MB484_Oreophryne_A_cf__geislerorum_2               0.73%    passed     21.20%
 212  MB486_Paedophryne_swiftorum_complex_sp_2           6.51%    passed     30.11%
 213  MB508_Callulops_doriae_complex_sp_1                1.17%    passed     41.26%
 214  MB518_Mantophryne_cf__lateralis_1                  3.23%    passed     95.34%
 215  MB539_Austrochaperina_C_aff__palmipes_2            1.17%    passed     73.66%
 216  MB556_Hylophorbus_cf__rufescens_1                  1.25%    passed     94.67%
 217  MB571_Cophixalus_variabilis_complex_sp_3           0.00%    passed     93.13%
 218  MB583_Cophixalus_verrucosus_complex_sp_2           1.17%    passed     97.96%
 219  MB593_Liophryne_aff__dentata_3                     1.25%    passed     47.32%
 220  MB617_Cophixalus_desticans_complex_sp_1            0.00%    passed     44.75%
 221  MB626_Genyophryne_aff__thomsoni_2                  1.41%    passed     96.99%
 222  MB627_Oreophryne_B_penelopia                       1.33%    passed     80.92%
 223  BPBM31979_Hylophorbus_cf__rufescens_5              3.27%    passed     84.86%
 224  BPBM26182_Cophixalus_tomaiodactylus                1.29%    passed     98.98%
 225  BPBM23740_Callulops_personatus                     1.09%    passed     99.20%
 226  BPBM25837_Choerophryne_sp_3                        1.45%    passed     97.75%
 227  BPBM26194_Cophixalus_phaeobalius                   1.41%    passed     98.50%
 228  BPBM25754_Choerophryne_sp_4                        1.41%    passed     55.30%
 229  BPBM31337_Cophixalus_linnaeus                      1.37%    passed     86.56%
 230  BPBM31847_Cophixalus_cf__pipilans_2                0.28%    passed     71.98%
 231  BPBM31853_Genyophryne_aff__thomsoni_3              2.83%    passed     43.85%
 232  BPBM31808_Choerophryne_sp_1                        1.45%    passed     97.99%
 233  BPBM35367_Choerophryne_sp_4                        0.04%    passed     66.59%
 234  AA24862_Asterophrys_sp                             2.34%    passed     16.35%
 235  BPBM44363_Aphantophryne_sabini                     0.12%    passed     98.52%
 236  BPBM44369_Aphantophryne_sabini                     0.20%    passed     99.05%
 237  BPBM44373_Aphantophryne_sabini                     0.20%    passed     98.72%
 238  BJE1120_Oreophryne_A_senckenbergiana               1.29%    passed     44.37%
 239  BJE1143_Oreophryne_A_senckenbergiana               1.21%    passed     43.67%
 240  BJE1144_Oreophryne_A_senckenbergiana               1.21%    passed     43.14%
 241  BJE1248_Oreophryne_A_frontifasciata                1.58%    passed     63.05%
 242  BPBM43952_Aphantophryne_pansa                      1.62%    passed     99.66%
 243  BPBM43954_Aphantophryne_pansa                      1.29%    passed     99.95%
****  TOTAL                                              2.05%  2 sequences failed composition chi2 test (p-value<5%; df=3)
NOTE: No CharPartition defined, use all CharSets

Loading 15 partitions...
Identifying sites to remove: done in 0.000401974 secs using 88.56% CPU
Identifying sites to remove: done in 0.000385046 secs using 86.48% CPU
Identifying sites to remove: done in 0.00049305 secs using 84.98% CPU
Identifying sites to remove: done in 0.000430107 secs using 87.42% CPU
Identifying sites to remove: done in 0.000379086 secs using 88.11% CPU
Identifying sites to remove: done in 0.000483036 secs using 79.91% CPU
Subset	Type	Seqs	Sites	Infor	Invar	Model	Name
1		243	136	4	118	TESTMERGEONLY	sia_pos1
2		243	136	0	128	TESTMERGEONLY	sia_pos2
WARNING: No parsimony-informative sites in partition sia_pos2
3		243	135	72	45	TESTMERGEONLY	sia_pos3
4		243	173	78	78	TESTMERGEONLY	bdnf_pos1
5		243	172	16	154	TESTMERGEONLY	bdnf_pos2
6		243	172	4	163	TESTMERGEONLY	bdnf_pos3
7		243	185	16	144	TESTMERGEONLY	nxc_pos1
8		243	185	10	164	TESTMERGEONLY	nxc_pos2
9		243	185	96	52	TESTMERGEONLY	nxc_pos3
10		242	170	86	72	TESTMERGEONLY	cyb_pos1
11		242	170	59	99	TESTMERGEONLY	cyb_pos2
12		242	170	170	0	TESTMERGEONLY	cyb_pos3
13		235	162	110	39	TESTMERGEONLY	nd4_pos1
14		235	162	68	73	TESTMERGEONLY	nd4_pos2
15		235	162	162	0	TESTMERGEONLY	nd4_pos3
Degree of missing data: 0.007
Info: multi-threading strategy over partitions



Create initial parsimony tree by phylogenetic likelihood library (PLL)... 0.096 seconds
Perform fast likelihood tree search using GTR+I+G model...
Estimate model parameters (epsilon = 5.000)
Initial log-likelihood: -98994.426
Current log-likelihood at step 1: -85613.084
Current log-likelihood at step 2: -84136.870
Current log-likelihood at step 3: -84074.788
Current log-likelihood at step 4: -84020.348
Current log-likelihood at step 5: -84002.591
Current log-likelihood at step 6: -83994.647
Current log-likelihood at step 7: -83992.197
Parameters optimization took 6 rounds (10.989 sec)


WARNING: Estimated model parameters are at boundary that can cause numerical instability!

Perform nearest neighbor interchange...
Optimizing NNI: done in 3.69464 secs using 99.9% CPU
Estimate model parameters (epsilon = 1.000)
Initial log-likelihood: -83776.228
Current log-likelihood at step 1: -83773.011
Current log-likelihood at step 2: -83772.195
Partition-specific rates:  0.376 0.240 1.028 0.498 0.262 0.132 0.647 0.388 0.428 1.572 0.600 2.858 2.474 0.792 2.739
Parameters optimization took 1 rounds (1.899 sec)


WARNING: Estimated model parameters are at boundary that can cause numerical instability!

Time for fast ML tree search: 16.628 seconds

NOTE: ModelFinder requires 5 MB RAM!
Selecting individual models for 15 charsets using BIC...
 No. Model        Score       TreeLen     Charset
   1 GTR+F+I+G4   1100.051    2.365       sia_pos1
   2 GTR+F+I+G4   636.761     1.020       sia_pos2
   3 GTR+F+I+G4   6829.684    6.961       sia_pos3
   4 GTR+F+I+G4   5869.388    3.373       bdnf_pos1
   5 GTR+F+I+G4   1612.499    0.714       bdnf_pos2
   6 GTR+F+I+G4   825.071     0.616       bdnf_pos3
   7 GTR+F+I+G4   2137.832    4.201       nxc_pos1
   8 GTR+F+I+G4   1648.142    2.612       nxc_pos2
   9 GTR+F+I+G4   6675.645    2.894       nxc_pos3
  10 GTR+F+I+G4   13938.655   10.566      cyb_pos1	0h:0m:0s (0h:0m:13s left)
  11 GTR+F+I+G4   5807.930    4.034       cyb_pos2	0h:0m:0s (0h:0m:12s left)
  12 GTR+F+ASC+G4 50594.090   19.190      cyb_pos3	0h:0m:0s (0h:0m:12s left)
  13 GTR+F+I+G4   16979.157   16.480      nd4_pos1	0h:0m:0s (0h:0m:12s left)
  14 GTR+F+I+G4   6975.310    5.277       nd4_pos2	0h:0m:0s (0h:0m:11s left)
  15 GTR+F+ASC+G4 46733.567   18.251      nd4_pos3	0h:0m:0s (0h:0m:12s left)
Full partition model BIC score: 172572.422 (LnL: -83766.197  df:645)
Merging models to increase model fit (about 211 total partition schemes)...
  16 GTR+F+I+G4   172488.873  0.514       sia_pos1+sia_pos2	0h:0m:1s (0h:0m:17s left)
  17 GTR+F+I+G4   172589.639  4.220       sia_pos1+sia_pos3	0h:0m:2s (0h:0m:23s left)
  18 GTR+F+I+G4   172549.964  2.163       sia_pos1+bdnf_pos1	0h:0m:2s (0h:0m:24s left)
  19 GTR+F+I+G4   172514.868  0.680       sia_pos1+bdnf_pos2	0h:0m:2s (0h:0m:27s left)
  20 GTR+F+I+G4   172496.160  0.558       sia_pos1+bdnf_pos3	0h:0m:3s (0h:0m:30s left)
  21 GTR+F+I+G4   172534.279  4.116       sia_pos1+nxc_pos1	0h:0m:3s (0h:0m:31s left)
  22 GTR+F+I+G4   172544.569  3.438       sia_pos1+nxc_pos2	0h:0m:3s (0h:0m:32s left)
  23 GTR+F+I+G4   172607.052  1.910       sia_pos1+nxc_pos3	0h:0m:4s (0h:0m:33s left)
  24 GTR+F+I+G4   172587.115  7.237       sia_pos1+cyb_pos1	0h:0m:4s (0h:0m:36s left)
  25 GTR+F+I+G4   172533.034  2.847       sia_pos1+cyb_pos2	0h:0m:5s (0h:0m:37s left)
  26 GTR+F+I+G4   173038.148  40.036      sia_pos1+cyb_pos3	0h:0m:5s (0h:0m:39s left)
  27 GTR+F+I+G4   172670.161  10.950      sia_pos1+nd4_pos1	0h:0m:6s (0h:0m:42s left)
  28 GTR+F+I+G4   172591.915  3.405       sia_pos1+nd4_pos2	0h:0m:6s (0h:0m:42s left)
  29 GTR+F+I+G4   173195.833  30.816      sia_pos1+nd4_pos3	0h:0m:7s (0h:0m:45s left)
  30 GTR+F+I+G4   172628.832  4.174       sia_pos2+sia_pos3	0h:0m:7s (0h:0m:46s left)
  31 GTR+F+I+G4   172590.293  2.007       sia_pos2+bdnf_pos1	0h:0m:8s (0h:0m:46s left)
  32 GTR+F+I+G4   172524.000  0.533       sia_pos2+bdnf_pos2	0h:0m:8s (0h:0m:46s left)
  33 GTR+F+I+G4   172497.109  0.442       sia_pos2+bdnf_pos3	0h:0m:8s (0h:0m:45s left)
  34 GTR+F+I+G4   172480.302  0.665       sia_pos2+nxc_pos1	0h:0m:8s (0h:0m:45s left)
  35 GTR+F+I+G4   172504.751  2.056       sia_pos2+nxc_pos2	0h:0m:9s (0h:0m:46s left)
  36 GTR+F+I+G4   172659.874  1.744       sia_pos2+nxc_pos3	0h:0m:9s (0h:0m:46s left)
  37 GTR+F+I+G4   172653.992  13.644      sia_pos2+cyb_pos1	0h:0m:10s (0h:0m:47s left)
  38 GTR+F+I+G4   172567.061  2.514       sia_pos2+cyb_pos2	0h:0m:10s (0h:0m:47s left)
  39 GTR+F+I+G4   172933.361  39.298      sia_pos2+cyb_pos3	0h:0m:11s (0h:0m:49s left)
  40 GTR+F+I+G4   172692.464  9.873       sia_pos2+nd4_pos1	0h:0m:12s (0h:0m:51s left)
  41 GTR+F+I+G4   172633.556  3.094       sia_pos2+nd4_pos2	0h:0m:12s (0h:0m:51s left)
  42 GTR+F+I+G4   173092.901  30.425      sia_pos2+nd4_pos3	0h:0m:13s (0h:0m:53s left)
  43 GTR+F+I+G4   172526.725  6.030       sia_pos3+bdnf_pos1	0h:0m:13s (0h:0m:53s left)
  44 GTR+F+I+G4   172752.431  3.547       sia_pos3+bdnf_pos2	0h:0m:14s (0h:0m:54s left)
  45 GTR+F+I+G4   172671.228  3.825       sia_pos3+bdnf_pos3	0h:0m:14s (0h:0m:54s left)
  46 GTR+F+I+G4   172695.756  4.067       sia_pos3+nxc_pos1	0h:0m:15s (0h:0m:54s left)
  47 GTR+F+I+G4   172657.256  4.591       sia_pos3+nxc_pos2	0h:0m:15s (0h:0m:55s left)
  48 GTR+F+I+G4   172604.415  6.424       sia_pos3+nxc_pos3	0h:0m:16s (0h:0m:55s left)
  49 GTR+F+I+G4   172624.543  11.957      sia_pos3+cyb_pos1	0h:0m:17s (0h:0m:56s left)
  50 GTR+F+I+G4   172662.154  6.190       sia_pos3+cyb_pos2	0h:0m:17s (0h:0m:57s left)
  51 GTR+F+I+G4   173240.804  54.223      sia_pos3+cyb_pos3	0h:0m:18s (0h:0m:59s left)
  52 GTR+F+I+G4   172690.958  16.124      sia_pos3+nd4_pos1	0h:0m:19s (0h:1m:0s left)
  53 GTR+F+I+G4   172652.385  6.149       sia_pos3+nd4_pos2	0h:0m:20s (0h:1m:0s left)
  54 GTR+F+I+G4   173402.878  28.421      sia_pos3+nd4_pos3	0h:0m:20s (0h:1m:1s left)
  55 GTR+F+I+G4   172672.248  1.936       bdnf_pos1+bdnf_pos2	0h:0m:21s (0h:1m:0s left)
  56 GTR+F+I+G4   172615.285  1.739       bdnf_pos1+bdnf_pos3	0h:0m:21s (0h:0m:59s left)
  57 GTR+F+I+G4   172593.089  2.179       bdnf_pos1+nxc_pos1	0h:0m:22s (0h:0m:59s left)
  58 GTR+F+I+G4   172651.719  2.785       bdnf_pos1+nxc_pos2	0h:0m:22s (0h:0m:59s left)
  59 GTR+F+I+G4   172530.732  3.373       bdnf_pos1+nxc_pos3	0h:0m:23s (0h:0m:59s left)
  60 GTR+F+I+G4   172611.937  9.915       bdnf_pos1+cyb_pos1	0h:0m:23s (0h:1m:0s left)
  61 GTR+F+I+G4   172607.987  4.043       bdnf_pos1+cyb_pos2	0h:0m:24s (0h:1m:0s left)
  62 GTR+F+I+G4   173244.271  49.949      bdnf_pos1+cyb_pos3	0h:0m:25s (0h:1m:1s left)
  63 GTR+F+I+G4   172689.019  14.180      bdnf_pos1+nd4_pos1	0h:0m:26s (0h:1m:2s left)
  64 GTR+F+I+G4   172640.808  4.713       bdnf_pos1+nd4_pos2	0h:0m:27s (0h:1m:2s left)
  65 GTR+F+I+G4   173444.771  34.581      bdnf_pos1+nd4_pos3	0h:0m:28s (0h:1m:3s left)
  66 GTR+F+I+G4   172514.862  0.589       bdnf_pos2+bdnf_pos3	0h:0m:28s (0h:1m:2s left)
  67 GTR+F+I+G4   172481.006  0.783       bdnf_pos2+nxc_pos1	0h:0m:28s (0h:1m:2s left)
  68 GTR+F+I+G4   172608.983  2.606       bdnf_pos2+nxc_pos2	0h:0m:29s (0h:1m:1s left)
  69 GTR+F+I+G4   172718.071  1.945       bdnf_pos2+nxc_pos3	0h:0m:29s (0h:1m:1s left)
  70 GTR+F+I+G4   172704.707  6.829       bdnf_pos2+cyb_pos1	0h:0m:30s (0h:1m:1s left)
  71 GTR+F+I+G4   172654.544  2.430       bdnf_pos2+cyb_pos2	0h:0m:31s (0h:1m:1s left)
  72 GTR+F+I+G4   173297.333  30.221      bdnf_pos2+cyb_pos3	0h:0m:31s (0h:1m:1s left)
  73 GTR+F+I+G4   172790.703  9.499       bdnf_pos2+nd4_pos1	0h:0m:32s (0h:1m:0s left)
  74 GTR+F+I+G4   172738.571  2.982       bdnf_pos2+nd4_pos2	0h:0m:32s (0h:1m:0s left)
  75 GTR+F+I+G4   173402.527  30.465      bdnf_pos2+nd4_pos3	0h:0m:33s (0h:1m:0s left)
  76 GTR+F+I+G4   172483.764  0.687       bdnf_pos3+nxc_pos1	0h:0m:33s (0h:0m:59s left)
  77 GTR+F+I+G4   172513.647  1.792       bdnf_pos3+nxc_pos2	0h:0m:34s (0h:0m:59s left)
  78 GTR+F+I+G4   172682.221  1.539       bdnf_pos3+nxc_pos3	0h:0m:34s (0h:0m:59s left)
  79 GTR+F+I+G4   172631.561  5.498       bdnf_pos3+cyb_pos1	0h:0m:35s (0h:0m:58s left)
  80 GTR+F+I+G4   172578.159  2.140       bdnf_pos3+cyb_pos2	0h:0m:35s (0h:0m:58s left)
  81 GTR+F+I+G4   172997.200  33.754      bdnf_pos3+cyb_pos3	0h:0m:36s (0h:0m:58s left)
  82 GTR+F+I+G4   172721.402  8.482       bdnf_pos3+nd4_pos1	0h:0m:37s (0h:0m:58s left)
  83 GTR+F+I+G4   172674.946  2.615       bdnf_pos3+nd4_pos2	0h:0m:37s (0h:0m:58s left)
  84 GTR+F+I+G4   173170.427  28.733      bdnf_pos3+nd4_pos3	0h:0m:38s (0h:0m:57s left)
  85 GTR+F+I+G4   172615.248  4.193       nxc_pos1+nxc_pos2	0h:0m:38s (0h:0m:57s left)
  86 GTR+F+I+G4   172622.707  1.815       nxc_pos1+nxc_pos3	0h:0m:39s (0h:0m:56s left)
  87 GTR+F+I+G4   172690.555  7.011       nxc_pos1+cyb_pos1	0h:0m:39s (0h:0m:56s left)
  88 GTR+F+I+G4   172601.261  2.541       nxc_pos1+cyb_pos2	0h:0m:39s (0h:0m:55s left)
  89 GTR+F+I+G4   173428.261  36.415      nxc_pos1+cyb_pos3	0h:0m:40s (0h:0m:55s left)
  90 GTR+F+I+G4   172773.281  10.191      nxc_pos1+nd4_pos1	0h:0m:41s (0h:0m:55s left)
  91 GTR+F+I+G4   172657.458  3.054       nxc_pos1+nd4_pos2	0h:0m:41s (0h:0m:55s left)
  92 GTR+F+I+G4   173603.426  30.761      nxc_pos1+nd4_pos3	0h:0m:42s (0h:0m:55s left)
  93 GTR+F+I+G4   172757.816  2.396       nxc_pos2+nxc_pos3	0h:0m:43s (0h:0m:54s left)
  94 GTR+F+I+G4   172639.593  5.633       nxc_pos2+cyb_pos1	0h:0m:43s (0h:0m:54s left)
  95 GTR+F+I+G4   172669.971  3.240       nxc_pos2+cyb_pos2	0h:0m:44s (0h:0m:53s left)
  96 GTR+F+I+G4   173129.622  34.411      nxc_pos2+cyb_pos3	0h:0m:44s (0h:0m:53s left)
  97 GTR+F+I+G4   172737.694  8.236       nxc_pos2+nd4_pos1	0h:0m:45s (0h:0m:53s left)
  98 GTR+F+I+G4   172768.643  3.190       nxc_pos2+nd4_pos2	0h:0m:46s (0h:0m:53s left)
  99 GTR+F+I+G4   173335.946  23.905      nxc_pos2+nd4_pos3	0h:0m:46s (0h:0m:52s left)
 100 GTR+F+I+G4   172663.245  10.975      nxc_pos3+cyb_pos1	0h:0m:47s (0h:0m:52s left)
 101 GTR+F+I+G4   172632.959  4.448       nxc_pos3+cyb_pos2	0h:0m:48s (0h:0m:52s left)
 102 GTR+F+I+G4   173241.194  59.202      nxc_pos3+cyb_pos3	0h:0m:49s (0h:0m:52s left)
 103 GTR+F+I+G4   172706.623  14.790      nxc_pos3+nd4_pos1	0h:0m:49s (0h:0m:52s left)
 104 GTR+F+I+G4   172661.396  5.364       nxc_pos3+nd4_pos2	0h:0m:50s (0h:0m:51s left)
 105 GTR+F+I+G4   173478.383  23.890      nxc_pos3+nd4_pos3	0h:0m:51s (0h:0m:52s left)
 106 GTR+F+I+G4   172634.163  8.442       cyb_pos1+cyb_pos2	0h:0m:52s (0h:0m:51s left)
 107 GTR+F+I+G4   172904.611  50.074      cyb_pos1+cyb_pos3	0h:0m:53s (0h:0m:51s left)
 108 GTR+F+I+G4   172523.407  14.938      cyb_pos1+nd4_pos1	0h:0m:54s (0h:0m:51s left)
 109 GTR+F+I+G4   172713.232  9.841       cyb_pos1+nd4_pos2	0h:0m:54s (0h:0m:51s left)
 110 GTR+F+I+G4   173053.604  36.255      cyb_pos1+nd4_pos3	0h:0m:55s (0h:0m:51s left)
 111 GTR+F+I+G4   173025.774  48.739      cyb_pos2+cyb_pos3	0h:0m:56s (0h:0m:51s left)
 112 GTR+F+I+G4   172725.968  12.136      cyb_pos2+nd4_pos1	0h:0m:57s (0h:0m:50s left)
 113 GTR+F+I+G4   172529.484  4.746       cyb_pos2+nd4_pos2	0h:0m:57s (0h:0m:50s left)
 114 GTR+F+I+G4   173199.418  32.097      cyb_pos2+nd4_pos3	0h:0m:58s (0h:0m:49s left)
 115 GTR+F+I+G4   172754.599  53.932      cyb_pos3+nd4_pos1	0h:0m:59s (0h:0m:49s left)
 116 GTR+F+I+G4   173134.935  28.740      cyb_pos3+nd4_pos2	0h:1m:0s (0h:0m:49s left)
 117 GTR+F+ASC+G4 172605.003  18.893      cyb_pos3+nd4_pos3	0h:1m:2s (0h:0m:50s left)
 118 GTR+F+I+G4   172796.811  13.577      nd4_pos1+nd4_pos2	0h:1m:3s (0h:0m:50s left)
 119 GTR+F+I+G4   172896.874  41.201      nd4_pos1+nd4_pos3	0h:1m:4s (0h:0m:49s left)
 120 GTR+F+I+G4   173299.407  31.412      nd4_pos2+nd4_pos3	0h:1m:5s (0h:0m:50s left)
5 compatible better partition pairs found
Merging sia_pos2+nxc_pos1 with BIC score: 172480.302 (LnL: -83763.114  df: 634)
Merging sia_pos1+bdnf_pos3 with BIC score: 172404.040 (LnL: -83767.960  df: 623)
Merging cyb_pos1+nd4_pos1 with BIC score: 172355.025 (LnL: -83786.430  df: 612)
Merging sia_pos3+bdnf_pos1 with BIC score: 172309.327 (LnL: -83806.558  df: 601)
Merging cyb_pos2+nd4_pos2 with BIC score: 172266.389 (LnL: -83828.066  df: 590)
 121 GTR+F+I+G4   172217.456  0.595       sia_pos1+sia_pos2+bdnf_pos3+nxc_pos1	0h:1m:6s (0h:0m:49s left)
 122 GTR+F+I+G4   172433.532  3.383       sia_pos1+sia_pos3+bdnf_pos1+bdnf_pos3	0h:1m:6s (0h:0m:48s left)
 123 GTR+F+I+G4   172225.911  0.638       sia_pos1+bdnf_pos2+bdnf_pos3	0h:1m:7s (0h:0m:48s left)
 124 GTR+F+I+G4   172243.850  1.522       sia_pos1+bdnf_pos3+nxc_pos2	0h:1m:7s (0h:0m:47s left)
 125 GTR+F+I+G4   172403.252  1.258       sia_pos1+bdnf_pos3+nxc_pos3	0h:1m:8s (0h:0m:47s left)
 126 GTR+F+I+G4   172498.145  8.328       sia_pos1+bdnf_pos3+cyb_pos1+nd4_pos1	0h:1m:9s (0h:0m:47s left)
 127 GTR+F+I+G4   172376.742  2.768       sia_pos1+bdnf_pos3+cyb_pos2+nd4_pos2	0h:1m:10s (0h:0m:46s left)
 128 GTR+F+I+G4   173049.650  26.344      sia_pos1+bdnf_pos3+cyb_pos3	0h:1m:11s (0h:0m:46s left)
 129 GTR+F+I+G4   173204.055  21.070      sia_pos1+bdnf_pos3+nd4_pos3	0h:1m:12s (0h:0m:46s left)
 130 GTR+F+I+G4   172504.241  3.481       sia_pos2+sia_pos3+bdnf_pos1+nxc_pos1	0h:1m:13s (0h:0m:45s left)
 131 GTR+F+I+G4   172221.503  0.675       sia_pos2+bdnf_pos2+nxc_pos1	0h:1m:13s (0h:0m:45s left)
 132 GTR+F+I+G4   172315.844  1.895       sia_pos2+nxc_pos1+nxc_pos2	0h:1m:14s (0h:0m:44s left)
 133 GTR+F+I+G4   172428.030  1.385       sia_pos2+nxc_pos1+nxc_pos3	0h:1m:14s (0h:0m:43s left)
 134 GTR+F+I+G4   172600.010  8.583       sia_pos2+nxc_pos1+cyb_pos1+nd4_pos1	0h:1m:15s (0h:0m:43s left)
 135 GTR+F+I+G4   172447.064  2.798       sia_pos2+nxc_pos1+cyb_pos2+nd4_pos2	0h:1m:16s (0h:0m:43s left)
 136 GTR+F+I+G4   173350.729  27.988      sia_pos2+nxc_pos1+cyb_pos3	0h:1m:17s (0h:0m:42s left)
 137 GTR+F+I+G4   173504.667  23.322      sia_pos2+nxc_pos1+nd4_pos3	0h:1m:18s (0h:0m:42s left)
 138 GTR+F+I+G4   172455.507  3.988       sia_pos3+bdnf_pos1+bdnf_pos2	0h:1m:19s (0h:0m:41s left)
 139 GTR+F+I+G4   172387.509  4.539       sia_pos3+bdnf_pos1+nxc_pos2	0h:1m:19s (0h:0m:41s left)
 140 GTR+F+I+G4   172296.252  5.510       sia_pos3+bdnf_pos1+nxc_pos3	0h:1m:20s (0h:0m:40s left)
 141 GTR+F+I+G4   172475.734  13.260      sia_pos3+bdnf_pos1+cyb_pos1+nd4_pos1	0h:1m:21s (0h:0m:40s left)
 142 GTR+F+I+G4   172461.171  5.479       sia_pos3+bdnf_pos1+cyb_pos2+nd4_pos2	0h:1m:22s (0h:0m:40s left)
 143 GTR+F+I+G4   173362.341  22.117      sia_pos3+bdnf_pos1+cyb_pos3	0h:1m:23s (0h:0m:39s left)
 144 GTR+F+I+G4   173468.841  21.287      sia_pos3+bdnf_pos1+nd4_pos3	0h:1m:25s (0h:0m:39s left)
 145 GTR+F+I+G4   172482.156  10.323      bdnf_pos2+cyb_pos1+nd4_pos1	0h:1m:26s (0h:0m:39s left)
 146 GTR+F+I+G4   172418.359  3.362       bdnf_pos2+cyb_pos2+nd4_pos2	0h:1m:26s (0h:0m:38s left)
 147 GTR+F+I+G4   172421.437  9.362       nxc_pos2+cyb_pos1+nd4_pos1	0h:1m:27s (0h:0m:38s left)
 148 GTR+F+I+G4   172449.574  3.452       nxc_pos2+cyb_pos2+nd4_pos2	0h:1m:28s (0h:0m:37s left)
 149 GTR+F+I+G4   172398.993  13.034      nxc_pos3+cyb_pos1+nd4_pos1	0h:1m:29s (0h:0m:37s left)
 150 GTR+F+I+G4   172374.674  4.910       nxc_pos3+cyb_pos2+nd4_pos2	0h:1m:30s (0h:0m:36s left)
 151 GTR+F+I+G4   172604.423  10.879      cyb_pos1+cyb_pos2+nd4_pos1+nd4_pos2	0h:1m:31s (0h:0m:36s left)
 152 GTR+F+I+G4   172819.613  44.984      cyb_pos1+cyb_pos3+nd4_pos1	0h:1m:32s (0h:0m:35s left)
 153 GTR+F+I+G4   172904.746  33.233      cyb_pos1+nd4_pos1+nd4_pos3	0h:1m:33s (0h:0m:35s left)
 154 GTR+F+I+G4   173209.345  23.067      cyb_pos2+cyb_pos3+nd4_pos2	0h:1m:34s (0h:0m:35s left)
 155 GTR+F+I+G4   173344.370  24.710      cyb_pos2+nd4_pos2+nd4_pos3	0h:1m:35s (0h:0m:34s left)
Merging sia_pos1+sia_pos2+bdnf_pos3+nxc_pos1 with BIC score: 172217.456 (LnL: -83846.576  df: 579)
 156 GTR+F+I+G4   172552.629  2.460       sia_pos1+sia_pos2+sia_pos3+bdnf_pos1+bdnf_pos3+nxc_pos1	0h:1m:36s (0h:0m:34s left)
 157 GTR+F+I+G4   172178.127  0.641       sia_pos1+sia_pos2+bdnf_pos2+bdnf_pos3+nxc_pos1	0h:1m:36s (0h:0m:33s left)
 158 GTR+F+I+G4   172278.511  0.986       sia_pos1+sia_pos2+bdnf_pos3+nxc_pos1+nxc_pos2	0h:1m:37s (0h:0m:32s left)
 159 GTR+F+I+G4   172426.095  0.986       sia_pos1+sia_pos2+bdnf_pos3+nxc_pos1+nxc_pos3	0h:1m:38s (0h:0m:32s left)
 160 GTR+F+I+G4   172685.525  6.362       sia_pos1+sia_pos2+bdnf_pos3+nxc_pos1+cyb_pos1+nd4_pos1	0h:1m:39s (0h:0m:31s left)
 161 GTR+F+I+G4   172462.838  2.112       sia_pos1+sia_pos2+bdnf_pos3+nxc_pos1+cyb_pos2+nd4_pos2	0h:1m:40s (0h:0m:31s left)
 162 GTR+F+I+G4   173563.858  19.080      sia_pos1+sia_pos2+bdnf_pos3+nxc_pos1+cyb_pos3	0h:1m:41s (0h:0m:30s left)
 163 GTR+F+I+G4   173753.023  8.520       sia_pos1+sia_pos2+bdnf_pos3+nxc_pos1+nd4_pos3	0h:1m:43s (0h:0m:30s left)
Merging sia_pos1+sia_pos2+bdnf_pos2+bdnf_pos3+nxc_pos1 with BIC score: 172178.127 (LnL: -83869.889  df: 568)
 164 GTR+F+I+G4   172603.144  2.057       sia_pos1+sia_pos2+sia_pos3+bdnf_pos1+bdnf_pos2+bdnf_pos3+nxc_pos1	0h:1m:43s (0h:0m:29s left)
 165 GTR+F+I+G4   172246.651  0.771       sia_pos1+sia_pos2+bdnf_pos2+bdnf_pos3+nxc_pos1+nxc_pos2	0h:1m:44s (0h:0m:29s left)
 166 GTR+F+I+G4   172427.544  0.958       sia_pos1+sia_pos2+bdnf_pos2+bdnf_pos3+nxc_pos1+nxc_pos3	0h:1m:45s (0h:0m:28s left)
 167 GTR+F+I+G4   172750.292  5.809       sia_pos1+sia_pos2+bdnf_pos2+bdnf_pos3+nxc_pos1+cyb_pos1+nd4_pos1	0h:1m:47s (0h:0m:28s left)
 168 GTR+F+I+G4   172506.071  1.903       sia_pos1+sia_pos2+bdnf_pos2+bdnf_pos3+nxc_pos1+cyb_pos2+nd4_pos2	0h:1m:48s (0h:0m:27s left)
 169 GTR+F+I+G4   173687.489  14.872      sia_pos1+sia_pos2+bdnf_pos2+bdnf_pos3+nxc_pos1+cyb_pos3	0h:1m:50s (0h:0m:27s left)
 170 GTR+F+I+G4   173844.014  7.183       sia_pos1+sia_pos2+bdnf_pos2+bdnf_pos3+nxc_pos1+nd4_pos3	0h:1m:51s (0h:0m:26s left)
Agglomerative model selection: ((((sia_pos1,bdnf_pos3)2:172404,(sia_pos2,nxc_pos1)1:172480)6:172217,bdnf_pos2)7:172178,(sia_pos3,bdnf_pos1)4:172309,nxc_pos2,nxc_pos3,(cyb_pos1,nd4_pos1)3:172355,(cyb_pos2,nd4_pos2)5:172266,cyb_pos3,nd4_pos3)
Merging into 8 partitions...
 171 TVMe+I+G4    6184.279    sia_pos1+sia_pos2+bdnf_pos2+bdnf_pos3+nxc_pos1	0h:1m:54s (0h:0m:26s left)
 172 HKY+F+I+G4   12678.433   sia_pos3+bdnf_pos1	0h:1m:58s (0h:0m:26s left)
 173 TIM3e+I+G4   1647.755    nxc_pos2	0h:2m:0s (0h:0m:26s left)
 174 TN+F+G4      6660.821    nxc_pos3	0h:2m:5s (0h:0m:26s left)
 175 GTR+F+I+G4   30906.149   cyb_pos1+nd4_pos1	0h:2m:9s (0h:0m:26s left)
 176 GTR+F+I+G4   12777.655   cyb_pos2+nd4_pos2	0h:2m:14s (0h:0m:26s left)
 177 TIM2+F+ASC+G4 50039.333   cyb_pos3	0h:2m:23s (0h:0m:27s left)
 178 TN+F+ASC     46717.386   nd4_pos3	0h:2m:32s (0h:0m:28s left)
Best partition model BIC score: 171516.337 (LnL: -83628.855  df:545)
Partition information was printed to merge38.nex.best_scheme.nex
Partition information in Raxml format was printed to merge38.nex.best_scheme

All model information printed to merge38.nex.model.gz
CPU time for ModelFinder: 168.676 seconds (0h:2m:48s)
Wall-clock time for ModelFinder: 169.081 seconds (0h:2m:49s)

NOTE: 43 MB RAM (0 GB) is required!
Estimate model parameters (epsilon = 0.010)
Initial log-likelihood: -83657.851
Current log-likelihood at step 1: -83622.208
Current log-likelihood at step 2: -83621.832
Current log-likelihood at step 3: -83621.682
Current log-likelihood at step 4: -83621.625
Current log-likelihood at step 5: -83621.583
Current log-likelihood at step 6: -83621.545
Current log-likelihood at step 7: -83621.509
Current log-likelihood at step 8: -83621.473
Current log-likelihood at step 9: -83621.438
Current log-likelihood at step 10: -83621.403
Current log-likelihood at step 11: -83621.369
Current log-likelihood at step 12: -83621.335
Current log-likelihood at step 13: -83621.302
Current log-likelihood at step 14: -83621.269
Current log-likelihood at step 15: -83621.237
Current log-likelihood at step 16: -83621.205
Current log-likelihood at step 17: -83621.175
Current log-likelihood at step 18: -83621.144
Current log-likelihood at step 19: -83621.114
Current log-likelihood at step 20: -83621.084
Current log-likelihood at step 21: -83621.056
Current log-likelihood at step 22: -83621.027
Current log-likelihood at step 23: -83620.999
Current log-likelihood at step 24: -83620.971
Current log-likelihood at step 25: -83620.944
Current log-likelihood at step 26: -83620.918
Current log-likelihood at step 27: -83620.886
Current log-likelihood at step 28: -83620.852
Current log-likelihood at step 29: -83620.817
Current log-likelihood at step 30: -83620.783
Current log-likelihood at step 31: -83620.750
Current log-likelihood at step 32: -83620.717
Current log-likelihood at step 33: -83620.685
Current log-likelihood at step 34: -83620.653
Current log-likelihood at step 35: -83620.622
Current log-likelihood at step 36: -83620.592
Current log-likelihood at step 37: -83620.562
Current log-likelihood at step 38: -83620.532
Current log-likelihood at step 39: -83620.503
Current log-likelihood at step 40: -83620.475
Current log-likelihood at step 41: -83620.448
Current log-likelihood at step 42: -83620.420
Current log-likelihood at step 43: -83620.394
Current log-likelihood at step 44: -83620.367
Current log-likelihood at step 45: -83620.342
Current log-likelihood at step 46: -83620.316
Current log-likelihood at step 47: -83620.291
Current log-likelihood at step 48: -83620.267
Current log-likelihood at step 49: -83620.243
Current log-likelihood at step 50: -83620.219
Current log-likelihood at step 51: -83620.196
Current log-likelihood at step 52: -83620.174
Current log-likelihood at step 53: -83620.152
Current log-likelihood at step 54: -83620.130
Current log-likelihood at step 55: -83620.108
Current log-likelihood at step 56: -83620.088
Current log-likelihood at step 57: -83620.067
Current log-likelihood at step 58: -83620.047
Current log-likelihood at step 59: -83620.027
Current log-likelihood at step 60: -83620.007
Current log-likelihood at step 61: -83619.990
Current log-likelihood at step 62: -83619.973
Current log-likelihood at step 63: -83619.956
Current log-likelihood at step 64: -83619.940
Current log-likelihood at step 65: -83619.924
Current log-likelihood at step 66: -83619.910
Current log-likelihood at step 67: -83619.897
Current log-likelihood at step 68: -83619.883
Current log-likelihood at step 69: -83619.870
Current log-likelihood at step 70: -83619.857
Current log-likelihood at step 71: -83619.844
Current log-likelihood at step 72: -83619.831
Current log-likelihood at step 73: -83619.819
Current log-likelihood at step 74: -83619.807
Current log-likelihood at step 75: -83619.795
Current log-likelihood at step 76: -83619.783
Current log-likelihood at step 77: -83619.771
Current log-likelihood at step 78: -83619.759
Current log-likelihood at step 79: -83619.748
Current log-likelihood at step 80: -83619.737
Current log-likelihood at step 81: -83619.726
Current log-likelihood at step 82: -83619.715
Current log-likelihood at step 83: -83619.704
Current log-likelihood at step 84: -83619.694
Current log-likelihood at step 85: -83619.683
Current log-likelihood at step 86: -83619.673
Current log-likelihood at step 87: -83619.663
Current log-likelihood at step 88: -83619.653
Partition-specific rates:  0.039 0.397 0.152 0.192 0.997 0.316 5.988 4.961
Parameters optimization took 87 rounds (34.571 sec)

Wrote distance file to... 
Partition information was printed to merge38.nex.best_model.nex
BEST SCORE FOUND : -83619.653
Total tree length: 15.055

Total number of iterations: 0
CPU time used for tree search: 0.000 sec (0h:0m:0s)
Wall-clock time used for tree search: 0.000 sec (0h:0m:0s)
Total CPU time used: 34.557 sec (0h:0m:34s)
Total wall-clock time used: 34.628 sec (0h:0m:34s)

Analysis results written to: 
  IQ-TREE report:                merge38.nex.iqtree
  Tree used for ModelFinder:     merge38.nex.treefile
  Best partitioning scheme:      merge38.nex.best_scheme.nex
           in RAxML format:      merge38.nex.best_scheme
  Screen log file:               merge38.nex.log

--- Start phylogenetic dating ---
Reading date file ../input/asterophryinae_dates.txt ...
5 dates extracted
Building time tree by least-square dating (LSD) with command:
lsd -i merge38.nex.timetree.subst -s 2475 -o merge38.nex.timetree -g merge38.nex.timetree.outgroup -d merge38.nex.timetree.date -z 0 
Reroot the tree(s) using given outgroups ...

TREE 1
*PROCESSING:
Reading the tree ... 
Collapse 1 (over 241) internal branches having branch length <= 0.000202
 (settable via option -l)
Parameter to adjust variances was set to 0.021 (settable via option -b)
Minimum branch length of time scaled tree (settable via option -u and -U): 0
Estimating the root position on the branch defined by given outgroups ...

*RESULTS:
- Dating results:
 rate 0.00929532, tMRCA -22.8898 , objective function 1.30445

TOTAL ELAPSED TIME: 0.00593 seconds
LSD results written to:
  LSD report:                  merge38.nex.timetree.lsd
  Time tree in nexus format:   merge38.nex.timetree.nex
  Time tree in newick format:  merge38.nex.timetree.nwk

--- End phylogenetic dating ---
Date and Time: Fri Jun 30 22:35:06 2023
