IQ-TREE multicore version 2.2.2.6 COVID-edition for Mac OS X 64-bit built May 27 2023
Developed by Bui Quang Minh, James Barbetti, Nguyen Lam Tung,
Olga Chernomor, Heiko Schmidt, Dominik Schrempf, Michael Woodhams, Ly Trong Nhan.

Host:    Marguerites-MacBook-Pro.local (AVX2, FMA3, 16 GB RAM)
Command: iqtree2 -s ../../mesquite_alignment/asterophryinae_20230527.phy -p merge56.nex -m TESTMERGEONLY -o UMMZ219489_Scaphiophryne_marmorata --date ../input_merge/asterophryinae_dates.txt --date-tip 0 -mset JC,F81,K80,HKY,TN,TNe,TPM2,TPM2u,TPM3,TPM3u,TIM,TIMe,TIM2,TIM2e,TIM3,TIM3e,TVMe,TVM,SYM,GTR
Seed:    202578 (Using SPRNG - Scalable Parallel Random Number Generator)
Time:    Tue Jun 20 13:15:48 2023
Kernel:  AVX+FMA - 1 threads (16 CPU cores detected)

HINT: Use -nt option to specify number of threads because your CPU has 16 cores!
HINT: -nt AUTO will automatically determine the best number of threads to use.

Reading partition model file merge56.nex ...
Reading alignment file ../../mesquite_alignment/asterophryinae_20230527.phy ... Phylip format detected
Alignment most likely contains DNA/RNA sequences
Constructing alignment: done in 0.00783181 secs using 76.01% CPU
Alignment has 243 sequences with 2475 columns, 1397 distinct patterns
951 parsimony-informative, 195 singleton sites, 1329 constant sites
                                                 Gap/Ambiguity  Composition  p-value
Analyzing sequences: done in 0.000921011 secs using 99.67% CPU
   1  ABTC116941_Oreophryne_A_graminis                  21.21%    passed      9.55%
   2  BPBM47733_Choerophryne_darlingtoni_complex_sp_1    0.28%    passed     96.47%
   3  BPBM47780_Cophixalus_cf__cryptotympanum            2.14%    passed     91.89%
   4  BPBM47792_Hylophorbus_cf__rufescens_14             0.24%    passed     73.43%
   5  BPBM47804_Cophixalus_darlingtoni                   5.41%    passed     97.97%
   6  BPBM31882_Paedophryne_swiftorum_complex_sp_1      22.42%    passed     19.17%
   7  BPBM47713_Paedophryne_amauensis                    0.08%    passed     92.69%
   8  BPBM47786_Callulops_sp_2                           3.68%    passed     93.47%
   9  UMMZ242263_Cophixalus_variabilis_complex_sp_1      1.25%    passed     72.15%
  10  UMMZ242338_Liophryne_aff__dentata_1                0.00%    passed     17.66%
  11  UMMZ242317_Hylophorbus_cf__rufescens_1             0.00%    passed     95.84%
  12  UMMZ242212_Austrochaperina_C_aff__palmipes_1       1.70%    passed     77.48%
  13  UMMZ242361_Mantophryne_cf__lateralis_1             0.04%    passed     85.64%
  14  UMMZ242309_Genyophryne_aff__thomsoni_1             0.44%    passed     87.07%
  15  UMMZ242349_Cophixalus_verrucosus_complex_sp_1      1.41%    passed     98.49%
  16  UMMZ242404_Oreophryne_A_sp_8                       0.00%    passed     13.68%
  17  UMMZ242232_Cophixalus_desticans_complex_sp_1       0.36%    passed     45.79%
  18  UMMZ242226_Callulops_doriae_complex_sp_1           0.20%    passed     66.15%
  19  FK16913_Paedophryne_titan                          0.48%    passed     19.31%
  20  UMMZ242398_Oreophryne_B_penelopia                  0.12%    passed     94.92%
  21  BPBM47888_Hylophorbus_cf__rufescens_13             4.24%    passed     97.92%
  22  JAM11383_Oreophryne_B_sp_5                         1.82%    passed     81.64%
  23  BPBM35843_Cophixalus_cf__pipilans_1                0.20%    passed     23.94%
  24  BPBM40083_Copiula_sp_1                             1.29%    passed     78.66%
  25  BPBM20571_Oreophryne_B_sp_2                        0.20%    passed     73.92%
  26  BPBM22664_Austrochaperina_A_sp_1                   1.58%    passed     79.89%
  27  BPBM20396_Mantophryne_cf__lateralis_1              0.24%    passed     93.85%
  28  BPBM48036_Paedophryne_sp_2                        20.00%    passed     26.99%
  29  BPBM35561_Choerophryne_gudrunae                    1.41%    passed     97.18%
  30  BPBM40135_Mantophryne_insignis                     0.12%    passed     84.17%
  31  BPBM39638_Hylophorbus_myopicus                     1.49%    passed     99.99%
  32  BPBM20572_Oreophryne_B_sp_3                        5.17%    passed     94.78%
  33  BPBM13110_Asterophrys_slateri                      0.93%    passed     34.06%
  34  BPBM33669_Callulops_wilhelmanus                    0.20%    passed     97.14%
  35  BPBM16554_Oreophryne_A_philosylleptoris            0.20%    passed     14.99%
  36  BPBM20262_Copiula_sp_2                             5.86%    passed     88.01%
  37  BPBM39000_Oreophryne_B_sp_1                        0.20%    passed     83.71%
  38  BPBM34677_Oreophryne_A_cameroni                    5.74%    passed     47.62%
  39  BPBM38990_Oreophryne_A_sp_2                        0.81%    passed     25.21%
  40  BPBM16181_Hylophorbus_cf__rufescens_2              0.24%    passed     96.64%
  41  BPBM39048_Cophixalus_sp_3                          0.69%    passed     49.14%
  42  BPBM34688_Oreophryne_A_biroi                       0.16%    passed     28.32%
  43  BPBM38939_Copiula_sp_7                            20.04%    passed     38.28%
  44  BPBM22675_Choerophryne_longirostris                0.12%    passed     95.84%
  45  BPBM18450_Hylophorbus_cf__rufescens_6              0.20%    passed     83.41%
  46  BPBM22504_Hylophorbus_cf__rufescens_12             1.45%    passed     82.71%
  47  BPBM39357_Oreophryne_B_sp_6                        0.32%    passed     87.04%
  48  BPBM20522_Oreophryne_A_aurora                      0.28%    passed     94.28%
  49  BPBM40145_Oreophryne_A_sp_6                        2.46%    passed     30.65%
  50  BPBM39569_Hylophorbus_cf__rufescens_9              0.04%    passed     99.01%
  51  BPBM22780_Mantophryne_cf__lateralis_3              1.25%    passed     99.37%
  52  BPBM39007_Copiula_sp_3                            20.97%    passed     20.72%
  53  BPBM19265_Mantophryne_cf__lateralis_4              1.29%    passed     99.09%
  54  BPBM33763_Oreophryne_A_anamiatoi                   0.12%    passed     59.28%
  55  BPBM22692_Cophixalus_balbus                        1.45%    passed     98.69%
  56  BPBM39244_Oreophryne_A_sp_3                        1.58%    passed     45.35%
  57  BPBM22689_Oreophryne_A_cf__cameroni                1.82%    passed     47.97%
  58  BPBM18430_Cophixalus_albolineatus                  1.21%    passed     68.12%
  59  BPBM38988_Oreophryne_B_sp_4                        2.34%    passed     84.17%
  60  BPBM33707_Cophixalus_caverniphilus                 1.98%    passed     83.33%
  61  BPBM39991_Choerophryne_bryonopsis                  1.70%    passed     58.79%
  62  BPBM39631_Hylophorbus_cf__rufescens_7              0.24%    passed     98.62%
  63  BPBM19320_Cophixalus_nexipus                       1.70%    passed     88.30%
  64  BPBM37122_Callulops_sp_1                           0.04%    passed     91.58%
  65  BPBM34724_Hylophorbus_atrifasciatus                0.04%    passed     90.35%
  66  BPBM18392_Cophixalus_cheesmanae_complex_sp_1       3.07%    passed     75.09%
  67  BPBM39929_Liophryne_miniafia                       0.00%    passed     96.71%
  68  BPBM35866_Hylophorbus_cf__rufescens_15             0.04%    passed     95.71%
  69  BPBM17959_Cophixalus_sp_4                          0.16%    passed     93.36%
  70  BPBM40000_Austrochaperina_A_sp_2                   0.04%    passed     80.32%
  71  BPBM19277_Cophixalus_iovaorum                      0.16%    passed     86.61%
  72  BPBM19338_Hylophorbus_cf__rufescens_10             0.20%    passed     99.67%
  73  BPBM37232_Hylophorbus_cf__rufescens_3              0.28%    passed     96.46%
  74  BPBM38914_Barygenys_maculata                       0.12%    passed     12.48%
  75  BPBM19371_Oreophryne_A_sp_4                        0.00%    passed     76.04%
  76  BPBM33749_Hylophorbus_richardsi                    0.08%    passed     85.68%
  77  BPBM18429_Cophixalus_albolineatus                  2.55%    passed     84.93%
  78  BPBM33664_Choerophryne_darlingtoni_complex_sp_2    0.81%    passed     98.97%
  79  BPBM34679_Choerophryne_proboscidea                 0.57%    passed     92.16%
  80  BPBM20538_Oreophryne_B_sp_3                        0.85%    passed     99.66%
  81  BPBM19314_Cophixalus_ateles                        2.18%    passed     95.88%
  82  BPBM38992_Oreophryne_A_sp_2                        1.98%    passed     32.16%
  83  BPBM39510_Oreophryne_B_phoebe                      1.54%    passed     55.09%
  84  BPBM37718_Cophixalus_clapporum                    20.97%    passed     29.43%
  85  BPBM39344_Oreophryne_B_sp_4                        1.25%    passed     47.26%
  86  BPBM38904_Barygenys_apodasta                       1.62%    passed     59.57%
  87  BPBM20126_Barygenys_aff__exsul_1                   1.78%    passed     37.71%
  88  BPBM15814_Cophixalus_variabilis_complex_sp_2       5.17%    passed     97.39%
  89  BPBM15708_Cophixalus_desticans_complex_sp_2        0.16%    passed     62.84%
  90  BPBM33674_Oreophryne_A_notata                      2.79%    failed      2.70%
  91  BPBM35692_Hylophorbus_cf__proekes                  1.78%    passed     61.30%
  92  BPBM20141_Callulops_doriae_complex_sp_2            1.78%    passed     44.43%
  93  BPBM17048_Hylophorbus_cf__rufescens_11             1.82%    passed     97.23%
  94  BPBM18509_Oreophryne_A_lemur                       1.41%    passed     85.36%
  95  BPBM33780_Xenorhina_parkerorum                     2.75%    passed     65.65%
  96  BPBM15259_Barygenys_resima                         1.94%    passed     46.96%
  97  BPBM20501_Oreophryne_B_meliades                    0.32%    passed     84.93%
  98  BPBM35986_Hylophorbus_cf__rufescens_17             2.02%    passed     95.61%
  99  BPBM27491_Cophixalus_verrucosus_complex_sp_3       1.13%    passed     84.53%
 100  BPBM15775_Oreophryne_B_equus                       1.45%    passed     73.95%
 101  BPBM15410_Mantophryne_cf__lateralis_2              1.25%    passed     97.74%
 102  BPBM39366_Oreophryne_A_sp_5                        1.86%    passed     85.78%
 103  BPBM37753_Paedophryne_dekot                        1.86%    passed     98.15%
 104  BPBM15707_Cophixalus_sp_5                          0.08%    passed     91.41%
 105  BPBM35735_Austrochaperina_B_sp_3                   0.00%    passed     96.97%
 106  TNHC58922_Oreophryne_B_variabilis                  3.19%    passed     63.47%
 107  CMNH1366_Oreophryne_A_anulata                      2.30%    passed     10.09%
 108  KU321316_Oreophryne_A_nana                         1.78%    passed     12.42%
 109  BPBM18605_Copiula_fistulans                        0.36%    passed     87.37%
 110  BPBM41683_Aphantophryne_B_pansa.3-Omunia_Camp      3.03%    passed     96.17%
 111  BPBM41681_Aphantophryne_B_pansa.3-Omunia_Camp      4.57%    passed     99.64%
 112  BPBM41685_Aphantophryne_B_pansa.3-Omunia_Camp      1.37%    passed     99.58%
 113  BPBM41682_Aphantophryne_B_pansa.3-Omunia_Camp      1.37%    passed     97.50%
 114  BPBM17084_Copiula_oxyrhina                         1.25%    passed     92.19%
 115  BPBM13862_Austrochaperina_B_macrorhyncha           0.85%    passed     96.89%
 116  BPBM18351_Choerophryne_gunnari                     2.26%    passed     53.32%
 117  BPBM20357_Genyophryne_thomsoni                     1.94%    passed     66.57%
 118  BPBM22740_Hylophorbus_cf__rufescens_16             1.13%    passed     95.74%
 119  BPBM20369_Hylophorbus_extimus                      0.85%    passed     97.32%
 120  BPBM22761_Hylophorbus_proekes                      0.85%    passed     97.50%
 121  BPBM15373_Liophryne_aff__dentata_2                 1.37%    passed     39.86%
 122  BPBM22754_Liophryne_schlaginhaufeni                1.13%    passed     51.32%
 123  BPBM20142_Mantophryne_louisiadensis                3.39%    passed     84.93%
 124  BPBM22511_Oreophryne_A_brachypus                   1.58%    passed     44.48%
 125  BPBM18510_Oreophryne_A_cf__geislerorum_1           1.17%    passed     28.54%
 126  BPBM17847_Choerophryne_sanguinopictus              1.66%    passed     98.69%
 127  BPBM16217_Oreophryne_A_inornata                    0.93%    passed     66.60%
 128  BPBM16546_Oreophryne_B_insulana                    2.63%    passed     77.54%
 129  BPBM22539_Oreophryne_A_loriae                      1.41%    passed     71.70%
 130  BPBM17890_Oxydactyla_crassa                        1.21%    passed     76.22%
 131  BPBM31477_Mantophryne_menziesi                     0.89%    passed     97.70%
 132  BPBM22793_Sphenophryne_cornuta                     3.64%    passed     60.22%
 133  BPBM22797_Xenorhina_arboricola                     0.89%    failed      3.82%
 134  BPBM28179_Xenorhina_mehelyi                        0.89%    passed     16.59%
 135  BPBM14060_Xenorhina_ocellata                       2.46%    passed     37.00%
 136  BPBM22795_Xenorhina_tumulus                        0.81%    passed      6.45%
 137  BPBM28153_Asterophrys_leucopus                     0.89%    passed     61.81%
 138  BPBM22649_Choerophryne_brunhildae                  0.97%    passed     90.84%
 139  BPBM18317_Choerophryne_exclamitans                 1.54%    passed     91.37%
 140  BPBM28204_Asterophrys_turpicola                    0.97%    passed     58.86%
 141  BPBM22665_Austrochaperina_B_basipalmata            1.62%    passed     71.42%
 142  BPBM22656_Austrochaperina_B_blumi                  1.29%    passed     90.15%
 143  BPBM22708_Copiula_tyleri                           0.04%    passed     73.84%
 144  BPBM22481_Austrochaperina_A_novaebritanniae        1.66%    passed     85.30%
 145  BPBM20112_Austrochaperina_A_yelaensis              3.84%    passed     71.99%
 146  BPBM15234_Austrochaperina_C_aff__palmipes_3        0.12%    passed     96.68%
 147  BPBM25756_Barygenys_atra                           0.85%    passed     48.80%
 148  BPBM25760_Barygenys_sp                             0.04%    passed     99.76%
 149  BPBM18504_Callulops_personatus                     0.89%    passed     99.31%
 150  BPBM13155_Callulops_eremnosphax                    1.62%    passed     91.50%
 151  BPBM20215_Cophixalus_cupricarenus                  2.51%    passed     94.72%
 152  BPBM20197_Cophixalus_melanops                      2.34%    passed     67.49%
 153  BPBM15665_Copiula_minor                            1.13%    passed     64.01%
 154  BPBM20287_Copiula_sp_6                            22.38%    passed     16.64%
 155  BPBM17827_Copiula_sp_4                             1.13%    passed     88.97%
 156  BPBM18388_Austrochaperina_A_parkeri                0.85%    passed     88.37%
 157  BPBM15355_Hylophorbus_cf__rufescens_4              1.13%    passed     85.72%
 158  BPBM18033_Hylophorbus_cf__rufescens_8              1.05%    passed     96.59%
 159  BPBM18441_Hylophorbus_cf__rufescens_12             1.45%    passed     82.05%
 160  BPBM18315_Liophryne_allisoni                       0.85%    passed     56.84%
 161  BPBM19360_Liophryne_magnitympanum                  1.29%    passed     64.63%
 162  BPBM20397_Mantophryne_axanthogaster                0.89%    passed     99.82%
 163  BPBM22784_Oreophryne_A_parkeri                    21.70%    passed     21.52%
 164  BPBM18128_Oreophryne_B_picticrus                   1.90%    passed     63.74%
 165  BPBM18002_Oreophryne_A_sp_7                        1.90%    passed     69.63%
 166  BPBM17980_Oreophryne_B_matawan                     6.95%    passed     80.26%
 167  BPBM22668_Austrochaperina_B_septentrionalis        1.86%    passed     64.19%
 168  BPBM22789_Oreophryne_A_parkopanorum                1.17%    passed     14.80%
 169  BPBM21474_Xenorhina_adisca                         1.09%    passed     36.91%
 170  BPBM22685_Choerophryne_rostellifer                 0.12%    passed     87.98%
 171  UMMZ211174_Dyscophis_antongilli                    2.18%    passed     83.75%
 172  UMMZ211181_Platypelis_grandis                      2.42%    passed     70.24%
 173  UMMZ219489_Scaphiophryne_marmorata                 0.08%    passed     78.02%
 174  BPBM20128_Barygenys_exsul                          0.89%    passed      8.09%
 175  ZMB74609_Asterophrys_senglaubi                     1.37%    passed     49.03%
 176  ZMB70535_Asterophrys_eurydactylus                  1.29%    passed     19.20%
 177  ZMB70187_Asterophrys_cf__marani                    1.58%    passed     20.41%
 178  ZMB63882_Asterophrys_marani                        2.63%    passed     41.04%
 179  ZMB70185_Asterophrys_cf__marani                    1.54%    passed     20.66%
 180  FK15527_Paedophryne_verrucosa                      1.49%    passed     23.68%
 181  BPBM39156_Oreophryne_A_sp_1                        0.81%    passed     33.73%
 182  BPBM19236_Callulops_bicolor                        1.54%    passed     56.88%
 183  BPBM35836_Callulops_microtis                       0.93%    passed     88.48%
 184  BPBM34741_Xenorhina_obesa                          0.85%    passed     34.03%
 185  BPBM20532_Oreophryne_B_sp_3                        0.89%    passed     99.80%
 186  BPBM15232_Austrochaperina_C_aff__palmipes_3        0.89%    passed     85.63%
 187  BPBM20469_Oreophryne_B_ezra                        4.16%    passed     43.13%
 188  BPBM33637_Choerophryne_murrita                     0.97%    passed     98.62%
 189  BPBM40143_Oreophryne_B_brunnea                     0.04%    passed     46.21%
 190  BPBM18097_Cophixalus_timidus                       1.29%    passed     86.62%
 191  BPBM20440_Oreophryne_B_meliades                    0.32%    passed     87.83%
 192  BPBM34697_Xenorhina_oxycephala                     0.00%    passed     29.10%
 193  BPBM16806_Callulops_robustus                       0.04%    passed     91.68%
 194  MB233_Cophixalus_sp_1                              2.71%    passed     72.25%
 195  MB291_Paedophryne_sp_1                             3.64%    passed     82.45%
 196  MB294_Hylophorbus_cf__rufescens_12                 0.04%    passed     87.76%
 197  MB300_Choerophryne_gunnari                         0.12%    passed     45.68%
 198  MB302_Cophixalus_sp_2                              0.00%    passed     54.57%
 199  MB309_Copiula_sp_5                                 2.51%    passed     68.74%
 200  MB327_Xenorhina_sp_1                              19.64%    passed     13.01%
 201  MB331_Mantophryne_cf__lateralis_4                  0.04%    passed     89.04%
 202  MB342_Oreophryne_A_loriae                          1.25%    passed     65.21%
 203  MB463_Choerophryne_sp_2                            0.44%    passed     84.51%
 204  MB466_Choerophryne_sp_1                            0.00%    passed     99.97%
 205  MB470_Cophixalus_cheesmanae_complex_sp_2           1.25%    passed     38.85%
 206  MB472_Choerophryne_sp_4                            0.00%    passed     58.32%
 207  MB475_Austrochaperina_C_aff__palmipes_4            0.00%    passed     98.73%
 208  MB479_Mantophryne_cf__lateralis_5                  2.91%    passed     97.33%
 209  MB482_Cophixalus_linnaeus                          0.24%    passed     86.61%
 210  MB483_Hylophorbus_cf__rufescens_5                  0.04%    passed     83.80%
 211  MB484_Oreophryne_A_cf__geislerorum_2               0.73%    passed     21.20%
 212  MB486_Paedophryne_swiftorum_complex_sp_2           6.51%    passed     30.11%
 213  MB508_Callulops_doriae_complex_sp_1                1.17%    passed     41.26%
 214  MB518_Mantophryne_cf__lateralis_1                  3.23%    passed     95.34%
 215  MB539_Austrochaperina_C_aff__palmipes_2            1.17%    passed     73.66%
 216  MB556_Hylophorbus_cf__rufescens_1                  1.25%    passed     94.67%
 217  MB571_Cophixalus_variabilis_complex_sp_3           0.00%    passed     93.13%
 218  MB583_Cophixalus_verrucosus_complex_sp_2           1.17%    passed     97.96%
 219  MB593_Liophryne_aff__dentata_3                     1.25%    passed     47.32%
 220  MB617_Cophixalus_desticans_complex_sp_1            0.00%    passed     44.75%
 221  MB626_Genyophryne_aff__thomsoni_2                  1.41%    passed     96.99%
 222  MB627_Oreophryne_B_penelopia                       1.33%    passed     80.92%
 223  BPBM31979_Hylophorbus_cf__rufescens_5              3.27%    passed     84.86%
 224  BPBM26182_Cophixalus_tomaiodactylus                1.29%    passed     98.98%
 225  BPBM23740_Callulops_personatus                     1.09%    passed     99.20%
 226  BPBM25837_Choerophryne_sp_3                        1.45%    passed     97.75%
 227  BPBM26194_Cophixalus_phaeobalius                   1.41%    passed     98.50%
 228  BPBM25754_Choerophryne_sp_4                        1.41%    passed     55.30%
 229  BPBM31337_Cophixalus_linnaeus                      1.37%    passed     86.56%
 230  BPBM31847_Cophixalus_cf__pipilans_2                0.28%    passed     71.98%
 231  BPBM31853_Genyophryne_aff__thomsoni_3              2.83%    passed     43.85%
 232  BPBM31808_Choerophryne_sp_1                        1.45%    passed     97.99%
 233  BPBM35367_Choerophryne_sp_4                        0.04%    passed     66.59%
 234  AA24862_Asterophrys_sp                             2.34%    passed     16.35%
 235  BPBM44363_Aphantophryne_sabini-Myola_GH            0.12%    passed     98.52%
 236  BPBM44369_Aphantophryne_sabini-Myola_GH            0.20%    passed     99.05%
 237  BPBM44373_Aphantophryne_sabini-Myola_GH            0.20%    passed     98.72%
 238  BJE1120_Oreophryne_A_senckenbergiana               1.29%    passed     44.37%
 239  BJE1143_Oreophryne_A_senckenbergiana               1.21%    passed     43.67%
 240  BJE1144_Oreophryne_A_senckenbergiana               1.21%    passed     43.14%
 241  BJE1248_Oreophryne_A_frontifasciata                1.58%    passed     63.05%
 242  BPBM43952_Aphantophryne_pansa                      1.62%    passed     99.66%
 243  BPBM43954_Aphantophryne_pansa                      1.29%    passed     99.95%
****  TOTAL                                              2.05%  2 sequences failed composition chi2 test (p-value<5%; df=3)
NOTE: No CharPartition defined, use all CharSets

Loading 15 partitions...
Identifying sites to remove: done in 0.000427961 secs using 84.82% CPU
Identifying sites to remove: done in 0.000372171 secs using 89.21% CPU
Identifying sites to remove: done in 0.000541925 secs using 78.06% CPU
Identifying sites to remove: done in 0.000468969 secs using 81.03% CPU
Identifying sites to remove: done in 0.000329018 secs using 95.44% CPU
Identifying sites to remove: done in 0.00050211 secs using 79.07% CPU
Subset	Type	Seqs	Sites	Infor	Invar	Model	Name
1		243	136	4	118	TESTMERGEONLY	sia_pos1
2		243	136	0	128	TESTMERGEONLY	sia_pos2
WARNING: No parsimony-informative sites in partition sia_pos2
3		243	135	72	45	TESTMERGEONLY	sia_pos3
4		243	173	78	78	TESTMERGEONLY	bdnf_pos1
5		243	172	16	154	TESTMERGEONLY	bdnf_pos2
6		243	172	4	163	TESTMERGEONLY	bdnf_pos3
7		243	185	16	144	TESTMERGEONLY	nxc_pos1
8		243	185	10	164	TESTMERGEONLY	nxc_pos2
9		243	185	96	52	TESTMERGEONLY	nxc_pos3
10		242	170	86	72	TESTMERGEONLY	cyb_pos1
11		242	170	59	99	TESTMERGEONLY	cyb_pos2
12		242	170	170	0	TESTMERGEONLY	cyb_pos3
13		235	162	110	39	TESTMERGEONLY	nd4_pos1
14		235	162	68	73	TESTMERGEONLY	nd4_pos2
15		235	162	162	0	TESTMERGEONLY	nd4_pos3
Degree of missing data: 0.007
Info: multi-threading strategy over partitions



Create initial parsimony tree by phylogenetic likelihood library (PLL)... 0.090 seconds
Perform fast likelihood tree search using GTR+I+G model...
Estimate model parameters (epsilon = 5.000)
Initial log-likelihood: -99107.178
Current log-likelihood at step 1: -84798.044
Current log-likelihood at step 2: -84148.454
Current log-likelihood at step 3: -84097.392
Current log-likelihood at step 4: -84074.394
Current log-likelihood at step 5: -84028.689
Current log-likelihood at step 6: -84017.580
Current log-likelihood at step 7: -84014.538
Parameters optimization took 6 rounds (11.075 sec)


WARNING: Estimated model parameters are at boundary that can cause numerical instability!

Perform nearest neighbor interchange...
Optimizing NNI: done in 4.23846 secs using 99.91% CPU
Estimate model parameters (epsilon = 1.000)
Initial log-likelihood: -83745.768
Current log-likelihood at step 1: -83741.562
Current log-likelihood at step 2: -83740.452
Current log-likelihood at step 3: -83739.902
Partition-specific rates:  0.324 0.256 1.022 0.497 0.225 0.337 0.671 0.388 0.430 1.550 0.599 2.826 2.415 0.786 2.689
Parameters optimization took 2 rounds (2.758 sec)


WARNING: Estimated model parameters are at boundary that can cause numerical instability!

Time for fast ML tree search: 18.115 seconds

NOTE: ModelFinder requires 5 MB RAM!
Selecting individual models for 15 charsets using BIC...
 No. Model        Score       TreeLen     Charset
   1 GTR+F+I+G4   1092.666    2.035       sia_pos1
   2 GTR+F+I+G4   636.953     1.106       sia_pos2
   3 GTR+F+I+G4   6839.856    7.023       sia_pos3
   4 GTR+F+I+G4   5893.518    3.420       bdnf_pos1
   5 GTR+F+I+G4   1595.975    0.713       bdnf_pos2
   6 GTR+F+I+G4   831.941     0.450       bdnf_pos3
   7 GTR+F+I+G4   2136.157    4.452       nxc_pos1
   8 GTR+F+I+G4   1650.350    2.664       nxc_pos2
   9 GTR+F+I+G4   6715.586    2.961       nxc_pos3
  10 GTR+F+I+G4   13957.093   10.597      cyb_pos1	0h:0m:0s (0h:0m:15s left)
  11 GTR+F+I+G4   5812.127    4.095       cyb_pos2	0h:0m:0s (0h:0m:14s left)
  12 GTR+F+ASC+G4 50671.865   19.302      cyb_pos3	0h:0m:0s (0h:0m:14s left)
  13 GTR+F+I+G4   16858.567   16.359      nd4_pos1	0h:0m:0s (0h:0m:14s left)
  14 GTR+F+I+G4   6944.590    5.326       nd4_pos2	0h:0m:0s (0h:0m:13s left)
  15 GTR+F+ASC+G4 46654.612   18.220      nd4_pos3	0h:0m:1s (0h:0m:13s left)
Full partition model BIC score: 172500.496 (LnL: -83730.234  df:645)
Merging models to increase model fit (about 211 total partition schemes)...
  16 GTR+F+I+G4   172417.869  0.515       sia_pos1+sia_pos2	0h:0m:1s (0h:0m:17s left)
  17 GTR+F+I+G4   172518.267  4.279       sia_pos1+sia_pos3	0h:0m:1s (0h:0m:20s left)
  18 GTR+F+I+G4   172478.754  2.174       sia_pos1+bdnf_pos1	0h:0m:2s (0h:0m:22s left)
  19 GTR+F+I+G4   172439.990  0.699       sia_pos1+bdnf_pos2	0h:0m:2s (0h:0m:24s left)
  20 GTR+F+I+G4   172426.120  0.583       sia_pos1+bdnf_pos3	0h:0m:2s (0h:0m:28s left)
  21 GTR+F+I+G4   172460.799  3.894       sia_pos1+nxc_pos1	0h:0m:3s (0h:0m:29s left)
  22 GTR+F+I+G4   172472.827  3.476       sia_pos1+nxc_pos2	0h:0m:3s (0h:0m:30s left)
  23 GTR+F+I+G4   172534.330  1.945       sia_pos1+nxc_pos3	0h:0m:4s (0h:0m:33s left)
  24 GTR+F+I+G4   172511.082  7.234       sia_pos1+cyb_pos1	0h:0m:4s (0h:0m:36s left)
  25 GTR+F+I+G4   172464.022  2.827       sia_pos1+cyb_pos2	0h:0m:5s (0h:0m:37s left)
  26 GTR+F+I+G4   172943.431  39.977      sia_pos1+cyb_pos3	0h:0m:5s (0h:0m:40s left)
  27 GTR+F+I+G4   172596.096  10.947      sia_pos1+nd4_pos1	0h:0m:6s (0h:0m:43s left)
  28 GTR+F+I+G4   172519.560  3.363       sia_pos1+nd4_pos2	0h:0m:6s (0h:0m:44s left)
  29 GTR+F+I+G4   173136.573  31.935      sia_pos1+nd4_pos3	0h:0m:7s (0h:0m:48s left)
  30 GTR+F+I+G4   172558.322  4.224       sia_pos2+sia_pos3	0h:0m:8s (0h:0m:49s left)
  31 GTR+F+I+G4   172517.550  2.049       sia_pos2+bdnf_pos1	0h:0m:8s (0h:0m:49s left)
  32 GTR+F+I+G4   172451.213  0.548       sia_pos2+bdnf_pos2	0h:0m:8s (0h:0m:49s left)
  33 GTR+F+I+G4   172427.195  0.461       sia_pos2+bdnf_pos3	0h:0m:9s (0h:0m:48s left)
  34 GTR+F+I+G4   172407.804  0.676       sia_pos2+nxc_pos1	0h:0m:9s (0h:0m:48s left)
  35 GTR+F+I+G4   172432.850  2.124       sia_pos2+nxc_pos2	0h:0m:9s (0h:0m:49s left)
  36 GTR+F+I+G4   172587.856  1.795       sia_pos2+nxc_pos3	0h:0m:10s (0h:0m:50s left)
  37 GTR+F+I+G4   172537.150  6.464       sia_pos2+cyb_pos1	0h:0m:10s (0h:0m:51s left)
  38 GTR+F+I+G4   172497.486  2.509       sia_pos2+cyb_pos2	0h:0m:11s (0h:0m:51s left)
  39 GTR+F+I+G4   172839.767  39.538      sia_pos2+cyb_pos3	0h:0m:11s (0h:0m:52s left)
  40 GTR+F+I+G4   172621.291  9.839       sia_pos2+nd4_pos1	0h:0m:12s (0h:0m:54s left)
  41 GTR+F+I+G4   172560.980  3.102       sia_pos2+nd4_pos2	0h:0m:12s (0h:0m:53s left)
  42 GTR+F+I+G4   173037.454  31.895      sia_pos2+nd4_pos3	0h:0m:13s (0h:0m:54s left)
  43 GTR+F+I+G4   172453.945  6.182       sia_pos3+bdnf_pos1	0h:0m:14s (0h:0m:54s left)
  44 GTR+F+I+G4   172684.226  3.911       sia_pos3+bdnf_pos2	0h:0m:14s (0h:0m:55s left)
  45 GTR+F+I+G4   172603.571  3.838       sia_pos3+bdnf_pos3	0h:0m:15s (0h:0m:56s left)
  46 GTR+F+I+G4   172627.301  4.134       sia_pos3+nxc_pos1	0h:0m:15s (0h:0m:55s left)
  47 GTR+F+I+G4   172591.344  4.651       sia_pos3+nxc_pos2	0h:0m:16s (0h:0m:56s left)
  48 GTR+F+I+G4   172532.807  6.527       sia_pos3+nxc_pos3	0h:0m:16s (0h:0m:56s left)
  49 GTR+F+I+G4   172545.074  11.820      sia_pos3+cyb_pos1	0h:0m:17s (0h:0m:57s left)
  50 GTR+F+I+G4   172599.917  6.182       sia_pos3+cyb_pos2	0h:0m:17s (0h:0m:57s left)
  51 GTR+F+I+G4   173154.159  53.211      sia_pos3+cyb_pos3	0h:0m:19s (0h:0m:59s left)
  52 GTR+F+I+G4   172612.893  16.121      sia_pos3+nd4_pos1	0h:0m:19s (0h:1m:0s left)
  53 GTR+F+I+G4   172586.607  6.248       sia_pos3+nd4_pos2	0h:0m:20s (0h:1m:0s left)
  54 GTR+F+I+G4   173336.883  28.554      sia_pos3+nd4_pos3	0h:0m:20s (0h:1m:1s left)
  55 GTR+F+I+G4   172602.631  1.969       bdnf_pos1+bdnf_pos2	0h:0m:21s (0h:1m:0s left)
  56 GTR+F+I+G4   172543.215  1.757       bdnf_pos1+bdnf_pos3	0h:0m:21s (0h:0m:59s left)
  57 GTR+F+I+G4   172521.927  2.201       bdnf_pos1+nxc_pos1	0h:0m:21s (0h:0m:59s left)
  58 GTR+F+I+G4   172582.303  2.886       bdnf_pos1+nxc_pos2	0h:0m:22s (0h:0m:59s left)
  59 GTR+F+I+G4   172457.487  3.448       bdnf_pos1+nxc_pos3	0h:0m:22s (0h:0m:58s left)
  60 GTR+F+I+G4   172538.505  9.957       bdnf_pos1+cyb_pos1	0h:0m:23s (0h:0m:59s left)
  61 GTR+F+I+G4   172532.092  4.045       bdnf_pos1+cyb_pos2	0h:0m:24s (0h:0m:59s left)
  62 GTR+F+I+G4   173144.504  50.168      bdnf_pos1+cyb_pos3	0h:0m:25s (0h:1m:0s left)
  63 GTR+F+I+G4   172612.464  14.073      bdnf_pos1+nd4_pos1	0h:0m:25s (0h:1m:0s left)
  64 GTR+F+I+G4   172561.434  4.739       bdnf_pos1+nd4_pos2	0h:0m:26s (0h:1m:0s left)
  65 GTR+F+I+G4   173388.016  40.120      bdnf_pos1+nd4_pos3	0h:0m:27s (0h:1m:2s left)
  66 GTR+F+I+G4   172441.099  0.535       bdnf_pos2+bdnf_pos3	0h:0m:28s (0h:1m:1s left)
  67 GTR+F+I+G4   172409.117  0.772       bdnf_pos2+nxc_pos1	0h:0m:28s (0h:1m:0s left)
  68 GTR+F+I+G4   172538.541  2.636       bdnf_pos2+nxc_pos2	0h:0m:28s (0h:1m:0s left)
  69 GTR+F+I+G4   172644.956  1.965       bdnf_pos2+nxc_pos3	0h:0m:29s (0h:1m:0s left)
  70 GTR+F+I+G4   172634.964  6.813       bdnf_pos2+cyb_pos1	0h:0m:29s (0h:1m:0s left)
  71 GTR+F+I+G4   172588.219  2.417       bdnf_pos2+cyb_pos2	0h:0m:30s (0h:0m:59s left)
  72 GTR+F+I+G4   173200.474  30.821      bdnf_pos2+cyb_pos3	0h:0m:30s (0h:0m:59s left)
  73 GTR+F+I+G4   172717.873  9.442       bdnf_pos2+nd4_pos1	0h:0m:31s (0h:0m:59s left)
  74 GTR+F+I+G4   172665.055  2.873       bdnf_pos2+nd4_pos2	0h:0m:31s (0h:0m:59s left)
  75 GTR+F+I+G4   173349.355  29.770      bdnf_pos2+nd4_pos3	0h:0m:32s (0h:0m:59s left)
  76 GTR+F+I+G4   172413.837  0.700       bdnf_pos3+nxc_pos1	0h:0m:32s (0h:0m:58s left)
  77 GTR+F+I+G4   172444.685  1.838       bdnf_pos3+nxc_pos2	0h:0m:33s (0h:0m:57s left)
  78 GTR+F+I+G4   172611.411  1.578       bdnf_pos3+nxc_pos3	0h:0m:33s (0h:0m:57s left)
  79 GTR+F+I+G4   172564.207  5.548       bdnf_pos3+cyb_pos1	0h:0m:34s (0h:0m:57s left)
  80 GTR+F+I+G4   172509.526  2.141       bdnf_pos3+cyb_pos2	0h:0m:34s (0h:0m:57s left)
  81 GTR+F+I+G4   172906.394  34.323      bdnf_pos3+cyb_pos3	0h:0m:35s (0h:0m:56s left)
  82 GTR+F+I+G4   172651.012  8.331       bdnf_pos3+nd4_pos1	0h:0m:36s (0h:0m:56s left)
  83 GTR+F+I+G4   172601.802  2.623       bdnf_pos3+nd4_pos2	0h:0m:36s (0h:0m:56s left)
  84 GTR+F+I+G4   173112.205  29.298      bdnf_pos3+nd4_pos3	0h:0m:37s (0h:0m:56s left)
  85 GTR+F+I+G4   172544.812  4.352       nxc_pos1+nxc_pos2	0h:0m:37s (0h:0m:55s left)
  86 GTR+F+I+G4   172550.708  1.849       nxc_pos1+nxc_pos3	0h:0m:38s (0h:0m:55s left)
  87 GTR+F+I+G4   172620.417  7.000       nxc_pos1+cyb_pos1	0h:0m:38s (0h:0m:55s left)
  88 GTR+F+I+G4   172530.715  2.530       nxc_pos1+cyb_pos2	0h:0m:39s (0h:0m:54s left)
  89 GTR+F+I+G4   173328.607  36.567      nxc_pos1+cyb_pos3	0h:0m:39s (0h:0m:54s left)
  90 GTR+F+I+G4   172699.629  10.030      nxc_pos1+nd4_pos1	0h:0m:40s (0h:0m:54s left)
  91 GTR+F+I+G4   172580.389  3.054       nxc_pos1+nd4_pos2	0h:0m:40s (0h:0m:53s left)
  92 GTR+F+I+G4   173546.561  31.250      nxc_pos1+nd4_pos3	0h:0m:41s (0h:0m:54s left)
  93 GTR+F+I+G4   172689.788  2.430       nxc_pos2+nxc_pos3	0h:0m:42s (0h:0m:53s left)
  94 GTR+F+I+G4   172575.228  5.714       nxc_pos2+cyb_pos1	0h:0m:42s (0h:0m:53s left)
  95 GTR+F+I+G4   172606.211  3.241       nxc_pos2+cyb_pos2	0h:0m:43s (0h:0m:52s left)
  96 GTR+F+I+G4   173037.440  33.877      nxc_pos2+cyb_pos3	0h:0m:44s (0h:0m:52s left)
  97 GTR+F+I+G4   172665.145  8.119       nxc_pos2+nd4_pos1	0h:0m:44s (0h:0m:52s left)
  98 GTR+F+I+G4   172697.252  3.287       nxc_pos2+nd4_pos2	0h:0m:45s (0h:0m:52s left)
  99 GTR+F+I+G4   173284.845  27.448      nxc_pos2+nd4_pos3	0h:0m:46s (0h:0m:52s left)
 100 GTR+F+I+G4   172591.799  11.116      nxc_pos3+cyb_pos1	0h:0m:46s (0h:0m:52s left)
 101 GTR+F+I+G4   172557.510  4.458       nxc_pos3+cyb_pos2	0h:0m:47s (0h:0m:51s left)
 102 GTR+F+I+G4   173339.179  26.833      nxc_pos3+cyb_pos3	0h:0m:48s (0h:0m:51s left)
 103 GTR+F+I+G4   172628.180  14.557      nxc_pos3+nd4_pos1	0h:0m:49s (0h:0m:51s left)
 104 GTR+F+I+G4   172580.535  5.465       nxc_pos3+nd4_pos2	0h:0m:49s (0h:0m:50s left)
 105 GTR+F+I+G4   173419.611  23.992      nxc_pos3+nd4_pos3	0h:0m:50s (0h:0m:51s left)
 106 GTR+F+I+G4   172566.464  8.451       cyb_pos1+cyb_pos2	0h:0m:51s (0h:0m:50s left)
 107 GTR+F+I+G4   172807.748  49.746      cyb_pos1+cyb_pos3	0h:0m:52s (0h:0m:50s left)
 108 GTR+F+I+G4   172451.305  14.726      cyb_pos1+nd4_pos1	0h:0m:53s (0h:0m:50s left)
 109 GTR+F+I+G4   172643.687  9.785       cyb_pos1+nd4_pos2	0h:0m:54s (0h:0m:50s left)
 110 GTR+F+I+G4   173001.552  36.510      cyb_pos1+nd4_pos3	0h:0m:55s (0h:0m:50s left)
 111 GTR+F+I+G4   172940.847  49.606      cyb_pos2+cyb_pos3	0h:0m:56s (0h:0m:50s left)
 112 GTR+F+I+G4   172659.612  11.627      cyb_pos2+nd4_pos1	0h:0m:56s (0h:0m:50s left)
 113 GTR+F+I+G4   172456.434  4.723       cyb_pos2+nd4_pos2	0h:0m:57s (0h:0m:49s left)
 114 GTR+F+I+G4   173157.600  32.456      cyb_pos2+nd4_pos3	0h:0m:58s (0h:0m:49s left)
 115 GTR+F+I+G4   172656.709  54.481      cyb_pos3+nd4_pos1	0h:0m:58s (0h:0m:49s left)
 116 GTR+F+I+G4   173062.186  28.254      cyb_pos3+nd4_pos2	0h:1m:0s (0h:0m:49s left)
 117 GTR+F+ASC+G4 172526.220  18.989      cyb_pos3+nd4_pos3	0h:1m:2s (0h:0m:50s left)
 118 GTR+F+I+G4   172728.828  13.732      nd4_pos1+nd4_pos2	0h:1m:3s (0h:0m:49s left)
 119 GTR+F+I+G4   172850.138  43.098      nd4_pos1+nd4_pos3	0h:1m:4s (0h:0m:49s left)
 120 GTR+F+I+G4   173253.485  30.233      nd4_pos2+nd4_pos3	0h:1m:6s (0h:0m:50s left)
5 compatible better partition pairs found
Merging sia_pos2+nxc_pos1 with BIC score: 172407.804 (LnL: -83726.865  df: 634)
Merging sia_pos1+bdnf_pos3 with BIC score: 172333.427 (LnL: -83732.654  df: 623)
Merging cyb_pos1+nd4_pos1 with BIC score: 172284.236 (LnL: -83751.035  df: 612)
Merging sia_pos3+bdnf_pos1 with BIC score: 172237.685 (LnL: -83770.737  df: 601)
Merging cyb_pos2+nd4_pos2 with BIC score: 172193.623 (LnL: -83791.683  df: 590)
 121 GTR+F+I+G4   172144.669  0.609       sia_pos1+sia_pos2+bdnf_pos3+nxc_pos1	0h:1m:6s (0h:0m:49s left)
 122 GTR+F+I+G4   172360.727  3.472       sia_pos1+sia_pos3+bdnf_pos1+bdnf_pos3	0h:1m:6s (0h:0m:48s left)
 123 GTR+F+I+G4   172149.476  0.661       sia_pos1+bdnf_pos2+bdnf_pos3	0h:1m:7s (0h:0m:48s left)
 124 GTR+F+I+G4   172172.377  1.537       sia_pos1+bdnf_pos3+nxc_pos2	0h:1m:7s (0h:0m:47s left)
 125 GTR+F+I+G4   172328.633  1.285       sia_pos1+bdnf_pos3+nxc_pos3	0h:1m:8s (0h:0m:47s left)
 126 GTR+F+I+G4   172423.466  8.212       sia_pos1+bdnf_pos3+cyb_pos1+nd4_pos1	0h:1m:9s (0h:0m:47s left)
 127 GTR+F+I+G4   172305.787  2.739       sia_pos1+bdnf_pos3+cyb_pos2+nd4_pos2	0h:1m:10s (0h:0m:46s left)
 128 GTR+F+I+G4   172950.870  26.411      sia_pos1+bdnf_pos3+cyb_pos3	0h:1m:11s (0h:0m:46s left)
 129 GTR+F+I+G4   173145.528  21.514      sia_pos1+bdnf_pos3+nd4_pos3	0h:1m:12s (0h:0m:46s left)
 130 GTR+F+I+G4   172434.651  3.572       sia_pos2+sia_pos3+bdnf_pos1+nxc_pos1	0h:1m:13s (0h:0m:45s left)
 131 GTR+F+I+G4   172148.753  0.681       sia_pos2+bdnf_pos2+nxc_pos1	0h:1m:13s (0h:0m:44s left)
 132 GTR+F+I+G4   172246.198  1.959       sia_pos2+nxc_pos1+nxc_pos2	0h:1m:13s (0h:0m:44s left)
 133 GTR+F+I+G4   172355.766  1.418       sia_pos2+nxc_pos1+nxc_pos3	0h:1m:14s (0h:0m:43s left)
 134 GTR+F+I+G4   172526.341  8.413       sia_pos2+nxc_pos1+cyb_pos1+nd4_pos1	0h:1m:15s (0h:0m:43s left)
 135 GTR+F+I+G4   172374.571  2.790       sia_pos2+nxc_pos1+cyb_pos2+nd4_pos2	0h:1m:16s (0h:0m:43s left)
 136 GTR+F+I+G4   173249.585  27.996      sia_pos2+nxc_pos1+cyb_pos3	0h:1m:17s (0h:0m:42s left)
 137 GTR+F+I+G4   173445.774  23.454      sia_pos2+nxc_pos1+nd4_pos3	0h:1m:19s (0h:0m:42s left)
 138 GTR+F+I+G4   172385.716  4.046       sia_pos3+bdnf_pos1+bdnf_pos2	0h:1m:19s (0h:0m:42s left)
 139 GTR+F+I+G4   172319.383  4.636       sia_pos3+bdnf_pos1+nxc_pos2	0h:1m:20s (0h:0m:41s left)
 140 GTR+F+I+G4   172222.465  5.691       sia_pos3+bdnf_pos1+nxc_pos3	0h:1m:20s (0h:0m:40s left)
 141 GTR+F+I+G4   172392.933  13.214      sia_pos3+bdnf_pos1+cyb_pos1+nd4_pos1	0h:1m:22s (0h:0m:40s left)
 142 GTR+F+I+G4   172392.094  5.476       sia_pos3+bdnf_pos1+cyb_pos2+nd4_pos2	0h:1m:23s (0h:0m:40s left)
 143 GTR+F+I+G4   173271.634  22.384      sia_pos3+bdnf_pos1+cyb_pos3	0h:1m:24s (0h:0m:40s left)
 144 GTR+F+I+G4   173399.878  21.159      sia_pos3+bdnf_pos1+nd4_pos3	0h:1m:25s (0h:0m:39s left)
 145 GTR+F+I+G4   172407.976  10.235      bdnf_pos2+cyb_pos1+nd4_pos1	0h:1m:26s (0h:0m:39s left)
 146 GTR+F+I+G4   172348.199  3.328       bdnf_pos2+cyb_pos2+nd4_pos2	0h:1m:27s (0h:0m:38s left)
 147 GTR+F+I+G4   172351.456  9.156       nxc_pos2+cyb_pos1+nd4_pos1	0h:1m:28s (0h:0m:38s left)
 148 GTR+F+I+G4   172383.429  3.442       nxc_pos2+cyb_pos2+nd4_pos2	0h:1m:29s (0h:0m:37s left)
 149 GTR+F+I+G4   172318.628  12.853      nxc_pos3+cyb_pos1+nd4_pos1	0h:1m:30s (0h:0m:37s left)
 150 GTR+F+I+G4   172295.137  4.952       nxc_pos3+cyb_pos2+nd4_pos2	0h:1m:31s (0h:0m:37s left)
 151 GTR+F+I+G4   172536.489  10.749      cyb_pos1+cyb_pos2+nd4_pos1+nd4_pos2	0h:1m:32s (0h:0m:36s left)
 152 GTR+F+I+G4   172712.960  45.912      cyb_pos1+cyb_pos3+nd4_pos1	0h:1m:33s (0h:0m:36s left)
 153 GTR+F+I+G4   172852.620  33.670      cyb_pos1+nd4_pos1+nd4_pos3	0h:1m:35s (0h:0m:36s left)
 154 GTR+F+I+G4   173138.460  22.840      cyb_pos2+cyb_pos3+nd4_pos2	0h:1m:36s (0h:0m:35s left)
 155 GTR+F+I+G4   173295.729  24.225      cyb_pos2+nd4_pos2+nd4_pos3	0h:1m:37s (0h:0m:35s left)
Merging sia_pos1+sia_pos2+bdnf_pos3+nxc_pos1 with BIC score: 172144.669 (LnL: -83810.183  df: 579)
 156 GTR+F+I+G4   172483.288  2.550       sia_pos1+sia_pos2+sia_pos3+bdnf_pos1+bdnf_pos3+nxc_pos1	0h:1m:38s (0h:0m:34s left)
 157 GTR+F+I+G4   172103.616  0.646       sia_pos1+sia_pos2+bdnf_pos2+bdnf_pos3+nxc_pos1	0h:1m:38s (0h:0m:33s left)
 158 GTR+F+I+G4   172209.289  1.039       sia_pos1+sia_pos2+bdnf_pos3+nxc_pos1+nxc_pos2	0h:1m:39s (0h:0m:33s left)
 159 GTR+F+I+G4   172352.296  1.007       sia_pos1+sia_pos2+bdnf_pos3+nxc_pos1+nxc_pos3	0h:1m:40s (0h:0m:32s left)
 160 GTR+F+I+G4   172610.982  6.210       sia_pos1+sia_pos2+bdnf_pos3+nxc_pos1+cyb_pos1+nd4_pos1	0h:1m:41s (0h:0m:32s left)
 161 GTR+F+I+G4   172390.768  2.099       sia_pos1+sia_pos2+bdnf_pos3+nxc_pos1+cyb_pos2+nd4_pos2	0h:1m:42s (0h:0m:31s left)
 162 GTR+F+I+G4   173462.208  19.114      sia_pos1+sia_pos2+bdnf_pos3+nxc_pos1+cyb_pos3	0h:1m:44s (0h:0m:31s left)
 163 GTR+F+I+G4   173698.146  8.302       sia_pos1+sia_pos2+bdnf_pos3+nxc_pos1+nd4_pos3	0h:1m:45s (0h:0m:31s left)
Merging sia_pos1+sia_pos2+bdnf_pos2+bdnf_pos3+nxc_pos1 with BIC score: 172103.616 (LnL: -83832.633  df: 568)
 164 GTR+F+I+G4   172535.228  2.097       sia_pos1+sia_pos2+sia_pos3+bdnf_pos1+bdnf_pos2+bdnf_pos3+nxc_pos1	0h:1m:46s (0h:0m:30s left)
 165 GTR+F+I+G4   172179.256  0.794       sia_pos1+sia_pos2+bdnf_pos2+bdnf_pos3+nxc_pos1+nxc_pos2	0h:1m:46s (0h:0m:29s left)
 166 GTR+F+I+G4   172352.237  0.970       sia_pos1+sia_pos2+bdnf_pos2+bdnf_pos3+nxc_pos1+nxc_pos3	0h:1m:48s (0h:0m:29s left)
 167 GTR+F+I+G4   172677.654  5.758       sia_pos1+sia_pos2+bdnf_pos2+bdnf_pos3+nxc_pos1+cyb_pos1+nd4_pos1	0h:1m:49s (0h:0m:28s left)
 168 GTR+F+I+G4   172434.851  1.882       sia_pos1+sia_pos2+bdnf_pos2+bdnf_pos3+nxc_pos1+cyb_pos2+nd4_pos2	0h:1m:51s (0h:0m:28s left)
 169 GTR+F+I+G4   173587.811  15.221      sia_pos1+sia_pos2+bdnf_pos2+bdnf_pos3+nxc_pos1+cyb_pos3	0h:1m:53s (0h:0m:28s left)
 170 GTR+F+I+G4   173738.148  16.565      sia_pos1+sia_pos2+bdnf_pos2+bdnf_pos3+nxc_pos1+nd4_pos3	0h:1m:54s (0h:0m:27s left)
Agglomerative model selection: ((((sia_pos1,bdnf_pos3)2:172333,(sia_pos2,nxc_pos1)1:172408)6:172145,bdnf_pos2)7:172104,(sia_pos3,bdnf_pos1)4:172238,nxc_pos2,nxc_pos3,(cyb_pos1,nd4_pos1)3:172284,(cyb_pos2,nd4_pos2)5:172194,cyb_pos3,nd4_pos3)
Merging into 8 partitions...
 171 TVMe+I+G4    6164.578    sia_pos1+sia_pos2+bdnf_pos2+bdnf_pos3+nxc_pos1	0h:1m:57s (0h:0m:27s left)
 172 HKY+F+I+G4   12710.959   sia_pos3+bdnf_pos1	0h:2m:1s (0h:0m:27s left)
 173 GTR+F+I+G4   1650.350    nxc_pos2	0h:2m:3s (0h:0m:27s left)
 174 TN+F+G4      6700.479    nxc_pos3	0h:2m:9s (0h:0m:27s left)
 175 GTR+F+I+G4   30803.823   cyb_pos1+nd4_pos1	0h:2m:12s (0h:0m:27s left)
 176 GTR+F+I+G4   12750.009   cyb_pos2+nd4_pos2	0h:2m:17s (0h:0m:27s left)
 177 TIM2+F+ASC+G4 50111.544   cyb_pos3	0h:2m:26s (0h:0m:28s left)
 178 TN+F+ASC     46638.099   nd4_pos3	0h:2m:35s (0h:0m:28s left)
Best partition model BIC score: 171447.335 (LnL: -83574.819  df:550)
Partition information was printed to merge56.nex.best_scheme.nex
Partition information in Raxml format was printed to merge56.nex.best_scheme

All model information printed to merge56.nex.model.gz
CPU time for ModelFinder: 173.384 seconds (0h:2m:53s)
Wall-clock time for ModelFinder: 173.806 seconds (0h:2m:53s)

NOTE: 43 MB RAM (0 GB) is required!
Estimate model parameters (epsilon = 0.010)
Initial log-likelihood: -83614.544
Current log-likelihood at step 1: -83570.985
Current log-likelihood at step 2: -83569.155
Current log-likelihood at step 3: -83568.877
Current log-likelihood at step 4: -83568.773
Current log-likelihood at step 5: -83568.681
Current log-likelihood at step 6: -83568.593
Current log-likelihood at step 7: -83568.508
Current log-likelihood at step 8: -83568.426
Current log-likelihood at step 9: -83568.346
Current log-likelihood at step 10: -83568.269
Current log-likelihood at step 11: -83568.194
Current log-likelihood at step 12: -83568.120
Current log-likelihood at step 13: -83568.049
Current log-likelihood at step 14: -83567.980
Current log-likelihood at step 15: -83567.913
Current log-likelihood at step 16: -83567.848
Current log-likelihood at step 17: -83567.784
Current log-likelihood at step 18: -83567.723
Current log-likelihood at step 19: -83567.637
Current log-likelihood at step 20: -83567.575
Current log-likelihood at step 21: -83567.518
Current log-likelihood at step 22: -83567.462
Current log-likelihood at step 23: -83567.407
Current log-likelihood at step 24: -83567.355
Current log-likelihood at step 25: -83567.304
Current log-likelihood at step 26: -83567.255
Current log-likelihood at step 27: -83567.207
Current log-likelihood at step 28: -83567.160
Current log-likelihood at step 29: -83567.115
Current log-likelihood at step 30: -83567.071
Current log-likelihood at step 31: -83567.028
Current log-likelihood at step 32: -83566.986
Current log-likelihood at step 33: -83566.945
Current log-likelihood at step 34: -83566.906
Current log-likelihood at step 35: -83566.868
Current log-likelihood at step 36: -83566.830
Current log-likelihood at step 37: -83566.793
Current log-likelihood at step 38: -83566.758
Current log-likelihood at step 39: -83566.723
Current log-likelihood at step 40: -83566.689
Current log-likelihood at step 41: -83566.657
Current log-likelihood at step 42: -83566.625
Current log-likelihood at step 43: -83566.593
Current log-likelihood at step 44: -83566.562
Current log-likelihood at step 45: -83566.533
Current log-likelihood at step 46: -83566.504
Current log-likelihood at step 47: -83566.476
Current log-likelihood at step 48: -83566.449
Current log-likelihood at step 49: -83566.424
Current log-likelihood at step 50: -83566.392
Current log-likelihood at step 51: -83566.359
Current log-likelihood at step 52: -83566.326
Current log-likelihood at step 53: -83566.294
Current log-likelihood at step 54: -83566.262
Current log-likelihood at step 55: -83566.232
Current log-likelihood at step 56: -83566.203
Current log-likelihood at step 57: -83566.175
Current log-likelihood at step 58: -83566.147
Current log-likelihood at step 59: -83566.120
Current log-likelihood at step 60: -83566.094
Current log-likelihood at step 61: -83566.069
Current log-likelihood at step 62: -83566.045
Current log-likelihood at step 63: -83566.021
Current log-likelihood at step 64: -83565.998
Current log-likelihood at step 65: -83565.976
Current log-likelihood at step 66: -83565.954
Current log-likelihood at step 67: -83565.933
Current log-likelihood at step 68: -83565.913
Current log-likelihood at step 69: -83565.893
Current log-likelihood at step 70: -83565.874
Current log-likelihood at step 71: -83565.857
Current log-likelihood at step 72: -83565.841
Current log-likelihood at step 73: -83565.825
Current log-likelihood at step 74: -83565.812
Current log-likelihood at step 75: -83565.798
Current log-likelihood at step 76: -83565.786
Current log-likelihood at step 77: -83565.773
Current log-likelihood at step 78: -83565.761
Current log-likelihood at step 79: -83565.749
Current log-likelihood at step 80: -83565.738
Current log-likelihood at step 81: -83565.726
Current log-likelihood at step 82: -83565.715
Current log-likelihood at step 83: -83565.704
Current log-likelihood at step 84: -83565.694
Current log-likelihood at step 85: -83565.684
Current log-likelihood at step 86: -83565.674
Partition-specific rates:  0.039 0.399 0.182 0.196 0.980 0.314 6.004 4.942
Parameters optimization took 85 rounds (36.025 sec)

Wrote distance file to... 
Partition information was printed to merge56.nex.best_model.nex
BEST SCORE FOUND : -83565.674
Total tree length: 15.084

Total number of iterations: 0
CPU time used for tree search: 0.000 sec (0h:0m:0s)
Wall-clock time used for tree search: 0.000 sec (0h:0m:0s)
Total CPU time used: 36.020 sec (0h:0m:36s)
Total wall-clock time used: 36.085 sec (0h:0m:36s)

Analysis results written to: 
  IQ-TREE report:                merge56.nex.iqtree
  Tree used for ModelFinder:     merge56.nex.treefile
  Best partitioning scheme:      merge56.nex.best_scheme.nex
           in RAxML format:      merge56.nex.best_scheme
  Screen log file:               merge56.nex.log

--- Start phylogenetic dating ---
Reading date file ../input_merge/asterophryinae_dates.txt ...
5 dates extracted
Building time tree by least-square dating (LSD) with command:
lsd -i merge56.nex.timetree.subst -s 2475 -o merge56.nex.timetree -g merge56.nex.timetree.outgroup -d merge56.nex.timetree.date -z 0 
Reroot the tree(s) using given outgroups ...

TREE 1
*PROCESSING:
Reading the tree ... 
Collapse 1 (over 241) internal branches having branch length <= 0.000202
 (settable via option -l)
Parameter to adjust variances was set to 0.0206 (settable via option -b)
Minimum branch length of time scaled tree (settable via option -u and -U): 0
Estimating the root position on the branch defined by given outgroups ...

*RESULTS:
- Dating results:
 rate 0.00724484, tMRCA -29.5828 , objective function 1.15287

TOTAL ELAPSED TIME: 0.00536 seconds
LSD results written to:
  LSD report:                  merge56.nex.timetree.lsd
  Time tree in nexus format:   merge56.nex.timetree.nex
  Time tree in newick format:  merge56.nex.timetree.nwk

--- End phylogenetic dating ---
Date and Time: Tue Jun 20 13:19:18 2023
