IQ-TREE multicore version 2.2.2.6 COVID-edition for Mac OS X 64-bit built May 27 2023
Developed by Bui Quang Minh, James Barbetti, Nguyen Lam Tung,
Olga Chernomor, Heiko Schmidt, Dominik Schrempf, Michael Woodhams, Ly Trong Nhan.

Host:    Marguerites-MacBook-Pro.local (AVX2, FMA3, 16 GB RAM)
Command: iqtree2 -s ../../mesquite_alignment/asterophryinae_20230527.phy -p nomerge08.nex.best_scheme.nex -B 1000 -o UMMZ219489_Scaphiophryne_marmorata --date ../input/asterophryinae_dates.txt --date-tip 0
Seed:    348455 (Using SPRNG - Scalable Parallel Random Number Generator)
Time:    Wed Jun 21 01:05:50 2023
Kernel:  AVX+FMA - 1 threads (16 CPU cores detected)

HINT: Use -nt option to specify number of threads because your CPU has 16 cores!
HINT: -nt AUTO will automatically determine the best number of threads to use.

Reading partition model file nomerge08.nex.best_scheme.nex ...
Reading alignment file ../../mesquite_alignment/asterophryinae_20230527.phy ... Phylip format detected
Alignment most likely contains DNA/RNA sequences
Constructing alignment: done in 0.0111771 secs using 75.39% CPU
Alignment has 243 sequences with 2475 columns, 1397 distinct patterns
951 parsimony-informative, 195 singleton sites, 1329 constant sites
                                                 Gap/Ambiguity  Composition  p-value
Analyzing sequences: done in 0.00136781 secs using 99.43% CPU
   1  ABTC116941_Oreophryne_A_graminis                  21.21%    passed      9.55%
   2  BPBM47733_Choerophryne_darlingtoni_complex_sp_1    0.28%    passed     96.47%
   3  BPBM47780_Cophixalus_cf__cryptotympanum            2.14%    passed     91.89%
   4  BPBM47792_Hylophorbus_cf__rufescens_14             0.24%    passed     73.43%
   5  BPBM47804_Cophixalus_darlingtoni                   5.41%    passed     97.97%
   6  BPBM31882_Paedophryne_swiftorum_complex_sp_1      22.42%    passed     19.17%
   7  BPBM47713_Paedophryne_amauensis                    0.08%    passed     92.69%
   8  BPBM47786_Callulops_sp_2                           3.68%    passed     93.47%
   9  UMMZ242263_Cophixalus_variabilis_complex_sp_1      1.25%    passed     72.15%
  10  UMMZ242338_Liophryne_aff__dentata_1                0.00%    passed     17.66%
  11  UMMZ242317_Hylophorbus_cf__rufescens_1             0.00%    passed     95.84%
  12  UMMZ242212_Austrochaperina_C_aff__palmipes_1       1.70%    passed     77.48%
  13  UMMZ242361_Mantophryne_cf__lateralis_1             0.04%    passed     85.64%
  14  UMMZ242309_Genyophryne_aff__thomsoni_1             0.44%    passed     87.07%
  15  UMMZ242349_Cophixalus_verrucosus_complex_sp_1      1.41%    passed     98.49%
  16  UMMZ242404_Oreophryne_A_sp_8                       0.00%    passed     13.68%
  17  UMMZ242232_Cophixalus_desticans_complex_sp_1       0.36%    passed     45.79%
  18  UMMZ242226_Callulops_doriae_complex_sp_1           0.20%    passed     66.15%
  19  FK16913_Paedophryne_titan                          0.48%    passed     19.31%
  20  UMMZ242398_Oreophryne_B_penelopia                  0.12%    passed     94.92%
  21  BPBM47888_Hylophorbus_cf__rufescens_13             4.24%    passed     97.92%
  22  JAM11383_Oreophryne_B_sp_5                         1.82%    passed     81.64%
  23  BPBM35843_Cophixalus_cf__pipilans_1                0.20%    passed     23.94%
  24  BPBM40083_Copiula_sp_1                             1.29%    passed     78.66%
  25  BPBM20571_Oreophryne_B_sp_2                        0.20%    passed     73.92%
  26  BPBM22664_Austrochaperina_A_sp_1                   1.58%    passed     79.89%
  27  BPBM20396_Mantophryne_cf__lateralis_1              0.24%    passed     93.85%
  28  BPBM48036_Paedophryne_sp_2                        20.00%    passed     26.99%
  29  BPBM35561_Choerophryne_gudrunae                    1.41%    passed     97.18%
  30  BPBM40135_Mantophryne_insignis                     0.12%    passed     84.17%
  31  BPBM39638_Hylophorbus_myopicus                     1.49%    passed     99.99%
  32  BPBM20572_Oreophryne_B_sp_3                        5.17%    passed     94.78%
  33  BPBM13110_Asterophrys_slateri                      0.93%    passed     34.06%
  34  BPBM33669_Callulops_wilhelmanus                    0.20%    passed     97.14%
  35  BPBM16554_Oreophryne_A_philosylleptoris            0.20%    passed     14.99%
  36  BPBM20262_Copiula_sp_2                             5.86%    passed     88.01%
  37  BPBM39000_Oreophryne_B_sp_1                        0.20%    passed     83.71%
  38  BPBM34677_Oreophryne_A_cameroni                    5.74%    passed     47.62%
  39  BPBM38990_Oreophryne_A_sp_2                        0.81%    passed     25.21%
  40  BPBM16181_Hylophorbus_cf__rufescens_2              0.24%    passed     96.64%
  41  BPBM39048_Cophixalus_sp_3                          0.69%    passed     49.14%
  42  BPBM34688_Oreophryne_A_biroi                       0.16%    passed     28.32%
  43  BPBM38939_Copiula_sp_7                            20.04%    passed     38.28%
  44  BPBM22675_Choerophryne_longirostris                0.12%    passed     95.84%
  45  BPBM18450_Hylophorbus_cf__rufescens_6              0.20%    passed     83.41%
  46  BPBM22504_Hylophorbus_cf__rufescens_12             1.45%    passed     82.71%
  47  BPBM39357_Oreophryne_B_sp_6                        0.32%    passed     87.04%
  48  BPBM20522_Oreophryne_A_aurora                      0.28%    passed     94.28%
  49  BPBM40145_Oreophryne_A_sp_6                        2.46%    passed     30.65%
  50  BPBM39569_Hylophorbus_cf__rufescens_9              0.04%    passed     99.01%
  51  BPBM22780_Mantophryne_cf__lateralis_3              1.25%    passed     99.37%
  52  BPBM39007_Copiula_sp_3                            20.97%    passed     20.72%
  53  BPBM19265_Mantophryne_cf__lateralis_4              1.29%    passed     99.09%
  54  BPBM33763_Oreophryne_A_anamiatoi                   0.12%    passed     59.28%
  55  BPBM22692_Cophixalus_balbus                        1.45%    passed     98.69%
  56  BPBM39244_Oreophryne_A_sp_3                        1.58%    passed     45.35%
  57  BPBM22689_Oreophryne_A_cf__cameroni                1.82%    passed     47.97%
  58  BPBM18430_Cophixalus_albolineatus                  1.21%    passed     68.12%
  59  BPBM38988_Oreophryne_B_sp_4                        2.34%    passed     84.17%
  60  BPBM33707_Cophixalus_caverniphilus                 1.98%    passed     83.33%
  61  BPBM39991_Choerophryne_bryonopsis                  1.70%    passed     58.79%
  62  BPBM39631_Hylophorbus_cf__rufescens_7              0.24%    passed     98.62%
  63  BPBM19320_Cophixalus_nexipus                       1.70%    passed     88.30%
  64  BPBM37122_Callulops_sp_1                           0.04%    passed     91.58%
  65  BPBM34724_Hylophorbus_atrifasciatus                0.04%    passed     90.35%
  66  BPBM18392_Cophixalus_cheesmanae_complex_sp_1       3.07%    passed     75.09%
  67  BPBM39929_Liophryne_miniafia                       0.00%    passed     96.71%
  68  BPBM35866_Hylophorbus_cf__rufescens_15             0.04%    passed     95.71%
  69  BPBM17959_Cophixalus_sp_4                          0.16%    passed     93.36%
  70  BPBM40000_Austrochaperina_A_sp_2                   0.04%    passed     80.32%
  71  BPBM19277_Cophixalus_iovaorum                      0.16%    passed     86.61%
  72  BPBM19338_Hylophorbus_cf__rufescens_10             0.20%    passed     99.67%
  73  BPBM37232_Hylophorbus_cf__rufescens_3              0.28%    passed     96.46%
  74  BPBM38914_Barygenys_maculata                       0.12%    passed     12.48%
  75  BPBM19371_Oreophryne_A_sp_4                        0.00%    passed     76.04%
  76  BPBM33749_Hylophorbus_richardsi                    0.08%    passed     85.68%
  77  BPBM18429_Cophixalus_albolineatus                  2.55%    passed     84.93%
  78  BPBM33664_Choerophryne_darlingtoni_complex_sp_2    0.81%    passed     98.97%
  79  BPBM34679_Choerophryne_proboscidea                 0.57%    passed     92.16%
  80  BPBM20538_Oreophryne_B_sp_3                        0.85%    passed     99.66%
  81  BPBM19314_Cophixalus_ateles                        2.18%    passed     95.88%
  82  BPBM38992_Oreophryne_A_sp_2                        1.98%    passed     32.16%
  83  BPBM39510_Oreophryne_B_phoebe                      1.54%    passed     55.09%
  84  BPBM37718_Cophixalus_clapporum                    20.97%    passed     29.43%
  85  BPBM39344_Oreophryne_B_sp_4                        1.25%    passed     47.26%
  86  BPBM38904_Barygenys_apodasta                       1.62%    passed     59.57%
  87  BPBM20126_Barygenys_aff__exsul_1                   1.78%    passed     37.71%
  88  BPBM15814_Cophixalus_variabilis_complex_sp_2       5.17%    passed     97.39%
  89  BPBM15708_Cophixalus_desticans_complex_sp_2        0.16%    passed     62.84%
  90  BPBM33674_Oreophryne_A_notata                      2.79%    failed      2.70%
  91  BPBM35692_Hylophorbus_cf__proekes                  1.78%    passed     61.30%
  92  BPBM20141_Callulops_doriae_complex_sp_2            1.78%    passed     44.43%
  93  BPBM17048_Hylophorbus_cf__rufescens_11             1.82%    passed     97.23%
  94  BPBM18509_Oreophryne_A_lemur                       1.41%    passed     85.36%
  95  BPBM33780_Xenorhina_parkerorum                     2.75%    passed     65.65%
  96  BPBM15259_Barygenys_resima                         1.94%    passed     46.96%
  97  BPBM20501_Oreophryne_B_meliades                    0.32%    passed     84.93%
  98  BPBM35986_Hylophorbus_cf__rufescens_17             2.02%    passed     95.61%
  99  BPBM27491_Cophixalus_verrucosus_complex_sp_3       1.13%    passed     84.53%
 100  BPBM15775_Oreophryne_B_equus                       1.45%    passed     73.95%
 101  BPBM15410_Mantophryne_cf__lateralis_2              1.25%    passed     97.74%
 102  BPBM39366_Oreophryne_A_sp_5                        1.86%    passed     85.78%
 103  BPBM37753_Paedophryne_dekot                        1.86%    passed     98.15%
 104  BPBM15707_Cophixalus_sp_5                          0.08%    passed     91.41%
 105  BPBM35735_Austrochaperina_B_sp_3                   0.00%    passed     96.97%
 106  TNHC58922_Oreophryne_B_variabilis                  3.19%    passed     63.47%
 107  CMNH1366_Oreophryne_A_anulata                      2.30%    passed     10.09%
 108  KU321316_Oreophryne_A_nana                         1.78%    passed     12.42%
 109  BPBM18605_Copiula_fistulans                        0.36%    passed     87.37%
 110  BPBM41683_Aphantophryne_B_pansa.3-Omunia_Camp      3.03%    passed     96.17%
 111  BPBM41681_Aphantophryne_B_pansa.3-Omunia_Camp      4.57%    passed     99.64%
 112  BPBM41685_Aphantophryne_B_pansa.3-Omunia_Camp      1.37%    passed     99.58%
 113  BPBM41682_Aphantophryne_B_pansa.3-Omunia_Camp      1.37%    passed     97.50%
 114  BPBM17084_Copiula_oxyrhina                         1.25%    passed     92.19%
 115  BPBM13862_Austrochaperina_B_macrorhyncha           0.85%    passed     96.89%
 116  BPBM18351_Choerophryne_gunnari                     2.26%    passed     53.32%
 117  BPBM20357_Genyophryne_thomsoni                     1.94%    passed     66.57%
 118  BPBM22740_Hylophorbus_cf__rufescens_16             1.13%    passed     95.74%
 119  BPBM20369_Hylophorbus_extimus                      0.85%    passed     97.32%
 120  BPBM22761_Hylophorbus_proekes                      0.85%    passed     97.50%
 121  BPBM15373_Liophryne_aff__dentata_2                 1.37%    passed     39.86%
 122  BPBM22754_Liophryne_schlaginhaufeni                1.13%    passed     51.32%
 123  BPBM20142_Mantophryne_louisiadensis                3.39%    passed     84.93%
 124  BPBM22511_Oreophryne_A_brachypus                   1.58%    passed     44.48%
 125  BPBM18510_Oreophryne_A_cf__geislerorum_1           1.17%    passed     28.54%
 126  BPBM17847_Choerophryne_sanguinopictus              1.66%    passed     98.69%
 127  BPBM16217_Oreophryne_A_inornata                    0.93%    passed     66.60%
 128  BPBM16546_Oreophryne_B_insulana                    2.63%    passed     77.54%
 129  BPBM22539_Oreophryne_A_loriae                      1.41%    passed     71.70%
 130  BPBM17890_Oxydactyla_crassa                        1.21%    passed     76.22%
 131  BPBM31477_Mantophryne_menziesi                     0.89%    passed     97.70%
 132  BPBM22793_Sphenophryne_cornuta                     3.64%    passed     60.22%
 133  BPBM22797_Xenorhina_arboricola                     0.89%    failed      3.82%
 134  BPBM28179_Xenorhina_mehelyi                        0.89%    passed     16.59%
 135  BPBM14060_Xenorhina_ocellata                       2.46%    passed     37.00%
 136  BPBM22795_Xenorhina_tumulus                        0.81%    passed      6.45%
 137  BPBM28153_Asterophrys_leucopus                     0.89%    passed     61.81%
 138  BPBM22649_Choerophryne_brunhildae                  0.97%    passed     90.84%
 139  BPBM18317_Choerophryne_exclamitans                 1.54%    passed     91.37%
 140  BPBM28204_Asterophrys_turpicola                    0.97%    passed     58.86%
 141  BPBM22665_Austrochaperina_B_basipalmata            1.62%    passed     71.42%
 142  BPBM22656_Austrochaperina_B_blumi                  1.29%    passed     90.15%
 143  BPBM22708_Copiula_tyleri                           0.04%    passed     73.84%
 144  BPBM22481_Austrochaperina_A_novaebritanniae        1.66%    passed     85.30%
 145  BPBM20112_Austrochaperina_A_yelaensis              3.84%    passed     71.99%
 146  BPBM15234_Austrochaperina_C_aff__palmipes_3        0.12%    passed     96.68%
 147  BPBM25756_Barygenys_atra                           0.85%    passed     48.80%
 148  BPBM25760_Barygenys_sp                             0.04%    passed     99.76%
 149  BPBM18504_Callulops_personatus                     0.89%    passed     99.31%
 150  BPBM13155_Callulops_eremnosphax                    1.62%    passed     91.50%
 151  BPBM20215_Cophixalus_cupricarenus                  2.51%    passed     94.72%
 152  BPBM20197_Cophixalus_melanops                      2.34%    passed     67.49%
 153  BPBM15665_Copiula_minor                            1.13%    passed     64.01%
 154  BPBM20287_Copiula_sp_6                            22.38%    passed     16.64%
 155  BPBM17827_Copiula_sp_4                             1.13%    passed     88.97%
 156  BPBM18388_Austrochaperina_A_parkeri                0.85%    passed     88.37%
 157  BPBM15355_Hylophorbus_cf__rufescens_4              1.13%    passed     85.72%
 158  BPBM18033_Hylophorbus_cf__rufescens_8              1.05%    passed     96.59%
 159  BPBM18441_Hylophorbus_cf__rufescens_12             1.45%    passed     82.05%
 160  BPBM18315_Liophryne_allisoni                       0.85%    passed     56.84%
 161  BPBM19360_Liophryne_magnitympanum                  1.29%    passed     64.63%
 162  BPBM20397_Mantophryne_axanthogaster                0.89%    passed     99.82%
 163  BPBM22784_Oreophryne_A_parkeri                    21.70%    passed     21.52%
 164  BPBM18128_Oreophryne_B_picticrus                   1.90%    passed     63.74%
 165  BPBM18002_Oreophryne_A_sp_7                        1.90%    passed     69.63%
 166  BPBM17980_Oreophryne_B_matawan                     6.95%    passed     80.26%
 167  BPBM22668_Austrochaperina_B_septentrionalis        1.86%    passed     64.19%
 168  BPBM22789_Oreophryne_A_parkopanorum                1.17%    passed     14.80%
 169  BPBM21474_Xenorhina_adisca                         1.09%    passed     36.91%
 170  BPBM22685_Choerophryne_rostellifer                 0.12%    passed     87.98%
 171  UMMZ211174_Dyscophis_antongilli                    2.18%    passed     83.75%
 172  UMMZ211181_Platypelis_grandis                      2.42%    passed     70.24%
 173  UMMZ219489_Scaphiophryne_marmorata                 0.08%    passed     78.02%
 174  BPBM20128_Barygenys_exsul                          0.89%    passed      8.09%
 175  ZMB74609_Asterophrys_senglaubi                     1.37%    passed     49.03%
 176  ZMB70535_Asterophrys_eurydactylus                  1.29%    passed     19.20%
 177  ZMB70187_Asterophrys_cf__marani                    1.58%    passed     20.41%
 178  ZMB63882_Asterophrys_marani                        2.63%    passed     41.04%
 179  ZMB70185_Asterophrys_cf__marani                    1.54%    passed     20.66%
 180  FK15527_Paedophryne_verrucosa                      1.49%    passed     23.68%
 181  BPBM39156_Oreophryne_A_sp_1                        0.81%    passed     33.73%
 182  BPBM19236_Callulops_bicolor                        1.54%    passed     56.88%
 183  BPBM35836_Callulops_microtis                       0.93%    passed     88.48%
 184  BPBM34741_Xenorhina_obesa                          0.85%    passed     34.03%
 185  BPBM20532_Oreophryne_B_sp_3                        0.89%    passed     99.80%
 186  BPBM15232_Austrochaperina_C_aff__palmipes_3        0.89%    passed     85.63%
 187  BPBM20469_Oreophryne_B_ezra                        4.16%    passed     43.13%
 188  BPBM33637_Choerophryne_murrita                     0.97%    passed     98.62%
 189  BPBM40143_Oreophryne_B_brunnea                     0.04%    passed     46.21%
 190  BPBM18097_Cophixalus_timidus                       1.29%    passed     86.62%
 191  BPBM20440_Oreophryne_B_meliades                    0.32%    passed     87.83%
 192  BPBM34697_Xenorhina_oxycephala                     0.00%    passed     29.10%
 193  BPBM16806_Callulops_robustus                       0.04%    passed     91.68%
 194  MB233_Cophixalus_sp_1                              2.71%    passed     72.25%
 195  MB291_Paedophryne_sp_1                             3.64%    passed     82.45%
 196  MB294_Hylophorbus_cf__rufescens_12                 0.04%    passed     87.76%
 197  MB300_Choerophryne_gunnari                         0.12%    passed     45.68%
 198  MB302_Cophixalus_sp_2                              0.00%    passed     54.57%
 199  MB309_Copiula_sp_5                                 2.51%    passed     68.74%
 200  MB327_Xenorhina_sp_1                              19.64%    passed     13.01%
 201  MB331_Mantophryne_cf__lateralis_4                  0.04%    passed     89.04%
 202  MB342_Oreophryne_A_loriae                          1.25%    passed     65.21%
 203  MB463_Choerophryne_sp_2                            0.44%    passed     84.51%
 204  MB466_Choerophryne_sp_1                            0.00%    passed     99.97%
 205  MB470_Cophixalus_cheesmanae_complex_sp_2           1.25%    passed     38.85%
 206  MB472_Choerophryne_sp_4                            0.00%    passed     58.32%
 207  MB475_Austrochaperina_C_aff__palmipes_4            0.00%    passed     98.73%
 208  MB479_Mantophryne_cf__lateralis_5                  2.91%    passed     97.33%
 209  MB482_Cophixalus_linnaeus                          0.24%    passed     86.61%
 210  MB483_Hylophorbus_cf__rufescens_5                  0.04%    passed     83.80%
 211  MB484_Oreophryne_A_cf__geislerorum_2               0.73%    passed     21.20%
 212  MB486_Paedophryne_swiftorum_complex_sp_2           6.51%    passed     30.11%
 213  MB508_Callulops_doriae_complex_sp_1                1.17%    passed     41.26%
 214  MB518_Mantophryne_cf__lateralis_1                  3.23%    passed     95.34%
 215  MB539_Austrochaperina_C_aff__palmipes_2            1.17%    passed     73.66%
 216  MB556_Hylophorbus_cf__rufescens_1                  1.25%    passed     94.67%
 217  MB571_Cophixalus_variabilis_complex_sp_3           0.00%    passed     93.13%
 218  MB583_Cophixalus_verrucosus_complex_sp_2           1.17%    passed     97.96%
 219  MB593_Liophryne_aff__dentata_3                     1.25%    passed     47.32%
 220  MB617_Cophixalus_desticans_complex_sp_1            0.00%    passed     44.75%
 221  MB626_Genyophryne_aff__thomsoni_2                  1.41%    passed     96.99%
 222  MB627_Oreophryne_B_penelopia                       1.33%    passed     80.92%
 223  BPBM31979_Hylophorbus_cf__rufescens_5              3.27%    passed     84.86%
 224  BPBM26182_Cophixalus_tomaiodactylus                1.29%    passed     98.98%
 225  BPBM23740_Callulops_personatus                     1.09%    passed     99.20%
 226  BPBM25837_Choerophryne_sp_3                        1.45%    passed     97.75%
 227  BPBM26194_Cophixalus_phaeobalius                   1.41%    passed     98.50%
 228  BPBM25754_Choerophryne_sp_4                        1.41%    passed     55.30%
 229  BPBM31337_Cophixalus_linnaeus                      1.37%    passed     86.56%
 230  BPBM31847_Cophixalus_cf__pipilans_2                0.28%    passed     71.98%
 231  BPBM31853_Genyophryne_aff__thomsoni_3              2.83%    passed     43.85%
 232  BPBM31808_Choerophryne_sp_1                        1.45%    passed     97.99%
 233  BPBM35367_Choerophryne_sp_4                        0.04%    passed     66.59%
 234  AA24862_Asterophrys_sp                             2.34%    passed     16.35%
 235  BPBM44363_Aphantophryne_sabini-Myola_GH            0.12%    passed     98.52%
 236  BPBM44369_Aphantophryne_sabini-Myola_GH            0.20%    passed     99.05%
 237  BPBM44373_Aphantophryne_sabini-Myola_GH            0.20%    passed     98.72%
 238  BJE1120_Oreophryne_A_senckenbergiana               1.29%    passed     44.37%
 239  BJE1143_Oreophryne_A_senckenbergiana               1.21%    passed     43.67%
 240  BJE1144_Oreophryne_A_senckenbergiana               1.21%    passed     43.14%
 241  BJE1248_Oreophryne_A_frontifasciata                1.58%    passed     63.05%
 242  BPBM43952_Aphantophryne_pansa                      1.62%    passed     99.66%
 243  BPBM43954_Aphantophryne_pansa                      1.29%    passed     99.95%
****  TOTAL                                              2.05%  2 sequences failed composition chi2 test (p-value<5%; df=3)

Loading 15 partitions...
Identifying sites to remove: done in 0.000500917 secs using 98.42% CPU
Identifying sites to remove: done in 0.000549078 secs using 88.15% CPU
Identifying sites to remove: done in 0.000915051 secs using 71.36% CPU
Identifying sites to remove: done in 0.000816107 secs using 73.27% CPU
Identifying sites to remove: done in 0.000520945 secs using 91.95% CPU
Identifying sites to remove: done in 0.000643969 secs using 86.03% CPU
Subset	Type	Seqs	Sites	Infor	Invar	Model	Name
1	DNA	243	136	4	118	TNe+I+G4	sia_pos1
2	DNA	243	136	0	128	JC+I+G4	sia_pos2
WARNING: No parsimony-informative sites in partition sia_pos2
3	DNA	243	135	72	45	TN+F+I+G4	sia_pos3
4		243	173	78	78	K2P+G4	bdnf_pos1
5	DNA	243	172	16	154	TVMe+I+G4	bdnf_pos2
6	DNA	243	172	4	163	TIMe+I+G4	bdnf_pos3
7	DNA	243	185	16	144	TIM2+F+I+G4	nxc_pos1
8	DNA	243	185	10	164	GTR+F+I+G4	nxc_pos2
9	DNA	243	185	96	52	TN+F+G4	nxc_pos3
10	DNA	242	170	86	72	TPM2+I+G4	cyb_pos1
11	DNA	242	170	59	99	GTR+F+I+G4	cyb_pos2
12	DNA	242	170	170	0	GTR+F+ASC+G4	cyb_pos3
13	DNA	235	162	110	39	TIM2+F+I+G4	nd4_pos1
14	DNA	235	162	68	73	GTR+F+I+G4	nd4_pos2
15	DNA	235	162	162	0	TN+F+ASC+G4	nd4_pos3
Degree of missing data: 0.007
Info: multi-threading strategy over partitions


Create initial parsimony tree by phylogenetic likelihood library (PLL)... 0.146 seconds
Generating 1000 samples for ultrafast bootstrap (seed: 348455)...

NOTE: 55 MB RAM (0 GB) is required!
Estimate model parameters (epsilon = 0.100)
Initial log-likelihood: -99171.553
Current log-likelihood at step 1: -85998.931
Current log-likelihood at step 2: -84727.954
Current log-likelihood at step 3: -84668.901
Current log-likelihood at step 4: -84594.904
Current log-likelihood at step 5: -84563.533
Current log-likelihood at step 6: -84557.956
Current log-likelihood at step 7: -84554.099
Current log-likelihood at step 8: -84550.761
Current log-likelihood at step 9: -84547.502
Current log-likelihood at step 10: -84544.389
Current log-likelihood at step 11: -84527.153
Current log-likelihood at step 12: -84521.489
Current log-likelihood at step 13: -84518.410
Current log-likelihood at step 14: -84515.380
Current log-likelihood at step 15: -84512.306
Current log-likelihood at step 16: -84509.185
Current log-likelihood at step 17: -84506.011
Current log-likelihood at step 18: -84502.786
Current log-likelihood at step 19: -84499.502
Current log-likelihood at step 20: -84496.161
Current log-likelihood at step 21: -84492.756
Current log-likelihood at step 22: -84489.288
Current log-likelihood at step 23: -84485.752
Current log-likelihood at step 24: -84482.145
Current log-likelihood at step 25: -84478.464
Current log-likelihood at step 26: -84474.705
Current log-likelihood at step 27: -84470.866
Current log-likelihood at step 28: -84466.941
Current log-likelihood at step 29: -84462.928
Current log-likelihood at step 30: -84458.819
Current log-likelihood at step 31: -84454.611
Current log-likelihood at step 32: -84450.298
Current log-likelihood at step 33: -84445.873
Current log-likelihood at step 34: -84441.331
Current log-likelihood at step 35: -84436.665
Current log-likelihood at step 36: -84431.867
Current log-likelihood at step 37: -84426.931
Current log-likelihood at step 38: -84421.850
Current log-likelihood at step 39: -84416.614
Current log-likelihood at step 40: -84411.216
Current log-likelihood at step 41: -84405.644
Current log-likelihood at step 42: -84399.888
Current log-likelihood at step 43: -84393.934
Current log-likelihood at step 44: -84387.767
Current log-likelihood at step 45: -84381.369
Current log-likelihood at step 46: -84374.720
Current log-likelihood at step 47: -84367.797
Current log-likelihood at step 48: -84360.571
Current log-likelihood at step 49: -84353.008
Current log-likelihood at step 50: -84345.068
Current log-likelihood at step 51: -84336.702
Current log-likelihood at step 52: -84327.851
Current log-likelihood at step 53: -84318.441
Current log-likelihood at step 54: -84308.380
Current log-likelihood at step 55: -84297.558
Current log-likelihood at step 56: -84285.836
Current log-likelihood at step 57: -84273.046
Current log-likelihood at step 58: -84243.560
Current log-likelihood at step 59: -84147.985
Current log-likelihood at step 60: -84128.154
Current log-likelihood at step 61: -84125.348
Current log-likelihood at step 62: -84122.503
Current log-likelihood at step 63: -84119.578
Current log-likelihood at step 64: -84116.490
Current log-likelihood at step 65: -84017.729
Current log-likelihood at step 66: -84017.496
Current log-likelihood at step 67: -84017.383
Current log-likelihood at step 68: -84017.290
Partition-specific rates:  0.304 0.641 0.987 0.567 0.285 0.305 0.202 0.379 0.436 1.569 0.736 2.751 2.486 0.783 2.694
Parameters optimization took 67 rounds (65.438 sec)


WARNING: Estimated model parameters are at boundary that can cause numerical instability!

Wrote distance file to... 
Computing ML distances based on estimated model parameters...
Calculating distance matrix: done in 0.0130291 secs using 84.62% CPU
Computing ML distances took 0.013989 sec (of wall-clock time) 0.011208 sec (of CPU time)
Setting up auxiliary I and S matrices: done in 0.000939131 secs using 141% CPU
Constructing RapidNJ tree: done in 0.00204802 secs using 181.3% CPU
Computing RapidNJ tree took 0.003177 sec (of wall-clock time) 0.005251 sec (of CPU time)
Log-likelihood of RapidNJ tree: -124612.590
--------------------------------------------------------------------
|             INITIALIZING CANDIDATE TREE SET                      |
--------------------------------------------------------------------
Generating 98 parsimony trees... 13.906 second
Computing log-likelihood of 98 initial trees ... 40.589 seconds
Current best score: -84017.290

Do NNI search on 20 best initial trees
Optimizing NNI: done in 6.51677 secs using 99.77% CPU
Estimate model parameters (epsilon = 0.100)
Initial log-likelihood: -83707.496
Current log-likelihood at step 1: -83704.125
Current log-likelihood at step 2: -83703.738
Current log-likelihood at step 3: -83703.600
Current log-likelihood at step 4: -83703.436
Current log-likelihood at step 5: -83703.326
Current log-likelihood at step 6: -83703.253
Parameters optimization took 5 rounds (5.555 sec)


WARNING: Estimated model parameters are at boundary that can cause numerical instability!

BETTER TREE FOUND at iteration 1: -83703.253
Optimizing NNI: done in 8.33674 secs using 99.84% CPU
Optimizing NNI: done in 8.68751 secs using 99.88% CPU
Optimizing NNI: done in 8.73713 secs using 99.89% CPU
Optimizing NNI: done in 10.5683 secs using 99.88% CPU
Optimizing NNI: done in 11.9913 secs using 99.8% CPU
Estimate model parameters (epsilon = 0.100)
Initial log-likelihood: -83695.153
Current log-likelihood at step 1: -83694.520
Current log-likelihood at step 2: -83694.252
Current log-likelihood at step 3: -83693.615
Current log-likelihood at step 4: -83693.470
Current log-likelihood at step 5: -83693.342
Current log-likelihood at step 6: -83693.258
Parameters optimization took 5 rounds (5.376 sec)


WARNING: Estimated model parameters are at boundary that can cause numerical instability!

BETTER TREE FOUND at iteration 6: -83693.258
Optimizing NNI: done in 9.74924 secs using 99.82% CPU
Optimizing NNI: done in 11.1152 secs using 99.88% CPU
Estimate model parameters (epsilon = 0.100)
Initial log-likelihood: -83682.473
Current log-likelihood at step 1: -83681.623
Current log-likelihood at step 2: -83681.527
Parameters optimization took 1 rounds (1.899 sec)


WARNING: Estimated model parameters are at boundary that can cause numerical instability!

BETTER TREE FOUND at iteration 8: -83681.527
Optimizing NNI: done in 9.10959 secs using 99.87% CPU
Optimizing NNI: done in 10.6279 secs using 99.85% CPU
Estimate model parameters (epsilon = 0.100)
Initial log-likelihood: -83680.370
Current log-likelihood at step 1: -83677.942
Current log-likelihood at step 2: -83677.477
Current log-likelihood at step 3: -83677.264
Current log-likelihood at step 4: -83677.158
Current log-likelihood at step 5: -83677.070
Parameters optimization took 4 rounds (5.116 sec)


WARNING: Estimated model parameters are at boundary that can cause numerical instability!

BETTER TREE FOUND at iteration 10: -83677.070
Iteration 10 / LogL: -83677.070 / Time: 0h:3m:56s
Optimizing NNI: done in 11.6439 secs using 99.87% CPU
Optimizing NNI: done in 7.69509 secs using 99.85% CPU
Optimizing NNI: done in 8.92521 secs using 99.84% CPU
Optimizing NNI: done in 8.27561 secs using 99.88% CPU
Optimizing NNI: done in 9.70198 secs using 99.87% CPU
Optimizing NNI: done in 9.39676 secs using 99.88% CPU
Optimizing NNI: done in 8.91084 secs using 99.78% CPU
Optimizing NNI: done in 10.0624 secs using 99.76% CPU
Optimizing NNI: done in 9.74865 secs using 99.71% CPU
Optimizing NNI: done in 11.2094 secs using 99.69% CPU
Iteration 20 / LogL: -83726.918 / Time: 0h:5m:32s
Finish initializing candidate tree set (20)
Current best tree score: -83677.070 / CPU time: 264.160
Number of iterations: 20
--------------------------------------------------------------------
|               OPTIMIZING CANDIDATE TREE SET                      |
--------------------------------------------------------------------
Optimizing NNI: done in 6.64307 secs using 99.69% CPU
Estimate model parameters (epsilon = 0.100)
Initial log-likelihood: -83673.567
Current log-likelihood at step 1: -83673.007
Current log-likelihood at step 2: -83672.885
Current log-likelihood at step 3: -83672.780
Current log-likelihood at step 4: -83672.666
Current log-likelihood at step 5: -83672.550
Current log-likelihood at step 6: -83672.445
Current log-likelihood at step 7: -83672.348
Parameters optimization took 6 rounds (6.210 sec)


WARNING: Estimated model parameters are at boundary that can cause numerical instability!

BETTER TREE FOUND at iteration 21: -83672.348
Optimizing NNI: done in 6.00737 secs using 99.76% CPU
Optimizing NNI: done in 5.92593 secs using 99.82% CPU
Optimizing NNI: done in 6.64233 secs using 99.83% CPU
Optimizing NNI: done in 5.77129 secs using 99.74% CPU
Optimizing NNI: done in 6.28758 secs using 99.76% CPU
Optimizing NNI: done in 5.79756 secs using 99.74% CPU
Optimizing NNI: done in 5.25037 secs using 99.8% CPU
Optimizing NNI: done in 6.12296 secs using 99.8% CPU
Optimizing NNI: done in 5.62977 secs using 99.75% CPU
Iteration 30 / LogL: -83678.085 / Time: 0h:6m:40s (0h:20m:54s left)
Optimizing NNI: done in 5.29871 secs using 99.78% CPU
Optimizing NNI: done in 6.06876 secs using 99.72% CPU
Estimate model parameters (epsilon = 0.100)
Initial log-likelihood: -83671.834
Current log-likelihood at step 1: -83671.119
Current log-likelihood at step 2: -83670.840
Current log-likelihood at step 3: -83670.722
Current log-likelihood at step 4: -83670.631
Parameters optimization took 3 rounds (3.595 sec)


WARNING: Estimated model parameters are at boundary that can cause numerical instability!

BETTER TREE FOUND at iteration 32: -83670.631
Optimizing NNI: done in 5.37232 secs using 99.8% CPU
Estimate model parameters (epsilon = 0.100)
Initial log-likelihood: -83669.547
Current log-likelihood at step 1: -83669.254
Current log-likelihood at step 2: -83669.162
Parameters optimization took 1 rounds (2.000 sec)


WARNING: Estimated model parameters are at boundary that can cause numerical instability!

BETTER TREE FOUND at iteration 33: -83669.162
Optimizing NNI: done in 7.1736 secs using 99.81% CPU
Optimizing NNI: done in 6.08367 secs using 99.76% CPU
Optimizing NNI: done in 5.92853 secs using 99.71% CPU
Optimizing NNI: done in 6.12345 secs using 99.7% CPU
Estimate model parameters (epsilon = 0.100)
Initial log-likelihood: -83668.393
Current log-likelihood at step 1: -83667.937
Current log-likelihood at step 2: -83667.788
Current log-likelihood at step 3: -83667.699
Parameters optimization took 2 rounds (2.709 sec)


WARNING: Estimated model parameters are at boundary that can cause numerical instability!

BETTER TREE FOUND at iteration 37: -83667.699
Optimizing NNI: done in 6.48997 secs using 99.77% CPU
Optimizing NNI: done in 5.68858 secs using 99.73% CPU
Optimizing NNI: done in 5.49334 secs using 99.8% CPU
Iteration 40 / LogL: -83693.632 / Time: 0h:7m:48s (0h:19m:25s left)
Optimizing NNI: done in 6.73905 secs using 99.79% CPU
Optimizing NNI: done in 5.74625 secs using 99.47% CPU
Optimizing NNI: done in 5.97918 secs using 99.73% CPU
Optimizing NNI: done in 5.68803 secs using 99.78% CPU
Optimizing NNI: done in 6.86379 secs using 99.71% CPU
Optimizing NNI: done in 7.03691 secs using 99.81% CPU
Estimate model parameters (epsilon = 0.100)
Initial log-likelihood: -83661.635
Current log-likelihood at step 1: -83660.955
Current log-likelihood at step 2: -83660.789
Current log-likelihood at step 3: -83660.692
Parameters optimization took 2 rounds (2.746 sec)


WARNING: Estimated model parameters are at boundary that can cause numerical instability!

BETTER TREE FOUND at iteration 46: -83660.692
Optimizing NNI: done in 5.99839 secs using 99.88% CPU
Optimizing NNI: done in 6.48711 secs using 99.85% CPU
Optimizing NNI: done in 5.99063 secs using 99.82% CPU
Optimizing NNI: done in 6.21988 secs using 99.81% CPU
Iteration 50 / LogL: -83668.155 / Time: 0h:8m:55s (0h:17m:28s left)
Log-likelihood cutoff on original alignment: -83790.200
Optimizing NNI: done in 5.73142 secs using 99.85% CPU
Optimizing NNI: done in 6.45172 secs using 99.86% CPU
Optimizing NNI: done in 6.21944 secs using 99.84% CPU
Optimizing NNI: done in 5.30053 secs using 99.82% CPU
Optimizing NNI: done in 6.75981 secs using 99.87% CPU
Optimizing NNI: done in 5.49038 secs using 99.9% CPU
Optimizing NNI: done in 5.7981 secs using 99.85% CPU
Optimizing NNI: done in 6.08032 secs using 99.86% CPU
Optimizing NNI: done in 5.88636 secs using 99.84% CPU
Optimizing NNI: done in 5.76523 secs using 99.93% CPU
Iteration 60 / LogL: -83671.952 / Time: 0h:9m:56s (0h:14m:29s left)
Optimizing NNI: done in 6.51046 secs using 99.84% CPU
Optimizing NNI: done in 5.81254 secs using 99.85% CPU
Optimizing NNI: done in 6.77842 secs using 99.85% CPU
Optimizing NNI: done in 6.7404 secs using 99.87% CPU
Optimizing NNI: done in 6.80073 secs using 99.88% CPU
Optimizing NNI: done in 5.81479 secs using 99.85% CPU
Optimizing NNI: done in 5.7348 secs using 99.78% CPU
Optimizing NNI: done in 5.47684 secs using 99.82% CPU
Optimizing NNI: done in 6.00294 secs using 99.85% CPU
Optimizing NNI: done in 6.70828 secs using 99.86% CPU
Iteration 70 / LogL: -83665.665 / Time: 0h:10m:59s (0h:12m:6s left)
Optimizing NNI: done in 5.39321 secs using 99.85% CPU
Optimizing NNI: done in 5.40913 secs using 99.83% CPU
Optimizing NNI: done in 5.49778 secs using 99.92% CPU
Optimizing NNI: done in 6.47491 secs using 99.88% CPU
Estimate model parameters (epsilon = 0.100)
Initial log-likelihood: -83652.518
Current log-likelihood at step 1: -83651.298
Current log-likelihood at step 2: -83651.063
Current log-likelihood at step 3: -83650.967
Parameters optimization took 2 rounds (2.782 sec)


WARNING: Estimated model parameters are at boundary that can cause numerical instability!

BETTER TREE FOUND at iteration 74: -83650.967
Optimizing NNI: done in 6.52822 secs using 99.86% CPU
Optimizing NNI: done in 7.57176 secs using 99.86% CPU
Optimizing NNI: done in 5.86353 secs using 99.84% CPU
Optimizing NNI: done in 6.73567 secs using 99.87% CPU
Optimizing NNI: done in 6.82238 secs using 99.88% CPU
Optimizing NNI: done in 6.03778 secs using 99.95% CPU
Iteration 80 / LogL: -83657.730 / Time: 0h:12m:5s (0h:14m:23s left)
Optimizing NNI: done in 6.866 secs using 99.87% CPU
Optimizing NNI: done in 5.92046 secs using 99.88% CPU
Optimizing NNI: done in 6.87177 secs using 99.85% CPU
Optimizing NNI: done in 5.67249 secs using 99.83% CPU
Estimate model parameters (epsilon = 0.100)
Initial log-likelihood: -83649.282
Current log-likelihood at step 1: -83649.059
Current log-likelihood at step 2: -83648.965
Parameters optimization took 1 rounds (2.003 sec)


WARNING: Estimated model parameters are at boundary that can cause numerical instability!

BETTER TREE FOUND at iteration 84: -83648.965
Optimizing NNI: done in 6.16328 secs using 99.85% CPU
Optimizing NNI: done in 5.70178 secs using 99.91% CPU
Optimizing NNI: done in 5.2447 secs using 99.87% CPU
Optimizing NNI: done in 5.88544 secs using 99.87% CPU
Optimizing NNI: done in 7.02335 secs using 99.84% CPU
Optimizing NNI: done in 6.77794 secs using 99.87% CPU
Iteration 90 / LogL: -83652.492 / Time: 0h:13m:10s (0h:13m:54s left)
Optimizing NNI: done in 6.05308 secs using 99.94% CPU
Optimizing NNI: done in 5.96515 secs using 99.86% CPU
Optimizing NNI: done in 5.89868 secs using 99.89% CPU
Optimizing NNI: done in 6.52628 secs using 99.87% CPU
Optimizing NNI: done in 5.84501 secs using 99.88% CPU
Optimizing NNI: done in 5.12109 secs using 99.85% CPU
Optimizing NNI: done in 5.79865 secs using 99.86% CPU
Optimizing NNI: done in 6.62799 secs using 99.86% CPU
Optimizing NNI: done in 6.40056 secs using 99.89% CPU
Estimate model parameters (epsilon = 0.100)
Initial log-likelihood: -83644.071
Current log-likelihood at step 1: -83643.904
Current log-likelihood at step 2: -83643.811
Parameters optimization took 1 rounds (1.750 sec)


WARNING: Estimated model parameters are at boundary that can cause numerical instability!

BETTER TREE FOUND at iteration 99: -83643.811
Optimizing NNI: done in 6.70269 secs using 99.91% CPU
Iteration 100 / LogL: -83646.175 / Time: 0h:14m:14s (0h:14m:14s left)
Log-likelihood cutoff on original alignment: -83790.200
NOTE: Bootstrap correlation coefficient of split occurrence frequencies: 0.981
NOTE: UFBoot does not converge, continue at least 100 more iterations
Optimizing NNI: done in 5.81315 secs using 99.93% CPU
Optimizing NNI: done in 6.35936 secs using 99.87% CPU
Optimizing NNI: done in 6.58371 secs using 99.85% CPU
Optimizing NNI: done in 7.79585 secs using 99.86% CPU
Optimizing NNI: done in 6.01744 secs using 99.85% CPU
Optimizing NNI: done in 6.55984 secs using 99.87% CPU
Optimizing NNI: done in 6.22248 secs using 99.93% CPU
Optimizing NNI: done in 6.35758 secs using 99.87% CPU
Optimizing NNI: done in 5.99911 secs using 99.85% CPU
Optimizing NNI: done in 6.20426 secs using 99.86% CPU
Iteration 110 / LogL: -83645.002 / Time: 0h:15m:20s (0h:12m:39s left)
Optimizing NNI: done in 5.79327 secs using 99.86% CPU
Optimizing NNI: done in 5.86487 secs using 99.89% CPU
Optimizing NNI: done in 6.01941 secs using 99.83% CPU
Optimizing NNI: done in 6.11193 secs using 99.8% CPU
Optimizing NNI: done in 5.70287 secs using 99.89% CPU
Optimizing NNI: done in 6.44054 secs using 99.84% CPU
Optimizing NNI: done in 6.64772 secs using 99.88% CPU
Optimizing NNI: done in 6.20248 secs using 99.85% CPU
Optimizing NNI: done in 5.27197 secs using 99.87% CPU
Optimizing NNI: done in 6.42686 secs using 99.92% CPU
Iteration 120 / LogL: -83647.311 / Time: 0h:16m:21s (0h:10m:59s left)
Optimizing NNI: done in 6.67457 secs using 99.87% CPU
Optimizing NNI: done in 5.93277 secs using 99.86% CPU
Optimizing NNI: done in 7.49096 secs using 99.84% CPU
Optimizing NNI: done in 6.37061 secs using 99.88% CPU
Optimizing NNI: done in 5.86668 secs using 99.91% CPU
Optimizing NNI: done in 5.55073 secs using 99.89% CPU
Optimizing NNI: done in 6.20409 secs using 99.84% CPU
Optimizing NNI: done in 7.16943 secs using 99.86% CPU
Optimizing NNI: done in 6.07269 secs using 99.88% CPU
Optimizing NNI: done in 5.13948 secs using 99.87% CPU
Iteration 130 / LogL: -83689.657 / Time: 0h:17m:24s (0h:9m:26s left)
Optimizing NNI: done in 6.80307 secs using 99.88% CPU
Optimizing NNI: done in 5.63041 secs using 99.84% CPU
Optimizing NNI: done in 5.96858 secs using 99.85% CPU
Optimizing NNI: done in 5.79425 secs using 99.91% CPU
Optimizing NNI: done in 7.03071 secs using 99.87% CPU
Optimizing NNI: done in 5.84104 secs using 99.82% CPU
Optimizing NNI: done in 6.62587 secs using 99.79% CPU
Optimizing NNI: done in 6.17789 secs using 99.83% CPU
Optimizing NNI: done in 6.06244 secs using 99.85% CPU
Optimizing NNI: done in 5.62254 secs using 99.86% CPU
Iteration 140 / LogL: -83645.024 / Time: 0h:18m:27s (0h:7m:57s left)
Optimizing NNI: done in 6.26257 secs using 99.87% CPU
Optimizing NNI: done in 5.97105 secs using 99.79% CPU
Optimizing NNI: done in 5.96505 secs using 99.9% CPU
Optimizing NNI: done in 5.99402 secs using 99.8% CPU
Optimizing NNI: done in 5.78925 secs using 99.77% CPU
Optimizing NNI: done in 5.4187 secs using 99.73% CPU
Optimizing NNI: done in 6.57643 secs using 99.86% CPU
Optimizing NNI: done in 5.82777 secs using 99.76% CPU
Optimizing NNI: done in 6.49799 secs using 99.84% CPU
Optimizing NNI: done in 6.34487 secs using 99.82% CPU
Iteration 150 / LogL: -83661.624 / Time: 0h:19m:28s (0h:6m:32s left)
Log-likelihood cutoff on original alignment: -83790.200
Optimizing NNI: done in 5.73598 secs using 99.81% CPU
Optimizing NNI: done in 5.39882 secs using 99.91% CPU
Optimizing NNI: done in 5.87442 secs using 99.89% CPU
Optimizing NNI: done in 5.54696 secs using 99.85% CPU
Optimizing NNI: done in 6.70335 secs using 99.88% CPU
Optimizing NNI: done in 6.15878 secs using 99.93% CPU
Optimizing NNI: done in 5.93541 secs using 99.85% CPU
Optimizing NNI: done in 5.99913 secs using 99.84% CPU
Optimizing NNI: done in 6.16879 secs using 99.84% CPU
Optimizing NNI: done in 5.87421 secs using 99.91% CPU
Iteration 160 / LogL: -83645.118 / Time: 0h:20m:30s (0h:5m:9s left)
Optimizing NNI: done in 6.31032 secs using 99.87% CPU
Optimizing NNI: done in 6.22635 secs using 99.84% CPU
Estimate model parameters (epsilon = 0.100)
Initial log-likelihood: -83643.789
Current log-likelihood at step 1: -83643.708
Parameters optimization took 0 rounds (0.827 sec)


WARNING: Estimated model parameters are at boundary that can cause numerical instability!

UPDATE BEST LOG-LIKELIHOOD: -83643.708
Optimizing NNI: done in 6.42547 secs using 99.82% CPU
Optimizing NNI: done in 4.56238 secs using 99.91% CPU
Optimizing NNI: done in 5.38892 secs using 99.88% CPU
Optimizing NNI: done in 6.04474 secs using 99.86% CPU
Optimizing NNI: done in 5.67138 secs using 99.86% CPU
Optimizing NNI: done in 6.81855 secs using 99.85% CPU
Optimizing NNI: done in 5.67528 secs using 99.89% CPU
Optimizing NNI: done in 6.20636 secs using 99.82% CPU
Iteration 170 / LogL: -83650.676 / Time: 0h:21m:31s (0h:3m:49s left)
Optimizing NNI: done in 5.86338 secs using 99.88% CPU
Optimizing NNI: done in 5.46437 secs using 99.9% CPU
Optimizing NNI: done in 6.78543 secs using 99.85% CPU
Optimizing NNI: done in 6.26031 secs using 99.86% CPU
Optimizing NNI: done in 5.71533 secs using 99.83% CPU
Optimizing NNI: done in 5.98606 secs using 99.83% CPU
Optimizing NNI: done in 5.4908 secs using 99.86% CPU
Optimizing NNI: done in 6.5478 secs using 99.87% CPU
Optimizing NNI: done in 7.80245 secs using 99.86% CPU
Optimizing NNI: done in 6.89164 secs using 99.9% CPU
Iteration 180 / LogL: -83647.161 / Time: 0h:22m:35s (0h:2m:31s left)
Optimizing NNI: done in 5.90807 secs using 99.8% CPU
Optimizing NNI: done in 6.17619 secs using 99.87% CPU
Optimizing NNI: done in 5.93125 secs using 99.88% CPU
Optimizing NNI: done in 6.18084 secs using 99.87% CPU
Optimizing NNI: done in 6.66039 secs using 99.83% CPU
Optimizing NNI: done in 6.34956 secs using 99.84% CPU
Optimizing NNI: done in 5.3916 secs using 99.92% CPU
Optimizing NNI: done in 7.05251 secs using 99.82% CPU
Optimizing NNI: done in 5.54227 secs using 99.88% CPU
Optimizing NNI: done in 6.84399 secs using 99.86% CPU
Iteration 190 / LogL: -83666.942 / Time: 0h:23m:38s (0h:1m:15s left)
Optimizing NNI: done in 5.99447 secs using 99.85% CPU
Optimizing NNI: done in 5.80804 secs using 99.93% CPU
Optimizing NNI: done in 5.62033 secs using 99.88% CPU
Estimate model parameters (epsilon = 0.100)
Initial log-likelihood: -83643.450
Current log-likelihood at step 1: -83643.232
Current log-likelihood at step 2: -83643.152
Parameters optimization took 1 rounds (1.881 sec)


WARNING: Estimated model parameters are at boundary that can cause numerical instability!

BETTER TREE FOUND at iteration 193: -83643.152
Optimizing NNI: done in 7.04626 secs using 99.85% CPU
Optimizing NNI: done in 5.72856 secs using 99.87% CPU
Optimizing NNI: done in 5.70848 secs using 99.85% CPU
Optimizing NNI: done in 6.14177 secs using 99.9% CPU
Optimizing NNI: done in 6.78192 secs using 99.84% CPU
Optimizing NNI: done in 5.8746 secs using 99.86% CPU
Optimizing NNI: done in 5.18251 secs using 99.83% CPU
Iteration 200 / LogL: -83646.515 / Time: 0h:24m:40s (0h:11m:31s left)
Log-likelihood cutoff on original alignment: -83790.200
NOTE: Bootstrap correlation coefficient of split occurrence frequencies: 0.993
Optimizing NNI: done in 6.84203 secs using 99.86% CPU
Optimizing NNI: done in 6.19811 secs using 98.74% CPU
Optimizing NNI: done in 5.90059 secs using 99.87% CPU
Optimizing NNI: done in 6.79252 secs using 99.85% CPU
Optimizing NNI: done in 7.20104 secs using 99.85% CPU
Optimizing NNI: done in 6.10922 secs using 99.83% CPU
Optimizing NNI: done in 6.54242 secs using 99.8% CPU
Optimizing NNI: done in 5.34992 secs using 99.81% CPU
Optimizing NNI: done in 5.88165 secs using 99.79% CPU
Optimizing NNI: done in 6.21727 secs using 99.85% CPU
Iteration 210 / LogL: -83646.656 / Time: 0h:25m:45s (0h:11m:5s left)
Optimizing NNI: done in 5.19837 secs using 99.93% CPU
Optimizing NNI: done in 5.41247 secs using 99.78% CPU
Optimizing NNI: done in 6.42174 secs using 99.84% CPU
Optimizing NNI: done in 5.20595 secs using 99.86% CPU
Optimizing NNI: done in 7.0585 secs using 99.84% CPU
Optimizing NNI: done in 6.16281 secs using 99.83% CPU
Optimizing NNI: done in 6.31319 secs using 99.86% CPU
Optimizing NNI: done in 6.27322 secs using 99.82% CPU
Optimizing NNI: done in 7.89105 secs using 99.82% CPU
Optimizing NNI: done in 6.4738 secs using 99.6% CPU
Iteration 220 / LogL: -83646.503 / Time: 0h:26m:49s (0h:9m:47s left)
Optimizing NNI: done in 6.05836 secs using 99.86% CPU
Optimizing NNI: done in 6.62894 secs using 99.84% CPU
Optimizing NNI: done in 6.04334 secs using 99.49% CPU
Optimizing NNI: done in 4.90427 secs using 99.78% CPU
Optimizing NNI: done in 5.37947 secs using 99.86% CPU
Optimizing NNI: done in 6.42841 secs using 99.84% CPU
Optimizing NNI: done in 5.28213 secs using 99.85% CPU
Optimizing NNI: done in 6.19175 secs using 99.79% CPU
Optimizing NNI: done in 6.1433 secs using 99.91% CPU
Optimizing NNI: done in 5.68082 secs using 99.86% CPU
Iteration 230 / LogL: -83647.651 / Time: 0h:27m:49s (0h:8m:30s left)
Optimizing NNI: done in 6.94635 secs using 99.83% CPU
Optimizing NNI: done in 6.53537 secs using 99.83% CPU
Optimizing NNI: done in 6.75106 secs using 99.85% CPU
Optimizing NNI: done in 6.36434 secs using 99.84% CPU
Optimizing NNI: done in 5.87186 secs using 99.88% CPU
Optimizing NNI: done in 6.38153 secs using 99.86% CPU
Optimizing NNI: done in 6.03806 secs using 99.85% CPU
Optimizing NNI: done in 5.7472 secs using 99.81% CPU
Optimizing NNI: done in 6.46238 secs using 99.87% CPU
Optimizing NNI: done in 6.30651 secs using 99.86% CPU
Iteration 240 / LogL: -83649.406 / Time: 0h:28m:53s (0h:7m:15s left)
Optimizing NNI: done in 6.23647 secs using 99.85% CPU
Optimizing NNI: done in 6.31937 secs using 99.84% CPU
Optimizing NNI: done in 4.73957 secs using 99.87% CPU
Optimizing NNI: done in 6.24783 secs using 99.86% CPU
Optimizing NNI: done in 5.41369 secs using 99.84% CPU
Optimizing NNI: done in 5.57076 secs using 99.83% CPU
Optimizing NNI: done in 5.61959 secs using 99.79% CPU
Optimizing NNI: done in 7.53099 secs using 99.71% CPU
Optimizing NNI: done in 6.94645 secs using 99.74% CPU
Optimizing NNI: done in 6.15651 secs using 99.73% CPU
Iteration 250 / LogL: -83652.208 / Time: 0h:29m:55s (0h:6m:0s left)
Log-likelihood cutoff on original alignment: -83790.200
Optimizing NNI: done in 6.23697 secs using 99.71% CPU
Optimizing NNI: done in 5.86715 secs using 99.75% CPU
Optimizing NNI: done in 5.84741 secs using 99.8% CPU
Optimizing NNI: done in 6.15269 secs using 99.71% CPU
Optimizing NNI: done in 5.5701 secs using 99.7% CPU
Optimizing NNI: done in 5.86263 secs using 99.75% CPU
Optimizing NNI: done in 5.22509 secs using 99.8% CPU
Optimizing NNI: done in 5.44735 secs using 99.71% CPU
Optimizing NNI: done in 6.05797 secs using 99.75% CPU
Optimizing NNI: done in 6.66802 secs using 99.75% CPU
Iteration 260 / LogL: -83643.155 / Time: 0h:30m:56s (0h:4m:46s left)
Optimizing NNI: done in 5.91164 secs using 99.82% CPU
Optimizing NNI: done in 6.44107 secs using 99.71% CPU
Optimizing NNI: done in 5.54264 secs using 99.71% CPU
Optimizing NNI: done in 5.9282 secs using 99.75% CPU
Optimizing NNI: done in 5.60159 secs using 99.82% CPU
Optimizing NNI: done in 5.00154 secs using 99.73% CPU
Optimizing NNI: done in 5.85828 secs using 99.79% CPU
Optimizing NNI: done in 5.84446 secs using 99.91% CPU
Optimizing NNI: done in 6.7851 secs using 99.84% CPU
Optimizing NNI: done in 6.45659 secs using 99.84% CPU
Iteration 270 / LogL: -83674.105 / Time: 0h:31m:56s (0h:3m:33s left)
Optimizing NNI: done in 6.12809 secs using 99.85% CPU
Optimizing NNI: done in 6.2096 secs using 99.89% CPU
Optimizing NNI: done in 6.39829 secs using 99.87% CPU
Optimizing NNI: done in 6.46077 secs using 99.89% CPU
Optimizing NNI: done in 6.58089 secs using 99.87% CPU
Optimizing NNI: done in 6.59757 secs using 99.86% CPU
Optimizing NNI: done in 5.9469 secs using 99.82% CPU
Optimizing NNI: done in 5.76778 secs using 99.9% CPU
Optimizing NNI: done in 6.07824 secs using 99.83% CPU
Optimizing NNI: done in 7.82046 secs using 99.86% CPU
Iteration 280 / LogL: -83644.797 / Time: 0h:33m:1s (0h:2m:22s left)
Optimizing NNI: done in 6.02893 secs using 99.82% CPU
Optimizing NNI: done in 6.27616 secs using 99.87% CPU
Optimizing NNI: done in 5.66673 secs using 99.89% CPU
Optimizing NNI: done in 6.46479 secs using 99.91% CPU
Optimizing NNI: done in 5.89957 secs using 99.86% CPU
Optimizing NNI: done in 5.50173 secs using 99.82% CPU
Optimizing NNI: done in 6.45148 secs using 99.85% CPU
Optimizing NNI: done in 5.72736 secs using 99.93% CPU
Optimizing NNI: done in 6.40491 secs using 99.85% CPU
Optimizing NNI: done in 6.91213 secs using 99.85% CPU
Iteration 290 / LogL: -83643.739 / Time: 0h:34m:4s (0h:1m:10s left)
Optimizing NNI: done in 6.19302 secs using 99.85% CPU
Optimizing NNI: done in 6.44586 secs using 99.86% CPU
Optimizing NNI: done in 6.70456 secs using 99.89% CPU
Optimizing NNI: done in 6.06021 secs using 99.88% CPU
TREE SEARCH COMPLETED AFTER 294 ITERATIONS / Time: 0h:34m:30s

--------------------------------------------------------------------
|                    FINALIZING TREE SEARCH                        |
--------------------------------------------------------------------
Performs final model parameters optimization
Estimate model parameters (epsilon = 0.010)
Initial log-likelihood: -83643.152
Current log-likelihood at step 1: -83643.071
Current log-likelihood at step 2: -83642.996
Current log-likelihood at step 3: -83642.916
Current log-likelihood at step 4: -83642.842
Current log-likelihood at step 5: -83642.768
Current log-likelihood at step 6: -83642.691
Current log-likelihood at step 7: -83642.616
Current log-likelihood at step 8: -83642.542
Current log-likelihood at step 9: -83642.469
Current log-likelihood at step 10: -83642.395
Current log-likelihood at step 11: -83642.323
Current log-likelihood at step 12: -83642.251
Current log-likelihood at step 13: -83642.179
Current log-likelihood at step 14: -83642.108
Current log-likelihood at step 15: -83642.037
Current log-likelihood at step 16: -83641.967
Current log-likelihood at step 17: -83641.897
Current log-likelihood at step 18: -83641.827
Current log-likelihood at step 19: -83641.759
Current log-likelihood at step 20: -83641.690
Current log-likelihood at step 21: -83641.622
Current log-likelihood at step 22: -83641.555
Current log-likelihood at step 23: -83641.487
Current log-likelihood at step 24: -83641.421
Current log-likelihood at step 25: -83641.355
Current log-likelihood at step 26: -83641.289
Current log-likelihood at step 27: -83641.224
Current log-likelihood at step 28: -83641.159
Current log-likelihood at step 29: -83641.097
Current log-likelihood at step 30: -83641.035
Current log-likelihood at step 31: -83640.973
Current log-likelihood at step 32: -83640.912
Current log-likelihood at step 33: -83640.849
Current log-likelihood at step 34: -83640.790
Current log-likelihood at step 35: -83640.730
Current log-likelihood at step 36: -83640.671
Current log-likelihood at step 37: -83640.613
Current log-likelihood at step 38: -83640.554
Current log-likelihood at step 39: -83640.498
Current log-likelihood at step 40: -83640.441
Current log-likelihood at step 41: -83640.386
Current log-likelihood at step 42: -83640.330
Current log-likelihood at step 43: -83640.275
Current log-likelihood at step 44: -83640.220
Current log-likelihood at step 45: -83640.165
Current log-likelihood at step 46: -83640.112
Current log-likelihood at step 47: -83640.059
Current log-likelihood at step 48: -83640.006
Current log-likelihood at step 49: -83639.954
Current log-likelihood at step 50: -83639.902
Current log-likelihood at step 51: -83639.851
Current log-likelihood at step 52: -83639.800
Current log-likelihood at step 53: -83639.750
Current log-likelihood at step 54: -83639.700
Current log-likelihood at step 55: -83639.650
Current log-likelihood at step 56: -83639.601
Current log-likelihood at step 57: -83639.553
Current log-likelihood at step 58: -83639.505
Current log-likelihood at step 59: -83639.457
Current log-likelihood at step 60: -83639.409
Current log-likelihood at step 61: -83639.362
Current log-likelihood at step 62: -83639.315
Current log-likelihood at step 63: -83639.269
Current log-likelihood at step 64: -83639.223
Current log-likelihood at step 65: -83639.178
Current log-likelihood at step 66: -83639.133
Current log-likelihood at step 67: -83639.088
Current log-likelihood at step 68: -83639.044
Current log-likelihood at step 69: -83639.000
Current log-likelihood at step 70: -83638.957
Current log-likelihood at step 71: -83638.914
Current log-likelihood at step 72: -83638.871
Current log-likelihood at step 73: -83638.828
Current log-likelihood at step 74: -83638.787
Current log-likelihood at step 75: -83638.745
Current log-likelihood at step 76: -83638.704
Current log-likelihood at step 77: -83638.662
Current log-likelihood at step 78: -83638.622
Current log-likelihood at step 79: -83638.581
Current log-likelihood at step 80: -83638.541
Current log-likelihood at step 81: -83638.501
Current log-likelihood at step 82: -83638.462
Current log-likelihood at step 83: -83638.422
Current log-likelihood at step 84: -83638.384
Current log-likelihood at step 85: -83638.337
Current log-likelihood at step 86: -83638.289
Current log-likelihood at step 87: -83638.243
Current log-likelihood at step 88: -83638.196
Current log-likelihood at step 89: -83638.149
Current log-likelihood at step 90: -83638.101
Current log-likelihood at step 91: -83638.055
Current log-likelihood at step 92: -83638.010
Current log-likelihood at step 93: -83637.965
Current log-likelihood at step 94: -83637.921
Current log-likelihood at step 95: -83637.876
Current log-likelihood at step 96: -83637.833
Current log-likelihood at step 97: -83637.789
Current log-likelihood at step 98: -83637.746
Current log-likelihood at step 99: -83637.704
Partition-specific rates:  0.200 0.267 1.089 0.552 0.215 0.175 0.176 0.388 0.424 1.689 0.590 2.931 2.617 0.843 2.918
Parameters optimization took 99 rounds (101.894 sec)


WARNING: Estimated model parameters are at boundary that can cause numerical instability!

Partition information was printed to nomerge08.nex.best_scheme.nex.best_model.nex
BEST SCORE FOUND : -83637.704
Creating bootstrap support values...
Split supports printed to NEXUS file nomerge08.nex.best_scheme.nex.splits.nex
Total tree length: 6.532

Total number of iterations: 294
CPU time used for tree search: 1997.511 sec (0h:33m:17s)
Wall-clock time used for tree search: 2001.627 sec (0h:33m:21s)
Total CPU time used: 2168.910 sec (0h:36m:8s)
Total wall-clock time used: 2173.205 sec (0h:36m:13s)

Computing bootstrap consensus tree...
Reading input file nomerge08.nex.best_scheme.nex.splits.nex...
243 taxa and 1028 splits.
Consensus tree written to nomerge08.nex.best_scheme.nex.contree
Reading input trees file nomerge08.nex.best_scheme.nex.contree
Log-likelihood of consensus tree: -83639.065

Analysis results written to: 
  IQ-TREE report:                nomerge08.nex.best_scheme.nex.iqtree
  Maximum-likelihood tree:       nomerge08.nex.best_scheme.nex.treefile
  Likelihood distances:          nomerge08.nex.best_scheme.nex.mldist

Ultrafast bootstrap approximation results written to:
  Split support values:          nomerge08.nex.best_scheme.nex.splits.nex
  Consensus tree:                nomerge08.nex.best_scheme.nex.contree
  Screen log file:               nomerge08.nex.best_scheme.nex.log

--- Start phylogenetic dating ---
Reading date file ../input/asterophryinae_dates.txt ...
5 dates extracted
Building time tree by least-square dating (LSD) with command:
lsd -i nomerge08.nex.best_scheme.nex.timetree.subst -s 2475 -o nomerge08.nex.best_scheme.nex.timetree -g nomerge08.nex.best_scheme.nex.timetree.outgroup -d nomerge08.nex.best_scheme.nex.timetree.date -z 0 
Reroot the tree(s) using given outgroups ...

TREE 1
*PROCESSING:
Reading the tree ... 
Collapse 0 (over 241) internal branches having branch length <= 0.000202
 (settable via option -l)
Parameter to adjust variances was set to 0.0092 (settable via option -b)
Minimum branch length of time scaled tree (settable via option -u and -U): 0
Estimating the root position on the branch defined by given outgroups ...

*RESULTS:
- Dating results:
 rate 0.00318024, tMRCA -29.3467 , objective function 0.474675

TOTAL ELAPSED TIME: 0.00794 seconds
LSD results written to:
  LSD report:                  nomerge08.nex.best_scheme.nex.timetree.lsd
  Time tree in nexus format:   nomerge08.nex.best_scheme.nex.timetree.nex
  Time tree in newick format:  nomerge08.nex.best_scheme.nex.timetree.nwk

--- End phylogenetic dating ---
Date and Time: Wed Jun 21 01:42:06 2023
