IQ-TREE multicore version 2.2.0 COVID-edition for Windows 64-bit built Jun  1 2022
Developed by Bui Quang Minh, James Barbetti, Nguyen Lam Tung,
Olga Chernomor, Heiko Schmidt, Dominik Schrempf, Michael Woodhams, Ly Trong Nhan.

Host:    MSI (AVX512, FMA3, 15 GB RAM)
Command: C:\Users\Marguerite Butler\Documents\iqtree-2.2.0-Windows\bin\iqtree2.exe -s asterophryinae_20230305.phy -p nomerge10.nex -m TEST -B 1000 -o UMMZ219489_Scaphiophryne_marmorata --date asterophryinae_dates.txt --date-tip 0 -mset JC,F81,K80,HKY,TN,TNe,TPM2,TPM2u,TPM3,TPM3u,TIM,TIMe,TIM2,TIM2e,TIM3,TIM3e,TVMe,TVM,SYM,GTR
Seed:    217657 (Using SPRNG - Scalable Parallel Random Number Generator)
Time:    Sun Mar 12 10:48:46 2023
Kernel:  AVX+FMA - 1 threads (16 CPU cores detected)

HINT: Use -nt option to specify number of threads because your CPU has 16 cores!
HINT: -nt AUTO will automatically determine the best number of threads to use.

Reading partition model file nomerge10.nex ...
Reading alignment file asterophryinae_20230305.phy ... Phylip format detected
Alignment most likely contains DNA/RNA sequences
Constructing alignment: done in 0.0036421 secs
Alignment has 241 sequences with 2475 columns, 1396 distinct patterns
951 parsimony-informative, 195 singleton sites, 1329 constant sites
                                                 Gap/Ambiguity  Composition  p-value
Analyzing sequences: done in 0.0005995 secs using 2606% CPU
   1  ABTC116941_Oreophryne_A_graminis                  21.21%    passed      9.71%
   2  BPBM47733_Choerophryne_darlingtoni_complex_sp_1    0.28%    passed     96.60%
   3  BPBM47780_Cophixalus_cf__cryptotympanum            2.14%    passed     91.67%
   4  BPBM47792_Hylophorbus_cf__rufescens_14            20.85%    passed     24.73%
   5  BPBM47804_Cophixalus_darlingtoni                   5.41%    passed     98.10%
   6  BPBM31882_Paedophryne_swiftorum_complex_sp_1      22.42%    passed     19.52%
   7  BPBM47713_Paedophryne_amauensis                    0.08%    passed     92.53%
   8  BPBM47786_Callulops_sp_2                           3.68%    passed     93.38%
   9  UMMZ242263_Cophixalus_variabilis_complex_sp_1      1.25%    passed     72.08%
  10  UMMZ242338_Liophryne_aff__dentata_1                0.00%    passed     17.75%
  11  UMMZ242317_Hylophorbus_cf__rufescens_1             0.00%    passed     95.92%
  12  UMMZ242212_Austrochaperina_C_aff__palmipes_1       1.70%    passed     77.36%
  13  UMMZ242361_Mantophryne_cf__lateralis_1             0.04%    passed     85.97%
  14  UMMZ242309_Genyophryne_aff__thomsoni_1             0.44%    passed     87.40%
  15  UMMZ242349_Cophixalus_verrucosus_complex_sp_1      1.41%    passed     98.39%
  16  UMMZ242404_Oreophryne_A_sp_8                       0.00%    passed     13.57%
  17  UMMZ242232_Cophixalus_desticans_complex_sp_1       0.36%    passed     45.73%
  18  UMMZ242226_Callulops_doriae_complex_sp_1           0.20%    passed     65.99%
  19  FK16913_Paedophryne_titan                          0.48%    passed     19.15%
  20  UMMZ242398_Oreophryne_B_penelopia                  0.12%    passed     94.97%
  21  BPBM47888_Hylophorbus_cf__rufescens_13             4.24%    passed     97.91%
  22  JAM11383_Oreophryne_B_sp_5                         1.82%    passed     81.25%
  23  BPBM35843_Cophixalus_cf__pipilans_1                0.20%    passed     23.99%
  24  BPBM40083_Copiula_sp_1                             1.29%    passed     78.83%
  25  BPBM20571_Oreophryne_B_sp_2                        0.20%    passed     74.23%
  26  BPBM22664_Austrochaperina_A_sp_1                   1.58%    passed     79.76%
  27  BPBM20396_Mantophryne_cf__lateralis_1              0.24%    passed     94.07%
  28  BPBM48036_Paedophryne_sp_2                        20.00%    passed     27.41%
  29  BPBM35561_Choerophryne_gudrunae                    1.41%    passed     97.20%
  30  BPBM40135_Mantophryne_insignis                     0.12%    passed     84.40%
  31  BPBM39638_Hylophorbus_myopicus                     1.49%    passed    100.00%
  32  BPBM20572_Oreophryne_B_sp_3                        5.17%    passed     95.08%
  33  BPBM13110_Asterophrys_slateri                      0.93%    passed     34.14%
  34  BPBM33669_Callulops_wilhelmanus                    0.20%    passed     97.12%
  35  BPBM16554_Oreophryne_A_philosylleptoris            0.20%    passed     14.90%
  36  BPBM20262_Copiula_sp_2                             5.86%    passed     88.13%
  37  BPBM39000_Oreophryne_B_sp_1                        0.20%    passed     83.57%
  38  BPBM34677_Oreophryne_A_cameroni                    5.74%    passed     47.88%
  39  BPBM38990_Oreophryne_A_sp_2                        0.81%    passed     25.28%
  40  BPBM16181_Hylophorbus_cf__rufescens_2              0.24%    passed     96.81%
  41  BPBM39048_Cophixalus_sp_3                          0.69%    passed     49.47%
  42  BPBM34688_Oreophryne_A_biroi                       0.16%    passed     28.23%
  43  BPBM38939_Copiula_sp_7                            20.04%    passed     38.88%
  44  BPBM22675_Choerophryne_longirostris                0.12%    passed     95.90%
  45  BPBM18450_Hylophorbus_cf__rufescens_6              0.20%    passed     83.63%
  46  BPBM22504_Hylophorbus_cf__rufescens_12             1.45%    passed     82.58%
  47  BPBM39357_Oreophryne_B_sp_6                        0.32%    passed     87.01%
  48  BPBM20522_Oreophryne_A_aurora                      0.28%    passed     94.40%
  49  BPBM40145_Oreophryne_A_sp_6                        2.46%    passed     30.55%
  50  BPBM39569_Hylophorbus_cf__rufescens_9              0.04%    passed     99.01%
  51  BPBM22780_Mantophryne_cf__lateralis_3              1.25%    passed     99.39%
  52  BPBM39007_Copiula_sp_3                            20.97%    passed     21.16%
  53  BPBM19265_Mantophryne_cf__lateralis_4              1.29%    passed     99.16%
  54  BPBM33763_Oreophryne_A_anamiatoi                   0.12%    passed     59.29%
  55  BPBM22692_Cophixalus_balbus                        1.41%    passed     98.67%
  56  BPBM39244_Oreophryne_A_sp_3                        1.58%    passed     45.36%
  57  BPBM22689_Oreophryne_A_cf__cameroni                1.82%    passed     48.15%
  58  BPBM18430_Cophixalus_albolineatus                  1.21%    passed     68.02%
  59  BPBM38988_Oreophryne_B_sp_4                        2.34%    passed     83.93%
  60  BPBM33707_Cophixalus_caverniphilus                 1.98%    passed     83.04%
  61  BPBM39991_Choerophryne_bryonopsis                  1.70%    passed     58.86%
  62  BPBM39631_Hylophorbus_cf__rufescens_7              0.24%    passed     98.72%
  63  BPBM19320_Cophixalus_nexipus                       1.70%    passed     88.14%
  64  BPBM37122_Callulops_sp_1                           0.04%    passed     91.62%
  65  BPBM34724_Hylophorbus_atrifasciatus                0.04%    passed     90.27%
  66  BPBM18392_Cophixalus_cheesmanae_complex_sp_1       3.07%    passed     74.80%
  67  BPBM39929_Liophryne_miniafia                       0.00%    passed     96.69%
  68  BPBM35866_Hylophorbus_cf__rufescens_15             0.04%    passed     95.82%
  69  BPBM17959_Cophixalus_sp_4                          0.16%    passed     93.15%
  70  BPBM40000_Austrochaperina_A_sp_2                   0.04%    passed     80.15%
  71  BPBM19277_Cophixalus_iovaorum                      0.16%    passed     86.10%
  72  BPBM19338_Hylophorbus_cf__rufescens_10             0.20%    passed     99.69%
  73  BPBM37232_Hylophorbus_cf__rufescens_3              0.28%    passed     96.62%
  74  BPBM38914_Barygenys_maculata                       0.12%    passed     12.44%
  75  BPBM19371_Oreophryne_A_sp_4                        0.00%    passed     76.11%
  76  BPBM33749_Hylophorbus_richardsi                    0.08%    passed     85.61%
  77  BPBM18429_Cophixalus_albolineatus                  2.55%    passed     84.86%
  78  BPBM33664_Choerophryne_darlingtoni_complex_sp_2    0.81%    passed     98.97%
  79  BPBM34679_Choerophryne_proboscidea                 0.57%    passed     92.40%
  80  BPBM20538_Oreophryne_B_sp_3                        0.85%    passed     99.71%
  81  BPBM19314_Cophixalus_ateles                        2.18%    passed     96.02%
  82  BPBM38992_Oreophryne_A_sp_2                        1.98%    passed     32.27%
  83  BPBM39510_Oreophryne_B_phoebe                      1.54%    passed     55.11%
  84  BPBM37718_Cophixalus_clapporum                    20.97%    passed     29.96%
  85  BPBM39344_Oreophryne_B_sp_4                        1.25%    passed     47.08%
  86  BPBM38904_Barygenys_apodasta                       1.62%    passed     59.40%
  87  BPBM20126_Barygenys_aff__exsul_1                   1.78%    passed     37.71%
  88  BPBM15814_Cophixalus_variabilis_complex_sp_2       5.17%    passed     97.34%
  89  BPBM15708_Cophixalus_desticans_complex_sp_2        0.16%    passed     62.78%
  90  BPBM33674_Oreophryne_A_notata                      2.79%    failed      2.69%
  91  BPBM35692_Hylophorbus_cf__proekes                  1.78%    passed     61.14%
  92  BPBM20141_Callulops_doriae_complex_sp_2            1.78%    passed     44.31%
  93  BPBM17048_Hylophorbus_cf__rufescens_11             1.82%    passed     97.14%
  94  BPBM18509_Oreophryne_A_lemur                       1.41%    passed     85.29%
  95  BPBM33780_Xenorhina_parkerorum                     2.75%    passed     65.42%
  96  BPBM15259_Barygenys_resima                         1.94%    passed     46.73%
  97  BPBM20501_Oreophryne_B_meliades                    0.32%    passed     85.03%
  98  BPBM35986_Hylophorbus_cf__rufescens_17             2.02%    passed     95.61%
  99  BPBM27491_Cophixalus_verrucosus_complex_sp_3       1.13%    passed     84.33%
 100  BPBM15775_Oreophryne_B_equus                       1.45%    passed     73.73%
 101  BPBM15410_Mantophryne_cf__lateralis_2              1.25%    passed     97.77%
 102  BPBM39366_Oreophryne_A_sp_5                        1.86%    passed     85.70%
 103  BPBM37753_Paedophryne_dekot                        1.86%    passed     98.09%
 104  BPBM15707_Cophixalus_sp_5                          0.08%    passed     91.17%
 105  BPBM35735_Austrochaperina_B_sp_3                   0.00%    passed     96.90%
 106  TNHC58922_Oreophryne_B_variabilis                  3.19%    passed     63.12%
 107  CMNH1366_Oreophryne_A_anulata                      2.30%    passed     10.04%
 108  KU321316_Oreophryne_A_nana                         1.78%    passed     12.39%
 109  BPBM18605_Copiula_fistulans                        0.36%    passed     87.45%
 110  BPBM41683_Aphantophryne_B_pansa.3-Omunia_Camp      3.03%    passed     96.28%
 111  BPBM41681_Aphantophryne_B_pansa.3-Omunia_Camp      4.57%    passed     99.65%
 112  BPBM41685_Aphantophryne_B_pansa.3-Omunia_Camp      1.37%    passed     99.61%
 113  BPBM41682_Aphantophryne_B_pansa.3-Omunia_Camp      1.37%    passed     97.54%
 114  BPBM17084_Copiula_oxyrhina                         1.25%    passed     92.24%
 115  BPBM13862_Austrochaperina_B_macrorhyncha           0.85%    passed     96.73%
 116  BPBM18351_Choerophryne_gunnari                     2.26%    passed     53.45%
 117  BPBM20357_Genyophryne_thomsoni                     1.94%    passed     66.73%
 118  BPBM22740_Hylophorbus_cf__rufescens_16             1.13%    passed     95.66%
 119  BPBM20369_Hylophorbus_extimus                      0.85%    passed     97.27%
 120  BPBM22761_Hylophorbus_proekes                      0.85%    passed     97.43%
 121  BPBM15373_Liophryne_aff__dentata_2                 1.37%    passed     39.91%
 122  BPBM22754_Liophryne_schlaginhaufeni                1.13%    passed     51.23%
 123  BPBM20142_Mantophryne_louisiadensis                3.39%    passed     85.19%
 124  BPBM22511_Oreophryne_A_brachypus                   1.58%    passed     44.28%
 125  BPBM18510_Oreophryne_A_cf__geislerorum_1           1.17%    passed     28.30%
 126  BPBM17847_Choerophryne_sanguinopictus              1.66%    passed     98.81%
 127  BPBM16217_Oreophryne_A_inornata                    0.93%    passed     66.13%
 128  BPBM16546_Oreophryne_B_insulana                    2.63%    passed     77.70%
 129  BPBM22539_Oreophryne_A_loriae                      1.41%    passed     71.49%
 130  BPBM17890_Oxydactyla_crassa                        1.21%    passed     76.18%
 131  BPBM31477_Mantophryne_menziesi                     0.89%    passed     97.87%
 132  BPBM22793_Sphenophryne_cornuta                     3.64%    passed     59.94%
 133  BPBM22797_Xenorhina_arboricola                     0.89%    failed      3.81%
 134  BPBM28179_Xenorhina_mehelyi                        0.89%    passed     16.57%
 135  BPBM14060_Xenorhina_ocellata                       2.46%    passed     37.05%
 136  BPBM22795_Xenorhina_tumulus                        0.81%    passed      6.50%
 137  BPBM28153_Asterophrys_leucopus                     0.89%    passed     62.03%
 138  BPBM22649_Choerophryne_brunhildae                  0.97%    passed     90.66%
 139  BPBM18317_Choerophryne_exclamitans                 1.54%    passed     91.32%
 140  BPBM28204_Asterophrys_turpicola                    0.97%    passed     58.59%
 141  BPBM22665_Austrochaperina_B_basipalmata            1.62%    passed     71.00%
 142  BPBM22656_Austrochaperina_B_blumi                  1.29%    passed     90.00%
 143  BPBM22708_Copiula_tyleri                           0.04%    passed     73.77%
 144  BPBM22481_Austrochaperina_A_novaebritanniae        1.66%    passed     85.13%
 145  BPBM20112_Austrochaperina_A_yelaensis              3.84%    passed     72.30%
 146  BPBM15234_Austrochaperina_C_aff__palmipes_3        0.12%    passed     96.64%
 147  BPBM25756_Barygenys_atra                           0.85%    passed     48.58%
 148  BPBM25760_Barygenys_sp                             0.04%    passed     99.75%
 149  BPBM18504_Callulops_personatus                     0.89%    passed     99.31%
 150  BPBM13155_Callulops_eremnosphax                    1.62%    passed     91.58%
 151  BPBM20215_Cophixalus_cupricarenus                  2.51%    passed     94.82%
 152  BPBM20197_Cophixalus_melanops                      2.34%    passed     67.44%
 153  BPBM15665_Copiula_minor                            1.13%    passed     64.00%
 154  BPBM20287_Copiula_sp_6                            22.38%    passed     17.00%
 155  BPBM17827_Copiula_sp_4                             1.13%    passed     89.01%
 156  BPBM18388_Austrochaperina_A_parkeri                0.85%    passed     88.19%
 157  BPBM15355_Hylophorbus_cf__rufescens_4              1.13%    passed     85.90%
 158  BPBM18033_Hylophorbus_cf__rufescens_8              1.05%    passed     96.59%
 159  BPBM18441_Hylophorbus_cf__rufescens_12             1.45%    passed     81.97%
 160  BPBM18315_Liophryne_allisoni                       0.85%    passed     56.59%
 161  BPBM19360_Liophryne_magnitympanum                  1.29%    passed     64.61%
 162  BPBM20397_Mantophryne_axanthogaster                0.89%    passed     99.79%
 163  BPBM22784_Oreophryne_A_parkeri                    21.70%    passed     21.76%
 164  BPBM18128_Oreophryne_B_picticrus                   1.90%    passed     63.58%
 165  BPBM18002_Oreophryne_A_sp_7                        1.90%    passed     69.44%
 166  BPBM17980_Oreophryne_B_matawan                     6.95%    passed     80.16%
 167  BPBM22668_Austrochaperina_B_septentrionalis        1.86%    passed     63.65%
 168  BPBM22789_Oreophryne_A_parkopanorum                1.17%    passed     14.79%
 169  BPBM21474_Xenorhina_adisca                         1.09%    passed     37.08%
 170  BPBM22685_Choerophryne_rostellifer                 0.12%    passed     88.29%
 171  UMMZ211174_Dyscophis_antongilli                    2.18%    passed     83.90%
 172  UMMZ211181_Platypelis_grandis                      2.42%    passed     70.33%
 173  UMMZ219489_Scaphiophryne_marmorata                 0.08%    passed     78.46%
 174  BPBM20128_Barygenys_exsul                          0.89%    passed      8.08%
 175  ZMB74609_Asterophrys_senglaubi                     1.37%    passed     49.29%
 176  ZMB70535_Asterophrys_eurydactylus                  1.29%    passed     19.17%
 177  ZMB70187_Asterophrys_cf__marani                    1.58%    passed     20.48%
 178  ZMB63882_Asterophrys_marani                        2.63%    passed     40.93%
 179  ZMB70185_Asterophrys_cf__marani                    1.54%    passed     20.70%
 180  FK15527_Paedophryne_verrucosa                      1.49%    passed     23.45%
 181  BPBM39156_Oreophryne_A_sp_1                        0.81%    passed     33.48%
 182  BPBM19236_Callulops_bicolor                        1.54%    passed     56.74%
 183  BPBM35836_Callulops_microtis                       0.93%    passed     88.41%
 184  BPBM34741_Xenorhina_obesa                          0.85%    passed     33.97%
 185  BPBM20532_Oreophryne_B_sp_3                        0.89%    passed     99.80%
 186  BPBM15232_Austrochaperina_C_aff__palmipes_3        0.89%    passed     85.46%
 187  BPBM20469_Oreophryne_B_ezra                        4.16%    passed     42.92%
 188  BPBM33637_Choerophryne_murrita                     0.97%    passed     98.63%
 189  BPBM40143_Oreophryne_B_brunnea                     0.04%    passed     46.13%
 190  BPBM18097_Cophixalus_timidus                       1.29%    passed     86.66%
 191  BPBM20440_Oreophryne_B_meliades                    0.32%    passed     87.91%
 192  BPBM34697_Xenorhina_oxycephala                     0.00%    passed     29.14%
 193  BPBM16806_Callulops_robustus                       0.04%    passed     91.61%
 194  MB233_Cophixalus_sp_1                              2.71%    passed     72.31%
 195  MB291_Paedophryne_sp_1                             3.64%    passed     82.03%
 196  MB294_Hylophorbus_cf__rufescens_12                 0.04%    passed     87.73%
 197  MB300_Choerophryne_gunnari                         0.12%    passed     45.91%
 198  MB302_Cophixalus_sp_2                              0.00%    passed     54.48%
 199  MB309_Copiula_sp_5                                 2.51%    passed     68.80%
 200  MB327_Xenorhina_sp_1                              19.64%    passed     13.32%
 201  MB331_Mantophryne_cf__lateralis_4                  0.04%    passed     89.33%
 202  MB342_Oreophryne_A_loriae                          1.25%    passed     64.96%
 203  MB463_Choerophryne_sp_2                            0.44%    passed     84.86%
 204  MB466_Choerophryne_sp_1                            0.00%    passed     99.97%
 205  MB470_Cophixalus_cheesmanae_complex_sp_2           1.25%    passed     38.76%
 206  MB472_Choerophryne_sp_4                            0.00%    passed     58.32%
 207  MB475_Austrochaperina_C_aff__palmipes_4            0.00%    passed     98.74%
 208  MB479_Mantophryne_cf__lateralis_5                  2.91%    passed     97.41%
 209  MB482_Cophixalus_linnaeus                          0.24%    passed     86.36%
 210  MB483_Hylophorbus_cf__rufescens_5                  0.04%    passed     83.87%
 211  MB484_Oreophryne_A_cf__geislerorum_2               0.73%    passed     21.11%
 212  MB486_Paedophryne_swiftorum_complex_sp_2           6.51%    passed     29.80%
 213  MB508_Callulops_doriae_complex_sp_1                1.17%    passed     41.07%
 214  MB518_Mantophryne_cf__lateralis_1                  3.23%    passed     95.46%
 215  MB539_Austrochaperina_C_aff__palmipes_2            1.17%    passed     73.41%
 216  MB556_Hylophorbus_cf__rufescens_1                  1.25%    passed     94.69%
 217  MB571_Cophixalus_variabilis_complex_sp_3           0.00%    passed     93.20%
 218  MB583_Cophixalus_verrucosus_complex_sp_2           1.17%    passed     97.87%
 219  MB593_Liophryne_aff__dentata_3                     1.25%    passed     47.38%
 220  MB617_Cophixalus_desticans_complex_sp_1            0.00%    passed     44.78%
 221  MB626_Genyophryne_aff__thomsoni_2                  1.41%    passed     97.10%
 222  MB627_Oreophryne_B_penelopia                       1.33%    passed     80.94%
 223  BPBM31979_Hylophorbus_cf__rufescens_5              3.27%    passed     84.96%
 224  BPBM26182_Cophixalus_tomaiodactylus                1.29%    passed     98.92%
 225  BPBM23740_Callulops_personatus                     1.09%    passed     99.22%
 226  BPBM25837_Choerophryne_sp_3                        1.45%    passed     97.88%
 227  BPBM26194_Cophixalus_phaeobalius                   1.41%    passed     98.49%
 228  BPBM25754_Choerophryne_sp_4                        1.41%    passed     55.33%
 229  BPBM31337_Cophixalus_linnaeus                      1.37%    passed     86.18%
 230  BPBM31847_Cophixalus_cf__pipilans_2                0.28%    passed     71.79%
 231  BPBM31853_Genyophryne_aff__thomsoni_3              2.83%    passed     44.14%
 232  BPBM31808_Choerophryne_sp_1                        1.45%    passed     97.91%
 233  BPBM35367_Choerophryne_sp_4                        0.04%    passed     66.71%
 234  AA24862_Asterophrys_sp                             2.34%    passed     16.37%
 235  BPBM44363_Aphantophryne_sabini-Myola_GH            0.12%    passed     98.60%
 236  BPBM44369_Aphantophryne_sabini-Myola_GH            0.20%    passed     99.09%
 237  BPBM44373_Aphantophryne_sabini-Myola_GH            0.20%    passed     98.81%
 238  BJE1120_Oreophryne_A_senckenbergiana               1.29%    passed     43.70%
 239  BJE1143_Oreophryne_A_senckenbergiana               1.21%    passed     42.99%
 240  BJE1144_Oreophryne_A_senckenbergiana               1.21%    passed     42.49%
 241  BJE1248_Oreophryne_A_frontifasciata               21.82%    passed     75.31%
****  TOTAL                                              2.23%  2 sequences failed composition chi2 test (p-value<5%; df=3)
NOTE: No CharPartition defined, use all CharSets

Loading 15 partitions...
Identifying sites to remove: done in 0.0003471 secs
Identifying sites to remove: done in 0.0002751 secs
Identifying sites to remove: done in 0.0003654 secs
Identifying sites to remove: done in 0.0005053 secs
Identifying sites to remove: done in 0.000273 secs
Identifying sites to remove: done in 0.000389 secs
Subset	Type	Seqs	Sites	Infor	Invar	Model	Name
1		241	136	4	118	TEST	sia_pos1
2		241	136	0	128	TEST	sia_pos2
WARNING: No parsimony-informative sites in partition sia_pos2
3		241	135	72	45	TEST	sia_pos3
4		241	173	78	78	TEST	bdnf_pos1
5		241	172	16	154	TEST	bdnf_pos2
6		241	172	4	163	TEST	bdnf_pos3
7		241	185	16	144	TEST	nxc_pos1
8		241	185	10	164	TEST	nxc_pos2
9		241	185	96	52	TEST	nxc_pos3
10		238	170	86	72	TEST	cyb_pos1
11		238	170	59	99	TEST	cyb_pos2
12		238	170	170	0	TEST	cyb_pos3
13		233	162	110	39	TEST	nd4_pos1
14		233	162	68	73	TEST	nd4_pos2
15		233	162	162	0	TEST	nd4_pos3
Degree of missing data: 0.009
Info: multi-threading strategy over partitions



Create initial parsimony tree by phylogenetic likelihood library (PLL)... 0.061 seconds
Perform fast likelihood tree search using GTR+I+G model...
Estimate model parameters (epsilon = 5.000)
Initial log-likelihood: -98510.043
Current log-likelihood at step 1: -85019.694
Current log-likelihood at step 2: -83554.958
Current log-likelihood at step 3: -83470.823
Current log-likelihood at step 4: -83450.626
Current log-likelihood at step 5: -83409.333
Current log-likelihood at step 6: -83397.823
Current log-likelihood at step 7: -83393.173
Parameters optimization took 6 rounds (7.733 sec)


WARNING: Estimated model parameters are at boundary that can cause numerical instability!

Perform nearest neighbor interchange...
Optimizing NNI: done in 4.7585 secs using 99.82% CPU
Estimate model parameters (epsilon = 1.000)
Initial log-likelihood: -83033.630
Current log-likelihood at step 1: -83029.561
Current log-likelihood at step 2: -83028.422
Current log-likelihood at step 3: -83027.680
Partition-specific rates:  0.349 0.258 1.051 0.487 0.220 0.143 0.634 0.385 0.432 1.526 0.564 2.859 2.532 0.805 2.800
Parameters optimization took 2 rounds (2.047 sec)


WARNING: Estimated model parameters are at boundary that can cause numerical instability!

Time for fast ML tree search: 14.562 seconds

NOTE: ModelFinder requires 6 MB RAM!
Selecting individual models for 15 charsets using BIC...
 No. Model        Score       TreeLen     Charset
   1 TNe+I+G4     1050.227    0.618       sia_pos1
   2 JC+I+G4      610.883     2.823       sia_pos2
   3 TN+F+G4      6824.612    7.660       sia_pos3
   4 K2P+I+G4     5784.605    3.177       bdnf_pos1
   5 TVMe+I+G4    1589.750    0.667       bdnf_pos2
   6 TIMe+I+G4    809.385     0.612       bdnf_pos3
   7 TIM2+F+I+G4  2051.696    0.864       nxc_pos1
   8 TIM3e+I+G4   1625.937    2.222       nxc_pos2
   9 TN+F+G4      6634.423    2.918       nxc_pos3
  10 TIM2e+I+G4   13666.104   10.810      cyb_pos1	0h:0m:20s (0h:0m:10s left)
  11 GTR+F+I+G4   5575.518    3.737       cyb_pos2	0h:0m:22s (0h:0m:8s left)
  12 TIM2+F+ASC+G4 49302.862   85.308      cyb_pos3	0h:0m:29s (0h:0m:7s left)
  13 TIM2+F+I+G4  16959.380   16.692      nd4_pos1	0h:0m:32s (0h:0m:4s left)
  14 GTR+F+I+G4   6956.817    5.411       nd4_pos2	0h:0m:36s (0h:0m:2s left)
  15 TN+F+ASC+G4  46234.895   87.386      nd4_pos3	0h:0m:42s (0h:0m:0s left)
Full partition model BIC score: 169698.693 (LnL: -82567.660  df:584)
Partition information was printed to nomerge10.nex.best_scheme.nex
Partition information in Raxml format was printed to nomerge10.nex.best_scheme

All model information printed to nomerge10.nex.model.gz
CPU time for ModelFinder: 56.812 seconds (0h:0m:56s)
Wall-clock time for ModelFinder: 57.371 seconds (0h:0m:57s)
Generating 1000 samples for ultrafast bootstrap (seed: 217657)...

NOTE: 55 MB RAM (0 GB) is required!
Estimate model parameters (epsilon = 0.100)
Initial log-likelihood: -82568.009
Current log-likelihood at step 1: -82554.519
Current log-likelihood at step 2: -82553.657
Current log-likelihood at step 3: -82553.267
Current log-likelihood at step 4: -82553.156
Current log-likelihood at step 5: -82553.101
Partition-specific rates:  0.038 0.159 0.480 0.201 0.042 0.039 0.058 0.139 0.183 0.688 0.237 5.578 1.069 0.345 5.743
Parameters optimization took 4 rounds (2.110 sec)


WARNING: Estimated model parameters are at boundary that can cause numerical instability!

Wrote distance file to... 
Computing ML distances based on estimated model parameters...
Calculating distance matrix: done in 0.0067087 secs
Computing ML distances took 0.006952 sec (of wall-clock time) 0.015625 sec (of CPU time)
Setting up auxiliary I and S matrices: done in 0.0002816 secs
Constructing RapidNJ tree: done in 0.0008308 secs
Computing RapidNJ tree took 0.001161 sec (of wall-clock time) 0.000000 sec (of CPU time)
Log-likelihood of RapidNJ tree: -120296.630
--------------------------------------------------------------------
|             INITIALIZING CANDIDATE TREE SET                      |
--------------------------------------------------------------------
Generating 98 parsimony trees... 8.952 second
Computing log-likelihood of 98 initial trees ... 14.267 seconds
Current best score: -82553.101

Do NNI search on 20 best initial trees
Optimizing NNI: done in 1.31881 secs using 99.52% CPU
Estimate model parameters (epsilon = 0.100)
Initial log-likelihood: -82484.589
Current log-likelihood at step 1: -82483.492
Current log-likelihood at step 2: -82483.352
Current log-likelihood at step 3: -82483.264
Parameters optimization took 2 rounds (1.282 sec)


WARNING: Estimated model parameters are at boundary that can cause numerical instability!

BETTER TREE FOUND at iteration 1: -82483.264
Optimizing NNI: done in 2.40279 secs using 99.49% CPU
Estimate model parameters (epsilon = 0.100)
Initial log-likelihood: -82470.222
Current log-likelihood at step 1: -82469.517
Current log-likelihood at step 2: -82469.365
Current log-likelihood at step 3: -82469.295
Parameters optimization took 2 rounds (1.220 sec)


WARNING: Estimated model parameters are at boundary that can cause numerical instability!

BETTER TREE FOUND at iteration 2: -82469.295
Optimizing NNI: done in 2.21849 secs using 100% CPU
Estimate model parameters (epsilon = 0.100)
Initial log-likelihood: -82462.514
Current log-likelihood at step 1: -82462.105
Current log-likelihood at step 2: -82462.035
Parameters optimization took 1 rounds (0.853 sec)


WARNING: Estimated model parameters are at boundary that can cause numerical instability!

BETTER TREE FOUND at iteration 3: -82462.035
Optimizing NNI: done in 2.08788 secs using 100.3% CPU
Estimate model parameters (epsilon = 0.100)
Initial log-likelihood: -82460.254
Current log-likelihood at step 1: -82459.790
Current log-likelihood at step 2: -82459.694
Parameters optimization took 1 rounds (0.820 sec)


WARNING: Estimated model parameters are at boundary that can cause numerical instability!

BETTER TREE FOUND at iteration 4: -82459.694
Optimizing NNI: done in 2.09512 secs using 99.93% CPU
Optimizing NNI: done in 2.32851 secs using 99.98% CPU
Optimizing NNI: done in 2.56944 secs using 100.3% CPU
Optimizing NNI: done in 2.36035 secs using 99.96% CPU
Optimizing NNI: done in 2.53611 secs using 99.81% CPU
Optimizing NNI: done in 2.12134 secs using 98.7% CPU
Iteration 10 / LogL: -82575.743 / Time: 0h:0m:54s
Optimizing NNI: done in 2.39343 secs using 99.88% CPU
Optimizing NNI: done in 2.55548 secs using 99.05% CPU
Optimizing NNI: done in 2.98388 secs using 100% CPU
Optimizing NNI: done in 2.37165 secs using 100.1% CPU
Optimizing NNI: done in 2.01321 secs using 99.34% CPU
Optimizing NNI: done in 2.25015 secs using 99.99% CPU
Optimizing NNI: done in 3.04293 secs using 100.1% CPU
Optimizing NNI: done in 2.12602 secs using 99.95% CPU
Optimizing NNI: done in 2.62504 secs using 99.4% CPU
Optimizing NNI: done in 2.4169 secs using 100.2% CPU
Iteration 20 / LogL: -82538.524 / Time: 0h:1m:19s
Finish initializing candidate tree set (20)
Current best tree score: -82459.694 / CPU time: 74.600
Number of iterations: 20
--------------------------------------------------------------------
|               OPTIMIZING CANDIDATE TREE SET                      |
--------------------------------------------------------------------
Optimizing NNI: done in 2.19554 secs using 99.63% CPU
Estimate model parameters (epsilon = 0.100)
Initial log-likelihood: -82454.524
Current log-likelihood at step 1: -82454.145
Current log-likelihood at step 2: -82454.091
Parameters optimization took 1 rounds (0.748 sec)


WARNING: Estimated model parameters are at boundary that can cause numerical instability!

BETTER TREE FOUND at iteration 21: -82454.091
Optimizing NNI: done in 2.29006 secs using 100.3% CPU
Optimizing NNI: done in 1.95535 secs using 99.89% CPU
Optimizing NNI: done in 2.93775 secs using 98.93% CPU
Estimate model parameters (epsilon = 0.100)
Initial log-likelihood: -82441.748
Current log-likelihood at step 1: -82441.465
Current log-likelihood at step 2: -82441.426
Parameters optimization took 1 rounds (0.876 sec)


WARNING: Estimated model parameters are at boundary that can cause numerical instability!

BETTER TREE FOUND at iteration 24: -82441.426
Optimizing NNI: done in 2.17681 secs using 99.77% CPU
Optimizing NNI: done in 1.90858 secs using 99.88% CPU
Optimizing NNI: done in 1.809 secs using 100.2% CPU
Optimizing NNI: done in 2.18703 secs using 100% CPU
Estimate model parameters (epsilon = 0.100)
Initial log-likelihood: -82436.067
Current log-likelihood at step 1: -82435.774
Current log-likelihood at step 2: -82435.690
Parameters optimization took 1 rounds (0.717 sec)


WARNING: Estimated model parameters are at boundary that can cause numerical instability!

BETTER TREE FOUND at iteration 28: -82435.690
Optimizing NNI: done in 2.01032 secs using 99.49% CPU
Optimizing NNI: done in 2.27947 secs using 100.1% CPU
Iteration 30 / LogL: -82461.814 / Time: 0h:1m:44s (0h:5m:53s left)
Optimizing NNI: done in 2.18614 secs using 100.1% CPU
Optimizing NNI: done in 1.77432 secs using 100.4% CPU
Optimizing NNI: done in 2.09702 secs using 99.1% CPU
Optimizing NNI: done in 1.96693 secs using 100.1% CPU
Optimizing NNI: done in 2.04369 secs using 100.2% CPU
Optimizing NNI: done in 1.97886 secs using 100.3% CPU
Optimizing NNI: done in 1.9577 secs using 98.97% CPU
Optimizing NNI: done in 1.99092 secs using 99.67% CPU
Optimizing NNI: done in 2.45278 secs using 100% CPU
Optimizing NNI: done in 2.21939 secs using 99.97% CPU
Iteration 40 / LogL: -82441.775 / Time: 0h:2m:5s (0h:4m:43s left)
Optimizing NNI: done in 2.00509 secs using 99.75% CPU
Optimizing NNI: done in 1.95036 secs using 100.1% CPU
Optimizing NNI: done in 2.05897 secs using 99.41% CPU
Optimizing NNI: done in 1.88037 secs using 100.5% CPU
Optimizing NNI: done in 2.01558 secs using 100% CPU
Optimizing NNI: done in 1.70503 secs using 99.89% CPU
Estimate model parameters (epsilon = 0.100)
Initial log-likelihood: -82431.896
Current log-likelihood at step 1: -82431.588
Current log-likelihood at step 2: -82431.552
Parameters optimization took 1 rounds (0.796 sec)


WARNING: Estimated model parameters are at boundary that can cause numerical instability!

BETTER TREE FOUND at iteration 46: -82431.552
Optimizing NNI: done in 2.31352 secs using 99.96% CPU
Optimizing NNI: done in 1.9113 secs using 100.6% CPU
Optimizing NNI: done in 2.14318 secs using 99.88% CPU
Optimizing NNI: done in 1.92876 secs using 99.64% CPU
Iteration 50 / LogL: -82458.982 / Time: 0h:2m:26s (0h:4m:47s left)
Log-likelihood cutoff on original alignment: -82568.928
Optimizing NNI: done in 2.49051 secs using 99.75% CPU
Optimizing NNI: done in 2.17117 secs using 100% CPU
Optimizing NNI: done in 1.83436 secs using 100.5% CPU
Optimizing NNI: done in 2.2589 secs using 99.61% CPU
Optimizing NNI: done in 2.12757 secs using 100.6% CPU
Optimizing NNI: done in 2.14493 secs using 99.8% CPU
Optimizing NNI: done in 1.84404 secs using 99.98% CPU
Optimizing NNI: done in 1.73852 secs using 99.76% CPU
Optimizing NNI: done in 1.88243 secs using 100.4% CPU
Optimizing NNI: done in 2.36214 secs using 99.88% CPU
Iteration 60 / LogL: -82527.645 / Time: 0h:2m:48s (0h:4m:5s left)
Optimizing NNI: done in 2.30365 secs using 99.71% CPU
Optimizing NNI: done in 2.31389 secs using 99.94% CPU
Optimizing NNI: done in 2.49674 secs using 100.1% CPU
Optimizing NNI: done in 2.39913 secs using 99.65% CPU
Optimizing NNI: done in 2.01155 secs using 100.2% CPU
Optimizing NNI: done in 2.3262 secs using 100.1% CPU
Optimizing NNI: done in 2.00894 secs using 99.56% CPU
Optimizing NNI: done in 1.95644 secs using 99.83% CPU
Optimizing NNI: done in 1.80951 secs using 99.3% CPU
Optimizing NNI: done in 2.13755 secs using 100.1% CPU
Iteration 70 / LogL: -82469.824 / Time: 0h:3m:11s (0h:3m:30s left)
Optimizing NNI: done in 1.61141 secs using 99.87% CPU
Optimizing NNI: done in 1.79198 secs using 100.3% CPU
Estimate model parameters (epsilon = 0.100)
Initial log-likelihood: -82431.422
Current log-likelihood at step 1: -82431.240
Current log-likelihood at step 2: -82431.205
Parameters optimization took 1 rounds (0.953 sec)


WARNING: Estimated model parameters are at boundary that can cause numerical instability!

BETTER TREE FOUND at iteration 72: -82431.205
Optimizing NNI: done in 2.00308 secs using 99.85% CPU
Optimizing NNI: done in 2.13516 secs using 100.3% CPU
Optimizing NNI: done in 2.1371 secs using 99.43% CPU
Optimizing NNI: done in 2.36049 secs using 99.95% CPU
Optimizing NNI: done in 2.3815 secs using 99.73% CPU
Optimizing NNI: done in 2.07497 secs using 100.2% CPU
Optimizing NNI: done in 2.21394 secs using 100.2% CPU
Optimizing NNI: done in 2.2548 secs using 100.5% CPU
Iteration 80 / LogL: -82431.935 / Time: 0h:3m:33s (0h:4m:8s left)
Optimizing NNI: done in 1.68737 secs using 100% CPU
Optimizing NNI: done in 1.97489 secs using 99.69% CPU
Optimizing NNI: done in 1.84066 secs using 100.2% CPU
Optimizing NNI: done in 2.10247 secs using 99.59% CPU
Optimizing NNI: done in 2.32025 secs using 100.3% CPU
UPDATE BEST LOG-LIKELIHOOD: -82431.202
Optimizing NNI: done in 2.38292 secs using 99.67% CPU
Optimizing NNI: done in 2.42462 secs using 99.89% CPU
Optimizing NNI: done in 2.47136 secs using 100.5% CPU
Optimizing NNI: done in 2.11645 secs using 99.67% CPU
Estimate model parameters (epsilon = 0.100)
Initial log-likelihood: -82430.219
Current log-likelihood at step 1: -82430.137
Parameters optimization took 0 rounds (0.450 sec)


WARNING: Estimated model parameters are at boundary that can cause numerical instability!

BETTER TREE FOUND at iteration 89: -82430.137
Optimizing NNI: done in 2.06189 secs using 100% CPU
Iteration 90 / LogL: -82432.511 / Time: 0h:3m:55s (0h:4m:22s left)
Optimizing NNI: done in 1.84461 secs using 99.95% CPU
Optimizing NNI: done in 2.45794 secs using 99.8% CPU
Optimizing NNI: done in 2.03838 secs using 99.65% CPU
Optimizing NNI: done in 2.32545 secs using 100.1% CPU
Optimizing NNI: done in 1.93785 secs using 99.98% CPU
Optimizing NNI: done in 1.89276 secs using 98.24% CPU
Optimizing NNI: done in 2.18808 secs using 99.97% CPU
Optimizing NNI: done in 2.03606 secs using 99.76% CPU
Optimizing NNI: done in 2.32899 secs using 99.96% CPU
Optimizing NNI: done in 2.01371 secs using 100.1% CPU
Iteration 100 / LogL: -82430.139 / Time: 0h:4m:17s (0h:3m:51s left)
Log-likelihood cutoff on original alignment: -82565.490
NOTE: Bootstrap correlation coefficient of split occurrence frequencies: 0.997
Optimizing NNI: done in 2.29088 secs using 98.22% CPU
Optimizing NNI: done in 2.16963 secs using 100.1% CPU
Optimizing NNI: done in 2.09106 secs using 100.1% CPU
Optimizing NNI: done in 2.13772 secs using 99.4% CPU
Optimizing NNI: done in 2.21034 secs using 100.4% CPU
Optimizing NNI: done in 1.99061 secs using 97.33% CPU
Optimizing NNI: done in 2.14733 secs using 99.69% CPU
Optimizing NNI: done in 2.45065 secs using 100.1% CPU
UPDATE BEST LOG-LIKELIHOOD: -82430.132
Optimizing NNI: done in 1.67286 secs using 99.94% CPU
Optimizing NNI: done in 2.03654 secs using 97.44% CPU
Iteration 110 / LogL: -82554.805 / Time: 0h:4m:39s (0h:3m:50s left)
Optimizing NNI: done in 1.96473 secs using 99.41% CPU
Optimizing NNI: done in 1.79954 secs using 99.85% CPU
Optimizing NNI: done in 2.16743 secs using 100.2% CPU
Optimizing NNI: done in 2.28243 secs using 99.95% CPU
Optimizing NNI: done in 2.36044 secs using 99.29% CPU
Optimizing NNI: done in 2.13612 secs using 99.48% CPU
Optimizing NNI: done in 2.17209 secs using 99.99% CPU
Optimizing NNI: done in 2.45258 secs using 100% CPU
Optimizing NNI: done in 2.19378 secs using 100.4% CPU
Optimizing NNI: done in 2.12586 secs using 99.22% CPU
Iteration 120 / LogL: -82525.199 / Time: 0h:5m:1s (0h:3m:22s left)
Optimizing NNI: done in 1.88711 secs using 100.2% CPU
Optimizing NNI: done in 2.21438 secs using 100.2% CPU
Optimizing NNI: done in 2.2531 secs using 99.86% CPU
Optimizing NNI: done in 1.91406 secs using 99.59% CPU
Optimizing NNI: done in 2.11286 secs using 100.6% CPU
Optimizing NNI: done in 2.28989 secs using 99.62% CPU
Optimizing NNI: done in 2.14339 secs using 99.87% CPU
Optimizing NNI: done in 1.99277 secs using 99.58% CPU
Optimizing NNI: done in 1.76686 secs using 100.8% CPU
Optimizing NNI: done in 1.97677 secs using 99.59% CPU
Iteration 130 / LogL: -82449.955 / Time: 0h:5m:22s (0h:2m:55s left)
Optimizing NNI: done in 2.01161 secs using 99.42% CPU
Optimizing NNI: done in 2.18875 secs using 99.94% CPU
Optimizing NNI: done in 1.97989 secs using 100.2% CPU
Optimizing NNI: done in 2.09485 secs using 99.95% CPU
Optimizing NNI: done in 2.11793 secs using 100.3% CPU
Optimizing NNI: done in 2.13255 secs using 100.4% CPU
Optimizing NNI: done in 1.78096 secs using 99.14% CPU
Optimizing NNI: done in 2.12656 secs using 99.93% CPU
Optimizing NNI: done in 2.07347 secs using 100.2% CPU
Optimizing NNI: done in 2.15962 secs using 99.84% CPU
Iteration 140 / LogL: -82436.501 / Time: 0h:5m:43s (0h:2m:28s left)
Optimizing NNI: done in 2.1397 secs using 98.58% CPU
Optimizing NNI: done in 1.86751 secs using 99.56% CPU
Optimizing NNI: done in 1.9526 secs using 100% CPU
Optimizing NNI: done in 1.94942 secs using 100.2% CPU
Optimizing NNI: done in 1.91211 secs using 98.88% CPU
Optimizing NNI: done in 1.90917 secs using 100.7% CPU
Optimizing NNI: done in 2.06092 secs using 100.1% CPU
Optimizing NNI: done in 1.95136 secs using 100.1% CPU
Optimizing NNI: done in 1.8005 secs using 99.8% CPU
Optimizing NNI: done in 2.31857 secs using 100.4% CPU
Iteration 150 / LogL: -82431.499 / Time: 0h:6m:4s (0h:2m:2s left)
Log-likelihood cutoff on original alignment: -82565.490
Optimizing NNI: done in 1.93474 secs using 100.1% CPU
Optimizing NNI: done in 2.51741 secs using 99.93% CPU
Optimizing NNI: done in 1.63919 secs using 100.1% CPU
Optimizing NNI: done in 1.97162 secs using 99.85% CPU
Optimizing NNI: done in 2.0211 secs using 99.73% CPU
Optimizing NNI: done in 2.28215 secs using 99.96% CPU
Optimizing NNI: done in 2.39728 secs using 100.4% CPU
Optimizing NNI: done in 1.9281 secs using 99.68% CPU
Optimizing NNI: done in 2.08982 secs using 100.2% CPU
Optimizing NNI: done in 2.28147 secs using 99.99% CPU
Iteration 160 / LogL: -82433.811 / Time: 0h:6m:26s (0h:1m:37s left)
Optimizing NNI: done in 1.80111 secs using 99.76% CPU
Optimizing NNI: done in 1.92897 secs using 98.01% CPU
Optimizing NNI: done in 2.38148 secs using 100.4% CPU
Optimizing NNI: done in 2.58594 secs using 100.3% CPU
Optimizing NNI: done in 1.87705 secs using 99.89% CPU
Optimizing NNI: done in 2.22311 secs using 99.8% CPU
Optimizing NNI: done in 1.96988 secs using 99.94% CPU
Optimizing NNI: done in 2.87728 secs using 99.92% CPU
Optimizing NNI: done in 2.57718 secs using 100% CPU
Optimizing NNI: done in 1.92622 secs using 98.96% CPU
Iteration 170 / LogL: -82431.212 / Time: 0h:6m:49s (0h:1m:12s left)
Optimizing NNI: done in 1.9728 secs using 99.79% CPU
Optimizing NNI: done in 1.81042 secs using 100.1% CPU
Optimizing NNI: done in 2.14587 secs using 99.76% CPU
Optimizing NNI: done in 2.08799 secs using 100.3% CPU
Optimizing NNI: done in 1.88866 secs using 99.28% CPU
Optimizing NNI: done in 1.86308 secs using 98.12% CPU
Optimizing NNI: done in 1.82053 secs using 100.4% CPU
Optimizing NNI: done in 1.7842 secs using 98.96% CPU
Optimizing NNI: done in 2.24171 secs using 100.4% CPU
Optimizing NNI: done in 2.42438 secs using 99.9% CPU
Iteration 180 / LogL: -82433.500 / Time: 0h:7m:9s (0h:0m:48s left)
Optimizing NNI: done in 1.90559 secs using 100% CPU
Optimizing NNI: done in 2.34516 secs using 99.94% CPU
UPDATE BEST LOG-LIKELIHOOD: -82430.132
Optimizing NNI: done in 1.61123 secs using 99.88% CPU
Optimizing NNI: done in 2.02735 secs using 100.2% CPU
Optimizing NNI: done in 2.34521 secs using 99.94% CPU
Optimizing NNI: done in 1.87151 secs using 99.35% CPU
Optimizing NNI: done in 2.48233 secs using 100.1% CPU
Optimizing NNI: done in 1.75144 secs using 99.92% CPU
Optimizing NNI: done in 1.67175 secs using 100% CPU
Optimizing NNI: done in 2.43365 secs using 99.52% CPU
Iteration 190 / LogL: -82524.029 / Time: 0h:7m:30s (0h:0m:23s left)
TREE SEARCH COMPLETED AFTER 190 ITERATIONS / Time: 0h:7m:30s

--------------------------------------------------------------------
|                    FINALIZING TREE SEARCH                        |
--------------------------------------------------------------------
Performs final model parameters optimization
Estimate model parameters (epsilon = 0.010)
Initial log-likelihood: -82430.132
Current log-likelihood at step 1: -82430.093
Current log-likelihood at step 2: -82430.064
Current log-likelihood at step 3: -82430.043
Current log-likelihood at step 4: -82430.023
Current log-likelihood at step 5: -82430.004
Current log-likelihood at step 6: -82429.990
Current log-likelihood at step 7: -82429.971
Current log-likelihood at step 8: -82429.954
Current log-likelihood at step 9: -82429.937
Current log-likelihood at step 10: -82429.921
Current log-likelihood at step 11: -82429.907
Current log-likelihood at step 12: -82429.890
Current log-likelihood at step 13: -82429.874
Current log-likelihood at step 14: -82429.860
Current log-likelihood at step 15: -82429.848
Current log-likelihood at step 16: -82429.830
Current log-likelihood at step 17: -82429.815
Current log-likelihood at step 18: -82429.801
Current log-likelihood at step 19: -82429.789
Current log-likelihood at step 20: -82429.777
Current log-likelihood at step 21: -82429.764
Current log-likelihood at step 22: -82429.752
Current log-likelihood at step 23: -82429.740
Current log-likelihood at step 24: -82429.728
Current log-likelihood at step 25: -82429.716
Current log-likelihood at step 26: -82429.704
Current log-likelihood at step 27: -82429.692
Current log-likelihood at step 28: -82429.681
Current log-likelihood at step 29: -82429.668
Current log-likelihood at step 30: -82429.657
Current log-likelihood at step 31: -82429.645
Current log-likelihood at step 32: -82429.634
Current log-likelihood at step 33: -82429.622
Current log-likelihood at step 34: -82429.610
Current log-likelihood at step 35: -82429.600
Current log-likelihood at step 36: -82429.589
Current log-likelihood at step 37: -82429.578
Current log-likelihood at step 38: -82429.566
Current log-likelihood at step 39: -82429.555
Current log-likelihood at step 40: -82429.544
Current log-likelihood at step 41: -82429.533
Current log-likelihood at step 42: -82429.523
Current log-likelihood at step 43: -82429.511
Current log-likelihood at step 44: -82429.500
Current log-likelihood at step 45: -82429.490
Current log-likelihood at step 46: -82429.479
Current log-likelihood at step 47: -82429.469
Current log-likelihood at step 48: -82429.458
Current log-likelihood at step 49: -82429.447
Current log-likelihood at step 50: -82429.437
Current log-likelihood at step 51: -82429.426
Current log-likelihood at step 52: -82429.416
Partition-specific rates:  0.038 0.133 0.464 0.193 0.038 0.033 0.057 0.132 0.169 0.684 0.230 5.623 1.040 0.336 5.822
Parameters optimization took 51 rounds (19.419 sec)


WARNING: Estimated model parameters are at boundary that can cause numerical instability!

Partition information was printed to nomerge10.nex.best_model.nex
BEST SCORE FOUND : -82429.416
Creating bootstrap support values...
Split supports printed to NEXUS file nomerge10.nex.splits.nex
Total tree length: 16.416

Total number of iterations: 190
CPU time used for tree search: 444.656 sec (0h:7m:24s)
Wall-clock time used for tree search: 445.408 sec (0h:7m:25s)
Total CPU time used: 470.156 sec (0h:7m:50s)
Total wall-clock time used: 470.715 sec (0h:7m:50s)

Computing bootstrap consensus tree...
Reading input file nomerge10.nex.splits.nex...
241 taxa and 991 splits.
Consensus tree written to nomerge10.nex.contree
Reading input trees file nomerge10.nex.contree
Log-likelihood of consensus tree: -82430.477

Analysis results written to: 
  IQ-TREE report:                nomerge10.nex.iqtree
  Maximum-likelihood tree:       nomerge10.nex.treefile
  Likelihood distances:          nomerge10.nex.mldist
  Best partitioning scheme:      nomerge10.nex.best_scheme.nex
           in RAxML format:      nomerge10.nex.best_scheme

Ultrafast bootstrap approximation results written to:
  Split support values:          nomerge10.nex.splits.nex
  Consensus tree:                nomerge10.nex.contree
  Screen log file:               nomerge10.nex.log

--- Start phylogenetic dating ---
Reading date file asterophryinae_dates.txt ...
5 dates extracted
Building time tree by least-square dating (LSD) with command:
lsd -i nomerge10.nex.timetree.subst -s 2475 -o nomerge10.nex.timetree -g nomerge10.nex.timetree.outgroup -d nomerge10.nex.timetree.date -z 0 
Reroot the tree(s) using given outgroups ...

TREE 1
*PROCESSING:
Reading the tree ... 
Collapse 0 (over 239) internal branches having branch length <= 0.000202
 (settable via option -l)
Parameter to adjust variances was set to 0.0225 (settable via option -b)
Minimum branch length of time scaled tree (settable via option -u and -U): 0
Estimating the root position on the branch defined by given outgroups ...

*RESULTS:
- Dating results:
 rate 0.00780304, tMRCA -30.7901 , objective function 1.31675

TOTAL ELAPSED TIME: 0.007 seconds
LSD results written to:
  LSD report:                  nomerge10.nex.timetree.lsd
  Time tree in nexus format:   nomerge10.nex.timetree.nex
  Time tree in newick format:  nomerge10.nex.timetree.nwk

--- End phylogenetic dating ---
Date and Time: Sun Mar 12 10:57:35 2023
