IQ-TREE multicore version 2.2.0 COVID-edition for Windows 64-bit built Jun  1 2022
Developed by Bui Quang Minh, James Barbetti, Nguyen Lam Tung,
Olga Chernomor, Heiko Schmidt, Dominik Schrempf, Michael Woodhams, Ly Trong Nhan.

Host:    MSI (AVX512, FMA3, 15 GB RAM)
Command: C:\Users\Marguerite Butler\Documents\iqtree-2.2.0-Windows\bin\iqtree2.exe -s asterophryinae_20230305.phy -p nomerge06.nex -m TEST -B 1000 -o UMMZ219489_Scaphiophryne_marmorata --date asterophryinae_dates.txt --date-tip 0 -mset JC,F81,K80,HKY,TN,TNe,TPM2,TPM2u,TPM3,TPM3u,TIM,TIMe,TIM2,TIM2e,TIM3,TIM3e,TVMe,TVM,SYM,GTR
Seed:    980561 (Using SPRNG - Scalable Parallel Random Number Generator)
Time:    Sun Mar 12 10:07:37 2023
Kernel:  AVX+FMA - 1 threads (16 CPU cores detected)

HINT: Use -nt option to specify number of threads because your CPU has 16 cores!
HINT: -nt AUTO will automatically determine the best number of threads to use.

Reading partition model file nomerge06.nex ...
Reading alignment file asterophryinae_20230305.phy ... Phylip format detected
Alignment most likely contains DNA/RNA sequences
Constructing alignment: done in 0.0035157 secs
Alignment has 241 sequences with 2475 columns, 1396 distinct patterns
951 parsimony-informative, 195 singleton sites, 1329 constant sites
                                                 Gap/Ambiguity  Composition  p-value
Analyzing sequences: done in 0.0005438 secs
   1  ABTC116941_Oreophryne_A_graminis                  21.21%    passed      9.71%
   2  BPBM47733_Choerophryne_darlingtoni_complex_sp_1    0.28%    passed     96.60%
   3  BPBM47780_Cophixalus_cf__cryptotympanum            2.14%    passed     91.67%
   4  BPBM47792_Hylophorbus_cf__rufescens_14            20.85%    passed     24.73%
   5  BPBM47804_Cophixalus_darlingtoni                   5.41%    passed     98.10%
   6  BPBM31882_Paedophryne_swiftorum_complex_sp_1      22.42%    passed     19.52%
   7  BPBM47713_Paedophryne_amauensis                    0.08%    passed     92.53%
   8  BPBM47786_Callulops_sp_2                           3.68%    passed     93.38%
   9  UMMZ242263_Cophixalus_variabilis_complex_sp_1      1.25%    passed     72.08%
  10  UMMZ242338_Liophryne_aff__dentata_1                0.00%    passed     17.75%
  11  UMMZ242317_Hylophorbus_cf__rufescens_1             0.00%    passed     95.92%
  12  UMMZ242212_Austrochaperina_C_aff__palmipes_1       1.70%    passed     77.36%
  13  UMMZ242361_Mantophryne_cf__lateralis_1             0.04%    passed     85.97%
  14  UMMZ242309_Genyophryne_aff__thomsoni_1             0.44%    passed     87.40%
  15  UMMZ242349_Cophixalus_verrucosus_complex_sp_1      1.41%    passed     98.39%
  16  UMMZ242404_Oreophryne_A_sp_8                       0.00%    passed     13.57%
  17  UMMZ242232_Cophixalus_desticans_complex_sp_1       0.36%    passed     45.73%
  18  UMMZ242226_Callulops_doriae_complex_sp_1           0.20%    passed     65.99%
  19  FK16913_Paedophryne_titan                          0.48%    passed     19.15%
  20  UMMZ242398_Oreophryne_B_penelopia                  0.12%    passed     94.97%
  21  BPBM47888_Hylophorbus_cf__rufescens_13             4.24%    passed     97.91%
  22  JAM11383_Oreophryne_B_sp_5                         1.82%    passed     81.25%
  23  BPBM35843_Cophixalus_cf__pipilans_1                0.20%    passed     23.99%
  24  BPBM40083_Copiula_sp_1                             1.29%    passed     78.83%
  25  BPBM20571_Oreophryne_B_sp_2                        0.20%    passed     74.23%
  26  BPBM22664_Austrochaperina_A_sp_1                   1.58%    passed     79.76%
  27  BPBM20396_Mantophryne_cf__lateralis_1              0.24%    passed     94.07%
  28  BPBM48036_Paedophryne_sp_2                        20.00%    passed     27.41%
  29  BPBM35561_Choerophryne_gudrunae                    1.41%    passed     97.20%
  30  BPBM40135_Mantophryne_insignis                     0.12%    passed     84.40%
  31  BPBM39638_Hylophorbus_myopicus                     1.49%    passed    100.00%
  32  BPBM20572_Oreophryne_B_sp_3                        5.17%    passed     95.08%
  33  BPBM13110_Asterophrys_slateri                      0.93%    passed     34.14%
  34  BPBM33669_Callulops_wilhelmanus                    0.20%    passed     97.12%
  35  BPBM16554_Oreophryne_A_philosylleptoris            0.20%    passed     14.90%
  36  BPBM20262_Copiula_sp_2                             5.86%    passed     88.13%
  37  BPBM39000_Oreophryne_B_sp_1                        0.20%    passed     83.57%
  38  BPBM34677_Oreophryne_A_cameroni                    5.74%    passed     47.88%
  39  BPBM38990_Oreophryne_A_sp_2                        0.81%    passed     25.28%
  40  BPBM16181_Hylophorbus_cf__rufescens_2              0.24%    passed     96.81%
  41  BPBM39048_Cophixalus_sp_3                          0.69%    passed     49.47%
  42  BPBM34688_Oreophryne_A_biroi                       0.16%    passed     28.23%
  43  BPBM38939_Copiula_sp_7                            20.04%    passed     38.88%
  44  BPBM22675_Choerophryne_longirostris                0.12%    passed     95.90%
  45  BPBM18450_Hylophorbus_cf__rufescens_6              0.20%    passed     83.63%
  46  BPBM22504_Hylophorbus_cf__rufescens_12             1.45%    passed     82.58%
  47  BPBM39357_Oreophryne_B_sp_6                        0.32%    passed     87.01%
  48  BPBM20522_Oreophryne_A_aurora                      0.28%    passed     94.40%
  49  BPBM40145_Oreophryne_A_sp_6                        2.46%    passed     30.55%
  50  BPBM39569_Hylophorbus_cf__rufescens_9              0.04%    passed     99.01%
  51  BPBM22780_Mantophryne_cf__lateralis_3              1.25%    passed     99.39%
  52  BPBM39007_Copiula_sp_3                            20.97%    passed     21.16%
  53  BPBM19265_Mantophryne_cf__lateralis_4              1.29%    passed     99.16%
  54  BPBM33763_Oreophryne_A_anamiatoi                   0.12%    passed     59.29%
  55  BPBM22692_Cophixalus_balbus                        1.41%    passed     98.67%
  56  BPBM39244_Oreophryne_A_sp_3                        1.58%    passed     45.36%
  57  BPBM22689_Oreophryne_A_cf__cameroni                1.82%    passed     48.15%
  58  BPBM18430_Cophixalus_albolineatus                  1.21%    passed     68.02%
  59  BPBM38988_Oreophryne_B_sp_4                        2.34%    passed     83.93%
  60  BPBM33707_Cophixalus_caverniphilus                 1.98%    passed     83.04%
  61  BPBM39991_Choerophryne_bryonopsis                  1.70%    passed     58.86%
  62  BPBM39631_Hylophorbus_cf__rufescens_7              0.24%    passed     98.72%
  63  BPBM19320_Cophixalus_nexipus                       1.70%    passed     88.14%
  64  BPBM37122_Callulops_sp_1                           0.04%    passed     91.62%
  65  BPBM34724_Hylophorbus_atrifasciatus                0.04%    passed     90.27%
  66  BPBM18392_Cophixalus_cheesmanae_complex_sp_1       3.07%    passed     74.80%
  67  BPBM39929_Liophryne_miniafia                       0.00%    passed     96.69%
  68  BPBM35866_Hylophorbus_cf__rufescens_15             0.04%    passed     95.82%
  69  BPBM17959_Cophixalus_sp_4                          0.16%    passed     93.15%
  70  BPBM40000_Austrochaperina_A_sp_2                   0.04%    passed     80.15%
  71  BPBM19277_Cophixalus_iovaorum                      0.16%    passed     86.10%
  72  BPBM19338_Hylophorbus_cf__rufescens_10             0.20%    passed     99.69%
  73  BPBM37232_Hylophorbus_cf__rufescens_3              0.28%    passed     96.62%
  74  BPBM38914_Barygenys_maculata                       0.12%    passed     12.44%
  75  BPBM19371_Oreophryne_A_sp_4                        0.00%    passed     76.11%
  76  BPBM33749_Hylophorbus_richardsi                    0.08%    passed     85.61%
  77  BPBM18429_Cophixalus_albolineatus                  2.55%    passed     84.86%
  78  BPBM33664_Choerophryne_darlingtoni_complex_sp_2    0.81%    passed     98.97%
  79  BPBM34679_Choerophryne_proboscidea                 0.57%    passed     92.40%
  80  BPBM20538_Oreophryne_B_sp_3                        0.85%    passed     99.71%
  81  BPBM19314_Cophixalus_ateles                        2.18%    passed     96.02%
  82  BPBM38992_Oreophryne_A_sp_2                        1.98%    passed     32.27%
  83  BPBM39510_Oreophryne_B_phoebe                      1.54%    passed     55.11%
  84  BPBM37718_Cophixalus_clapporum                    20.97%    passed     29.96%
  85  BPBM39344_Oreophryne_B_sp_4                        1.25%    passed     47.08%
  86  BPBM38904_Barygenys_apodasta                       1.62%    passed     59.40%
  87  BPBM20126_Barygenys_aff__exsul_1                   1.78%    passed     37.71%
  88  BPBM15814_Cophixalus_variabilis_complex_sp_2       5.17%    passed     97.34%
  89  BPBM15708_Cophixalus_desticans_complex_sp_2        0.16%    passed     62.78%
  90  BPBM33674_Oreophryne_A_notata                      2.79%    failed      2.69%
  91  BPBM35692_Hylophorbus_cf__proekes                  1.78%    passed     61.14%
  92  BPBM20141_Callulops_doriae_complex_sp_2            1.78%    passed     44.31%
  93  BPBM17048_Hylophorbus_cf__rufescens_11             1.82%    passed     97.14%
  94  BPBM18509_Oreophryne_A_lemur                       1.41%    passed     85.29%
  95  BPBM33780_Xenorhina_parkerorum                     2.75%    passed     65.42%
  96  BPBM15259_Barygenys_resima                         1.94%    passed     46.73%
  97  BPBM20501_Oreophryne_B_meliades                    0.32%    passed     85.03%
  98  BPBM35986_Hylophorbus_cf__rufescens_17             2.02%    passed     95.61%
  99  BPBM27491_Cophixalus_verrucosus_complex_sp_3       1.13%    passed     84.33%
 100  BPBM15775_Oreophryne_B_equus                       1.45%    passed     73.73%
 101  BPBM15410_Mantophryne_cf__lateralis_2              1.25%    passed     97.77%
 102  BPBM39366_Oreophryne_A_sp_5                        1.86%    passed     85.70%
 103  BPBM37753_Paedophryne_dekot                        1.86%    passed     98.09%
 104  BPBM15707_Cophixalus_sp_5                          0.08%    passed     91.17%
 105  BPBM35735_Austrochaperina_B_sp_3                   0.00%    passed     96.90%
 106  TNHC58922_Oreophryne_B_variabilis                  3.19%    passed     63.12%
 107  CMNH1366_Oreophryne_A_anulata                      2.30%    passed     10.04%
 108  KU321316_Oreophryne_A_nana                         1.78%    passed     12.39%
 109  BPBM18605_Copiula_fistulans                        0.36%    passed     87.45%
 110  BPBM41683_Aphantophryne_B_pansa.3-Omunia_Camp      3.03%    passed     96.28%
 111  BPBM41681_Aphantophryne_B_pansa.3-Omunia_Camp      4.57%    passed     99.65%
 112  BPBM41685_Aphantophryne_B_pansa.3-Omunia_Camp      1.37%    passed     99.61%
 113  BPBM41682_Aphantophryne_B_pansa.3-Omunia_Camp      1.37%    passed     97.54%
 114  BPBM17084_Copiula_oxyrhina                         1.25%    passed     92.24%
 115  BPBM13862_Austrochaperina_B_macrorhyncha           0.85%    passed     96.73%
 116  BPBM18351_Choerophryne_gunnari                     2.26%    passed     53.45%
 117  BPBM20357_Genyophryne_thomsoni                     1.94%    passed     66.73%
 118  BPBM22740_Hylophorbus_cf__rufescens_16             1.13%    passed     95.66%
 119  BPBM20369_Hylophorbus_extimus                      0.85%    passed     97.27%
 120  BPBM22761_Hylophorbus_proekes                      0.85%    passed     97.43%
 121  BPBM15373_Liophryne_aff__dentata_2                 1.37%    passed     39.91%
 122  BPBM22754_Liophryne_schlaginhaufeni                1.13%    passed     51.23%
 123  BPBM20142_Mantophryne_louisiadensis                3.39%    passed     85.19%
 124  BPBM22511_Oreophryne_A_brachypus                   1.58%    passed     44.28%
 125  BPBM18510_Oreophryne_A_cf__geislerorum_1           1.17%    passed     28.30%
 126  BPBM17847_Choerophryne_sanguinopictus              1.66%    passed     98.81%
 127  BPBM16217_Oreophryne_A_inornata                    0.93%    passed     66.13%
 128  BPBM16546_Oreophryne_B_insulana                    2.63%    passed     77.70%
 129  BPBM22539_Oreophryne_A_loriae                      1.41%    passed     71.49%
 130  BPBM17890_Oxydactyla_crassa                        1.21%    passed     76.18%
 131  BPBM31477_Mantophryne_menziesi                     0.89%    passed     97.87%
 132  BPBM22793_Sphenophryne_cornuta                     3.64%    passed     59.94%
 133  BPBM22797_Xenorhina_arboricola                     0.89%    failed      3.81%
 134  BPBM28179_Xenorhina_mehelyi                        0.89%    passed     16.57%
 135  BPBM14060_Xenorhina_ocellata                       2.46%    passed     37.05%
 136  BPBM22795_Xenorhina_tumulus                        0.81%    passed      6.50%
 137  BPBM28153_Asterophrys_leucopus                     0.89%    passed     62.03%
 138  BPBM22649_Choerophryne_brunhildae                  0.97%    passed     90.66%
 139  BPBM18317_Choerophryne_exclamitans                 1.54%    passed     91.32%
 140  BPBM28204_Asterophrys_turpicola                    0.97%    passed     58.59%
 141  BPBM22665_Austrochaperina_B_basipalmata            1.62%    passed     71.00%
 142  BPBM22656_Austrochaperina_B_blumi                  1.29%    passed     90.00%
 143  BPBM22708_Copiula_tyleri                           0.04%    passed     73.77%
 144  BPBM22481_Austrochaperina_A_novaebritanniae        1.66%    passed     85.13%
 145  BPBM20112_Austrochaperina_A_yelaensis              3.84%    passed     72.30%
 146  BPBM15234_Austrochaperina_C_aff__palmipes_3        0.12%    passed     96.64%
 147  BPBM25756_Barygenys_atra                           0.85%    passed     48.58%
 148  BPBM25760_Barygenys_sp                             0.04%    passed     99.75%
 149  BPBM18504_Callulops_personatus                     0.89%    passed     99.31%
 150  BPBM13155_Callulops_eremnosphax                    1.62%    passed     91.58%
 151  BPBM20215_Cophixalus_cupricarenus                  2.51%    passed     94.82%
 152  BPBM20197_Cophixalus_melanops                      2.34%    passed     67.44%
 153  BPBM15665_Copiula_minor                            1.13%    passed     64.00%
 154  BPBM20287_Copiula_sp_6                            22.38%    passed     17.00%
 155  BPBM17827_Copiula_sp_4                             1.13%    passed     89.01%
 156  BPBM18388_Austrochaperina_A_parkeri                0.85%    passed     88.19%
 157  BPBM15355_Hylophorbus_cf__rufescens_4              1.13%    passed     85.90%
 158  BPBM18033_Hylophorbus_cf__rufescens_8              1.05%    passed     96.59%
 159  BPBM18441_Hylophorbus_cf__rufescens_12             1.45%    passed     81.97%
 160  BPBM18315_Liophryne_allisoni                       0.85%    passed     56.59%
 161  BPBM19360_Liophryne_magnitympanum                  1.29%    passed     64.61%
 162  BPBM20397_Mantophryne_axanthogaster                0.89%    passed     99.79%
 163  BPBM22784_Oreophryne_A_parkeri                    21.70%    passed     21.76%
 164  BPBM18128_Oreophryne_B_picticrus                   1.90%    passed     63.58%
 165  BPBM18002_Oreophryne_A_sp_7                        1.90%    passed     69.44%
 166  BPBM17980_Oreophryne_B_matawan                     6.95%    passed     80.16%
 167  BPBM22668_Austrochaperina_B_septentrionalis        1.86%    passed     63.65%
 168  BPBM22789_Oreophryne_A_parkopanorum                1.17%    passed     14.79%
 169  BPBM21474_Xenorhina_adisca                         1.09%    passed     37.08%
 170  BPBM22685_Choerophryne_rostellifer                 0.12%    passed     88.29%
 171  UMMZ211174_Dyscophis_antongilli                    2.18%    passed     83.90%
 172  UMMZ211181_Platypelis_grandis                      2.42%    passed     70.33%
 173  UMMZ219489_Scaphiophryne_marmorata                 0.08%    passed     78.46%
 174  BPBM20128_Barygenys_exsul                          0.89%    passed      8.08%
 175  ZMB74609_Asterophrys_senglaubi                     1.37%    passed     49.29%
 176  ZMB70535_Asterophrys_eurydactylus                  1.29%    passed     19.17%
 177  ZMB70187_Asterophrys_cf__marani                    1.58%    passed     20.48%
 178  ZMB63882_Asterophrys_marani                        2.63%    passed     40.93%
 179  ZMB70185_Asterophrys_cf__marani                    1.54%    passed     20.70%
 180  FK15527_Paedophryne_verrucosa                      1.49%    passed     23.45%
 181  BPBM39156_Oreophryne_A_sp_1                        0.81%    passed     33.48%
 182  BPBM19236_Callulops_bicolor                        1.54%    passed     56.74%
 183  BPBM35836_Callulops_microtis                       0.93%    passed     88.41%
 184  BPBM34741_Xenorhina_obesa                          0.85%    passed     33.97%
 185  BPBM20532_Oreophryne_B_sp_3                        0.89%    passed     99.80%
 186  BPBM15232_Austrochaperina_C_aff__palmipes_3        0.89%    passed     85.46%
 187  BPBM20469_Oreophryne_B_ezra                        4.16%    passed     42.92%
 188  BPBM33637_Choerophryne_murrita                     0.97%    passed     98.63%
 189  BPBM40143_Oreophryne_B_brunnea                     0.04%    passed     46.13%
 190  BPBM18097_Cophixalus_timidus                       1.29%    passed     86.66%
 191  BPBM20440_Oreophryne_B_meliades                    0.32%    passed     87.91%
 192  BPBM34697_Xenorhina_oxycephala                     0.00%    passed     29.14%
 193  BPBM16806_Callulops_robustus                       0.04%    passed     91.61%
 194  MB233_Cophixalus_sp_1                              2.71%    passed     72.31%
 195  MB291_Paedophryne_sp_1                             3.64%    passed     82.03%
 196  MB294_Hylophorbus_cf__rufescens_12                 0.04%    passed     87.73%
 197  MB300_Choerophryne_gunnari                         0.12%    passed     45.91%
 198  MB302_Cophixalus_sp_2                              0.00%    passed     54.48%
 199  MB309_Copiula_sp_5                                 2.51%    passed     68.80%
 200  MB327_Xenorhina_sp_1                              19.64%    passed     13.32%
 201  MB331_Mantophryne_cf__lateralis_4                  0.04%    passed     89.33%
 202  MB342_Oreophryne_A_loriae                          1.25%    passed     64.96%
 203  MB463_Choerophryne_sp_2                            0.44%    passed     84.86%
 204  MB466_Choerophryne_sp_1                            0.00%    passed     99.97%
 205  MB470_Cophixalus_cheesmanae_complex_sp_2           1.25%    passed     38.76%
 206  MB472_Choerophryne_sp_4                            0.00%    passed     58.32%
 207  MB475_Austrochaperina_C_aff__palmipes_4            0.00%    passed     98.74%
 208  MB479_Mantophryne_cf__lateralis_5                  2.91%    passed     97.41%
 209  MB482_Cophixalus_linnaeus                          0.24%    passed     86.36%
 210  MB483_Hylophorbus_cf__rufescens_5                  0.04%    passed     83.87%
 211  MB484_Oreophryne_A_cf__geislerorum_2               0.73%    passed     21.11%
 212  MB486_Paedophryne_swiftorum_complex_sp_2           6.51%    passed     29.80%
 213  MB508_Callulops_doriae_complex_sp_1                1.17%    passed     41.07%
 214  MB518_Mantophryne_cf__lateralis_1                  3.23%    passed     95.46%
 215  MB539_Austrochaperina_C_aff__palmipes_2            1.17%    passed     73.41%
 216  MB556_Hylophorbus_cf__rufescens_1                  1.25%    passed     94.69%
 217  MB571_Cophixalus_variabilis_complex_sp_3           0.00%    passed     93.20%
 218  MB583_Cophixalus_verrucosus_complex_sp_2           1.17%    passed     97.87%
 219  MB593_Liophryne_aff__dentata_3                     1.25%    passed     47.38%
 220  MB617_Cophixalus_desticans_complex_sp_1            0.00%    passed     44.78%
 221  MB626_Genyophryne_aff__thomsoni_2                  1.41%    passed     97.10%
 222  MB627_Oreophryne_B_penelopia                       1.33%    passed     80.94%
 223  BPBM31979_Hylophorbus_cf__rufescens_5              3.27%    passed     84.96%
 224  BPBM26182_Cophixalus_tomaiodactylus                1.29%    passed     98.92%
 225  BPBM23740_Callulops_personatus                     1.09%    passed     99.22%
 226  BPBM25837_Choerophryne_sp_3                        1.45%    passed     97.88%
 227  BPBM26194_Cophixalus_phaeobalius                   1.41%    passed     98.49%
 228  BPBM25754_Choerophryne_sp_4                        1.41%    passed     55.33%
 229  BPBM31337_Cophixalus_linnaeus                      1.37%    passed     86.18%
 230  BPBM31847_Cophixalus_cf__pipilans_2                0.28%    passed     71.79%
 231  BPBM31853_Genyophryne_aff__thomsoni_3              2.83%    passed     44.14%
 232  BPBM31808_Choerophryne_sp_1                        1.45%    passed     97.91%
 233  BPBM35367_Choerophryne_sp_4                        0.04%    passed     66.71%
 234  AA24862_Asterophrys_sp                             2.34%    passed     16.37%
 235  BPBM44363_Aphantophryne_sabini-Myola_GH            0.12%    passed     98.60%
 236  BPBM44369_Aphantophryne_sabini-Myola_GH            0.20%    passed     99.09%
 237  BPBM44373_Aphantophryne_sabini-Myola_GH            0.20%    passed     98.81%
 238  BJE1120_Oreophryne_A_senckenbergiana               1.29%    passed     43.70%
 239  BJE1143_Oreophryne_A_senckenbergiana               1.21%    passed     42.99%
 240  BJE1144_Oreophryne_A_senckenbergiana               1.21%    passed     42.49%
 241  BJE1248_Oreophryne_A_frontifasciata               21.82%    passed     75.31%
****  TOTAL                                              2.23%  2 sequences failed composition chi2 test (p-value<5%; df=3)
NOTE: No CharPartition defined, use all CharSets

Loading 15 partitions...
Identifying sites to remove: done in 0.0003013 secs
Identifying sites to remove: done in 0.0002413 secs
Identifying sites to remove: done in 0.0003469 secs
Identifying sites to remove: done in 0.0003783 secs
Identifying sites to remove: done in 0.0002809 secs
Identifying sites to remove: done in 0.0003427 secs
Subset	Type	Seqs	Sites	Infor	Invar	Model	Name
1		241	136	4	118	TEST	sia_pos1
2		241	136	0	128	TEST	sia_pos2
WARNING: No parsimony-informative sites in partition sia_pos2
3		241	135	72	45	TEST	sia_pos3
4		241	173	78	78	TEST	bdnf_pos1
5		241	172	16	154	TEST	bdnf_pos2
6		241	172	4	163	TEST	bdnf_pos3
7		241	185	16	144	TEST	nxc_pos1
8		241	185	10	164	TEST	nxc_pos2
9		241	185	96	52	TEST	nxc_pos3
10		238	170	86	72	TEST	cyb_pos1
11		238	170	59	99	TEST	cyb_pos2
12		238	170	170	0	TEST	cyb_pos3
13		233	162	110	39	TEST	nd4_pos1
14		233	162	68	73	TEST	nd4_pos2
15		233	162	162	0	TEST	nd4_pos3
Degree of missing data: 0.009
Info: multi-threading strategy over partitions



Create initial parsimony tree by phylogenetic likelihood library (PLL)... 0.059 seconds
Perform fast likelihood tree search using GTR+I+G model...
Estimate model parameters (epsilon = 5.000)
Initial log-likelihood: -98345.175
Current log-likelihood at step 1: -84099.639
Current log-likelihood at step 2: -83458.060
Current log-likelihood at step 3: -83423.737
Current log-likelihood at step 4: -83403.405
Current log-likelihood at step 5: -83359.315
Current log-likelihood at step 6: -83346.887
Current log-likelihood at step 7: -83345.266
Parameters optimization took 6 rounds (7.542 sec)


WARNING: Estimated model parameters are at boundary that can cause numerical instability!

Perform nearest neighbor interchange...
Optimizing NNI: done in 2.70332 secs using 99.99% CPU
Estimate model parameters (epsilon = 1.000)
Initial log-likelihood: -83056.196
Current log-likelihood at step 1: -83053.503
Current log-likelihood at step 2: -83051.799
Current log-likelihood at step 3: -83051.260
Partition-specific rates:  0.345 0.258 1.020 0.478 0.298 0.602 0.505 0.376 0.426 1.463 0.549 2.717 2.468 0.801 2.732
Parameters optimization took 2 rounds (1.944 sec)


WARNING: Estimated model parameters are at boundary that can cause numerical instability!

Time for fast ML tree search: 12.211 seconds

NOTE: ModelFinder requires 6 MB RAM!
Selecting individual models for 15 charsets using BIC...
 No. Model        Score       TreeLen     Charset
   1 TNe+I+G4     1050.660    0.630       sia_pos1
   2 JC+I+G4      611.017     3.289       sia_pos2
   3 TN+F+I+G4    6788.000    7.357       sia_pos3
   4 K2P+I+G4     5797.597    3.268       bdnf_pos1
   5 TVMe+I+G4    1571.968    0.633       bdnf_pos2
   6 TIMe+I+G4    812.823     0.473       bdnf_pos3
   7 TIM2+F+I+G4  2065.415    0.918       nxc_pos1
   8 GTR+F+I+G4   1634.825    2.576       nxc_pos2
   9 TN+F+G4      6719.082    2.971       nxc_pos3
  10 TIM2e+I+G4   13547.315   10.853      cyb_pos1	0h:0m:19s (0h:0m:9s left)
  11 GTR+F+I+G4   5535.859    3.780       cyb_pos2	0h:0m:22s (0h:0m:8s left)
  12 TIM2+F+ASC   49493.278   74.822      cyb_pos3	0h:0m:29s (0h:0m:7s left)
  13 TIM2+F+I+G4  17108.766   16.864      nd4_pos1	0h:0m:31s (0h:0m:4s left)
  14 GTR+F+I+G4   7016.466    5.511       nd4_pos2	0h:0m:35s (0h:0m:2s left)
  15 TN+F+ASC+G4  46471.546   89.532      nd4_pos3	0h:0m:40s (0h:0m:0s left)
Full partition model BIC score: 170259.415 (LnL: -82828.486  df:589)
Partition information was printed to nomerge06.nex.best_scheme.nex
Partition information in Raxml format was printed to nomerge06.nex.best_scheme

All model information printed to nomerge06.nex.model.gz
CPU time for ModelFinder: 52.297 seconds (0h:0m:52s)
Wall-clock time for ModelFinder: 52.898 seconds (0h:0m:52s)
Generating 1000 samples for ultrafast bootstrap (seed: 980561)...

NOTE: 51 MB RAM (0 GB) is required!
Estimate model parameters (epsilon = 0.100)
Initial log-likelihood: -82829.064
Current log-likelihood at step 1: -82823.408
Current log-likelihood at step 2: -82822.935
Current log-likelihood at step 3: -82822.771
Current log-likelihood at step 4: -82822.705
Partition-specific rates:  0.040 0.196 0.488 0.215 0.042 0.031 0.064 0.172 0.196 0.723 0.252 5.006 1.134 0.368 6.094
Parameters optimization took 3 rounds (1.557 sec)


WARNING: Estimated model parameters are at boundary that can cause numerical instability!

Wrote distance file to... 
Computing ML distances based on estimated model parameters...
Calculating distance matrix: done in 0.0065792 secs
Computing ML distances took 0.006826 sec (of wall-clock time) 0.000000 sec (of CPU time)
Setting up auxiliary I and S matrices: done in 0.0002792 secs
Constructing RapidNJ tree: done in 0.0008254 secs
Computing RapidNJ tree took 0.001159 sec (of wall-clock time) 0.000000 sec (of CPU time)
Log-likelihood of RapidNJ tree: -121657.294
--------------------------------------------------------------------
|             INITIALIZING CANDIDATE TREE SET                      |
--------------------------------------------------------------------
Generating 98 parsimony trees... 8.314 second
Computing log-likelihood of 98 initial trees ... 12.542 seconds
Current best score: -82822.705

Do NNI search on 20 best initial trees
Optimizing NNI: done in 0.743282 secs using 98.8% CPU
Estimate model parameters (epsilon = 0.100)
Initial log-likelihood: -82810.871
Current log-likelihood at step 1: -82810.631
Current log-likelihood at step 2: -82810.553
Parameters optimization took 1 rounds (0.666 sec)


WARNING: Estimated model parameters are at boundary that can cause numerical instability!

BETTER TREE FOUND at iteration 1: -82810.553
Optimizing NNI: done in 2.27522 secs using 100.3% CPU
Estimate model parameters (epsilon = 0.100)
Initial log-likelihood: -82735.584
Current log-likelihood at step 1: -82733.121
Current log-likelihood at step 2: -82732.774
Current log-likelihood at step 3: -82732.429
Current log-likelihood at step 4: -82732.356
Parameters optimization took 3 rounds (1.578 sec)


WARNING: Estimated model parameters are at boundary that can cause numerical instability!

BETTER TREE FOUND at iteration 2: -82732.356
Optimizing NNI: done in 2.03144 secs using 99.99% CPU
Optimizing NNI: done in 3.13992 secs using 100% CPU
Optimizing NNI: done in 2.06596 secs using 99.83% CPU
Optimizing NNI: done in 2.46012 secs using 100.4% CPU
Optimizing NNI: done in 2.42537 secs using 99.86% CPU
Optimizing NNI: done in 2.11482 secs using 99.74% CPU
Optimizing NNI: done in 3.35169 secs using 99.76% CPU
Optimizing NNI: done in 2.21297 secs using 100.3% CPU
Iteration 10 / LogL: -82785.459 / Time: 0h:0m:49s
Optimizing NNI: done in 2.10369 secs using 100.3% CPU
Optimizing NNI: done in 2.66663 secs using 99.61% CPU
Optimizing NNI: done in 1.95036 secs using 100.1% CPU
Optimizing NNI: done in 2.16562 secs using 100.3% CPU
Optimizing NNI: done in 2.09088 secs using 100.1% CPU
Optimizing NNI: done in 2.29575 secs using 100% CPU
Optimizing NNI: done in 3.41461 secs using 99.76% CPU
Optimizing NNI: done in 1.79249 secs using 100.2% CPU
Optimizing NNI: done in 2.21716 secs using 100.1% CPU
Optimizing NNI: done in 2.23271 secs using 100.1% CPU
Iteration 20 / LogL: -82849.578 / Time: 0h:1m:12s
Finish initializing candidate tree set (20)
Current best tree score: -82732.356 / CPU time: 69.243
Number of iterations: 20
--------------------------------------------------------------------
|               OPTIMIZING CANDIDATE TREE SET                      |
--------------------------------------------------------------------
Optimizing NNI: done in 2.19597 secs using 100.3% CPU
Optimizing NNI: done in 2.4451 secs using 99.69% CPU
Optimizing NNI: done in 2.49255 secs using 100.3% CPU
Optimizing NNI: done in 2.27492 secs using 100.3% CPU
Optimizing NNI: done in 2.35953 secs using 99.99% CPU
Estimate model parameters (epsilon = 0.100)
Initial log-likelihood: -82728.503
Current log-likelihood at step 1: -82727.120
Current log-likelihood at step 2: -82726.869
Current log-likelihood at step 3: -82726.743
Current log-likelihood at step 4: -82726.664
Parameters optimization took 3 rounds (1.558 sec)


WARNING: Estimated model parameters are at boundary that can cause numerical instability!

BETTER TREE FOUND at iteration 25: -82726.664
Optimizing NNI: done in 2.21258 secs using 100.3% CPU
Optimizing NNI: done in 2.10936 secs using 100% CPU
Optimizing NNI: done in 1.86523 secs using 99.69% CPU
Optimizing NNI: done in 2.17829 secs using 100.4% CPU
Estimate model parameters (epsilon = 0.100)
Initial log-likelihood: -82725.796
Current log-likelihood at step 1: -82725.641
Current log-likelihood at step 2: -82725.587
Parameters optimization took 1 rounds (0.760 sec)


WARNING: Estimated model parameters are at boundary that can cause numerical instability!

BETTER TREE FOUND at iteration 29: -82725.587
Optimizing NNI: done in 2.17751 secs using 99.74% CPU
Estimate model parameters (epsilon = 0.100)
Initial log-likelihood: -82720.640
Current log-likelihood at step 1: -82720.358
Current log-likelihood at step 2: -82720.301
Parameters optimization took 1 rounds (0.805 sec)


WARNING: Estimated model parameters are at boundary that can cause numerical instability!

BETTER TREE FOUND at iteration 30: -82720.301
Iteration 30 / LogL: -82720.301 / Time: 0h:1m:38s (0h:5m:39s left)
Optimizing NNI: done in 2.04521 secs using 100.1% CPU
Optimizing NNI: done in 2.28686 secs using 99.75% CPU
Optimizing NNI: done in 2.14248 secs using 100.6% CPU
Optimizing NNI: done in 2.04 secs using 100.3% CPU
Optimizing NNI: done in 1.88929 secs using 100.1% CPU
Optimizing NNI: done in 1.78789 secs using 99.63% CPU
Optimizing NNI: done in 1.64634 secs using 100.6% CPU
Optimizing NNI: done in 2.48256 secs using 99.44% CPU
Optimizing NNI: done in 2.03063 secs using 100% CPU
Optimizing NNI: done in 2.11402 secs using 100.5% CPU
Iteration 40 / LogL: -82732.841 / Time: 0h:1m:59s (0h:4m:35s left)
Optimizing NNI: done in 1.87021 secs using 99.42% CPU
Optimizing NNI: done in 2.20494 secs using 99.92% CPU
Estimate model parameters (epsilon = 0.100)
Initial log-likelihood: -82719.806
Current log-likelihood at step 1: -82719.739
Parameters optimization took 0 rounds (0.375 sec)


WARNING: Estimated model parameters are at boundary that can cause numerical instability!

BETTER TREE FOUND at iteration 42: -82719.739
Optimizing NNI: done in 1.92571 secs using 100.6% CPU
Optimizing NNI: done in 2.39765 secs using 99.71% CPU
Optimizing NNI: done in 2.27827 secs using 100.1% CPU
Optimizing NNI: done in 1.71416 secs using 100.3% CPU
Optimizing NNI: done in 1.74923 secs using 100% CPU
Optimizing NNI: done in 1.93853 secs using 99.95% CPU
Optimizing NNI: done in 1.95056 secs using 100.1% CPU
Optimizing NNI: done in 2.08638 secs using 99.6% CPU
Iteration 50 / LogL: -82823.403 / Time: 0h:2m:20s (0h:4m:23s left)
Log-likelihood cutoff on original alignment: -82840.964
Optimizing NNI: done in 2.19054 secs using 100.6% CPU
Optimizing NNI: done in 1.5006 secs using 99.96% CPU
Optimizing NNI: done in 2.3176 secs using 99.78% CPU
Optimizing NNI: done in 2.18033 secs using 98.9% CPU
Optimizing NNI: done in 1.78167 secs using 99.98% CPU
Optimizing NNI: done in 2.14352 secs using 100.6% CPU
Optimizing NNI: done in 1.5822 secs using 100.7% CPU
Optimizing NNI: done in 1.71759 secs using 100.1% CPU
Optimizing NNI: done in 1.93195 secs using 99.48% CPU
Optimizing NNI: done in 1.85005 secs using 100.5% CPU
Estimate model parameters (epsilon = 0.100)
Initial log-likelihood: -82719.157
Current log-likelihood at step 1: -82719.051
Current log-likelihood at step 2: -82719.015
Parameters optimization took 1 rounds (0.759 sec)


WARNING: Estimated model parameters are at boundary that can cause numerical instability!

BETTER TREE FOUND at iteration 60: -82719.015
Iteration 60 / LogL: -82719.015 / Time: 0h:2m:41s (0h:4m:33s left)
Optimizing NNI: done in 2.05378 secs using 98.14% CPU
Optimizing NNI: done in 1.81966 secs using 100.5% CPU
Optimizing NNI: done in 2.02427 secs using 98.8% CPU
Optimizing NNI: done in 2.16414 secs using 100.4% CPU
Optimizing NNI: done in 1.73145 secs using 100.2% CPU
Optimizing NNI: done in 1.92871 secs using 99.65% CPU
Optimizing NNI: done in 1.89689 secs using 99.67% CPU
Optimizing NNI: done in 1.90042 secs using 100.3% CPU
Optimizing NNI: done in 1.88976 secs using 100% CPU
Optimizing NNI: done in 2.08314 secs using 99.76% CPU
Iteration 70 / LogL: -82721.640 / Time: 0h:3m:1s (0h:3m:56s left)
Optimizing NNI: done in 2.02088 secs using 100.5% CPU
Optimizing NNI: done in 2.10784 secs using 99.33% CPU
Optimizing NNI: done in 1.86463 secs using 100.6% CPU
Optimizing NNI: done in 1.98816 secs using 99.81% CPU
Optimizing NNI: done in 1.80129 secs using 99.75% CPU
Estimate model parameters (epsilon = 0.100)
Initial log-likelihood: -82718.696
Current log-likelihood at step 1: -82718.597
Parameters optimization took 0 rounds (0.340 sec)


WARNING: Estimated model parameters are at boundary that can cause numerical instability!

BETTER TREE FOUND at iteration 75: -82718.597
Optimizing NNI: done in 1.82871 secs using 99.97% CPU
Optimizing NNI: done in 1.80335 secs using 100.5% CPU
Optimizing NNI: done in 1.99566 secs using 100.2% CPU
Optimizing NNI: done in 1.75281 secs using 99.84% CPU
Optimizing NNI: done in 2.04586 secs using 100% CPU
Iteration 80 / LogL: -82719.012 / Time: 0h:3m:21s (0h:4m:2s left)
Optimizing NNI: done in 1.71608 secs using 100.2% CPU
Optimizing NNI: done in 2.02652 secs using 99.46% CPU
Optimizing NNI: done in 1.74587 secs using 100.2% CPU
Optimizing NNI: done in 1.99634 secs using 100.2% CPU
Optimizing NNI: done in 2.09649 secs using 99.87% CPU
Optimizing NNI: done in 1.92565 secs using 99.8% CPU
Optimizing NNI: done in 2.18785 secs using 99.98% CPU
Optimizing NNI: done in 1.71257 secs using 100.4% CPU
Optimizing NNI: done in 1.77212 secs using 100.5% CPU
Optimizing NNI: done in 2.21233 secs using 99.58% CPU
Iteration 90 / LogL: -82718.639 / Time: 0h:3m:41s (0h:3m:31s left)
Optimizing NNI: done in 2.11971 secs using 100.2% CPU
Optimizing NNI: done in 2.01872 secs using 99.85% CPU
Optimizing NNI: done in 2.08902 secs using 100.2% CPU
Optimizing NNI: done in 2.04292 secs using 99.43% CPU
Optimizing NNI: done in 1.91102 secs using 99.75% CPU
Optimizing NNI: done in 2.45119 secs using 99.44% CPU
Optimizing NNI: done in 1.87116 secs using 100.2% CPU
Optimizing NNI: done in 1.97896 secs using 100.3% CPU
Optimizing NNI: done in 2.03819 secs using 99.66% CPU
Optimizing NNI: done in 2.14751 secs using 99.68% CPU
Iteration 100 / LogL: -82721.849 / Time: 0h:4m:2s (0h:3m:3s left)
Log-likelihood cutoff on original alignment: -82840.964
NOTE: Bootstrap correlation coefficient of split occurrence frequencies: 0.998
Optimizing NNI: done in 1.9729 secs using 100.6% CPU
Optimizing NNI: done in 1.85874 secs using 100% CPU
Optimizing NNI: done in 1.96091 secs using 99.6% CPU
Optimizing NNI: done in 1.73259 secs using 100.1% CPU
Optimizing NNI: done in 1.96965 secs using 99.95% CPU
Optimizing NNI: done in 1.8824 secs using 100.4% CPU
Optimizing NNI: done in 2.07223 secs using 99.53% CPU
Optimizing NNI: done in 1.82364 secs using 100.2% CPU
Optimizing NNI: done in 1.85492 secs using 100.2% CPU
Optimizing NNI: done in 1.76727 secs using 99.91% CPU
Iteration 110 / LogL: -82750.767 / Time: 0h:4m:22s (0h:3m:36s left)
Optimizing NNI: done in 2.06454 secs using 99.14% CPU
Optimizing NNI: done in 1.78736 secs using 100.5% CPU
Optimizing NNI: done in 2.0759 secs using 99.35% CPU
Optimizing NNI: done in 1.7177 secs using 100.1% CPU
Optimizing NNI: done in 1.98123 secs using 99.37% CPU
Optimizing NNI: done in 2.12725 secs using 99.89% CPU
Optimizing NNI: done in 2.0554 secs using 99.59% CPU
Optimizing NNI: done in 1.98195 secs using 100.1% CPU
Optimizing NNI: done in 1.78166 secs using 99.98% CPU
Optimizing NNI: done in 2.13092 secs using 100.5% CPU
Iteration 120 / LogL: -82744.375 / Time: 0h:4m:42s (0h:3m:9s left)
Optimizing NNI: done in 2.10401 secs using 99.51% CPU
Optimizing NNI: done in 1.85657 secs using 100.2% CPU
Optimizing NNI: done in 1.80525 secs using 100.4% CPU
Optimizing NNI: done in 1.98861 secs using 99.79% CPU
Optimizing NNI: done in 1.81652 secs using 99.78% CPU
Optimizing NNI: done in 2.09705 secs using 99.84% CPU
Optimizing NNI: done in 1.76073 secs using 100.3% CPU
Optimizing NNI: done in 1.95981 secs using 100.5% CPU
UPDATE BEST LOG-LIKELIHOOD: -82718.590
Optimizing NNI: done in 1.54409 secs using 100.2% CPU
Optimizing NNI: done in 1.87689 secs using 99.9% CPU
Iteration 130 / LogL: -82721.037 / Time: 0h:5m:1s (0h:2m:43s left)
Optimizing NNI: done in 2.32065 secs using 100.3% CPU
Optimizing NNI: done in 1.9821 secs using 100.1% CPU
Optimizing NNI: done in 2.00373 secs using 99.81% CPU
Optimizing NNI: done in 1.65713 secs using 99.95% CPU
Optimizing NNI: done in 1.735 secs using 99.96% CPU
Optimizing NNI: done in 2.01213 secs using 100.2% CPU
Optimizing NNI: done in 2.4973 secs using 100.1% CPU
Optimizing NNI: done in 1.90136 secs using 99.44% CPU
Optimizing NNI: done in 1.96404 secs using 100.2% CPU
Optimizing NNI: done in 2.28788 secs using 99.71% CPU
Iteration 140 / LogL: -82722.676 / Time: 0h:5m:22s (0h:2m:19s left)
Optimizing NNI: done in 1.76306 secs using 100.1% CPU
Optimizing NNI: done in 2.08982 secs using 100.2% CPU
Optimizing NNI: done in 1.78756 secs using 99.65% CPU
Optimizing NNI: done in 1.67945 secs using 100.5% CPU
Optimizing NNI: done in 1.97858 secs using 99.5% CPU
Optimizing NNI: done in 1.71743 secs using 100.1% CPU
Optimizing NNI: done in 1.9813 secs using 100.2% CPU
Optimizing NNI: done in 1.97301 secs using 100.6% CPU
Optimizing NNI: done in 2.10542 secs using 98.7% CPU
Optimizing NNI: done in 2.74773 secs using 100.1% CPU
Iteration 150 / LogL: -82722.431 / Time: 0h:5m:42s (0h:1m:55s left)
Log-likelihood cutoff on original alignment: -82840.964
Optimizing NNI: done in 1.99575 secs using 99.43% CPU
Optimizing NNI: done in 2.19475 secs using 100.4% CPU
Optimizing NNI: done in 1.83206 secs using 99.79% CPU
Optimizing NNI: done in 2.13993 secs using 100% CPU
Optimizing NNI: done in 1.95152 secs using 100.1% CPU
Optimizing NNI: done in 2.49097 secs using 99.74% CPU
Optimizing NNI: done in 2.0742 secs using 99.44% CPU
Optimizing NNI: done in 1.5913 secs using 100.2% CPU
Optimizing NNI: done in 1.87176 secs using 100.2% CPU
Optimizing NNI: done in 1.64896 secs using 100.4% CPU
Iteration 160 / LogL: -82734.790 / Time: 0h:6m:3s (0h:1m:31s left)
Optimizing NNI: done in 1.96261 secs using 100.3% CPU
Optimizing NNI: done in 2.31845 secs using 99.07% CPU
Optimizing NNI: done in 1.87826 secs using 99.83% CPU
Optimizing NNI: done in 2.22649 secs using 99.65% CPU
Optimizing NNI: done in 2.08049 secs using 99.14% CPU
Optimizing NNI: done in 2.10627 secs using 100.1% CPU
Optimizing NNI: done in 2.3471 secs using 99.86% CPU
Optimizing NNI: done in 2.09504 secs using 99.19% CPU
Optimizing NNI: done in 2.05221 secs using 99.74% CPU
Optimizing NNI: done in 2.01111 secs using 100.2% CPU
Iteration 170 / LogL: -82720.263 / Time: 0h:6m:25s (0h:1m:8s left)
Optimizing NNI: done in 2.40233 secs using 100.2% CPU
Optimizing NNI: done in 1.64854 secs using 100.5% CPU
Optimizing NNI: done in 2.10903 secs using 100% CPU
Optimizing NNI: done in 2.04151 secs using 100.3% CPU
Optimizing NNI: done in 1.90125 secs using 99.44% CPU
Optimizing NNI: done in 1.74078 secs using 98.73% CPU
TREE SEARCH COMPLETED AFTER 176 ITERATIONS / Time: 0h:6m:37s

--------------------------------------------------------------------
|                    FINALIZING TREE SEARCH                        |
--------------------------------------------------------------------
Performs final model parameters optimization
Estimate model parameters (epsilon = 0.010)
Initial log-likelihood: -82718.590
Current log-likelihood at step 1: -82718.558
Current log-likelihood at step 2: -82718.534
Current log-likelihood at step 3: -82718.514
Current log-likelihood at step 4: -82718.496
Current log-likelihood at step 5: -82718.478
Current log-likelihood at step 6: -82718.461
Current log-likelihood at step 7: -82718.445
Current log-likelihood at step 8: -82718.430
Current log-likelihood at step 9: -82718.416
Current log-likelihood at step 10: -82718.404
Current log-likelihood at step 11: -82718.382
Current log-likelihood at step 12: -82718.362
Current log-likelihood at step 13: -82718.343
Current log-likelihood at step 14: -82718.325
Current log-likelihood at step 15: -82718.309
Current log-likelihood at step 16: -82718.295
Current log-likelihood at step 17: -82718.281
Current log-likelihood at step 18: -82718.269
Current log-likelihood at step 19: -82718.257
Current log-likelihood at step 20: -82718.246
Current log-likelihood at step 21: -82718.236
Current log-likelihood at step 22: -82718.226
Current log-likelihood at step 23: -82718.216
Partition-specific rates:  0.041 0.181 0.468 0.219 0.041 0.028 0.063 0.165 0.187 0.726 0.298 5.124 1.118 0.362 5.988
Parameters optimization took 22 rounds (8.562 sec)


WARNING: Estimated model parameters are at boundary that can cause numerical instability!

Partition information was printed to nomerge06.nex.best_model.nex
BEST SCORE FOUND : -82718.216
Creating bootstrap support values...
Split supports printed to NEXUS file nomerge06.nex.splits.nex
Total tree length: 15.118

Total number of iterations: 176
CPU time used for tree search: 393.750 sec (0h:6m:33s)
Wall-clock time used for tree search: 394.132 sec (0h:6m:34s)
Total CPU time used: 406.469 sec (0h:6m:46s)
Total wall-clock time used: 406.548 sec (0h:6m:46s)

Computing bootstrap consensus tree...
Reading input file nomerge06.nex.splits.nex...
241 taxa and 1029 splits.
Consensus tree written to nomerge06.nex.contree
Reading input trees file nomerge06.nex.contree
Log-likelihood of consensus tree: -82718.225

Analysis results written to: 
  IQ-TREE report:                nomerge06.nex.iqtree
  Maximum-likelihood tree:       nomerge06.nex.treefile
  Likelihood distances:          nomerge06.nex.mldist
  Best partitioning scheme:      nomerge06.nex.best_scheme.nex
           in RAxML format:      nomerge06.nex.best_scheme

Ultrafast bootstrap approximation results written to:
  Split support values:          nomerge06.nex.splits.nex
  Consensus tree:                nomerge06.nex.contree
  Screen log file:               nomerge06.nex.log

--- Start phylogenetic dating ---
Reading date file asterophryinae_dates.txt ...
5 dates extracted
Building time tree by least-square dating (LSD) with command:
lsd -i nomerge06.nex.timetree.subst -s 2475 -o nomerge06.nex.timetree -g nomerge06.nex.timetree.outgroup -d nomerge06.nex.timetree.date -z 0 
Reroot the tree(s) using given outgroups ...

TREE 1
*PROCESSING:
Reading the tree ... 
Collapse 1 (over 239) internal branches having branch length <= 0.000202
 (settable via option -l)
Parameter to adjust variances was set to 0.0211 (settable via option -b)
Minimum branch length of time scaled tree (settable via option -u and -U): 0
Estimating the root position on the branch defined by given outgroups ...

*RESULTS:
- Dating results:
 rate 0.00731121, tMRCA -29.9797 , objective function 1.08911

TOTAL ELAPSED TIME: 0.008 seconds
LSD results written to:
  LSD report:                  nomerge06.nex.timetree.lsd
  Time tree in nexus format:   nomerge06.nex.timetree.nex
  Time tree in newick format:  nomerge06.nex.timetree.nwk

--- End phylogenetic dating ---
Date and Time: Sun Mar 12 10:15:18 2023
