IQ-TREE multicore version 2.2.0 COVID-edition for Windows 64-bit built Jun  1 2022
Developed by Bui Quang Minh, James Barbetti, Nguyen Lam Tung,
Olga Chernomor, Heiko Schmidt, Dominik Schrempf, Michael Woodhams, Ly Trong Nhan.

Host:    MSI (AVX512, FMA3, 15 GB RAM)
Command: C:\Users\Marguerite Butler\Documents\iqtree-2.2.0-Windows\bin\iqtree2.exe -s asterophryinae_20230305.phy -p nomerge02.nex -m TEST -B 1000 -o UMMZ219489_Scaphiophryne_marmorata --date asterophryinae_dates.txt --date-tip 0 -mset JC,F81,K80,HKY,TN,TNe,TPM2,TPM2u,TPM3,TPM3u,TIM,TIMe,TIM2,TIM2e,TIM3,TIM3e,TVMe,TVM,SYM,GTR
Seed:    359493 (Using SPRNG - Scalable Parallel Random Number Generator)
Time:    Fri Mar 10 16:41:34 2023
Kernel:  AVX+FMA - 1 threads (16 CPU cores detected)

HINT: Use -nt option to specify number of threads because your CPU has 16 cores!
HINT: -nt AUTO will automatically determine the best number of threads to use.

Reading partition model file nomerge02.nex ...
Reading alignment file asterophryinae_20230305.phy ... Phylip format detected
Alignment most likely contains DNA/RNA sequences
Constructing alignment: done in 0.004344 secs
Alignment has 241 sequences with 2475 columns, 1396 distinct patterns
951 parsimony-informative, 195 singleton sites, 1329 constant sites
                                                 Gap/Ambiguity  Composition  p-value
Analyzing sequences: done in 0.0008538 secs
   1  ABTC116941_Oreophryne_A_graminis                  21.21%    passed      9.71%
   2  BPBM47733_Choerophryne_darlingtoni_complex_sp_1    0.28%    passed     96.60%
   3  BPBM47780_Cophixalus_cf__cryptotympanum            2.14%    passed     91.67%
   4  BPBM47792_Hylophorbus_cf__rufescens_14            20.85%    passed     24.73%
   5  BPBM47804_Cophixalus_darlingtoni                   5.41%    passed     98.10%
   6  BPBM31882_Paedophryne_swiftorum_complex_sp_1      22.42%    passed     19.52%
   7  BPBM47713_Paedophryne_amauensis                    0.08%    passed     92.53%
   8  BPBM47786_Callulops_sp_2                           3.68%    passed     93.38%
   9  UMMZ242263_Cophixalus_variabilis_complex_sp_1      1.25%    passed     72.08%
  10  UMMZ242338_Liophryne_aff__dentata_1                0.00%    passed     17.75%
  11  UMMZ242317_Hylophorbus_cf__rufescens_1             0.00%    passed     95.92%
  12  UMMZ242212_Austrochaperina_C_aff__palmipes_1       1.70%    passed     77.36%
  13  UMMZ242361_Mantophryne_cf__lateralis_1             0.04%    passed     85.97%
  14  UMMZ242309_Genyophryne_aff__thomsoni_1             0.44%    passed     87.40%
  15  UMMZ242349_Cophixalus_verrucosus_complex_sp_1      1.41%    passed     98.39%
  16  UMMZ242404_Oreophryne_A_sp_8                       0.00%    passed     13.57%
  17  UMMZ242232_Cophixalus_desticans_complex_sp_1       0.36%    passed     45.73%
  18  UMMZ242226_Callulops_doriae_complex_sp_1           0.20%    passed     65.99%
  19  FK16913_Paedophryne_titan                          0.48%    passed     19.15%
  20  UMMZ242398_Oreophryne_B_penelopia                  0.12%    passed     94.97%
  21  BPBM47888_Hylophorbus_cf__rufescens_13             4.24%    passed     97.91%
  22  JAM11383_Oreophryne_B_sp_5                         1.82%    passed     81.25%
  23  BPBM35843_Cophixalus_cf__pipilans_1                0.20%    passed     23.99%
  24  BPBM40083_Copiula_sp_1                             1.29%    passed     78.83%
  25  BPBM20571_Oreophryne_B_sp_2                        0.20%    passed     74.23%
  26  BPBM22664_Austrochaperina_A_sp_1                   1.58%    passed     79.76%
  27  BPBM20396_Mantophryne_cf__lateralis_1              0.24%    passed     94.07%
  28  BPBM48036_Paedophryne_sp_2                        20.00%    passed     27.41%
  29  BPBM35561_Choerophryne_gudrunae                    1.41%    passed     97.20%
  30  BPBM40135_Mantophryne_insignis                     0.12%    passed     84.40%
  31  BPBM39638_Hylophorbus_myopicus                     1.49%    passed    100.00%
  32  BPBM20572_Oreophryne_B_sp_3                        5.17%    passed     95.08%
  33  BPBM13110_Asterophrys_slateri                      0.93%    passed     34.14%
  34  BPBM33669_Callulops_wilhelmanus                    0.20%    passed     97.12%
  35  BPBM16554_Oreophryne_A_philosylleptoris            0.20%    passed     14.90%
  36  BPBM20262_Copiula_sp_2                             5.86%    passed     88.13%
  37  BPBM39000_Oreophryne_B_sp_1                        0.20%    passed     83.57%
  38  BPBM34677_Oreophryne_A_cameroni                    5.74%    passed     47.88%
  39  BPBM38990_Oreophryne_A_sp_2                        0.81%    passed     25.28%
  40  BPBM16181_Hylophorbus_cf__rufescens_2              0.24%    passed     96.81%
  41  BPBM39048_Cophixalus_sp_3                          0.69%    passed     49.47%
  42  BPBM34688_Oreophryne_A_biroi                       0.16%    passed     28.23%
  43  BPBM38939_Copiula_sp_7                            20.04%    passed     38.88%
  44  BPBM22675_Choerophryne_longirostris                0.12%    passed     95.90%
  45  BPBM18450_Hylophorbus_cf__rufescens_6              0.20%    passed     83.63%
  46  BPBM22504_Hylophorbus_cf__rufescens_12             1.45%    passed     82.58%
  47  BPBM39357_Oreophryne_B_sp_6                        0.32%    passed     87.01%
  48  BPBM20522_Oreophryne_A_aurora                      0.28%    passed     94.40%
  49  BPBM40145_Oreophryne_A_sp_6                        2.46%    passed     30.55%
  50  BPBM39569_Hylophorbus_cf__rufescens_9              0.04%    passed     99.01%
  51  BPBM22780_Mantophryne_cf__lateralis_3              1.25%    passed     99.39%
  52  BPBM39007_Copiula_sp_3                            20.97%    passed     21.16%
  53  BPBM19265_Mantophryne_cf__lateralis_4              1.29%    passed     99.16%
  54  BPBM33763_Oreophryne_A_anamiatoi                   0.12%    passed     59.29%
  55  BPBM22692_Cophixalus_balbus                        1.41%    passed     98.67%
  56  BPBM39244_Oreophryne_A_sp_3                        1.58%    passed     45.36%
  57  BPBM22689_Oreophryne_A_cf__cameroni                1.82%    passed     48.15%
  58  BPBM18430_Cophixalus_albolineatus                  1.21%    passed     68.02%
  59  BPBM38988_Oreophryne_B_sp_4                        2.34%    passed     83.93%
  60  BPBM33707_Cophixalus_caverniphilus                 1.98%    passed     83.04%
  61  BPBM39991_Choerophryne_bryonopsis                  1.70%    passed     58.86%
  62  BPBM39631_Hylophorbus_cf__rufescens_7              0.24%    passed     98.72%
  63  BPBM19320_Cophixalus_nexipus                       1.70%    passed     88.14%
  64  BPBM37122_Callulops_sp_1                           0.04%    passed     91.62%
  65  BPBM34724_Hylophorbus_atrifasciatus                0.04%    passed     90.27%
  66  BPBM18392_Cophixalus_cheesmanae_complex_sp_1       3.07%    passed     74.80%
  67  BPBM39929_Liophryne_miniafia                       0.00%    passed     96.69%
  68  BPBM35866_Hylophorbus_cf__rufescens_15             0.04%    passed     95.82%
  69  BPBM17959_Cophixalus_sp_4                          0.16%    passed     93.15%
  70  BPBM40000_Austrochaperina_A_sp_2                   0.04%    passed     80.15%
  71  BPBM19277_Cophixalus_iovaorum                      0.16%    passed     86.10%
  72  BPBM19338_Hylophorbus_cf__rufescens_10             0.20%    passed     99.69%
  73  BPBM37232_Hylophorbus_cf__rufescens_3              0.28%    passed     96.62%
  74  BPBM38914_Barygenys_maculata                       0.12%    passed     12.44%
  75  BPBM19371_Oreophryne_A_sp_4                        0.00%    passed     76.11%
  76  BPBM33749_Hylophorbus_richardsi                    0.08%    passed     85.61%
  77  BPBM18429_Cophixalus_albolineatus                  2.55%    passed     84.86%
  78  BPBM33664_Choerophryne_darlingtoni_complex_sp_2    0.81%    passed     98.97%
  79  BPBM34679_Choerophryne_proboscidea                 0.57%    passed     92.40%
  80  BPBM20538_Oreophryne_B_sp_3                        0.85%    passed     99.71%
  81  BPBM19314_Cophixalus_ateles                        2.18%    passed     96.02%
  82  BPBM38992_Oreophryne_A_sp_2                        1.98%    passed     32.27%
  83  BPBM39510_Oreophryne_B_phoebe                      1.54%    passed     55.11%
  84  BPBM37718_Cophixalus_clapporum                    20.97%    passed     29.96%
  85  BPBM39344_Oreophryne_B_sp_4                        1.25%    passed     47.08%
  86  BPBM38904_Barygenys_apodasta                       1.62%    passed     59.40%
  87  BPBM20126_Barygenys_aff__exsul_1                   1.78%    passed     37.71%
  88  BPBM15814_Cophixalus_variabilis_complex_sp_2       5.17%    passed     97.34%
  89  BPBM15708_Cophixalus_desticans_complex_sp_2        0.16%    passed     62.78%
  90  BPBM33674_Oreophryne_A_notata                      2.79%    failed      2.69%
  91  BPBM35692_Hylophorbus_cf__proekes                  1.78%    passed     61.14%
  92  BPBM20141_Callulops_doriae_complex_sp_2            1.78%    passed     44.31%
  93  BPBM17048_Hylophorbus_cf__rufescens_11             1.82%    passed     97.14%
  94  BPBM18509_Oreophryne_A_lemur                       1.41%    passed     85.29%
  95  BPBM33780_Xenorhina_parkerorum                     2.75%    passed     65.42%
  96  BPBM15259_Barygenys_resima                         1.94%    passed     46.73%
  97  BPBM20501_Oreophryne_B_meliades                    0.32%    passed     85.03%
  98  BPBM35986_Hylophorbus_cf__rufescens_17             2.02%    passed     95.61%
  99  BPBM27491_Cophixalus_verrucosus_complex_sp_3       1.13%    passed     84.33%
 100  BPBM15775_Oreophryne_B_equus                       1.45%    passed     73.73%
 101  BPBM15410_Mantophryne_cf__lateralis_2              1.25%    passed     97.77%
 102  BPBM39366_Oreophryne_A_sp_5                        1.86%    passed     85.70%
 103  BPBM37753_Paedophryne_dekot                        1.86%    passed     98.09%
 104  BPBM15707_Cophixalus_sp_5                          0.08%    passed     91.17%
 105  BPBM35735_Austrochaperina_B_sp_3                   0.00%    passed     96.90%
 106  TNHC58922_Oreophryne_B_variabilis                  3.19%    passed     63.12%
 107  CMNH1366_Oreophryne_A_anulata                      2.30%    passed     10.04%
 108  KU321316_Oreophryne_A_nana                         1.78%    passed     12.39%
 109  BPBM18605_Copiula_fistulans                        0.36%    passed     87.45%
 110  BPBM41683_Aphantophryne_B_pansa.3-Omunia_Camp      3.03%    passed     96.28%
 111  BPBM41681_Aphantophryne_B_pansa.3-Omunia_Camp      4.57%    passed     99.65%
 112  BPBM41685_Aphantophryne_B_pansa.3-Omunia_Camp      1.37%    passed     99.61%
 113  BPBM41682_Aphantophryne_B_pansa.3-Omunia_Camp      1.37%    passed     97.54%
 114  BPBM17084_Copiula_oxyrhina                         1.25%    passed     92.24%
 115  BPBM13862_Austrochaperina_B_macrorhyncha           0.85%    passed     96.73%
 116  BPBM18351_Choerophryne_gunnari                     2.26%    passed     53.45%
 117  BPBM20357_Genyophryne_thomsoni                     1.94%    passed     66.73%
 118  BPBM22740_Hylophorbus_cf__rufescens_16             1.13%    passed     95.66%
 119  BPBM20369_Hylophorbus_extimus                      0.85%    passed     97.27%
 120  BPBM22761_Hylophorbus_proekes                      0.85%    passed     97.43%
 121  BPBM15373_Liophryne_aff__dentata_2                 1.37%    passed     39.91%
 122  BPBM22754_Liophryne_schlaginhaufeni                1.13%    passed     51.23%
 123  BPBM20142_Mantophryne_louisiadensis                3.39%    passed     85.19%
 124  BPBM22511_Oreophryne_A_brachypus                   1.58%    passed     44.28%
 125  BPBM18510_Oreophryne_A_cf__geislerorum_1           1.17%    passed     28.30%
 126  BPBM17847_Choerophryne_sanguinopictus              1.66%    passed     98.81%
 127  BPBM16217_Oreophryne_A_inornata                    0.93%    passed     66.13%
 128  BPBM16546_Oreophryne_B_insulana                    2.63%    passed     77.70%
 129  BPBM22539_Oreophryne_A_loriae                      1.41%    passed     71.49%
 130  BPBM17890_Oxydactyla_crassa                        1.21%    passed     76.18%
 131  BPBM31477_Mantophryne_menziesi                     0.89%    passed     97.87%
 132  BPBM22793_Sphenophryne_cornuta                     3.64%    passed     59.94%
 133  BPBM22797_Xenorhina_arboricola                     0.89%    failed      3.81%
 134  BPBM28179_Xenorhina_mehelyi                        0.89%    passed     16.57%
 135  BPBM14060_Xenorhina_ocellata                       2.46%    passed     37.05%
 136  BPBM22795_Xenorhina_tumulus                        0.81%    passed      6.50%
 137  BPBM28153_Asterophrys_leucopus                     0.89%    passed     62.03%
 138  BPBM22649_Choerophryne_brunhildae                  0.97%    passed     90.66%
 139  BPBM18317_Choerophryne_exclamitans                 1.54%    passed     91.32%
 140  BPBM28204_Asterophrys_turpicola                    0.97%    passed     58.59%
 141  BPBM22665_Austrochaperina_B_basipalmata            1.62%    passed     71.00%
 142  BPBM22656_Austrochaperina_B_blumi                  1.29%    passed     90.00%
 143  BPBM22708_Copiula_tyleri                           0.04%    passed     73.77%
 144  BPBM22481_Austrochaperina_A_novaebritanniae        1.66%    passed     85.13%
 145  BPBM20112_Austrochaperina_A_yelaensis              3.84%    passed     72.30%
 146  BPBM15234_Austrochaperina_C_aff__palmipes_3        0.12%    passed     96.64%
 147  BPBM25756_Barygenys_atra                           0.85%    passed     48.58%
 148  BPBM25760_Barygenys_sp                             0.04%    passed     99.75%
 149  BPBM18504_Callulops_personatus                     0.89%    passed     99.31%
 150  BPBM13155_Callulops_eremnosphax                    1.62%    passed     91.58%
 151  BPBM20215_Cophixalus_cupricarenus                  2.51%    passed     94.82%
 152  BPBM20197_Cophixalus_melanops                      2.34%    passed     67.44%
 153  BPBM15665_Copiula_minor                            1.13%    passed     64.00%
 154  BPBM20287_Copiula_sp_6                            22.38%    passed     17.00%
 155  BPBM17827_Copiula_sp_4                             1.13%    passed     89.01%
 156  BPBM18388_Austrochaperina_A_parkeri                0.85%    passed     88.19%
 157  BPBM15355_Hylophorbus_cf__rufescens_4              1.13%    passed     85.90%
 158  BPBM18033_Hylophorbus_cf__rufescens_8              1.05%    passed     96.59%
 159  BPBM18441_Hylophorbus_cf__rufescens_12             1.45%    passed     81.97%
 160  BPBM18315_Liophryne_allisoni                       0.85%    passed     56.59%
 161  BPBM19360_Liophryne_magnitympanum                  1.29%    passed     64.61%
 162  BPBM20397_Mantophryne_axanthogaster                0.89%    passed     99.79%
 163  BPBM22784_Oreophryne_A_parkeri                    21.70%    passed     21.76%
 164  BPBM18128_Oreophryne_B_picticrus                   1.90%    passed     63.58%
 165  BPBM18002_Oreophryne_A_sp_7                        1.90%    passed     69.44%
 166  BPBM17980_Oreophryne_B_matawan                     6.95%    passed     80.16%
 167  BPBM22668_Austrochaperina_B_septentrionalis        1.86%    passed     63.65%
 168  BPBM22789_Oreophryne_A_parkopanorum                1.17%    passed     14.79%
 169  BPBM21474_Xenorhina_adisca                         1.09%    passed     37.08%
 170  BPBM22685_Choerophryne_rostellifer                 0.12%    passed     88.29%
 171  UMMZ211174_Dyscophis_antongilli                    2.18%    passed     83.90%
 172  UMMZ211181_Platypelis_grandis                      2.42%    passed     70.33%
 173  UMMZ219489_Scaphiophryne_marmorata                 0.08%    passed     78.46%
 174  BPBM20128_Barygenys_exsul                          0.89%    passed      8.08%
 175  ZMB74609_Asterophrys_senglaubi                     1.37%    passed     49.29%
 176  ZMB70535_Asterophrys_eurydactylus                  1.29%    passed     19.17%
 177  ZMB70187_Asterophrys_cf__marani                    1.58%    passed     20.48%
 178  ZMB63882_Asterophrys_marani                        2.63%    passed     40.93%
 179  ZMB70185_Asterophrys_cf__marani                    1.54%    passed     20.70%
 180  FK15527_Paedophryne_verrucosa                      1.49%    passed     23.45%
 181  BPBM39156_Oreophryne_A_sp_1                        0.81%    passed     33.48%
 182  BPBM19236_Callulops_bicolor                        1.54%    passed     56.74%
 183  BPBM35836_Callulops_microtis                       0.93%    passed     88.41%
 184  BPBM34741_Xenorhina_obesa                          0.85%    passed     33.97%
 185  BPBM20532_Oreophryne_B_sp_3                        0.89%    passed     99.80%
 186  BPBM15232_Austrochaperina_C_aff__palmipes_3        0.89%    passed     85.46%
 187  BPBM20469_Oreophryne_B_ezra                        4.16%    passed     42.92%
 188  BPBM33637_Choerophryne_murrita                     0.97%    passed     98.63%
 189  BPBM40143_Oreophryne_B_brunnea                     0.04%    passed     46.13%
 190  BPBM18097_Cophixalus_timidus                       1.29%    passed     86.66%
 191  BPBM20440_Oreophryne_B_meliades                    0.32%    passed     87.91%
 192  BPBM34697_Xenorhina_oxycephala                     0.00%    passed     29.14%
 193  BPBM16806_Callulops_robustus                       0.04%    passed     91.61%
 194  MB233_Cophixalus_sp_1                              2.71%    passed     72.31%
 195  MB291_Paedophryne_sp_1                             3.64%    passed     82.03%
 196  MB294_Hylophorbus_cf__rufescens_12                 0.04%    passed     87.73%
 197  MB300_Choerophryne_gunnari                         0.12%    passed     45.91%
 198  MB302_Cophixalus_sp_2                              0.00%    passed     54.48%
 199  MB309_Copiula_sp_5                                 2.51%    passed     68.80%
 200  MB327_Xenorhina_sp_1                              19.64%    passed     13.32%
 201  MB331_Mantophryne_cf__lateralis_4                  0.04%    passed     89.33%
 202  MB342_Oreophryne_A_loriae                          1.25%    passed     64.96%
 203  MB463_Choerophryne_sp_2                            0.44%    passed     84.86%
 204  MB466_Choerophryne_sp_1                            0.00%    passed     99.97%
 205  MB470_Cophixalus_cheesmanae_complex_sp_2           1.25%    passed     38.76%
 206  MB472_Choerophryne_sp_4                            0.00%    passed     58.32%
 207  MB475_Austrochaperina_C_aff__palmipes_4            0.00%    passed     98.74%
 208  MB479_Mantophryne_cf__lateralis_5                  2.91%    passed     97.41%
 209  MB482_Cophixalus_linnaeus                          0.24%    passed     86.36%
 210  MB483_Hylophorbus_cf__rufescens_5                  0.04%    passed     83.87%
 211  MB484_Oreophryne_A_cf__geislerorum_2               0.73%    passed     21.11%
 212  MB486_Paedophryne_swiftorum_complex_sp_2           6.51%    passed     29.80%
 213  MB508_Callulops_doriae_complex_sp_1                1.17%    passed     41.07%
 214  MB518_Mantophryne_cf__lateralis_1                  3.23%    passed     95.46%
 215  MB539_Austrochaperina_C_aff__palmipes_2            1.17%    passed     73.41%
 216  MB556_Hylophorbus_cf__rufescens_1                  1.25%    passed     94.69%
 217  MB571_Cophixalus_variabilis_complex_sp_3           0.00%    passed     93.20%
 218  MB583_Cophixalus_verrucosus_complex_sp_2           1.17%    passed     97.87%
 219  MB593_Liophryne_aff__dentata_3                     1.25%    passed     47.38%
 220  MB617_Cophixalus_desticans_complex_sp_1            0.00%    passed     44.78%
 221  MB626_Genyophryne_aff__thomsoni_2                  1.41%    passed     97.10%
 222  MB627_Oreophryne_B_penelopia                       1.33%    passed     80.94%
 223  BPBM31979_Hylophorbus_cf__rufescens_5              3.27%    passed     84.96%
 224  BPBM26182_Cophixalus_tomaiodactylus                1.29%    passed     98.92%
 225  BPBM23740_Callulops_personatus                     1.09%    passed     99.22%
 226  BPBM25837_Choerophryne_sp_3                        1.45%    passed     97.88%
 227  BPBM26194_Cophixalus_phaeobalius                   1.41%    passed     98.49%
 228  BPBM25754_Choerophryne_sp_4                        1.41%    passed     55.33%
 229  BPBM31337_Cophixalus_linnaeus                      1.37%    passed     86.18%
 230  BPBM31847_Cophixalus_cf__pipilans_2                0.28%    passed     71.79%
 231  BPBM31853_Genyophryne_aff__thomsoni_3              2.83%    passed     44.14%
 232  BPBM31808_Choerophryne_sp_1                        1.45%    passed     97.91%
 233  BPBM35367_Choerophryne_sp_4                        0.04%    passed     66.71%
 234  AA24862_Asterophrys_sp                             2.34%    passed     16.37%
 235  BPBM44363_Aphantophryne_sabini-Myola_GH            0.12%    passed     98.60%
 236  BPBM44369_Aphantophryne_sabini-Myola_GH            0.20%    passed     99.09%
 237  BPBM44373_Aphantophryne_sabini-Myola_GH            0.20%    passed     98.81%
 238  BJE1120_Oreophryne_A_senckenbergiana               1.29%    passed     43.70%
 239  BJE1143_Oreophryne_A_senckenbergiana               1.21%    passed     42.99%
 240  BJE1144_Oreophryne_A_senckenbergiana               1.21%    passed     42.49%
 241  BJE1248_Oreophryne_A_frontifasciata               21.82%    passed     75.31%
****  TOTAL                                              2.23%  2 sequences failed composition chi2 test (p-value<5%; df=3)
NOTE: No CharPartition defined, use all CharSets

Loading 15 partitions...
Identifying sites to remove: done in 0.00029 secs
Identifying sites to remove: done in 0.0002349 secs
Identifying sites to remove: done in 0.0003177 secs
Identifying sites to remove: done in 0.0003719 secs
Identifying sites to remove: done in 0.0002569 secs
Identifying sites to remove: done in 0.0002852 secs
Subset	Type	Seqs	Sites	Infor	Invar	Model	Name
1		241	136	4	118	TEST	sia_pos1
2		241	136	0	128	TEST	sia_pos2
WARNING: No parsimony-informative sites in partition sia_pos2
3		241	135	72	45	TEST	sia_pos3
4		241	173	78	78	TEST	bdnf_pos1
5		241	172	16	154	TEST	bdnf_pos2
6		241	172	4	163	TEST	bdnf_pos3
7		241	185	16	144	TEST	nxc_pos1
8		241	185	10	164	TEST	nxc_pos2
9		241	185	96	52	TEST	nxc_pos3
10		238	170	86	72	TEST	cyb_pos1
11		238	170	59	99	TEST	cyb_pos2
12		238	170	170	0	TEST	cyb_pos3
13		233	162	110	39	TEST	nd4_pos1
14		233	162	68	73	TEST	nd4_pos2
15		233	162	162	0	TEST	nd4_pos3
Degree of missing data: 0.009
Info: multi-threading strategy over partitions



Create initial parsimony tree by phylogenetic likelihood library (PLL)... 0.059 seconds
Perform fast likelihood tree search using GTR+I+G model...
Estimate model parameters (epsilon = 5.000)
Initial log-likelihood: -98356.984
Current log-likelihood at step 1: -84990.625
Current log-likelihood at step 2: -83522.352
Current log-likelihood at step 3: -83456.829
Current log-likelihood at step 4: -83402.549
Current log-likelihood at step 5: -83387.451
Current log-likelihood at step 6: -83381.547
Current log-likelihood at step 7: -83365.761
Current log-likelihood at step 8: -83362.439
Parameters optimization took 7 rounds (8.373 sec)


WARNING: Estimated model parameters are at boundary that can cause numerical instability!

Perform nearest neighbor interchange...
Optimizing NNI: done in 2.07994 secs using 99.91% CPU
Estimate model parameters (epsilon = 1.000)
Initial log-likelihood: -83191.703
Current log-likelihood at step 1: -83185.678
Current log-likelihood at step 2: -83185.047
Partition-specific rates:  0.400 0.244 1.027 0.488 0.225 0.614 0.224 0.391 0.440 1.517 0.666 2.823 2.472 0.799 2.741
Parameters optimization took 1 rounds (1.485 sec)


WARNING: Estimated model parameters are at boundary that can cause numerical instability!

Time for fast ML tree search: 11.963 seconds

NOTE: ModelFinder requires 6 MB RAM!
Selecting individual models for 15 charsets using BIC...
 No. Model        Score       TreeLen     Charset
   1 TNe+I+G4     1057.401    0.634       sia_pos1
   2 JC+I+G4      611.099     2.703       sia_pos2
   3 TN+F+I+G4    6802.907    7.035       sia_pos3
   4 K2P+G4       5808.853    3.735       bdnf_pos1
   5 TVMe+I+G4    1581.482    0.677       bdnf_pos2
   6 TIMe+I+G4    819.039     3.640       bdnf_pos3
   7 TIM2+F+I+G4  2073.760    0.918       nxc_pos1
   8 TIM3e+I+G4   1640.773    2.313       nxc_pos2
   9 TN+F+G4      6712.966    3.010       nxc_pos3
  10 TPM2+I+G4    13620.137   10.654      cyb_pos1	0h:0m:20s (0h:0m:10s left)
  11 GTR+F+I+G4   5626.658    4.469       cyb_pos2	0h:0m:23s (0h:0m:8s left)
  12 GTR+F+ASC+G4 49355.110   87.644      cyb_pos3	0h:0m:30s (0h:0m:7s left)
  13 TIM2+F+I+G4  17005.763   16.566      nd4_pos1	0h:0m:33s (0h:0m:5s left)
  14 GTR+F+I+G4   6987.192    5.412       nd4_pos2	0h:0m:37s (0h:0m:2s left)
  15 TN+F+ASC+G4  46288.485   88.468      nd4_pos3	0h:0m:43s (0h:0m:0s left)
Full partition model BIC score: 170016.149 (LnL: -82722.481  df:585)
Partition information was printed to nomerge02.nex.best_scheme.nex
Partition information in Raxml format was printed to nomerge02.nex.best_scheme

All model information printed to nomerge02.nex.model.gz
CPU time for ModelFinder: 54.812 seconds (0h:0m:54s)
Wall-clock time for ModelFinder: 55.297 seconds (0h:0m:55s)
Generating 1000 samples for ultrafast bootstrap (seed: 359493)...

NOTE: 55 MB RAM (0 GB) is required!
Estimate model parameters (epsilon = 0.100)
Initial log-likelihood: -82722.842
Current log-likelihood at step 1: -82705.046
Current log-likelihood at step 2: -82703.719
Current log-likelihood at step 3: -82702.924
Current log-likelihood at step 4: -82702.752
Current log-likelihood at step 5: -82702.681
Partition-specific rates:  0.038 0.147 0.427 0.226 0.041 0.200 0.059 0.140 0.182 0.654 0.277 5.571 1.026 0.332 5.654
Parameters optimization took 4 rounds (2.504 sec)


WARNING: Estimated model parameters are at boundary that can cause numerical instability!

Wrote distance file to... 
Computing ML distances based on estimated model parameters...
Calculating distance matrix: done in 0.0066275 secs
Computing ML distances took 0.006947 sec (of wall-clock time) 0.000000 sec (of CPU time)
Setting up auxiliary I and S matrices: done in 0.000375 secs
Constructing RapidNJ tree: done in 0.0011879 secs
Computing RapidNJ tree took 0.001620 sec (of wall-clock time) 0.000000 sec (of CPU time)
Log-likelihood of RapidNJ tree: -120239.632
--------------------------------------------------------------------
|             INITIALIZING CANDIDATE TREE SET                      |
--------------------------------------------------------------------
Generating 98 parsimony trees... 8.274 second
Computing log-likelihood of 98 initial trees ... 14.136 seconds
Current best score: -82702.681

Do NNI search on 20 best initial trees
Optimizing NNI: done in 0.6963 secs using 101% CPU
Estimate model parameters (epsilon = 0.100)
Initial log-likelihood: -82700.960
Current log-likelihood at step 1: -82700.836
Current log-likelihood at step 2: -82700.789
Parameters optimization took 1 rounds (0.860 sec)


WARNING: Estimated model parameters are at boundary that can cause numerical instability!

BETTER TREE FOUND at iteration 1: -82700.789
Optimizing NNI: done in 3.057 secs using 99.67% CPU
Estimate model parameters (epsilon = 0.100)
Initial log-likelihood: -82486.121
Current log-likelihood at step 1: -82484.730
Current log-likelihood at step 2: -82484.617
Current log-likelihood at step 3: -82484.541
Parameters optimization took 2 rounds (1.495 sec)


WARNING: Estimated model parameters are at boundary that can cause numerical instability!

BETTER TREE FOUND at iteration 2: -82484.541
Optimizing NNI: done in 2.39836 secs using 99.68% CPU
Optimizing NNI: done in 2.48912 secs using 100.4% CPU
Optimizing NNI: done in 2.43191 secs using 100.2% CPU
Optimizing NNI: done in 2.20571 secs using 99.88% CPU
Optimizing NNI: done in 2.54159 secs using 100.2% CPU
Optimizing NNI: done in 2.7174 secs using 100% CPU
Optimizing NNI: done in 2.39305 secs using 99.9% CPU
Optimizing NNI: done in 2.72024 secs using 99.95% CPU
Iteration 10 / LogL: -82545.702 / Time: 0h:0m:53s
Optimizing NNI: done in 2.44024 secs using 99.89% CPU
Optimizing NNI: done in 2.16677 secs using 100.2% CPU
Optimizing NNI: done in 3.1316 secs using 100.3% CPU
Estimate model parameters (epsilon = 0.100)
Initial log-likelihood: -82479.428
Current log-likelihood at step 1: -82478.377
Current log-likelihood at step 2: -82478.234
Current log-likelihood at step 3: -82478.144
Parameters optimization took 2 rounds (1.457 sec)


WARNING: Estimated model parameters are at boundary that can cause numerical instability!

BETTER TREE FOUND at iteration 13: -82478.144
Optimizing NNI: done in 2.41649 secs using 100.2% CPU
Optimizing NNI: done in 2.64341 secs using 99.89% CPU
Optimizing NNI: done in 2.51668 secs using 99.96% CPU
Optimizing NNI: done in 2.79327 secs using 100.1% CPU
Optimizing NNI: done in 2.48732 secs using 99.88% CPU
Optimizing NNI: done in 2.53925 secs using 100.3% CPU
Optimizing NNI: done in 2.50428 secs using 99.83% CPU
Iteration 20 / LogL: -82535.899 / Time: 0h:1m:21s
Finish initializing candidate tree set (20)
Current best tree score: -82478.144 / CPU time: 75.925
Number of iterations: 20
--------------------------------------------------------------------
|               OPTIMIZING CANDIDATE TREE SET                      |
--------------------------------------------------------------------
Optimizing NNI: done in 2.29132 secs using 99.56% CPU
Optimizing NNI: done in 2.69118 secs using 100.4% CPU
Estimate model parameters (epsilon = 0.100)
Initial log-likelihood: -82440.199
Current log-likelihood at step 1: -82439.454
Current log-likelihood at step 2: -82439.266
Current log-likelihood at step 3: -82439.154
Current log-likelihood at step 4: -82439.054
Parameters optimization took 3 rounds (1.514 sec)


WARNING: Estimated model parameters are at boundary that can cause numerical instability!

BETTER TREE FOUND at iteration 22: -82439.054
Optimizing NNI: done in 2.19352 secs using 100.4% CPU
Optimizing NNI: done in 1.78958 secs using 99.53% CPU
Optimizing NNI: done in 2.10828 secs using 100.1% CPU
Optimizing NNI: done in 2.07162 secs using 99.56% CPU
Optimizing NNI: done in 2.07844 secs using 99.98% CPU
Optimizing NNI: done in 2.34973 secs using 99.75% CPU
Optimizing NNI: done in 1.83187 secs using 99.8% CPU
Optimizing NNI: done in 2.57462 secs using 99.53% CPU
Iteration 30 / LogL: -82478.773 / Time: 0h:1m:45s (0h:5m:33s left)
Optimizing NNI: done in 2.24723 secs using 100.1% CPU
Optimizing NNI: done in 2.04163 secs using 99.49% CPU
Estimate model parameters (epsilon = 0.100)
Initial log-likelihood: -82438.947
Current log-likelihood at step 1: -82438.834
Current log-likelihood at step 2: -82438.760
Parameters optimization took 1 rounds (0.779 sec)


WARNING: Estimated model parameters are at boundary that can cause numerical instability!

BETTER TREE FOUND at iteration 32: -82438.760
Optimizing NNI: done in 2.26276 secs using 99.44% CPU
Optimizing NNI: done in 1.97186 secs using 99.84% CPU
Optimizing NNI: done in 2.13628 secs using 100.2% CPU
Optimizing NNI: done in 2.23386 secs using 100% CPU
Optimizing NNI: done in 2.71253 secs using 100.2% CPU
Optimizing NNI: done in 2.09114 secs using 100.1% CPU
Estimate model parameters (epsilon = 0.100)
Initial log-likelihood: -82437.532
Current log-likelihood at step 1: -82437.367
Current log-likelihood at step 2: -82437.318
Parameters optimization took 1 rounds (0.798 sec)


WARNING: Estimated model parameters are at boundary that can cause numerical instability!

BETTER TREE FOUND at iteration 38: -82437.318
Optimizing NNI: done in 1.99755 secs using 100.1% CPU
Optimizing NNI: done in 2.26887 secs using 100.5% CPU
Iteration 40 / LogL: -82457.162 / Time: 0h:2m:9s (0h:5m:24s left)
Optimizing NNI: done in 1.98278 secs using 100.1% CPU
Optimizing NNI: done in 2.04285 secs using 100.2% CPU
Optimizing NNI: done in 2.24359 secs using 99.59% CPU
Optimizing NNI: done in 2.14923 secs using 99.6% CPU
Optimizing NNI: done in 2.20925 secs using 100.4% CPU
Optimizing NNI: done in 2.38618 secs using 99.53% CPU
Optimizing NNI: done in 1.89234 secs using 99.91% CPU
Optimizing NNI: done in 2.14083 secs using 99.99% CPU
Optimizing NNI: done in 2.03967 secs using 99.59% CPU
Estimate model parameters (epsilon = 0.100)
Initial log-likelihood: -82436.794
Current log-likelihood at step 1: -82436.722
Parameters optimization took 0 rounds (0.443 sec)


WARNING: Estimated model parameters are at boundary that can cause numerical instability!

BETTER TREE FOUND at iteration 49: -82436.722
Optimizing NNI: done in 2.10236 secs using 99.59% CPU
Iteration 50 / LogL: -82437.590 / Time: 0h:2m:31s (0h:5m:5s left)
Log-likelihood cutoff on original alignment: -82534.220
Optimizing NNI: done in 1.92782 secs using 99.69% CPU
Optimizing NNI: done in 2.17174 secs using 99.29% CPU
Optimizing NNI: done in 2.03928 secs using 99.61% CPU
Optimizing NNI: done in 1.93999 secs using 99.87% CPU
Optimizing NNI: done in 2.13987 secs using 99.31% CPU
Optimizing NNI: done in 2.07989 secs using 99.92% CPU
Optimizing NNI: done in 2.26799 secs using 99.9% CPU
Optimizing NNI: done in 2.17155 secs using 100% CPU
Optimizing NNI: done in 2.21736 secs using 100.1% CPU
Optimizing NNI: done in 1.95304 secs using 100% CPU
Iteration 60 / LogL: -82560.269 / Time: 0h:2m:53s (0h:4m:21s left)
Optimizing NNI: done in 2.0863 secs using 99.61% CPU
Optimizing NNI: done in 2.26026 secs using 99.55% CPU
Optimizing NNI: done in 2.09805 secs using 99.79% CPU
Estimate model parameters (epsilon = 0.100)
Initial log-likelihood: -82436.141
Current log-likelihood at step 1: -82436.087
Parameters optimization took 0 rounds (0.438 sec)


WARNING: Estimated model parameters are at boundary that can cause numerical instability!

BETTER TREE FOUND at iteration 63: -82436.087
Optimizing NNI: done in 2.00659 secs using 99.67% CPU
Optimizing NNI: done in 2.17329 secs using 100.7% CPU
Optimizing NNI: done in 1.89734 secs using 99.65% CPU
Optimizing NNI: done in 2.08832 secs using 100.3% CPU
Estimate model parameters (epsilon = 0.100)
Initial log-likelihood: -82433.538
Current log-likelihood at step 1: -82433.291
Current log-likelihood at step 2: -82433.244
Parameters optimization took 1 rounds (0.805 sec)


WARNING: Estimated model parameters are at boundary that can cause numerical instability!

BETTER TREE FOUND at iteration 67: -82433.244
Optimizing NNI: done in 2.13426 secs using 100.3% CPU
Optimizing NNI: done in 2.15292 secs using 100.2% CPU
Optimizing NNI: done in 1.61806 secs using 99.46% CPU
Iteration 70 / LogL: -82438.678 / Time: 0h:3m:15s (0h:4m:34s left)
Optimizing NNI: done in 2.02463 secs using 99.56% CPU
Optimizing NNI: done in 2.83876 secs using 100.2% CPU
Optimizing NNI: done in 2.40006 secs using 100.3% CPU
Optimizing NNI: done in 1.90006 secs using 99.5% CPU
Optimizing NNI: done in 2.12466 secs using 100% CPU
Optimizing NNI: done in 2.26718 secs using 99.93% CPU
Optimizing NNI: done in 1.91286 secs using 100.5% CPU
Optimizing NNI: done in 2.02389 secs using 99.59% CPU
Optimizing NNI: done in 904.398 secs using 0.2816% CPU
Optimizing NNI: done in 1.95561 secs using 99.87% CPU
Iteration 80 / LogL: -82436.332 / Time: 0h:18m:39s (0h:20m:33s left)
Optimizing NNI: done in 367.899 secs using 0.6923% CPU
Optimizing NNI: done in 2.87514 secs using 99.45% CPU
Optimizing NNI: done in 2.12274 secs using 99.37% CPU
Optimizing NNI: done in 2.11259 secs using 99.85% CPU
Optimizing NNI: done in 2.27726 secs using 100.2% CPU
Optimizing NNI: done in 2.33615 secs using 100.3% CPU
Optimizing NNI: done in 1.69816 secs using 100.3% CPU
Optimizing NNI: done in 1.94439 secs using 99.65% CPU
Optimizing NNI: done in 1.9803 secs using 100.2% CPU
Optimizing NNI: done in 1.55256 secs using 100.6% CPU
Iteration 90 / LogL: -82544.865 / Time: 0h:25m:7s (0h:21m:44s left)
Optimizing NNI: done in 2.22622 secs using 99.66% CPU
Optimizing NNI: done in 2.30306 secs using 99.73% CPU
Optimizing NNI: done in 2.29481 secs using 100.1% CPU
Optimizing NNI: done in 2.2136 secs using 100.2% CPU
Optimizing NNI: done in 1.94953 secs using 100.2% CPU
Estimate model parameters (epsilon = 0.100)
Initial log-likelihood: -82432.918
Current log-likelihood at step 1: -82432.396
Current log-likelihood at step 2: -82432.359
Parameters optimization took 1 rounds (0.972 sec)


WARNING: Estimated model parameters are at boundary that can cause numerical instability!

BETTER TREE FOUND at iteration 95: -82432.359
Optimizing NNI: done in 2.22364 secs using 99.78% CPU
Optimizing NNI: done in 2.12226 secs using 100.1% CPU
Optimizing NNI: done in 1.83684 secs using 100.4% CPU
Optimizing NNI: done in 1.89944 secs using 100.4% CPU
Optimizing NNI: done in 1.9418 secs using 99.78% CPU
Iteration 100 / LogL: -82439.508 / Time: 0h:25m:29s (0h:24m:27s left)
Log-likelihood cutoff on original alignment: -82534.220
NOTE: Bootstrap correlation coefficient of split occurrence frequencies: 0.996
Optimizing NNI: done in 1.86318 secs using 99.8% CPU
Optimizing NNI: done in 2.09505 secs using 99.94% CPU
Optimizing NNI: done in 1.83001 secs using 99.9% CPU
BETTER TREE FOUND at iteration 103: -82432.358
Optimizing NNI: done in 2.01772 secs using 99.9% CPU
Optimizing NNI: done in 2.1502 secs using 99.55% CPU
Optimizing NNI: done in 2.68026 secs using 99.69% CPU
Optimizing NNI: done in 2.18058 secs using 99.6% CPU
Optimizing NNI: done in 1.8865 secs using 100.2% CPU
Optimizing NNI: done in 2.04078 secs using 99.53% CPU
Estimate model parameters (epsilon = 0.100)
Initial log-likelihood: -82432.294
Current log-likelihood at step 1: -82432.228
Parameters optimization took 0 rounds (0.393 sec)


WARNING: Estimated model parameters are at boundary that can cause numerical instability!

UPDATE BEST LOG-LIKELIHOOD: -82432.228
Optimizing NNI: done in 2.56847 secs using 99.77% CPU
Iteration 110 / LogL: -82455.188 / Time: 0h:25m:52s (0h:22m:4s left)
Optimizing NNI: done in 2.05509 secs using 99.6% CPU
Optimizing NNI: done in 1.97337 secs using 99.77% CPU
Optimizing NNI: done in 2.01185 secs using 99.41% CPU
Optimizing NNI: done in 2.16395 secs using 99.64% CPU
Optimizing NNI: done in 2.30004 secs using 100.5% CPU
Optimizing NNI: done in 2.33829 secs using 100.2% CPU
Optimizing NNI: done in 2.01617 secs using 99.97% CPU
Optimizing NNI: done in 2.10273 secs using 99.57% CPU
Optimizing NNI: done in 2.13762 secs using 99.41% CPU
Optimizing NNI: done in 1.81556 secs using 99.83% CPU
Iteration 120 / LogL: -82436.114 / Time: 0h:26m:14s (0h:18m:17s left)
Optimizing NNI: done in 2.05011 secs using 100.6% CPU
Optimizing NNI: done in 2.30305 secs using 99.73% CPU
Optimizing NNI: done in 2.06153 secs using 100% CPU
Optimizing NNI: done in 2.5348 secs using 99.86% CPU
Optimizing NNI: done in 2.29472 secs using 100.1% CPU
Optimizing NNI: done in 2.28204 secs using 99.97% CPU
Optimizing NNI: done in 2.26647 secs using 99.96% CPU
Optimizing NNI: done in 2.06397 secs using 99.93% CPU
Optimizing NNI: done in 2.04107 secs using 99.52% CPU
Optimizing NNI: done in 1.97314 secs using 99.78% CPU
Iteration 130 / LogL: -82437.705 / Time: 0h:26m:36s (0h:15m:3s left)
Optimizing NNI: done in 2.29843 secs using 99.93% CPU
Optimizing NNI: done in 2.20137 secs using 100.1% CPU
Optimizing NNI: done in 2.35618 secs using 99.47% CPU
Optimizing NNI: done in 1.89362 secs using 99.84% CPU
Optimizing NNI: done in 2.03181 secs using 99.97% CPU
Optimizing NNI: done in 1.90434 secs using 100.1% CPU
Optimizing NNI: done in 2.5953 secs using 100.5% CPU
Optimizing NNI: done in 2.58629 secs using 99.68% CPU
Optimizing NNI: done in 2.15 secs using 100.3% CPU
Optimizing NNI: done in 2.30026 secs using 99.85% CPU
Iteration 140 / LogL: -82434.064 / Time: 0h:26m:59s (0h:12m:13s left)
Optimizing NNI: done in 2.1839 secs using 99.45% CPU
Optimizing NNI: done in 2.21207 secs using 99.6% CPU
Optimizing NNI: done in 1.9592 secs using 99.69% CPU
Optimizing NNI: done in 1.77324 secs using 98.69% CPU
Optimizing NNI: done in 2.09742 secs using 99.82% CPU
Optimizing NNI: done in 1.91205 secs using 99.7% CPU
Optimizing NNI: done in 2.10378 secs using 100.3% CPU
Optimizing NNI: done in 1.95141 secs using 99.29% CPU
Optimizing NNI: done in 1.80955 secs using 100.2% CPU
Optimizing NNI: done in 2.22634 secs using 100.4% CPU
Iteration 150 / LogL: -82474.568 / Time: 0h:27m:20s (0h:9m:43s left)
Log-likelihood cutoff on original alignment: -82534.220
Optimizing NNI: done in 2.12586 secs using 99.96% CPU
Optimizing NNI: done in 2.18644 secs using 100% CPU
Optimizing NNI: done in 2.29885 secs using 100.6% CPU
Optimizing NNI: done in 2.20723 secs using 99.81% CPU
Optimizing NNI: done in 1.9954 secs using 100.2% CPU
Optimizing NNI: done in 2.02368 secs using 100.4% CPU
Optimizing NNI: done in 1.9758 secs using 100.4% CPU
Optimizing NNI: done in 2.35905 secs using 100% CPU
Optimizing NNI: done in 2.21416 secs using 99.5% CPU
Optimizing NNI: done in 2.22616 secs using 99.67% CPU
Iteration 160 / LogL: -82434.810 / Time: 0h:27m:42s (0h:7m:29s left)
Optimizing NNI: done in 2.44912 secs using 100.2% CPU
Optimizing NNI: done in 2.23127 secs using 100.1% CPU
Optimizing NNI: done in 1.93949 secs using 99.9% CPU
Optimizing NNI: done in 2.28887 secs using 98.98% CPU
Optimizing NNI: done in 1.93797 secs using 99.98% CPU
Optimizing NNI: done in 1.99976 secs using 99.23% CPU
Optimizing NNI: done in 1.72283 secs using 99.76% CPU
Optimizing NNI: done in 2.38693 secs using 100.2% CPU
Optimizing NNI: done in 1.86742 secs using 99.57% CPU
Optimizing NNI: done in 2.05728 secs using 100.3% CPU
Iteration 170 / LogL: -82458.572 / Time: 0h:28m:4s (0h:5m:28s left)
Optimizing NNI: done in 1.93602 secs using 100.1% CPU
Optimizing NNI: done in 1.965 secs using 99.4% CPU
Optimizing NNI: done in 2.62879 secs using 99.86% CPU
Optimizing NNI: done in 1.85952 secs using 100.8% CPU
Optimizing NNI: done in 2.05049 secs using 99.82% CPU
Optimizing NNI: done in 1.89976 secs using 99.52% CPU
Optimizing NNI: done in 2.5057 secs using 99.77% CPU
Optimizing NNI: done in 2.05948 secs using 100.1% CPU
Optimizing NNI: done in 1.68444 secs using 100.2% CPU
Optimizing NNI: done in 1.91657 secs using 99.46% CPU
Iteration 180 / LogL: -82549.116 / Time: 0h:28m:25s (0h:3m:39s left)
Optimizing NNI: done in 2.28177 secs using 99.98% CPU
Optimizing NNI: done in 2.07578 secs using 100.1% CPU
Optimizing NNI: done in 2.20916 secs using 99.73% CPU
Optimizing NNI: done in 2.06187 secs using 99.27% CPU
Optimizing NNI: done in 2.39087 secs using 99.99% CPU
Optimizing NNI: done in 2.43487 secs using 100.1% CPU
Optimizing NNI: done in 2.27723 secs using 100.2% CPU
Optimizing NNI: done in 1.9848 secs using 99.98% CPU
Optimizing NNI: done in 2.01505 secs using 100% CPU
Optimizing NNI: done in 2.26052 secs using 100.2% CPU
Iteration 190 / LogL: -82433.323 / Time: 0h:28m:47s (0h:1m:58s left)
Optimizing NNI: done in 1.99833 secs using 100.1% CPU
Optimizing NNI: done in 2.14033 secs using 100% CPU
Optimizing NNI: done in 2.09903 secs using 99.75% CPU
Optimizing NNI: done in 2.18305 secs using 100.2% CPU
Optimizing NNI: done in 1.86458 secs using 100.6% CPU
Optimizing NNI: done in 2.17048 secs using 100.1% CPU
Optimizing NNI: done in 2.03634 secs using 99.75% CPU
Optimizing NNI: done in 1.86779 secs using 100.4% CPU
Optimizing NNI: done in 2.42673 secs using 100.4% CPU
Optimizing NNI: done in 2.34081 secs using 100.1% CPU
Iteration 200 / LogL: -82433.275 / Time: 0h:29m:9s (0h:0m:26s left)
Log-likelihood cutoff on original alignment: -82534.220
NOTE: Bootstrap correlation coefficient of split occurrence frequencies: 0.998
Optimizing NNI: done in 2.20675 secs using 100.5% CPU
Optimizing NNI: done in 2.033 secs using 99.91% CPU
Optimizing NNI: done in 2.39756 secs using 100.4% CPU
Optimizing NNI: done in 2.21637 secs using 100.1% CPU
TREE SEARCH COMPLETED AFTER 204 ITERATIONS / Time: 0h:29m:19s

--------------------------------------------------------------------
|                    FINALIZING TREE SEARCH                        |
--------------------------------------------------------------------
Performs final model parameters optimization
Estimate model parameters (epsilon = 0.010)
Initial log-likelihood: -82432.228
Current log-likelihood at step 1: -82432.194
Current log-likelihood at step 2: -82432.161
Current log-likelihood at step 3: -82432.130
Current log-likelihood at step 4: -82432.094
Current log-likelihood at step 5: -82432.063
Current log-likelihood at step 6: -82432.032
Current log-likelihood at step 7: -82432.001
Current log-likelihood at step 8: -82431.971
Current log-likelihood at step 9: -82431.940
Current log-likelihood at step 10: -82431.911
Current log-likelihood at step 11: -82431.882
Current log-likelihood at step 12: -82431.853
Current log-likelihood at step 13: -82431.824
Current log-likelihood at step 14: -82431.796
Current log-likelihood at step 15: -82431.768
Current log-likelihood at step 16: -82431.741
Current log-likelihood at step 17: -82431.714
Current log-likelihood at step 18: -82431.687
Current log-likelihood at step 19: -82431.659
Current log-likelihood at step 20: -82431.633
Current log-likelihood at step 21: -82431.606
Current log-likelihood at step 22: -82431.579
Current log-likelihood at step 23: -82431.552
Current log-likelihood at step 24: -82431.526
Current log-likelihood at step 25: -82431.499
Current log-likelihood at step 26: -82431.473
Current log-likelihood at step 27: -82431.447
Current log-likelihood at step 28: -82431.420
Current log-likelihood at step 29: -82431.394
Current log-likelihood at step 30: -82431.369
Current log-likelihood at step 31: -82431.343
Current log-likelihood at step 32: -82431.317
Current log-likelihood at step 33: -82431.292
Current log-likelihood at step 34: -82431.266
Current log-likelihood at step 35: -82431.241
Current log-likelihood at step 36: -82431.216
Current log-likelihood at step 37: -82431.191
Current log-likelihood at step 38: -82431.166
Current log-likelihood at step 39: -82431.142
Current log-likelihood at step 40: -82431.118
Current log-likelihood at step 41: -82431.094
Current log-likelihood at step 42: -82431.070
Current log-likelihood at step 43: -82431.047
Current log-likelihood at step 44: -82431.024
Current log-likelihood at step 45: -82431.001
Current log-likelihood at step 46: -82430.982
Current log-likelihood at step 47: -82430.960
Current log-likelihood at step 48: -82430.942
Current log-likelihood at step 49: -82430.927
Current log-likelihood at step 50: -82430.913
Current log-likelihood at step 51: -82430.895
Current log-likelihood at step 52: -82430.872
Current log-likelihood at step 53: -82430.855
Current log-likelihood at step 54: -82430.836
Current log-likelihood at step 55: -82430.820
Current log-likelihood at step 56: -82430.802
Current log-likelihood at step 57: -82430.786
Current log-likelihood at step 58: -82430.773
Current log-likelihood at step 59: -82430.760
Current log-likelihood at step 60: -82430.748
Current log-likelihood at step 61: -82430.736
Current log-likelihood at step 62: -82430.724
Current log-likelihood at step 63: -82430.713
Current log-likelihood at step 64: -82430.701
Current log-likelihood at step 65: -82430.689
Current log-likelihood at step 66: -82430.679
Current log-likelihood at step 67: -82430.668
Current log-likelihood at step 68: -82430.655
Current log-likelihood at step 69: -82430.644
Current log-likelihood at step 70: -82430.633
Current log-likelihood at step 71: -82430.622
Current log-likelihood at step 72: -82430.612
Partition-specific rates:  0.039 0.116 0.433 0.220 0.038 0.164 0.057 0.133 0.169 0.658 0.234 5.518 1.032 0.335 5.835
Parameters optimization took 71 rounds (37.309 sec)


WARNING: Estimated model parameters are at boundary that can cause numerical instability!

Partition information was printed to nomerge02.nex.best_model.nex
BEST SCORE FOUND : -82430.612
Creating bootstrap support values...
Split supports printed to NEXUS file nomerge02.nex.splits.nex
Total tree length: 16.436

Total number of iterations: 204
CPU time used for tree search: 486.500 sec (0h:8m:6s)
Wall-clock time used for tree search: 1754.002 sec (0h:29m:14s)
Total CPU time used: 529.906 sec (0h:8m:49s)
Total wall-clock time used: 1797.054 sec (0h:29m:57s)

Computing bootstrap consensus tree...
Reading input file nomerge02.nex.splits.nex...
241 taxa and 959 splits.
Consensus tree written to nomerge02.nex.contree
Reading input trees file nomerge02.nex.contree
Log-likelihood of consensus tree: -82430.959

Analysis results written to: 
  IQ-TREE report:                nomerge02.nex.iqtree
  Maximum-likelihood tree:       nomerge02.nex.treefile
  Likelihood distances:          nomerge02.nex.mldist
  Best partitioning scheme:      nomerge02.nex.best_scheme.nex
           in RAxML format:      nomerge02.nex.best_scheme

Ultrafast bootstrap approximation results written to:
  Split support values:          nomerge02.nex.splits.nex
  Consensus tree:                nomerge02.nex.contree
  Screen log file:               nomerge02.nex.log

--- Start phylogenetic dating ---
Reading date file asterophryinae_dates.txt ...
5 dates extracted
Building time tree by least-square dating (LSD) with command:
lsd -i nomerge02.nex.timetree.subst -s 2475 -o nomerge02.nex.timetree -g nomerge02.nex.timetree.outgroup -d nomerge02.nex.timetree.date -z 0 
Reroot the tree(s) using given outgroups ...

TREE 1
*PROCESSING:
Reading the tree ... 
Collapse 0 (over 239) internal branches having branch length <= 0.000202
 (settable via option -l)
Parameter to adjust variances was set to 0.0225 (settable via option -b)
Minimum branch length of time scaled tree (settable via option -u and -U): 0
Estimating the root position on the branch defined by given outgroups ...

*RESULTS:
- Dating results:
 rate 0.00782552, tMRCA -30.6938 , objective function 1.3127

TOTAL ELAPSED TIME: 0.011 seconds
LSD results written to:
  LSD report:                  nomerge02.nex.timetree.lsd
  Time tree in nexus format:   nomerge02.nex.timetree.nex
  Time tree in newick format:  nomerge02.nex.timetree.nwk

--- End phylogenetic dating ---
Date and Time: Fri Mar 10 17:12:26 2023
