IQ-TREE multicore version 2.2.0 COVID-edition for Windows 64-bit built Jun  1 2022
Developed by Bui Quang Minh, James Barbetti, Nguyen Lam Tung,
Olga Chernomor, Heiko Schmidt, Dominik Schrempf, Michael Woodhams, Ly Trong Nhan.

Host:    MSI (AVX512, FMA3, 15 GB RAM)
Command: C:\Users\Marguerite Butler\Documents\iqtree-2.2.0-Windows\bin\iqtree2.exe -s asterophryinae_20230305.phy -p merge93.nex -m TESTMERGEONLY -o UMMZ219489_Scaphiophryne_marmorata --date asterophryinae_dates.txt --date-tip 0 -mset JC,F81,K80,HKY,TN,TNe,TPM2,TPM2u,TPM3,TPM3u,TIM,TIMe,TIM2,TIM2e,TIM3,TIM3e,TVMe,TVM,SYM,GTR
Seed:    717632 (Using SPRNG - Scalable Parallel Random Number Generator)
Time:    Mon Mar 13 11:10:06 2023
Kernel:  AVX+FMA - 1 threads (16 CPU cores detected)

HINT: Use -nt option to specify number of threads because your CPU has 16 cores!
HINT: -nt AUTO will automatically determine the best number of threads to use.

Reading partition model file merge93.nex ...
Reading alignment file asterophryinae_20230305.phy ... Phylip format detected
Alignment most likely contains DNA/RNA sequences
Constructing alignment: done in 0.0035643 secs
Alignment has 241 sequences with 2475 columns, 1396 distinct patterns
951 parsimony-informative, 195 singleton sites, 1329 constant sites
                                                 Gap/Ambiguity  Composition  p-value
Analyzing sequences: done in 0.0005518 secs
   1  ABTC116941_Oreophryne_A_graminis                  21.21%    passed      9.71%
   2  BPBM47733_Choerophryne_darlingtoni_complex_sp_1    0.28%    passed     96.60%
   3  BPBM47780_Cophixalus_cf__cryptotympanum            2.14%    passed     91.67%
   4  BPBM47792_Hylophorbus_cf__rufescens_14            20.85%    passed     24.73%
   5  BPBM47804_Cophixalus_darlingtoni                   5.41%    passed     98.10%
   6  BPBM31882_Paedophryne_swiftorum_complex_sp_1      22.42%    passed     19.52%
   7  BPBM47713_Paedophryne_amauensis                    0.08%    passed     92.53%
   8  BPBM47786_Callulops_sp_2                           3.68%    passed     93.38%
   9  UMMZ242263_Cophixalus_variabilis_complex_sp_1      1.25%    passed     72.08%
  10  UMMZ242338_Liophryne_aff__dentata_1                0.00%    passed     17.75%
  11  UMMZ242317_Hylophorbus_cf__rufescens_1             0.00%    passed     95.92%
  12  UMMZ242212_Austrochaperina_C_aff__palmipes_1       1.70%    passed     77.36%
  13  UMMZ242361_Mantophryne_cf__lateralis_1             0.04%    passed     85.97%
  14  UMMZ242309_Genyophryne_aff__thomsoni_1             0.44%    passed     87.40%
  15  UMMZ242349_Cophixalus_verrucosus_complex_sp_1      1.41%    passed     98.39%
  16  UMMZ242404_Oreophryne_A_sp_8                       0.00%    passed     13.57%
  17  UMMZ242232_Cophixalus_desticans_complex_sp_1       0.36%    passed     45.73%
  18  UMMZ242226_Callulops_doriae_complex_sp_1           0.20%    passed     65.99%
  19  FK16913_Paedophryne_titan                          0.48%    passed     19.15%
  20  UMMZ242398_Oreophryne_B_penelopia                  0.12%    passed     94.97%
  21  BPBM47888_Hylophorbus_cf__rufescens_13             4.24%    passed     97.91%
  22  JAM11383_Oreophryne_B_sp_5                         1.82%    passed     81.25%
  23  BPBM35843_Cophixalus_cf__pipilans_1                0.20%    passed     23.99%
  24  BPBM40083_Copiula_sp_1                             1.29%    passed     78.83%
  25  BPBM20571_Oreophryne_B_sp_2                        0.20%    passed     74.23%
  26  BPBM22664_Austrochaperina_A_sp_1                   1.58%    passed     79.76%
  27  BPBM20396_Mantophryne_cf__lateralis_1              0.24%    passed     94.07%
  28  BPBM48036_Paedophryne_sp_2                        20.00%    passed     27.41%
  29  BPBM35561_Choerophryne_gudrunae                    1.41%    passed     97.20%
  30  BPBM40135_Mantophryne_insignis                     0.12%    passed     84.40%
  31  BPBM39638_Hylophorbus_myopicus                     1.49%    passed    100.00%
  32  BPBM20572_Oreophryne_B_sp_3                        5.17%    passed     95.08%
  33  BPBM13110_Asterophrys_slateri                      0.93%    passed     34.14%
  34  BPBM33669_Callulops_wilhelmanus                    0.20%    passed     97.12%
  35  BPBM16554_Oreophryne_A_philosylleptoris            0.20%    passed     14.90%
  36  BPBM20262_Copiula_sp_2                             5.86%    passed     88.13%
  37  BPBM39000_Oreophryne_B_sp_1                        0.20%    passed     83.57%
  38  BPBM34677_Oreophryne_A_cameroni                    5.74%    passed     47.88%
  39  BPBM38990_Oreophryne_A_sp_2                        0.81%    passed     25.28%
  40  BPBM16181_Hylophorbus_cf__rufescens_2              0.24%    passed     96.81%
  41  BPBM39048_Cophixalus_sp_3                          0.69%    passed     49.47%
  42  BPBM34688_Oreophryne_A_biroi                       0.16%    passed     28.23%
  43  BPBM38939_Copiula_sp_7                            20.04%    passed     38.88%
  44  BPBM22675_Choerophryne_longirostris                0.12%    passed     95.90%
  45  BPBM18450_Hylophorbus_cf__rufescens_6              0.20%    passed     83.63%
  46  BPBM22504_Hylophorbus_cf__rufescens_12             1.45%    passed     82.58%
  47  BPBM39357_Oreophryne_B_sp_6                        0.32%    passed     87.01%
  48  BPBM20522_Oreophryne_A_aurora                      0.28%    passed     94.40%
  49  BPBM40145_Oreophryne_A_sp_6                        2.46%    passed     30.55%
  50  BPBM39569_Hylophorbus_cf__rufescens_9              0.04%    passed     99.01%
  51  BPBM22780_Mantophryne_cf__lateralis_3              1.25%    passed     99.39%
  52  BPBM39007_Copiula_sp_3                            20.97%    passed     21.16%
  53  BPBM19265_Mantophryne_cf__lateralis_4              1.29%    passed     99.16%
  54  BPBM33763_Oreophryne_A_anamiatoi                   0.12%    passed     59.29%
  55  BPBM22692_Cophixalus_balbus                        1.41%    passed     98.67%
  56  BPBM39244_Oreophryne_A_sp_3                        1.58%    passed     45.36%
  57  BPBM22689_Oreophryne_A_cf__cameroni                1.82%    passed     48.15%
  58  BPBM18430_Cophixalus_albolineatus                  1.21%    passed     68.02%
  59  BPBM38988_Oreophryne_B_sp_4                        2.34%    passed     83.93%
  60  BPBM33707_Cophixalus_caverniphilus                 1.98%    passed     83.04%
  61  BPBM39991_Choerophryne_bryonopsis                  1.70%    passed     58.86%
  62  BPBM39631_Hylophorbus_cf__rufescens_7              0.24%    passed     98.72%
  63  BPBM19320_Cophixalus_nexipus                       1.70%    passed     88.14%
  64  BPBM37122_Callulops_sp_1                           0.04%    passed     91.62%
  65  BPBM34724_Hylophorbus_atrifasciatus                0.04%    passed     90.27%
  66  BPBM18392_Cophixalus_cheesmanae_complex_sp_1       3.07%    passed     74.80%
  67  BPBM39929_Liophryne_miniafia                       0.00%    passed     96.69%
  68  BPBM35866_Hylophorbus_cf__rufescens_15             0.04%    passed     95.82%
  69  BPBM17959_Cophixalus_sp_4                          0.16%    passed     93.15%
  70  BPBM40000_Austrochaperina_A_sp_2                   0.04%    passed     80.15%
  71  BPBM19277_Cophixalus_iovaorum                      0.16%    passed     86.10%
  72  BPBM19338_Hylophorbus_cf__rufescens_10             0.20%    passed     99.69%
  73  BPBM37232_Hylophorbus_cf__rufescens_3              0.28%    passed     96.62%
  74  BPBM38914_Barygenys_maculata                       0.12%    passed     12.44%
  75  BPBM19371_Oreophryne_A_sp_4                        0.00%    passed     76.11%
  76  BPBM33749_Hylophorbus_richardsi                    0.08%    passed     85.61%
  77  BPBM18429_Cophixalus_albolineatus                  2.55%    passed     84.86%
  78  BPBM33664_Choerophryne_darlingtoni_complex_sp_2    0.81%    passed     98.97%
  79  BPBM34679_Choerophryne_proboscidea                 0.57%    passed     92.40%
  80  BPBM20538_Oreophryne_B_sp_3                        0.85%    passed     99.71%
  81  BPBM19314_Cophixalus_ateles                        2.18%    passed     96.02%
  82  BPBM38992_Oreophryne_A_sp_2                        1.98%    passed     32.27%
  83  BPBM39510_Oreophryne_B_phoebe                      1.54%    passed     55.11%
  84  BPBM37718_Cophixalus_clapporum                    20.97%    passed     29.96%
  85  BPBM39344_Oreophryne_B_sp_4                        1.25%    passed     47.08%
  86  BPBM38904_Barygenys_apodasta                       1.62%    passed     59.40%
  87  BPBM20126_Barygenys_aff__exsul_1                   1.78%    passed     37.71%
  88  BPBM15814_Cophixalus_variabilis_complex_sp_2       5.17%    passed     97.34%
  89  BPBM15708_Cophixalus_desticans_complex_sp_2        0.16%    passed     62.78%
  90  BPBM33674_Oreophryne_A_notata                      2.79%    failed      2.69%
  91  BPBM35692_Hylophorbus_cf__proekes                  1.78%    passed     61.14%
  92  BPBM20141_Callulops_doriae_complex_sp_2            1.78%    passed     44.31%
  93  BPBM17048_Hylophorbus_cf__rufescens_11             1.82%    passed     97.14%
  94  BPBM18509_Oreophryne_A_lemur                       1.41%    passed     85.29%
  95  BPBM33780_Xenorhina_parkerorum                     2.75%    passed     65.42%
  96  BPBM15259_Barygenys_resima                         1.94%    passed     46.73%
  97  BPBM20501_Oreophryne_B_meliades                    0.32%    passed     85.03%
  98  BPBM35986_Hylophorbus_cf__rufescens_17             2.02%    passed     95.61%
  99  BPBM27491_Cophixalus_verrucosus_complex_sp_3       1.13%    passed     84.33%
 100  BPBM15775_Oreophryne_B_equus                       1.45%    passed     73.73%
 101  BPBM15410_Mantophryne_cf__lateralis_2              1.25%    passed     97.77%
 102  BPBM39366_Oreophryne_A_sp_5                        1.86%    passed     85.70%
 103  BPBM37753_Paedophryne_dekot                        1.86%    passed     98.09%
 104  BPBM15707_Cophixalus_sp_5                          0.08%    passed     91.17%
 105  BPBM35735_Austrochaperina_B_sp_3                   0.00%    passed     96.90%
 106  TNHC58922_Oreophryne_B_variabilis                  3.19%    passed     63.12%
 107  CMNH1366_Oreophryne_A_anulata                      2.30%    passed     10.04%
 108  KU321316_Oreophryne_A_nana                         1.78%    passed     12.39%
 109  BPBM18605_Copiula_fistulans                        0.36%    passed     87.45%
 110  BPBM41683_Aphantophryne_B_pansa.3-Omunia_Camp      3.03%    passed     96.28%
 111  BPBM41681_Aphantophryne_B_pansa.3-Omunia_Camp      4.57%    passed     99.65%
 112  BPBM41685_Aphantophryne_B_pansa.3-Omunia_Camp      1.37%    passed     99.61%
 113  BPBM41682_Aphantophryne_B_pansa.3-Omunia_Camp      1.37%    passed     97.54%
 114  BPBM17084_Copiula_oxyrhina                         1.25%    passed     92.24%
 115  BPBM13862_Austrochaperina_B_macrorhyncha           0.85%    passed     96.73%
 116  BPBM18351_Choerophryne_gunnari                     2.26%    passed     53.45%
 117  BPBM20357_Genyophryne_thomsoni                     1.94%    passed     66.73%
 118  BPBM22740_Hylophorbus_cf__rufescens_16             1.13%    passed     95.66%
 119  BPBM20369_Hylophorbus_extimus                      0.85%    passed     97.27%
 120  BPBM22761_Hylophorbus_proekes                      0.85%    passed     97.43%
 121  BPBM15373_Liophryne_aff__dentata_2                 1.37%    passed     39.91%
 122  BPBM22754_Liophryne_schlaginhaufeni                1.13%    passed     51.23%
 123  BPBM20142_Mantophryne_louisiadensis                3.39%    passed     85.19%
 124  BPBM22511_Oreophryne_A_brachypus                   1.58%    passed     44.28%
 125  BPBM18510_Oreophryne_A_cf__geislerorum_1           1.17%    passed     28.30%
 126  BPBM17847_Choerophryne_sanguinopictus              1.66%    passed     98.81%
 127  BPBM16217_Oreophryne_A_inornata                    0.93%    passed     66.13%
 128  BPBM16546_Oreophryne_B_insulana                    2.63%    passed     77.70%
 129  BPBM22539_Oreophryne_A_loriae                      1.41%    passed     71.49%
 130  BPBM17890_Oxydactyla_crassa                        1.21%    passed     76.18%
 131  BPBM31477_Mantophryne_menziesi                     0.89%    passed     97.87%
 132  BPBM22793_Sphenophryne_cornuta                     3.64%    passed     59.94%
 133  BPBM22797_Xenorhina_arboricola                     0.89%    failed      3.81%
 134  BPBM28179_Xenorhina_mehelyi                        0.89%    passed     16.57%
 135  BPBM14060_Xenorhina_ocellata                       2.46%    passed     37.05%
 136  BPBM22795_Xenorhina_tumulus                        0.81%    passed      6.50%
 137  BPBM28153_Asterophrys_leucopus                     0.89%    passed     62.03%
 138  BPBM22649_Choerophryne_brunhildae                  0.97%    passed     90.66%
 139  BPBM18317_Choerophryne_exclamitans                 1.54%    passed     91.32%
 140  BPBM28204_Asterophrys_turpicola                    0.97%    passed     58.59%
 141  BPBM22665_Austrochaperina_B_basipalmata            1.62%    passed     71.00%
 142  BPBM22656_Austrochaperina_B_blumi                  1.29%    passed     90.00%
 143  BPBM22708_Copiula_tyleri                           0.04%    passed     73.77%
 144  BPBM22481_Austrochaperina_A_novaebritanniae        1.66%    passed     85.13%
 145  BPBM20112_Austrochaperina_A_yelaensis              3.84%    passed     72.30%
 146  BPBM15234_Austrochaperina_C_aff__palmipes_3        0.12%    passed     96.64%
 147  BPBM25756_Barygenys_atra                           0.85%    passed     48.58%
 148  BPBM25760_Barygenys_sp                             0.04%    passed     99.75%
 149  BPBM18504_Callulops_personatus                     0.89%    passed     99.31%
 150  BPBM13155_Callulops_eremnosphax                    1.62%    passed     91.58%
 151  BPBM20215_Cophixalus_cupricarenus                  2.51%    passed     94.82%
 152  BPBM20197_Cophixalus_melanops                      2.34%    passed     67.44%
 153  BPBM15665_Copiula_minor                            1.13%    passed     64.00%
 154  BPBM20287_Copiula_sp_6                            22.38%    passed     17.00%
 155  BPBM17827_Copiula_sp_4                             1.13%    passed     89.01%
 156  BPBM18388_Austrochaperina_A_parkeri                0.85%    passed     88.19%
 157  BPBM15355_Hylophorbus_cf__rufescens_4              1.13%    passed     85.90%
 158  BPBM18033_Hylophorbus_cf__rufescens_8              1.05%    passed     96.59%
 159  BPBM18441_Hylophorbus_cf__rufescens_12             1.45%    passed     81.97%
 160  BPBM18315_Liophryne_allisoni                       0.85%    passed     56.59%
 161  BPBM19360_Liophryne_magnitympanum                  1.29%    passed     64.61%
 162  BPBM20397_Mantophryne_axanthogaster                0.89%    passed     99.79%
 163  BPBM22784_Oreophryne_A_parkeri                    21.70%    passed     21.76%
 164  BPBM18128_Oreophryne_B_picticrus                   1.90%    passed     63.58%
 165  BPBM18002_Oreophryne_A_sp_7                        1.90%    passed     69.44%
 166  BPBM17980_Oreophryne_B_matawan                     6.95%    passed     80.16%
 167  BPBM22668_Austrochaperina_B_septentrionalis        1.86%    passed     63.65%
 168  BPBM22789_Oreophryne_A_parkopanorum                1.17%    passed     14.79%
 169  BPBM21474_Xenorhina_adisca                         1.09%    passed     37.08%
 170  BPBM22685_Choerophryne_rostellifer                 0.12%    passed     88.29%
 171  UMMZ211174_Dyscophis_antongilli                    2.18%    passed     83.90%
 172  UMMZ211181_Platypelis_grandis                      2.42%    passed     70.33%
 173  UMMZ219489_Scaphiophryne_marmorata                 0.08%    passed     78.46%
 174  BPBM20128_Barygenys_exsul                          0.89%    passed      8.08%
 175  ZMB74609_Asterophrys_senglaubi                     1.37%    passed     49.29%
 176  ZMB70535_Asterophrys_eurydactylus                  1.29%    passed     19.17%
 177  ZMB70187_Asterophrys_cf__marani                    1.58%    passed     20.48%
 178  ZMB63882_Asterophrys_marani                        2.63%    passed     40.93%
 179  ZMB70185_Asterophrys_cf__marani                    1.54%    passed     20.70%
 180  FK15527_Paedophryne_verrucosa                      1.49%    passed     23.45%
 181  BPBM39156_Oreophryne_A_sp_1                        0.81%    passed     33.48%
 182  BPBM19236_Callulops_bicolor                        1.54%    passed     56.74%
 183  BPBM35836_Callulops_microtis                       0.93%    passed     88.41%
 184  BPBM34741_Xenorhina_obesa                          0.85%    passed     33.97%
 185  BPBM20532_Oreophryne_B_sp_3                        0.89%    passed     99.80%
 186  BPBM15232_Austrochaperina_C_aff__palmipes_3        0.89%    passed     85.46%
 187  BPBM20469_Oreophryne_B_ezra                        4.16%    passed     42.92%
 188  BPBM33637_Choerophryne_murrita                     0.97%    passed     98.63%
 189  BPBM40143_Oreophryne_B_brunnea                     0.04%    passed     46.13%
 190  BPBM18097_Cophixalus_timidus                       1.29%    passed     86.66%
 191  BPBM20440_Oreophryne_B_meliades                    0.32%    passed     87.91%
 192  BPBM34697_Xenorhina_oxycephala                     0.00%    passed     29.14%
 193  BPBM16806_Callulops_robustus                       0.04%    passed     91.61%
 194  MB233_Cophixalus_sp_1                              2.71%    passed     72.31%
 195  MB291_Paedophryne_sp_1                             3.64%    passed     82.03%
 196  MB294_Hylophorbus_cf__rufescens_12                 0.04%    passed     87.73%
 197  MB300_Choerophryne_gunnari                         0.12%    passed     45.91%
 198  MB302_Cophixalus_sp_2                              0.00%    passed     54.48%
 199  MB309_Copiula_sp_5                                 2.51%    passed     68.80%
 200  MB327_Xenorhina_sp_1                              19.64%    passed     13.32%
 201  MB331_Mantophryne_cf__lateralis_4                  0.04%    passed     89.33%
 202  MB342_Oreophryne_A_loriae                          1.25%    passed     64.96%
 203  MB463_Choerophryne_sp_2                            0.44%    passed     84.86%
 204  MB466_Choerophryne_sp_1                            0.00%    passed     99.97%
 205  MB470_Cophixalus_cheesmanae_complex_sp_2           1.25%    passed     38.76%
 206  MB472_Choerophryne_sp_4                            0.00%    passed     58.32%
 207  MB475_Austrochaperina_C_aff__palmipes_4            0.00%    passed     98.74%
 208  MB479_Mantophryne_cf__lateralis_5                  2.91%    passed     97.41%
 209  MB482_Cophixalus_linnaeus                          0.24%    passed     86.36%
 210  MB483_Hylophorbus_cf__rufescens_5                  0.04%    passed     83.87%
 211  MB484_Oreophryne_A_cf__geislerorum_2               0.73%    passed     21.11%
 212  MB486_Paedophryne_swiftorum_complex_sp_2           6.51%    passed     29.80%
 213  MB508_Callulops_doriae_complex_sp_1                1.17%    passed     41.07%
 214  MB518_Mantophryne_cf__lateralis_1                  3.23%    passed     95.46%
 215  MB539_Austrochaperina_C_aff__palmipes_2            1.17%    passed     73.41%
 216  MB556_Hylophorbus_cf__rufescens_1                  1.25%    passed     94.69%
 217  MB571_Cophixalus_variabilis_complex_sp_3           0.00%    passed     93.20%
 218  MB583_Cophixalus_verrucosus_complex_sp_2           1.17%    passed     97.87%
 219  MB593_Liophryne_aff__dentata_3                     1.25%    passed     47.38%
 220  MB617_Cophixalus_desticans_complex_sp_1            0.00%    passed     44.78%
 221  MB626_Genyophryne_aff__thomsoni_2                  1.41%    passed     97.10%
 222  MB627_Oreophryne_B_penelopia                       1.33%    passed     80.94%
 223  BPBM31979_Hylophorbus_cf__rufescens_5              3.27%    passed     84.96%
 224  BPBM26182_Cophixalus_tomaiodactylus                1.29%    passed     98.92%
 225  BPBM23740_Callulops_personatus                     1.09%    passed     99.22%
 226  BPBM25837_Choerophryne_sp_3                        1.45%    passed     97.88%
 227  BPBM26194_Cophixalus_phaeobalius                   1.41%    passed     98.49%
 228  BPBM25754_Choerophryne_sp_4                        1.41%    passed     55.33%
 229  BPBM31337_Cophixalus_linnaeus                      1.37%    passed     86.18%
 230  BPBM31847_Cophixalus_cf__pipilans_2                0.28%    passed     71.79%
 231  BPBM31853_Genyophryne_aff__thomsoni_3              2.83%    passed     44.14%
 232  BPBM31808_Choerophryne_sp_1                        1.45%    passed     97.91%
 233  BPBM35367_Choerophryne_sp_4                        0.04%    passed     66.71%
 234  AA24862_Asterophrys_sp                             2.34%    passed     16.37%
 235  BPBM44363_Aphantophryne_sabini-Myola_GH            0.12%    passed     98.60%
 236  BPBM44369_Aphantophryne_sabini-Myola_GH            0.20%    passed     99.09%
 237  BPBM44373_Aphantophryne_sabini-Myola_GH            0.20%    passed     98.81%
 238  BJE1120_Oreophryne_A_senckenbergiana               1.29%    passed     43.70%
 239  BJE1143_Oreophryne_A_senckenbergiana               1.21%    passed     42.99%
 240  BJE1144_Oreophryne_A_senckenbergiana               1.21%    passed     42.49%
 241  BJE1248_Oreophryne_A_frontifasciata               21.82%    passed     75.31%
****  TOTAL                                              2.23%  2 sequences failed composition chi2 test (p-value<5%; df=3)
NOTE: No CharPartition defined, use all CharSets

Loading 15 partitions...
Identifying sites to remove: done in 0.0003379 secs
Identifying sites to remove: done in 0.0002509 secs
Identifying sites to remove: done in 0.0003717 secs
Identifying sites to remove: done in 0.0003441 secs
Identifying sites to remove: done in 0.0002317 secs
Identifying sites to remove: done in 0.000348 secs
Subset	Type	Seqs	Sites	Infor	Invar	Model	Name
1		241	136	4	118	TESTMERGEONLY	sia_pos1
2		241	136	0	128	TESTMERGEONLY	sia_pos2
WARNING: No parsimony-informative sites in partition sia_pos2
3		241	135	72	45	TESTMERGEONLY	sia_pos3
4		241	173	78	78	TESTMERGEONLY	bdnf_pos1
5		241	172	16	154	TESTMERGEONLY	bdnf_pos2
6		241	172	4	163	TESTMERGEONLY	bdnf_pos3
7		241	185	16	144	TESTMERGEONLY	nxc_pos1
8		241	185	10	164	TESTMERGEONLY	nxc_pos2
9		241	185	96	52	TESTMERGEONLY	nxc_pos3
10		238	170	86	72	TESTMERGEONLY	cyb_pos1
11		238	170	59	99	TESTMERGEONLY	cyb_pos2
12		238	170	170	0	TESTMERGEONLY	cyb_pos3
13		233	162	110	39	TESTMERGEONLY	nd4_pos1
14		233	162	68	73	TESTMERGEONLY	nd4_pos2
15		233	162	162	0	TESTMERGEONLY	nd4_pos3
Degree of missing data: 0.009
Info: multi-threading strategy over partitions



Create initial parsimony tree by phylogenetic likelihood library (PLL)... 0.057 seconds
Perform fast likelihood tree search using GTR+I+G model...
Estimate model parameters (epsilon = 5.000)
Initial log-likelihood: -98388.944
Current log-likelihood at step 1: -85032.195
Current log-likelihood at step 2: -83504.212
Current log-likelihood at step 3: -83453.217
Current log-likelihood at step 4: -83427.609
Current log-likelihood at step 5: -83382.124
Current log-likelihood at step 6: -83372.816
Current log-likelihood at step 7: -83370.519
Parameters optimization took 6 rounds (7.758 sec)


WARNING: Estimated model parameters are at boundary that can cause numerical instability!

Perform nearest neighbor interchange...
Optimizing NNI: done in 3.33074 secs using 100.4% CPU
Estimate model parameters (epsilon = 1.000)
Initial log-likelihood: -83082.307
Current log-likelihood at step 1: -83077.431
Current log-likelihood at step 2: -83076.365
Current log-likelihood at step 3: -83059.931
Current log-likelihood at step 4: -83056.579
Current log-likelihood at step 5: -83056.140
Partition-specific rates:  0.268 0.235 1.070 0.531 0.267 0.137 0.204 0.388 0.449 1.585 0.582 2.933 2.636 0.852 2.939
Parameters optimization took 4 rounds (3.274 sec)


WARNING: Estimated model parameters are at boundary that can cause numerical instability!

Time for fast ML tree search: 14.384 seconds

NOTE: ModelFinder requires 5 MB RAM!
Selecting individual models for 15 charsets using BIC...
 No. Model        Score       TreeLen     Charset
   1 GTR+F+I+G4   1085.187    0.682       sia_pos1
   2 GTR+F+I+G4   637.406     1.096       sia_pos2
   3 GTR+F+I+G4   6824.711    6.925       sia_pos3
   4 GTR+F+I+G4   5845.351    3.439       bdnf_pos1
   5 GTR+F+I+G4   1572.125    0.553       bdnf_pos2
   6 GTR+F+I+G4   826.896     0.637       bdnf_pos3
   7 GTR+F+I+G4   2070.942    0.877       nxc_pos1
   8 GTR+F+I+G4   1623.442    2.504       nxc_pos2
   9 GTR+F+I+G4   6663.382    2.900       nxc_pos3
  10 GTR+F+I+G4   13601.462   10.139      cyb_pos1	0h:0m:0s (0h:0m:16s left)
  11 GTR+F+I+G4   5540.515    3.728       cyb_pos2	0h:0m:0s (0h:0m:14s left)
  12 GTR+F+ASC+G4 49593.953   18.798      cyb_pos3	0h:0m:0s (0h:0m:14s left)
  13 GTR+F+I+G4   17088.248   16.747      nd4_pos1	0h:0m:0s (0h:0m:13s left)
  14 GTR+F+I+G4   7018.969    5.421       nd4_pos2	0h:0m:0s (0h:0m:13s left)
  15 GTR+F+ASC+G4 46917.290   18.680      nd4_pos3	0h:0m:1s (0h:0m:13s left)
Full partition model BIC score: 171087.262 (LnL: -83039.246  df:641)
Merging models to increase model fit (about 211 total partition schemes)...
  16 GTR+F+I+G4   171018.458  0.521       sia_pos1+sia_pos2	0h:0m:1s (0h:0m:15s left)
  17 GTR+F+I+G4   171118.611  4.266       sia_pos1+sia_pos3	0h:0m:1s (0h:0m:20s left)
  18 GTR+F+I+G4   171080.002  2.164       sia_pos1+bdnf_pos1	0h:0m:1s (0h:0m:20s left)
  19 GTR+F+I+G4   171039.980  0.646       sia_pos1+bdnf_pos2	0h:0m:2s (0h:0m:22s left)
  20 GTR+F+I+G4   171026.042  0.579       sia_pos1+bdnf_pos3	0h:0m:2s (0h:0m:24s left)
  21 GTR+F+I+G4   171041.628  0.755       sia_pos1+nxc_pos1	0h:0m:2s (0h:0m:25s left)
  22 GTR+F+I+G4   171057.127  2.037       sia_pos1+nxc_pos2	0h:0m:3s (0h:0m:27s left)
  23 GTR+F+I+G4   171136.126  1.916       sia_pos1+nxc_pos3	0h:0m:3s (0h:0m:28s left)
  24 GTR+F+I+G4   171113.475  6.994       sia_pos1+cyb_pos1	0h:0m:3s (0h:0m:30s left)
  25 GTR+F+I+G4   171064.249  2.683       sia_pos1+cyb_pos2	0h:0m:4s (0h:0m:32s left)
  26 GTR+F+I+G4   171564.829  39.092      sia_pos1+cyb_pos3	0h:0m:4s (0h:0m:34s left)
  27 GTR+F+I+G4   171204.395  11.190      sia_pos1+nd4_pos1	0h:0m:5s (0h:0m:35s left)
  28 GTR+F+I+G4   171117.295  3.502       sia_pos1+nd4_pos2	0h:0m:5s (0h:0m:36s left)
  29 GTR+F+I+G4   171725.318  31.322      sia_pos1+nd4_pos3	0h:0m:6s (0h:0m:37s left)
  30 GTR+F+I+G4   171144.358  4.216       sia_pos2+sia_pos3	0h:0m:6s (0h:0m:38s left)
  31 GTR+F+I+G4   171105.358  2.036       sia_pos2+bdnf_pos1	0h:0m:6s (0h:0m:38s left)
  32 GTR+F+I+G4   171036.159  0.514       sia_pos2+bdnf_pos2	0h:0m:6s (0h:0m:38s left)
  33 GTR+F+I+G4   171012.065  0.442       sia_pos2+bdnf_pos3	0h:0m:7s (0h:0m:38s left)
  34 GTR+F+I+G4   171042.063  0.613       sia_pos2+nxc_pos1	0h:0m:7s (0h:0m:37s left)
  35 GTR+F+I+G4   171019.707  1.965       sia_pos2+nxc_pos2	0h:0m:7s (0h:0m:38s left)
  36 GTR+F+I+G4   171174.624  1.748       sia_pos2+nxc_pos3	0h:0m:7s (0h:0m:38s left)
  37 GTR+F+I+G4   171125.388  6.220       sia_pos2+cyb_pos1	0h:0m:8s (0h:0m:39s left)
  38 GTR+F+I+G4   171083.886  2.359       sia_pos2+cyb_pos2	0h:0m:8s (0h:0m:39s left)
  39 GTR+F+I+G4   171450.205  38.124      sia_pos2+cyb_pos3	0h:0m:9s (0h:0m:40s left)
  40 GTR+F+I+G4   171211.302  10.093      sia_pos2+nd4_pos1	0h:0m:9s (0h:0m:41s left)
  41 GTR+F+I+G4   171145.328  3.219       sia_pos2+nd4_pos2	0h:0m:9s (0h:0m:41s left)
  42 GTR+F+I+G4   171599.636  31.120      sia_pos2+nd4_pos3	0h:0m:10s (0h:0m:41s left)
  43 GTR+F+I+G4   171042.007  6.129       sia_pos3+bdnf_pos1	0h:0m:10s (0h:0m:41s left)
  44 GTR+F+I+G4   171259.776  3.695       sia_pos3+bdnf_pos2	0h:0m:11s (0h:0m:42s left)
  45 GTR+F+I+G4   171187.910  3.872       sia_pos3+bdnf_pos3	0h:0m:11s (0h:0m:42s left)
  46 GTR+F+I+G4   171259.493  4.158       sia_pos3+nxc_pos1	0h:0m:11s (0h:0m:42s left)
  47 GTR+F+I+G4   171175.383  4.588       sia_pos3+nxc_pos2	0h:0m:12s (0h:0m:42s left)
  48 GTR+F+I+G4   171119.884  6.488       sia_pos3+nxc_pos3	0h:0m:12s (0h:0m:42s left)
  49 GTR+F+I+G4   171138.004  11.541      sia_pos3+cyb_pos1	0h:0m:13s (0h:0m:43s left)
  50 GTR+F+I+G4   171179.104  6.009       sia_pos3+cyb_pos2	0h:0m:13s (0h:0m:43s left)
  51 GTR+F+I+G4   171744.583  53.068      sia_pos3+cyb_pos3	0h:0m:14s (0h:0m:45s left)
  52 GTR+F+I+G4   171215.819  16.596      sia_pos3+nd4_pos1	0h:0m:15s (0h:0m:46s left)
  53 GTR+F+I+G4   171165.205  6.342       sia_pos3+nd4_pos2	0h:0m:15s (0h:0m:45s left)
  54 GTR+F+I+G4   171937.757  30.101      sia_pos3+nd4_pos3	0h:0m:15s (0h:0m:46s left)
  55 GTR+F+I+G4   171178.310  1.924       bdnf_pos1+bdnf_pos2	0h:0m:16s (0h:0m:45s left)
  56 GTR+F+I+G4   171129.614  1.770       bdnf_pos1+bdnf_pos3	0h:0m:16s (0h:0m:45s left)
  57 GTR+F+I+G4   171153.144  2.200       bdnf_pos1+nxc_pos1	0h:0m:16s (0h:0m:45s left)
  58 GTR+F+I+G4   171162.197  2.780       bdnf_pos1+nxc_pos2	0h:0m:17s (0h:0m:45s left)
  59 GTR+F+I+G4   171045.044  3.424       bdnf_pos1+nxc_pos3	0h:0m:17s (0h:0m:45s left)
  60 GTR+F+I+G4   171124.161  9.471       bdnf_pos1+cyb_pos1	0h:0m:18s (0h:0m:45s left)
  61 GTR+F+I+G4   171116.548  3.836       bdnf_pos1+cyb_pos2	0h:0m:18s (0h:0m:45s left)
  62 GTR+F+I+G4   171755.364  48.513      bdnf_pos1+cyb_pos3	0h:0m:19s (0h:0m:45s left)
  63 GTR+F+I+G4   171214.617  14.427      bdnf_pos1+nd4_pos1	0h:0m:19s (0h:0m:46s left)
  64 GTR+F+I+G4   171152.257  4.850       bdnf_pos1+nd4_pos2	0h:0m:20s (0h:0m:46s left)
  65 GTR+F+I+G4   171960.766  36.577      bdnf_pos1+nd4_pos3	0h:0m:20s (0h:0m:46s left)
  66 GTR+F+I+G4   171027.480  0.523       bdnf_pos2+bdnf_pos3	0h:0m:21s (0h:0m:46s left)
  67 GTR+F+I+G4   171038.053  0.711       bdnf_pos2+nxc_pos1	0h:0m:21s (0h:0m:45s left)
  68 GTR+F+I+G4   171117.902  1.617       bdnf_pos2+nxc_pos2	0h:0m:21s (0h:0m:45s left)
  69 GTR+F+I+G4   171223.083  1.875       bdnf_pos2+nxc_pos3	0h:0m:21s (0h:0m:45s left)
  70 GTR+F+I+G4   171212.271  6.513       bdnf_pos2+cyb_pos1	0h:0m:22s (0h:0m:45s left)
  71 GTR+F+I+G4   171166.885  2.270       bdnf_pos2+cyb_pos2	0h:0m:22s (0h:0m:45s left)
  72 GTR+F+I+G4   171797.370  29.856      bdnf_pos2+cyb_pos3	0h:0m:23s (0h:0m:45s left)
  73 GTR+F+I+G4   171300.097  9.724       bdnf_pos2+nd4_pos1	0h:0m:23s (0h:0m:44s left)
  74 GTR+F+I+G4   171239.847  2.983       bdnf_pos2+nd4_pos2	0h:0m:24s (0h:0m:44s left)
  75 GTR+F+I+G4   171929.303  31.916      bdnf_pos2+nd4_pos3	0h:0m:24s (0h:0m:44s left)
  76 GTR+F+I+G4   171041.665  0.631       bdnf_pos3+nxc_pos1	0h:0m:24s (0h:0m:44s left)
  77 GTR+F+I+G4   171029.334  1.719       bdnf_pos3+nxc_pos2	0h:0m:25s (0h:0m:43s left)
  78 GTR+F+I+G4   171198.256  1.543       bdnf_pos3+nxc_pos3	0h:0m:25s (0h:0m:43s left)
  79 GTR+F+I+G4   171150.631  5.374       bdnf_pos3+cyb_pos1	0h:0m:25s (0h:0m:43s left)
  80 GTR+F+I+G4   171096.219  2.005       bdnf_pos3+cyb_pos2	0h:0m:26s (0h:0m:43s left)
  81 GTR+F+I+G4   171517.748  33.053      bdnf_pos3+cyb_pos3	0h:0m:26s (0h:0m:42s left)
  82 GTR+F+I+G4   171238.367  8.581       bdnf_pos3+nd4_pos1	0h:0m:27s (0h:0m:43s left)
  83 GTR+F+I+G4   171188.175  2.695       bdnf_pos3+nd4_pos2	0h:0m:27s (0h:0m:42s left)
  84 GTR+F+I+G4   171669.532  29.862      bdnf_pos3+nd4_pos3	0h:0m:28s (0h:0m:42s left)
  85 GTR+F+I+G4   171142.782  2.258       nxc_pos1+nxc_pos2	0h:0m:28s (0h:0m:42s left)
  86 GTR+F+I+G4   171181.376  1.798       nxc_pos1+nxc_pos3	0h:0m:28s (0h:0m:41s left)
  87 GTR+F+I+G4   171248.924  6.685       nxc_pos1+cyb_pos1	0h:0m:29s (0h:0m:41s left)
  88 GTR+F+I+G4   171163.147  2.385       nxc_pos1+cyb_pos2	0h:0m:29s (0h:0m:41s left)
  89 GTR+F+I+G4   171990.453  35.582      nxc_pos1+cyb_pos3	0h:0m:30s (0h:0m:41s left)
  90 GTR+F+I+G4   171339.804  10.357      nxc_pos1+nd4_pos1	0h:0m:30s (0h:0m:41s left)
  91 GTR+F+I+G4   171217.804  3.107       nxc_pos1+nd4_pos2	0h:0m:31s (0h:0m:41s left)
  92 GTR+F+I+G4   172161.918  31.330      nxc_pos1+nd4_pos3	0h:0m:31s (0h:0m:41s left)
  93 GTR+F+I+G4   171265.076  2.392       nxc_pos2+nxc_pos3	0h:0m:32s (0h:0m:40s left)
  94 GTR+F+I+G4   171154.750  5.438       nxc_pos2+cyb_pos1	0h:0m:32s (0h:0m:40s left)
  95 GTR+F+I+G4   171184.482  3.044       nxc_pos2+cyb_pos2	0h:0m:32s (0h:0m:40s left)
  96 GTR+F+I+G4   171642.102  31.969      nxc_pos2+cyb_pos3	0h:0m:33s (0h:0m:40s left)
  97 GTR+F+I+G4   171249.869  8.293       nxc_pos2+nd4_pos1	0h:0m:33s (0h:0m:39s left)
  98 GTR+F+I+G4   171275.943  3.226       nxc_pos2+nd4_pos2	0h:0m:34s (0h:0m:39s left)
  99 GTR+F+I+G4   171830.724  28.711      nxc_pos2+nd4_pos3	0h:0m:34s (0h:0m:39s left)
 100 GTR+F+I+G4   171178.419  10.633      nxc_pos3+cyb_pos1	0h:0m:35s (0h:0m:39s left)
 101 GTR+F+I+G4   171140.462  4.245       nxc_pos3+cyb_pos2	0h:0m:35s (0h:0m:38s left)
 102 GTR+F+I+G4   171934.859  25.922      nxc_pos3+cyb_pos3	0h:0m:36s (0h:0m:38s left)
 103 GTR+F+I+G4   171228.241  14.883      nxc_pos3+nd4_pos1	0h:0m:36s (0h:0m:38s left)
 104 GTR+F+I+G4   171174.581  5.531       nxc_pos3+nd4_pos2	0h:0m:37s (0h:0m:38s left)
 105 GTR+F+I+G4   172016.720  24.659      nxc_pos3+nd4_pos3	0h:0m:38s (0h:0m:38s left)
 106 GTR+F+I+G4   171150.055  8.114       cyb_pos1+cyb_pos2	0h:0m:38s (0h:0m:38s left)
 107 GTR+F+I+G4   171419.383  47.059      cyb_pos1+cyb_pos3	0h:0m:39s (0h:0m:38s left)
 108 GTR+F+I+G4   171051.781  14.840      cyb_pos1+nd4_pos1	0h:0m:39s (0h:0m:38s left)
 109 GTR+F+I+G4   171217.379  9.261       cyb_pos1+nd4_pos2	0h:0m:40s (0h:0m:37s left)
 110 GTR+F+I+G4   171571.196  37.652      cyb_pos1+nd4_pos3	0h:0m:41s (0h:0m:37s left)
 111 GTR+F+I+G4   171538.698  47.486      cyb_pos2+cyb_pos3	0h:0m:42s (0h:0m:37s left)
 112 GTR+F+I+G4   171259.357  11.965      cyb_pos2+nd4_pos1	0h:0m:42s (0h:0m:37s left)
 113 GTR+F+I+G4   171044.676  4.646       cyb_pos2+nd4_pos2	0h:0m:42s (0h:0m:37s left)
 114 GTR+F+I+G4   171701.860  33.469      cyb_pos2+nd4_pos3	0h:0m:43s (0h:0m:37s left)
 115 GTR+F+I+G4   171248.006  52.780      cyb_pos3+nd4_pos1	0h:0m:44s (0h:0m:36s left)
 116 GTR+F+I+G4   171650.573  29.725      cyb_pos3+nd4_pos2	0h:0m:45s (0h:0m:36s left)
 117 GTR+F+ASC+G4 171105.184  18.956      cyb_pos3+nd4_pos3	0h:0m:46s (0h:0m:37s left)
 118 GTR+F+I+G4   171323.982  13.645      nd4_pos1+nd4_pos2	0h:0m:46s (0h:0m:37s left)
 119 GTR+F+I+G4   171387.356  42.315      nd4_pos1+nd4_pos3	0h:0m:47s (0h:0m:36s left)
 120 GTR+F+I+G4   171799.104  31.984      nd4_pos2+nd4_pos3	0h:0m:48s (0h:0m:36s left)
6 compatible better partition pairs found
Merging sia_pos2+bdnf_pos3 with BIC score: 171012.065 (LnL: -83044.624  df: 630)
Merging bdnf_pos2+nxc_pos1 with BIC score: 170962.855 (LnL: -83062.996  df: 619)
Merging sia_pos3+bdnf_pos1 with BIC score: 170917.600 (LnL: -83083.345  df: 608)
Merging cyb_pos2+nd4_pos2 with BIC score: 170875.014 (LnL: -83105.029  df: 597)
Merging cyb_pos1+nd4_pos1 with BIC score: 170839.532 (LnL: -83130.265  df: 586)
Merging sia_pos1+nxc_pos2 with BIC score: 170809.397 (LnL: -83158.175  df: 575)
 121 GTR+F+I+G4   170758.151  1.233       sia_pos1+sia_pos2+bdnf_pos3+nxc_pos2	0h:0m:49s (0h:0m:36s left)
 122 GTR+F+I+G4   170948.000  3.761       sia_pos1+sia_pos3+bdnf_pos1+nxc_pos2	0h:0m:49s (0h:0m:36s left)
 123 GTR+F+I+G4   170879.237  1.007       sia_pos1+bdnf_pos2+nxc_pos1+nxc_pos2	0h:0m:49s (0h:0m:35s left)
 124 GTR+F+I+G4   170995.520  1.921       sia_pos1+nxc_pos2+nxc_pos3	0h:0m:50s (0h:0m:35s left)
 125 GTR+F+I+G4   171020.992  7.933       sia_pos1+nxc_pos2+cyb_pos1+nd4_pos1	0h:0m:51s (0h:0m:35s left)
 126 GTR+F+I+G4   170996.019  2.945       sia_pos1+nxc_pos2+cyb_pos2+nd4_pos2	0h:0m:51s (0h:0m:34s left)
 127 GTR+F+I+G4   171671.405  28.004      sia_pos1+nxc_pos2+cyb_pos3	0h:0m:52s (0h:0m:34s left)
 128 GTR+F+I+G4   171822.545  19.309      sia_pos1+nxc_pos2+nd4_pos3	0h:0m:52s (0h:0m:34s left)
 129 GTR+F+I+G4   171010.722  3.344       sia_pos2+sia_pos3+bdnf_pos1+bdnf_pos3	0h:0m:53s (0h:0m:33s left)
 130 GTR+F+I+G4   170775.508  0.546       sia_pos2+bdnf_pos2+bdnf_pos3+nxc_pos1	0h:0m:53s (0h:0m:33s left)
 131 GTR+F+I+G4   170986.153  1.160       sia_pos2+bdnf_pos3+nxc_pos3	0h:0m:53s (0h:0m:32s left)
 132 GTR+F+I+G4   171061.358  7.973       sia_pos2+bdnf_pos3+cyb_pos1+nd4_pos1	0h:0m:54s (0h:0m:32s left)
 133 GTR+F+I+G4   170952.235  2.534       sia_pos2+bdnf_pos3+cyb_pos2+nd4_pos2	0h:0m:55s (0h:0m:32s left)
 134 GTR+F+I+G4   171556.175  24.538      sia_pos2+bdnf_pos3+cyb_pos3	0h:0m:55s (0h:0m:31s left)
 135 GTR+F+I+G4   171698.265  21.140      sia_pos2+bdnf_pos3+nd4_pos3	0h:0m:56s (0h:0m:31s left)
 136 GTR+F+I+G4   171125.697  3.115       sia_pos3+bdnf_pos1+bdnf_pos2+nxc_pos1	0h:0m:56s (0h:0m:31s left)
 137 GTR+F+I+G4   170838.337  5.608       sia_pos3+bdnf_pos1+nxc_pos3	0h:0m:57s (0h:0m:30s left)
 138 GTR+F+I+G4   171026.855  13.195      sia_pos3+bdnf_pos1+cyb_pos1+nd4_pos1	0h:0m:58s (0h:0m:30s left)
 139 GTR+F+I+G4   170996.543  5.421       sia_pos3+bdnf_pos1+cyb_pos2+nd4_pos2	0h:0m:58s (0h:0m:30s left)
 140 GTR+F+I+G4   171883.590  22.130      sia_pos3+bdnf_pos1+cyb_pos3	0h:0m:59s (0h:0m:30s left)
 141 GTR+F+I+G4   172045.204  21.811      sia_pos3+bdnf_pos1+nd4_pos3	0h:1m:0s (0h:0m:30s left)
 142 GTR+F+I+G4   170994.325  1.476       bdnf_pos2+nxc_pos1+nxc_pos3	0h:1m:1s (0h:0m:29s left)
 143 GTR+F+I+G4   171224.195  8.477       bdnf_pos2+nxc_pos1+cyb_pos1+nd4_pos1	0h:1m:1s (0h:0m:29s left)
 144 GTR+F+I+G4   171067.002  2.676       bdnf_pos2+nxc_pos1+cyb_pos2+nd4_pos2	0h:1m:2s (0h:0m:29s left)
 145 GTR+F+I+G4   172030.231  22.307      bdnf_pos2+nxc_pos1+cyb_pos3	0h:1m:3s (0h:0m:28s left)
 146 GTR+F+I+G4   172177.991  24.110      bdnf_pos2+nxc_pos1+nd4_pos3	0h:1m:4s (0h:0m:28s left)
 147 GTR+F+I+G4   170944.906  12.886      nxc_pos3+cyb_pos1+nd4_pos1	0h:1m:5s (0h:0m:28s left)
 148 GTR+F+I+G4   170912.073  4.902       nxc_pos3+cyb_pos2+nd4_pos2	0h:1m:5s (0h:0m:27s left)
 149 GTR+F+I+G4   171156.220  10.662      cyb_pos1+cyb_pos2+nd4_pos1+nd4_pos2	0h:1m:6s (0h:0m:27s left)
 150 GTR+F+I+G4   171322.273  41.956      cyb_pos1+cyb_pos3+nd4_pos1	0h:1m:7s (0h:0m:27s left)
 151 GTR+F+I+G4   171438.447  35.029      cyb_pos1+nd4_pos1+nd4_pos3	0h:1m:8s (0h:0m:27s left)
 152 GTR+F+I+G4   171751.522  23.382      cyb_pos2+cyb_pos3+nd4_pos2	0h:1m:9s (0h:0m:26s left)
 153 GTR+F+I+G4   171883.772  25.145      cyb_pos2+nd4_pos2+nd4_pos3	0h:1m:10s (0h:0m:26s left)
Merging sia_pos1+sia_pos2+bdnf_pos3+nxc_pos2 with BIC score: 170758.151 (LnL: -83175.528  df: 564)
 154 GTR+F+I+G4   171016.942  2.680       sia_pos1+sia_pos2+sia_pos3+bdnf_pos1+bdnf_pos3+nxc_pos2	0h:1m:10s (0h:0m:26s left)
 155 GTR+F+I+G4   170829.029  0.755       sia_pos1+sia_pos2+bdnf_pos2+bdnf_pos3+nxc_pos1+nxc_pos2	0h:1m:11s (0h:0m:25s left)
 156 GTR+F+I+G4   171024.411  1.236       sia_pos1+sia_pos2+bdnf_pos3+nxc_pos2+nxc_pos3	0h:1m:11s (0h:0m:25s left)
 157 GTR+F+I+G4   171120.304  5.700       sia_pos1+sia_pos2+bdnf_pos3+nxc_pos2+cyb_pos1+nd4_pos1	0h:1m:12s (0h:0m:25s left)
 158 GTR+F+I+G4   171041.954  2.120       sia_pos1+sia_pos2+bdnf_pos3+nxc_pos2+cyb_pos2+nd4_pos2	0h:1m:13s (0h:0m:24s left)
 159 GTR+F+I+G4   171921.486  18.407      sia_pos1+sia_pos2+bdnf_pos3+nxc_pos2+cyb_pos3	0h:1m:14s (0h:0m:24s left)
 160 GTR+F+I+G4   172033.264  15.052      sia_pos1+sia_pos2+bdnf_pos3+nxc_pos2+nd4_pos3	0h:1m:15s (0h:0m:23s left)
Agglomerative model selection: (((sia_pos1,nxc_pos2)6:170809,(sia_pos2,bdnf_pos3)1:171012)7:170758,(sia_pos3,bdnf_pos1)3:170918,(bdnf_pos2,nxc_pos1)2:170963,nxc_pos3,(cyb_pos1,nd4_pos1)5:170840,(cyb_pos2,nd4_pos2)4:170875,cyb_pos3,nd4_pos3)
Merging into 8 partitions...
 161 TIMe+I+G4    4100.279    sia_pos1+sia_pos2+bdnf_pos3+nxc_pos2	0h:1m:19s (0h:0m:24s left)
 162 HKY+F+I+G4   12647.936   sia_pos3+bdnf_pos1	0h:1m:22s (0h:0m:24s left)
 163 GTR+F+I+G4   3630.420    bdnf_pos2+nxc_pos1	0h:1m:23s (0h:0m:24s left)
 164 TN+F+G4      6648.645    nxc_pos3	0h:1m:27s (0h:0m:25s left)
 165 GTR+F+I+G4   30691.582   cyb_pos1+nd4_pos1	0h:1m:30s (0h:0m:25s left)
 166 GTR+F+I+G4   12554.251   cyb_pos2+nd4_pos2	0h:1m:33s (0h:0m:25s left)
 167 TIM2+F+ASC+G4 49053.277   cyb_pos3	0h:1m:40s (0h:0m:26s left)
 168 TN+F+ASC+G4  46450.100   nd4_pos3	0h:1m:46s (0h:0m:27s left)
Best partition model BIC score: 169658.544 (LnL: -82696.051  df:546)
Partition information was printed to merge93.nex.best_scheme.nex
Partition information in Raxml format was printed to merge93.nex.best_scheme

All model information printed to merge93.nex.model.gz
CPU time for ModelFinder: 120.031 seconds (0h:2m:0s)
Wall-clock time for ModelFinder: 120.840 seconds (0h:2m:0s)

NOTE: 47 MB RAM (0 GB) is required!
Estimate model parameters (epsilon = 0.010)
Initial log-likelihood: -82732.379
Current log-likelihood at step 1: -82681.698
Current log-likelihood at step 2: -82680.606
Current log-likelihood at step 3: -82680.396
Current log-likelihood at step 4: -82680.315
Current log-likelihood at step 5: -82680.289
Current log-likelihood at step 6: -82680.269
Current log-likelihood at step 7: -82680.255
Current log-likelihood at step 8: -82680.248
Partition-specific rates:  0.077 0.365 0.046 0.178 0.913 0.285 5.476 5.779
Parameters optimization took 7 rounds (2.480 sec)

Wrote distance file to... 
Partition information was printed to merge93.nex.best_model.nex
BEST SCORE FOUND : -82680.248
Total tree length: 16.397

Total number of iterations: 0
CPU time used for tree search: 0.000 sec (0h:0m:0s)
Wall-clock time used for tree search: 0.000 sec (0h:0m:0s)
Total CPU time used: 2.516 sec (0h:0m:2s)
Total wall-clock time used: 2.520 sec (0h:0m:2s)

Analysis results written to: 
  IQ-TREE report:                merge93.nex.iqtree
  Tree used for ModelFinder:     merge93.nex.treefile
  Best partitioning scheme:      merge93.nex.best_scheme.nex
           in RAxML format:      merge93.nex.best_scheme
  Screen log file:               merge93.nex.log

--- Start phylogenetic dating ---
Reading date file asterophryinae_dates.txt ...
5 dates extracted
Building time tree by least-square dating (LSD) with command:
lsd -i merge93.nex.timetree.subst -s 2475 -o merge93.nex.timetree -g merge93.nex.timetree.outgroup -d merge93.nex.timetree.date -z 0 
Reroot the tree(s) using given outgroups ...

TREE 1
*PROCESSING:
Reading the tree ... 
Collapse 1 (over 239) internal branches having branch length <= 0.000202
 (settable via option -l)
Parameter to adjust variances was set to 0.0223 (settable via option -b)
Minimum branch length of time scaled tree (settable via option -u and -U): 0
Estimating the root position on the branch defined by given outgroups ...

*RESULTS:
- Dating results:
 rate 0.00758889, tMRCA -31.3956 , objective function 1.2699

TOTAL ELAPSED TIME: 0.007 seconds
LSD results written to:
  LSD report:                  merge93.nex.timetree.lsd
  Time tree in nexus format:   merge93.nex.timetree.nex
  Time tree in newick format:  merge93.nex.timetree.nwk

--- End phylogenetic dating ---
Date and Time: Mon Mar 13 11:12:10 2023
