IQ-TREE multicore version 2.2.0 COVID-edition for Windows 64-bit built Jun  1 2022
Developed by Bui Quang Minh, James Barbetti, Nguyen Lam Tung,
Olga Chernomor, Heiko Schmidt, Dominik Schrempf, Michael Woodhams, Ly Trong Nhan.

Host:    MSI (AVX512, FMA3, 15 GB RAM)
Command: C:\Users\Marguerite Butler\Documents\iqtree-2.2.0-Windows\bin\iqtree2.exe -s asterophryinae_20230305.phy -p merge68.nex -m TESTMERGEONLY -o UMMZ219489_Scaphiophryne_marmorata --date asterophryinae_dates.txt --date-tip 0 -mset JC,F81,K80,HKY,TN,TNe,TPM2,TPM2u,TPM3,TPM3u,TIM,TIMe,TIM2,TIM2e,TIM3,TIM3e,TVMe,TVM,SYM,GTR
Seed:    190306 (Using SPRNG - Scalable Parallel Random Number Generator)
Time:    Mon Mar 13 10:15:53 2023
Kernel:  AVX+FMA - 1 threads (16 CPU cores detected)

HINT: Use -nt option to specify number of threads because your CPU has 16 cores!
HINT: -nt AUTO will automatically determine the best number of threads to use.

Reading partition model file merge68.nex ...
Reading alignment file asterophryinae_20230305.phy ... Phylip format detected
Alignment most likely contains DNA/RNA sequences
Constructing alignment: done in 0.003593 secs
Alignment has 241 sequences with 2475 columns, 1396 distinct patterns
951 parsimony-informative, 195 singleton sites, 1329 constant sites
                                                 Gap/Ambiguity  Composition  p-value
Analyzing sequences: done in 0.0005553 secs
   1  ABTC116941_Oreophryne_A_graminis                  21.21%    passed      9.71%
   2  BPBM47733_Choerophryne_darlingtoni_complex_sp_1    0.28%    passed     96.60%
   3  BPBM47780_Cophixalus_cf__cryptotympanum            2.14%    passed     91.67%
   4  BPBM47792_Hylophorbus_cf__rufescens_14            20.85%    passed     24.73%
   5  BPBM47804_Cophixalus_darlingtoni                   5.41%    passed     98.10%
   6  BPBM31882_Paedophryne_swiftorum_complex_sp_1      22.42%    passed     19.52%
   7  BPBM47713_Paedophryne_amauensis                    0.08%    passed     92.53%
   8  BPBM47786_Callulops_sp_2                           3.68%    passed     93.38%
   9  UMMZ242263_Cophixalus_variabilis_complex_sp_1      1.25%    passed     72.08%
  10  UMMZ242338_Liophryne_aff__dentata_1                0.00%    passed     17.75%
  11  UMMZ242317_Hylophorbus_cf__rufescens_1             0.00%    passed     95.92%
  12  UMMZ242212_Austrochaperina_C_aff__palmipes_1       1.70%    passed     77.36%
  13  UMMZ242361_Mantophryne_cf__lateralis_1             0.04%    passed     85.97%
  14  UMMZ242309_Genyophryne_aff__thomsoni_1             0.44%    passed     87.40%
  15  UMMZ242349_Cophixalus_verrucosus_complex_sp_1      1.41%    passed     98.39%
  16  UMMZ242404_Oreophryne_A_sp_8                       0.00%    passed     13.57%
  17  UMMZ242232_Cophixalus_desticans_complex_sp_1       0.36%    passed     45.73%
  18  UMMZ242226_Callulops_doriae_complex_sp_1           0.20%    passed     65.99%
  19  FK16913_Paedophryne_titan                          0.48%    passed     19.15%
  20  UMMZ242398_Oreophryne_B_penelopia                  0.12%    passed     94.97%
  21  BPBM47888_Hylophorbus_cf__rufescens_13             4.24%    passed     97.91%
  22  JAM11383_Oreophryne_B_sp_5                         1.82%    passed     81.25%
  23  BPBM35843_Cophixalus_cf__pipilans_1                0.20%    passed     23.99%
  24  BPBM40083_Copiula_sp_1                             1.29%    passed     78.83%
  25  BPBM20571_Oreophryne_B_sp_2                        0.20%    passed     74.23%
  26  BPBM22664_Austrochaperina_A_sp_1                   1.58%    passed     79.76%
  27  BPBM20396_Mantophryne_cf__lateralis_1              0.24%    passed     94.07%
  28  BPBM48036_Paedophryne_sp_2                        20.00%    passed     27.41%
  29  BPBM35561_Choerophryne_gudrunae                    1.41%    passed     97.20%
  30  BPBM40135_Mantophryne_insignis                     0.12%    passed     84.40%
  31  BPBM39638_Hylophorbus_myopicus                     1.49%    passed    100.00%
  32  BPBM20572_Oreophryne_B_sp_3                        5.17%    passed     95.08%
  33  BPBM13110_Asterophrys_slateri                      0.93%    passed     34.14%
  34  BPBM33669_Callulops_wilhelmanus                    0.20%    passed     97.12%
  35  BPBM16554_Oreophryne_A_philosylleptoris            0.20%    passed     14.90%
  36  BPBM20262_Copiula_sp_2                             5.86%    passed     88.13%
  37  BPBM39000_Oreophryne_B_sp_1                        0.20%    passed     83.57%
  38  BPBM34677_Oreophryne_A_cameroni                    5.74%    passed     47.88%
  39  BPBM38990_Oreophryne_A_sp_2                        0.81%    passed     25.28%
  40  BPBM16181_Hylophorbus_cf__rufescens_2              0.24%    passed     96.81%
  41  BPBM39048_Cophixalus_sp_3                          0.69%    passed     49.47%
  42  BPBM34688_Oreophryne_A_biroi                       0.16%    passed     28.23%
  43  BPBM38939_Copiula_sp_7                            20.04%    passed     38.88%
  44  BPBM22675_Choerophryne_longirostris                0.12%    passed     95.90%
  45  BPBM18450_Hylophorbus_cf__rufescens_6              0.20%    passed     83.63%
  46  BPBM22504_Hylophorbus_cf__rufescens_12             1.45%    passed     82.58%
  47  BPBM39357_Oreophryne_B_sp_6                        0.32%    passed     87.01%
  48  BPBM20522_Oreophryne_A_aurora                      0.28%    passed     94.40%
  49  BPBM40145_Oreophryne_A_sp_6                        2.46%    passed     30.55%
  50  BPBM39569_Hylophorbus_cf__rufescens_9              0.04%    passed     99.01%
  51  BPBM22780_Mantophryne_cf__lateralis_3              1.25%    passed     99.39%
  52  BPBM39007_Copiula_sp_3                            20.97%    passed     21.16%
  53  BPBM19265_Mantophryne_cf__lateralis_4              1.29%    passed     99.16%
  54  BPBM33763_Oreophryne_A_anamiatoi                   0.12%    passed     59.29%
  55  BPBM22692_Cophixalus_balbus                        1.41%    passed     98.67%
  56  BPBM39244_Oreophryne_A_sp_3                        1.58%    passed     45.36%
  57  BPBM22689_Oreophryne_A_cf__cameroni                1.82%    passed     48.15%
  58  BPBM18430_Cophixalus_albolineatus                  1.21%    passed     68.02%
  59  BPBM38988_Oreophryne_B_sp_4                        2.34%    passed     83.93%
  60  BPBM33707_Cophixalus_caverniphilus                 1.98%    passed     83.04%
  61  BPBM39991_Choerophryne_bryonopsis                  1.70%    passed     58.86%
  62  BPBM39631_Hylophorbus_cf__rufescens_7              0.24%    passed     98.72%
  63  BPBM19320_Cophixalus_nexipus                       1.70%    passed     88.14%
  64  BPBM37122_Callulops_sp_1                           0.04%    passed     91.62%
  65  BPBM34724_Hylophorbus_atrifasciatus                0.04%    passed     90.27%
  66  BPBM18392_Cophixalus_cheesmanae_complex_sp_1       3.07%    passed     74.80%
  67  BPBM39929_Liophryne_miniafia                       0.00%    passed     96.69%
  68  BPBM35866_Hylophorbus_cf__rufescens_15             0.04%    passed     95.82%
  69  BPBM17959_Cophixalus_sp_4                          0.16%    passed     93.15%
  70  BPBM40000_Austrochaperina_A_sp_2                   0.04%    passed     80.15%
  71  BPBM19277_Cophixalus_iovaorum                      0.16%    passed     86.10%
  72  BPBM19338_Hylophorbus_cf__rufescens_10             0.20%    passed     99.69%
  73  BPBM37232_Hylophorbus_cf__rufescens_3              0.28%    passed     96.62%
  74  BPBM38914_Barygenys_maculata                       0.12%    passed     12.44%
  75  BPBM19371_Oreophryne_A_sp_4                        0.00%    passed     76.11%
  76  BPBM33749_Hylophorbus_richardsi                    0.08%    passed     85.61%
  77  BPBM18429_Cophixalus_albolineatus                  2.55%    passed     84.86%
  78  BPBM33664_Choerophryne_darlingtoni_complex_sp_2    0.81%    passed     98.97%
  79  BPBM34679_Choerophryne_proboscidea                 0.57%    passed     92.40%
  80  BPBM20538_Oreophryne_B_sp_3                        0.85%    passed     99.71%
  81  BPBM19314_Cophixalus_ateles                        2.18%    passed     96.02%
  82  BPBM38992_Oreophryne_A_sp_2                        1.98%    passed     32.27%
  83  BPBM39510_Oreophryne_B_phoebe                      1.54%    passed     55.11%
  84  BPBM37718_Cophixalus_clapporum                    20.97%    passed     29.96%
  85  BPBM39344_Oreophryne_B_sp_4                        1.25%    passed     47.08%
  86  BPBM38904_Barygenys_apodasta                       1.62%    passed     59.40%
  87  BPBM20126_Barygenys_aff__exsul_1                   1.78%    passed     37.71%
  88  BPBM15814_Cophixalus_variabilis_complex_sp_2       5.17%    passed     97.34%
  89  BPBM15708_Cophixalus_desticans_complex_sp_2        0.16%    passed     62.78%
  90  BPBM33674_Oreophryne_A_notata                      2.79%    failed      2.69%
  91  BPBM35692_Hylophorbus_cf__proekes                  1.78%    passed     61.14%
  92  BPBM20141_Callulops_doriae_complex_sp_2            1.78%    passed     44.31%
  93  BPBM17048_Hylophorbus_cf__rufescens_11             1.82%    passed     97.14%
  94  BPBM18509_Oreophryne_A_lemur                       1.41%    passed     85.29%
  95  BPBM33780_Xenorhina_parkerorum                     2.75%    passed     65.42%
  96  BPBM15259_Barygenys_resima                         1.94%    passed     46.73%
  97  BPBM20501_Oreophryne_B_meliades                    0.32%    passed     85.03%
  98  BPBM35986_Hylophorbus_cf__rufescens_17             2.02%    passed     95.61%
  99  BPBM27491_Cophixalus_verrucosus_complex_sp_3       1.13%    passed     84.33%
 100  BPBM15775_Oreophryne_B_equus                       1.45%    passed     73.73%
 101  BPBM15410_Mantophryne_cf__lateralis_2              1.25%    passed     97.77%
 102  BPBM39366_Oreophryne_A_sp_5                        1.86%    passed     85.70%
 103  BPBM37753_Paedophryne_dekot                        1.86%    passed     98.09%
 104  BPBM15707_Cophixalus_sp_5                          0.08%    passed     91.17%
 105  BPBM35735_Austrochaperina_B_sp_3                   0.00%    passed     96.90%
 106  TNHC58922_Oreophryne_B_variabilis                  3.19%    passed     63.12%
 107  CMNH1366_Oreophryne_A_anulata                      2.30%    passed     10.04%
 108  KU321316_Oreophryne_A_nana                         1.78%    passed     12.39%
 109  BPBM18605_Copiula_fistulans                        0.36%    passed     87.45%
 110  BPBM41683_Aphantophryne_B_pansa.3-Omunia_Camp      3.03%    passed     96.28%
 111  BPBM41681_Aphantophryne_B_pansa.3-Omunia_Camp      4.57%    passed     99.65%
 112  BPBM41685_Aphantophryne_B_pansa.3-Omunia_Camp      1.37%    passed     99.61%
 113  BPBM41682_Aphantophryne_B_pansa.3-Omunia_Camp      1.37%    passed     97.54%
 114  BPBM17084_Copiula_oxyrhina                         1.25%    passed     92.24%
 115  BPBM13862_Austrochaperina_B_macrorhyncha           0.85%    passed     96.73%
 116  BPBM18351_Choerophryne_gunnari                     2.26%    passed     53.45%
 117  BPBM20357_Genyophryne_thomsoni                     1.94%    passed     66.73%
 118  BPBM22740_Hylophorbus_cf__rufescens_16             1.13%    passed     95.66%
 119  BPBM20369_Hylophorbus_extimus                      0.85%    passed     97.27%
 120  BPBM22761_Hylophorbus_proekes                      0.85%    passed     97.43%
 121  BPBM15373_Liophryne_aff__dentata_2                 1.37%    passed     39.91%
 122  BPBM22754_Liophryne_schlaginhaufeni                1.13%    passed     51.23%
 123  BPBM20142_Mantophryne_louisiadensis                3.39%    passed     85.19%
 124  BPBM22511_Oreophryne_A_brachypus                   1.58%    passed     44.28%
 125  BPBM18510_Oreophryne_A_cf__geislerorum_1           1.17%    passed     28.30%
 126  BPBM17847_Choerophryne_sanguinopictus              1.66%    passed     98.81%
 127  BPBM16217_Oreophryne_A_inornata                    0.93%    passed     66.13%
 128  BPBM16546_Oreophryne_B_insulana                    2.63%    passed     77.70%
 129  BPBM22539_Oreophryne_A_loriae                      1.41%    passed     71.49%
 130  BPBM17890_Oxydactyla_crassa                        1.21%    passed     76.18%
 131  BPBM31477_Mantophryne_menziesi                     0.89%    passed     97.87%
 132  BPBM22793_Sphenophryne_cornuta                     3.64%    passed     59.94%
 133  BPBM22797_Xenorhina_arboricola                     0.89%    failed      3.81%
 134  BPBM28179_Xenorhina_mehelyi                        0.89%    passed     16.57%
 135  BPBM14060_Xenorhina_ocellata                       2.46%    passed     37.05%
 136  BPBM22795_Xenorhina_tumulus                        0.81%    passed      6.50%
 137  BPBM28153_Asterophrys_leucopus                     0.89%    passed     62.03%
 138  BPBM22649_Choerophryne_brunhildae                  0.97%    passed     90.66%
 139  BPBM18317_Choerophryne_exclamitans                 1.54%    passed     91.32%
 140  BPBM28204_Asterophrys_turpicola                    0.97%    passed     58.59%
 141  BPBM22665_Austrochaperina_B_basipalmata            1.62%    passed     71.00%
 142  BPBM22656_Austrochaperina_B_blumi                  1.29%    passed     90.00%
 143  BPBM22708_Copiula_tyleri                           0.04%    passed     73.77%
 144  BPBM22481_Austrochaperina_A_novaebritanniae        1.66%    passed     85.13%
 145  BPBM20112_Austrochaperina_A_yelaensis              3.84%    passed     72.30%
 146  BPBM15234_Austrochaperina_C_aff__palmipes_3        0.12%    passed     96.64%
 147  BPBM25756_Barygenys_atra                           0.85%    passed     48.58%
 148  BPBM25760_Barygenys_sp                             0.04%    passed     99.75%
 149  BPBM18504_Callulops_personatus                     0.89%    passed     99.31%
 150  BPBM13155_Callulops_eremnosphax                    1.62%    passed     91.58%
 151  BPBM20215_Cophixalus_cupricarenus                  2.51%    passed     94.82%
 152  BPBM20197_Cophixalus_melanops                      2.34%    passed     67.44%
 153  BPBM15665_Copiula_minor                            1.13%    passed     64.00%
 154  BPBM20287_Copiula_sp_6                            22.38%    passed     17.00%
 155  BPBM17827_Copiula_sp_4                             1.13%    passed     89.01%
 156  BPBM18388_Austrochaperina_A_parkeri                0.85%    passed     88.19%
 157  BPBM15355_Hylophorbus_cf__rufescens_4              1.13%    passed     85.90%
 158  BPBM18033_Hylophorbus_cf__rufescens_8              1.05%    passed     96.59%
 159  BPBM18441_Hylophorbus_cf__rufescens_12             1.45%    passed     81.97%
 160  BPBM18315_Liophryne_allisoni                       0.85%    passed     56.59%
 161  BPBM19360_Liophryne_magnitympanum                  1.29%    passed     64.61%
 162  BPBM20397_Mantophryne_axanthogaster                0.89%    passed     99.79%
 163  BPBM22784_Oreophryne_A_parkeri                    21.70%    passed     21.76%
 164  BPBM18128_Oreophryne_B_picticrus                   1.90%    passed     63.58%
 165  BPBM18002_Oreophryne_A_sp_7                        1.90%    passed     69.44%
 166  BPBM17980_Oreophryne_B_matawan                     6.95%    passed     80.16%
 167  BPBM22668_Austrochaperina_B_septentrionalis        1.86%    passed     63.65%
 168  BPBM22789_Oreophryne_A_parkopanorum                1.17%    passed     14.79%
 169  BPBM21474_Xenorhina_adisca                         1.09%    passed     37.08%
 170  BPBM22685_Choerophryne_rostellifer                 0.12%    passed     88.29%
 171  UMMZ211174_Dyscophis_antongilli                    2.18%    passed     83.90%
 172  UMMZ211181_Platypelis_grandis                      2.42%    passed     70.33%
 173  UMMZ219489_Scaphiophryne_marmorata                 0.08%    passed     78.46%
 174  BPBM20128_Barygenys_exsul                          0.89%    passed      8.08%
 175  ZMB74609_Asterophrys_senglaubi                     1.37%    passed     49.29%
 176  ZMB70535_Asterophrys_eurydactylus                  1.29%    passed     19.17%
 177  ZMB70187_Asterophrys_cf__marani                    1.58%    passed     20.48%
 178  ZMB63882_Asterophrys_marani                        2.63%    passed     40.93%
 179  ZMB70185_Asterophrys_cf__marani                    1.54%    passed     20.70%
 180  FK15527_Paedophryne_verrucosa                      1.49%    passed     23.45%
 181  BPBM39156_Oreophryne_A_sp_1                        0.81%    passed     33.48%
 182  BPBM19236_Callulops_bicolor                        1.54%    passed     56.74%
 183  BPBM35836_Callulops_microtis                       0.93%    passed     88.41%
 184  BPBM34741_Xenorhina_obesa                          0.85%    passed     33.97%
 185  BPBM20532_Oreophryne_B_sp_3                        0.89%    passed     99.80%
 186  BPBM15232_Austrochaperina_C_aff__palmipes_3        0.89%    passed     85.46%
 187  BPBM20469_Oreophryne_B_ezra                        4.16%    passed     42.92%
 188  BPBM33637_Choerophryne_murrita                     0.97%    passed     98.63%
 189  BPBM40143_Oreophryne_B_brunnea                     0.04%    passed     46.13%
 190  BPBM18097_Cophixalus_timidus                       1.29%    passed     86.66%
 191  BPBM20440_Oreophryne_B_meliades                    0.32%    passed     87.91%
 192  BPBM34697_Xenorhina_oxycephala                     0.00%    passed     29.14%
 193  BPBM16806_Callulops_robustus                       0.04%    passed     91.61%
 194  MB233_Cophixalus_sp_1                              2.71%    passed     72.31%
 195  MB291_Paedophryne_sp_1                             3.64%    passed     82.03%
 196  MB294_Hylophorbus_cf__rufescens_12                 0.04%    passed     87.73%
 197  MB300_Choerophryne_gunnari                         0.12%    passed     45.91%
 198  MB302_Cophixalus_sp_2                              0.00%    passed     54.48%
 199  MB309_Copiula_sp_5                                 2.51%    passed     68.80%
 200  MB327_Xenorhina_sp_1                              19.64%    passed     13.32%
 201  MB331_Mantophryne_cf__lateralis_4                  0.04%    passed     89.33%
 202  MB342_Oreophryne_A_loriae                          1.25%    passed     64.96%
 203  MB463_Choerophryne_sp_2                            0.44%    passed     84.86%
 204  MB466_Choerophryne_sp_1                            0.00%    passed     99.97%
 205  MB470_Cophixalus_cheesmanae_complex_sp_2           1.25%    passed     38.76%
 206  MB472_Choerophryne_sp_4                            0.00%    passed     58.32%
 207  MB475_Austrochaperina_C_aff__palmipes_4            0.00%    passed     98.74%
 208  MB479_Mantophryne_cf__lateralis_5                  2.91%    passed     97.41%
 209  MB482_Cophixalus_linnaeus                          0.24%    passed     86.36%
 210  MB483_Hylophorbus_cf__rufescens_5                  0.04%    passed     83.87%
 211  MB484_Oreophryne_A_cf__geislerorum_2               0.73%    passed     21.11%
 212  MB486_Paedophryne_swiftorum_complex_sp_2           6.51%    passed     29.80%
 213  MB508_Callulops_doriae_complex_sp_1                1.17%    passed     41.07%
 214  MB518_Mantophryne_cf__lateralis_1                  3.23%    passed     95.46%
 215  MB539_Austrochaperina_C_aff__palmipes_2            1.17%    passed     73.41%
 216  MB556_Hylophorbus_cf__rufescens_1                  1.25%    passed     94.69%
 217  MB571_Cophixalus_variabilis_complex_sp_3           0.00%    passed     93.20%
 218  MB583_Cophixalus_verrucosus_complex_sp_2           1.17%    passed     97.87%
 219  MB593_Liophryne_aff__dentata_3                     1.25%    passed     47.38%
 220  MB617_Cophixalus_desticans_complex_sp_1            0.00%    passed     44.78%
 221  MB626_Genyophryne_aff__thomsoni_2                  1.41%    passed     97.10%
 222  MB627_Oreophryne_B_penelopia                       1.33%    passed     80.94%
 223  BPBM31979_Hylophorbus_cf__rufescens_5              3.27%    passed     84.96%
 224  BPBM26182_Cophixalus_tomaiodactylus                1.29%    passed     98.92%
 225  BPBM23740_Callulops_personatus                     1.09%    passed     99.22%
 226  BPBM25837_Choerophryne_sp_3                        1.45%    passed     97.88%
 227  BPBM26194_Cophixalus_phaeobalius                   1.41%    passed     98.49%
 228  BPBM25754_Choerophryne_sp_4                        1.41%    passed     55.33%
 229  BPBM31337_Cophixalus_linnaeus                      1.37%    passed     86.18%
 230  BPBM31847_Cophixalus_cf__pipilans_2                0.28%    passed     71.79%
 231  BPBM31853_Genyophryne_aff__thomsoni_3              2.83%    passed     44.14%
 232  BPBM31808_Choerophryne_sp_1                        1.45%    passed     97.91%
 233  BPBM35367_Choerophryne_sp_4                        0.04%    passed     66.71%
 234  AA24862_Asterophrys_sp                             2.34%    passed     16.37%
 235  BPBM44363_Aphantophryne_sabini-Myola_GH            0.12%    passed     98.60%
 236  BPBM44369_Aphantophryne_sabini-Myola_GH            0.20%    passed     99.09%
 237  BPBM44373_Aphantophryne_sabini-Myola_GH            0.20%    passed     98.81%
 238  BJE1120_Oreophryne_A_senckenbergiana               1.29%    passed     43.70%
 239  BJE1143_Oreophryne_A_senckenbergiana               1.21%    passed     42.99%
 240  BJE1144_Oreophryne_A_senckenbergiana               1.21%    passed     42.49%
 241  BJE1248_Oreophryne_A_frontifasciata               21.82%    passed     75.31%
****  TOTAL                                              2.23%  2 sequences failed composition chi2 test (p-value<5%; df=3)
NOTE: No CharPartition defined, use all CharSets

Loading 15 partitions...
Identifying sites to remove: done in 0.0003052 secs
Identifying sites to remove: done in 0.0002614 secs
Identifying sites to remove: done in 0.0003328 secs
Identifying sites to remove: done in 0.0003502 secs
Identifying sites to remove: done in 0.0002289 secs
Identifying sites to remove: done in 0.0003316 secs
Subset	Type	Seqs	Sites	Infor	Invar	Model	Name
1		241	136	4	118	TESTMERGEONLY	sia_pos1
2		241	136	0	128	TESTMERGEONLY	sia_pos2
WARNING: No parsimony-informative sites in partition sia_pos2
3		241	135	72	45	TESTMERGEONLY	sia_pos3
4		241	173	78	78	TESTMERGEONLY	bdnf_pos1
5		241	172	16	154	TESTMERGEONLY	bdnf_pos2
6		241	172	4	163	TESTMERGEONLY	bdnf_pos3
7		241	185	16	144	TESTMERGEONLY	nxc_pos1
8		241	185	10	164	TESTMERGEONLY	nxc_pos2
9		241	185	96	52	TESTMERGEONLY	nxc_pos3
10		238	170	86	72	TESTMERGEONLY	cyb_pos1
11		238	170	59	99	TESTMERGEONLY	cyb_pos2
12		238	170	170	0	TESTMERGEONLY	cyb_pos3
13		233	162	110	39	TESTMERGEONLY	nd4_pos1
14		233	162	68	73	TESTMERGEONLY	nd4_pos2
15		233	162	162	0	TESTMERGEONLY	nd4_pos3
Degree of missing data: 0.009
Info: multi-threading strategy over partitions



Create initial parsimony tree by phylogenetic likelihood library (PLL)... 0.065 seconds
Perform fast likelihood tree search using GTR+I+G model...
Estimate model parameters (epsilon = 5.000)
Initial log-likelihood: -98315.761
Current log-likelihood at step 1: -83963.435
Current log-likelihood at step 2: -83390.792
Current log-likelihood at step 3: -83354.867
Current log-likelihood at step 4: -83333.477
Current log-likelihood at step 5: -83292.635
Current log-likelihood at step 6: -83282.069
Current log-likelihood at step 7: -83271.734
Current log-likelihood at step 8: -83268.800
Parameters optimization took 7 rounds (8.336 sec)


WARNING: Estimated model parameters are at boundary that can cause numerical instability!

Perform nearest neighbor interchange...
Optimizing NNI: done in 3.34128 secs using 99.61% CPU
Estimate model parameters (epsilon = 1.000)
Initial log-likelihood: -83027.317
Current log-likelihood at step 1: -83023.617
Current log-likelihood at step 2: -83022.741
Partition-specific rates:  0.325 0.260 1.049 0.504 0.239 0.618 0.264 0.381 0.437 1.525 0.666 2.825 2.458 0.804 2.704
Parameters optimization took 1 rounds (1.407 sec)


WARNING: Estimated model parameters are at boundary that can cause numerical instability!

Time for fast ML tree search: 13.105 seconds

NOTE: ModelFinder requires 5 MB RAM!
Selecting individual models for 15 charsets using BIC...
 No. Model        Score       TreeLen     Charset
   1 GTR+F+I+G4   1093.091    2.020       sia_pos1
   2 GTR+F+I+G4   637.139     1.115       sia_pos2
   3 GTR+F+I+G4   6817.749    7.138       sia_pos3
   4 GTR+F+I+G4   5869.183    3.432       bdnf_pos1
   5 GTR+F+I+G4   1595.723    0.696       bdnf_pos2
   6 GTR+F+I+G4   833.209     4.087       bdnf_pos3
   7 GTR+F+I+G4   2088.091    0.928       nxc_pos1
   8 GTR+F+I+G4   1639.023    2.585       nxc_pos2
   9 GTR+F+I+G4   6768.094    2.974       nxc_pos3
  10 GTR+F+I+G4   13719.919   10.276      cyb_pos1	0h:0m:0s (0h:0m:13s left)
  11 GTR+F+I+G4   5653.670    4.490       cyb_pos2	0h:0m:0s (0h:0m:13s left)
  12 GTR+F+ASC+G4 50009.006   19.081      cyb_pos3	0h:0m:0s (0h:0m:13s left)
  13 GTR+F+I+G4   16802.547   16.455      nd4_pos1	0h:0m:0s (0h:0m:12s left)
  14 GTR+F+I+G4   6919.491    5.388       nd4_pos2	0h:0m:0s (0h:0m:12s left)
  15 GTR+F+ASC+G4 46396.708   18.131      nd4_pos3	0h:0m:0s (0h:0m:12s left)
Full partition model BIC score: 171020.027 (LnL: -83005.628  df:641)
Merging models to increase model fit (about 211 total partition schemes)...
  16 GTR+F+I+G4   170937.130  0.507       sia_pos1+sia_pos2	0h:0m:1s (0h:0m:15s left)
  17 GTR+F+I+G4   171037.327  4.277       sia_pos1+sia_pos3	0h:0m:1s (0h:0m:19s left)
  18 GTR+F+I+G4   170998.641  2.186       sia_pos1+bdnf_pos1	0h:0m:1s (0h:0m:20s left)
  19 GTR+F+I+G4   170959.508  0.692       sia_pos1+bdnf_pos2	0h:0m:2s (0h:0m:21s left)
  20 GTR+F+I+G4   170934.293  0.506       sia_pos1+bdnf_pos3	0h:0m:3s (0h:0m:31s left)
  21 GTR+F+I+G4   170959.499  0.771       sia_pos1+nxc_pos1	0h:0m:3s (0h:0m:31s left)
  22 GTR+F+I+G4   170992.041  3.327       sia_pos1+nxc_pos2	0h:0m:3s (0h:0m:32s left)
  23 GTR+F+I+G4   171054.191  1.961       sia_pos1+nxc_pos3	0h:0m:4s (0h:0m:33s left)
  24 GTR+F+I+G4   171033.158  7.060       sia_pos1+cyb_pos1	0h:0m:4s (0h:0m:35s left)
  25 GTR+F+I+G4   170985.757  2.763       sia_pos1+cyb_pos2	0h:0m:4s (0h:0m:35s left)
  26 GTR+F+I+G4   171464.889  39.777      sia_pos1+cyb_pos3	0h:0m:5s (0h:0m:37s left)
  27 GTR+F+I+G4   171118.157  10.929      sia_pos1+nd4_pos1	0h:0m:5s (0h:0m:39s left)
  28 GTR+F+I+G4   171036.442  3.405       sia_pos1+nd4_pos2	0h:0m:5s (0h:0m:38s left)
  29 GTR+F+I+G4   171662.279  30.541      sia_pos1+nd4_pos3	0h:0m:6s (0h:0m:41s left)
  30 GTR+F+I+G4   171077.437  4.208       sia_pos2+sia_pos3	0h:0m:6s (0h:0m:41s left)
  31 GTR+F+I+G4   171038.346  2.033       sia_pos2+bdnf_pos1	0h:0m:7s (0h:0m:41s left)
  32 GTR+F+I+G4   170970.721  0.542       sia_pos2+bdnf_pos2	0h:0m:7s (0h:0m:41s left)
  33 GTR+F+I+G4   170948.516  2.934       sia_pos2+bdnf_pos3	0h:0m:7s (0h:0m:40s left)
  34 GTR+F+I+G4   170975.233  0.649       sia_pos2+nxc_pos1	0h:0m:7s (0h:0m:39s left)
  35 GTR+F+I+G4   170951.977  2.038       sia_pos2+nxc_pos2	0h:0m:8s (0h:0m:40s left)
  36 GTR+F+I+G4   171106.850  1.810       sia_pos2+nxc_pos3	0h:0m:8s (0h:0m:40s left)
  37 GTR+F+I+G4   171057.649  6.262       sia_pos2+cyb_pos1	0h:0m:8s (0h:0m:41s left)
  38 GTR+F+I+G4   171019.442  2.462       sia_pos2+cyb_pos2	0h:0m:9s (0h:0m:41s left)
  39 GTR+F+I+G4   171359.193  39.215      sia_pos2+cyb_pos3	0h:0m:9s (0h:0m:41s left)
  40 GTR+F+I+G4   171141.507  9.856       sia_pos2+nd4_pos1	0h:0m:10s (0h:0m:43s left)
  41 GTR+F+I+G4   171078.527  3.138       sia_pos2+nd4_pos2	0h:0m:10s (0h:0m:43s left)
  42 GTR+F+I+G4   171556.083  30.195      sia_pos2+nd4_pos3	0h:0m:10s (0h:0m:43s left)
  43 GTR+F+I+G4   170974.165  6.167       sia_pos3+bdnf_pos1	0h:0m:11s (0h:0m:43s left)
  44 GTR+F+I+G4   171201.529  3.973       sia_pos3+bdnf_pos2	0h:0m:11s (0h:0m:44s left)
  45 GTR+F+I+G4   171114.522  3.878       sia_pos3+bdnf_pos3	0h:0m:12s (0h:0m:44s left)
  46 GTR+F+I+G4   171195.170  4.200       sia_pos3+nxc_pos1	0h:0m:12s (0h:0m:44s left)
  47 GTR+F+I+G4   171109.202  4.601       sia_pos3+nxc_pos2	0h:0m:12s (0h:0m:44s left)
  48 GTR+F+I+G4   171052.084  6.526       sia_pos3+nxc_pos3	0h:0m:13s (0h:0m:44s left)
  49 GTR+F+I+G4   171069.826  11.492      sia_pos3+cyb_pos1	0h:0m:13s (0h:0m:45s left)
  50 GTR+F+I+G4   171119.250  6.071       sia_pos3+cyb_pos2	0h:0m:13s (0h:0m:44s left)
  51 GTR+F+I+G4   171672.473  53.215      sia_pos3+cyb_pos3	0h:0m:14s (0h:0m:46s left)
  52 GTR+F+I+G4   171130.831  16.110      sia_pos3+nd4_pos1	0h:0m:15s (0h:0m:47s left)
  53 GTR+F+I+G4   171099.044  6.298       sia_pos3+nd4_pos2	0h:0m:15s (0h:0m:47s left)
  54 GTR+F+I+G4   171865.361  29.192      sia_pos3+nd4_pos3	0h:0m:16s (0h:0m:47s left)
  55 GTR+F+I+G4   171121.863  1.968       bdnf_pos1+bdnf_pos2	0h:0m:16s (0h:0m:47s left)
  56 GTR+F+I+G4   171056.714  1.790       bdnf_pos1+bdnf_pos3	0h:0m:16s (0h:0m:47s left)
  57 GTR+F+I+G4   171089.688  2.246       bdnf_pos1+nxc_pos1	0h:0m:17s (0h:0m:46s left)
  58 GTR+F+I+G4   171098.081  2.825       bdnf_pos1+nxc_pos2	0h:0m:17s (0h:0m:46s left)
  59 GTR+F+I+G4   170978.169  3.403       bdnf_pos1+nxc_pos3	0h:0m:18s (0h:0m:46s left)
  60 GTR+F+I+G4   171058.962  9.624       bdnf_pos1+cyb_pos1	0h:0m:18s (0h:0m:46s left)
  61 GTR+F+I+G4   171055.931  3.955       bdnf_pos1+cyb_pos2	0h:0m:18s (0h:0m:46s left)
  62 GTR+F+I+G4   171665.709  49.461      bdnf_pos1+cyb_pos3	0h:0m:20s (0h:0m:48s left)
  63 GTR+F+I+G4   171138.245  13.991      bdnf_pos1+nd4_pos1	0h:0m:20s (0h:0m:48s left)
  64 GTR+F+I+G4   171081.670  4.765       bdnf_pos1+nd4_pos2	0h:0m:21s (0h:0m:48s left)
  65 GTR+F+I+G4   171914.689  35.052      bdnf_pos1+nd4_pos3	0h:0m:21s (0h:0m:48s left)
  66 GTR+F+I+G4   170953.047  0.541       bdnf_pos2+bdnf_pos3	0h:0m:22s (0h:0m:48s left)
  67 GTR+F+I+G4   170976.022  0.755       bdnf_pos2+nxc_pos1	0h:0m:22s (0h:0m:47s left)
  68 GTR+F+I+G4   171057.360  2.533       bdnf_pos2+nxc_pos2	0h:0m:22s (0h:0m:47s left)
  69 GTR+F+I+G4   171164.849  1.975       bdnf_pos2+nxc_pos3	0h:0m:22s (0h:0m:47s left)
  70 GTR+F+I+G4   171159.068  6.639       bdnf_pos2+cyb_pos1	0h:0m:23s (0h:0m:47s left)
  71 GTR+F+I+G4   171111.109  2.352       bdnf_pos2+cyb_pos2	0h:0m:23s (0h:0m:46s left)
  72 GTR+F+I+G4   171726.781  31.332      bdnf_pos2+cyb_pos3	0h:0m:24s (0h:0m:46s left)
  73 GTR+F+I+G4   171239.199  9.429       bdnf_pos2+nd4_pos1	0h:0m:24s (0h:0m:46s left)
  74 GTR+F+I+G4   171180.997  2.908       bdnf_pos2+nd4_pos2	0h:0m:24s (0h:0m:46s left)
  75 GTR+F+I+G4   171881.287  32.788      bdnf_pos2+nd4_pos3	0h:0m:25s (0h:0m:46s left)
  76 GTR+F+I+G4   170967.580  0.646       bdnf_pos3+nxc_pos1	0h:0m:25s (0h:0m:45s left)
  77 GTR+F+I+G4   170954.747  1.818       bdnf_pos3+nxc_pos2	0h:0m:26s (0h:0m:45s left)
  78 GTR+F+I+G4   171123.050  1.586       bdnf_pos3+nxc_pos3	0h:0m:26s (0h:0m:44s left)
  79 GTR+F+I+G4   171076.595  5.443       bdnf_pos3+cyb_pos1	0h:0m:26s (0h:0m:44s left)
  80 GTR+F+I+G4   171024.510  2.382       bdnf_pos3+cyb_pos2	0h:0m:27s (0h:0m:44s left)
  81 GTR+F+I+G4   171421.106  34.310      bdnf_pos3+cyb_pos3	0h:0m:27s (0h:0m:44s left)
  82 GTR+F+I+G4   171164.802  8.340       bdnf_pos3+nd4_pos1	0h:0m:28s (0h:0m:44s left)
  83 GTR+F+I+G4   171113.223  2.665       bdnf_pos3+nd4_pos2	0h:0m:28s (0h:0m:44s left)
  84 GTR+F+I+G4   171627.366  28.479      bdnf_pos3+nd4_pos3	0h:0m:28s (0h:0m:43s left)
  85 GTR+F+I+G4   171079.727  2.402       nxc_pos1+nxc_pos2	0h:0m:29s (0h:0m:43s left)
  86 GTR+F+I+G4   171120.932  1.861       nxc_pos1+nxc_pos3	0h:0m:29s (0h:0m:43s left)
  87 GTR+F+I+G4   171186.923  6.759       nxc_pos1+cyb_pos1	0h:0m:30s (0h:0m:43s left)
  88 GTR+F+I+G4   171100.971  2.471       nxc_pos1+cyb_pos2	0h:0m:30s (0h:0m:42s left)
  89 GTR+F+I+G4   171899.108  36.605      nxc_pos1+cyb_pos3	0h:0m:31s (0h:0m:42s left)
  90 GTR+F+I+G4   171273.314  10.003      nxc_pos1+nd4_pos1	0h:0m:31s (0h:0m:42s left)
  91 GTR+F+I+G4   171149.146  3.082       nxc_pos1+nd4_pos2	0h:0m:32s (0h:0m:42s left)
  92 GTR+F+I+G4   172123.584  31.229      nxc_pos1+nd4_pos3	0h:0m:32s (0h:0m:42s left)
  93 GTR+F+I+G4   171202.527  2.353       nxc_pos2+nxc_pos3	0h:0m:33s (0h:0m:41s left)
  94 GTR+F+I+G4   171092.791  5.605       nxc_pos2+cyb_pos1	0h:0m:33s (0h:0m:41s left)
  95 GTR+F+I+G4   171121.187  3.115       nxc_pos2+cyb_pos2	0h:0m:33s (0h:0m:41s left)
  96 GTR+F+I+G4   171552.792  33.511      nxc_pos2+cyb_pos3	0h:0m:34s (0h:0m:41s left)
  97 GTR+F+I+G4   171185.720  8.117       nxc_pos2+nd4_pos1	0h:0m:34s (0h:0m:40s left)
  98 GTR+F+I+G4   171211.706  3.297       nxc_pos2+nd4_pos2	0h:0m:35s (0h:0m:40s left)
  99 GTR+F+I+G4   171801.544  27.473      nxc_pos2+nd4_pos3	0h:0m:35s (0h:0m:40s left)
 100 GTR+F+I+G4   171110.591  10.844      nxc_pos3+cyb_pos1	0h:0m:36s (0h:0m:40s left)
 101 GTR+F+I+G4   171080.377  4.334       nxc_pos3+cyb_pos2	0h:0m:36s (0h:0m:39s left)
 102 GTR+F+I+G4   171848.007  26.462      nxc_pos3+cyb_pos3	0h:0m:37s (0h:0m:39s left)
 103 GTR+F+I+G4   171148.720  14.432      nxc_pos3+nd4_pos1	0h:0m:37s (0h:0m:39s left)
 104 GTR+F+I+G4   171104.230  5.491       nxc_pos3+nd4_pos2	0h:0m:38s (0h:0m:39s left)
 105 GTR+F+I+G4   171948.883  24.007      nxc_pos3+nd4_pos3	0h:0m:38s (0h:0m:39s left)
 106 GTR+F+I+G4   171084.283  8.202       cyb_pos1+cyb_pos2	0h:0m:39s (0h:0m:38s left)
 107 GTR+F+I+G4   171335.455  49.101      cyb_pos1+cyb_pos3	0h:0m:40s (0h:0m:38s left)
 108 GTR+F+I+G4   170978.295  14.446      cyb_pos1+nd4_pos1	0h:0m:40s (0h:0m:38s left)
 109 GTR+F+I+G4   171151.887  9.531       cyb_pos1+nd4_pos2	0h:0m:41s (0h:0m:38s left)
 110 GTR+F+I+G4   171528.854  37.146      cyb_pos1+nd4_pos3	0h:0m:41s (0h:0m:38s left)
 111 GTR+F+I+G4   171455.302  47.644      cyb_pos2+cyb_pos3	0h:0m:42s (0h:0m:38s left)
 112 GTR+F+I+G4   171179.839  11.559      cyb_pos2+nd4_pos1	0h:0m:42s (0h:0m:38s left)
 113 GTR+F+I+G4   170977.884  4.714       cyb_pos2+nd4_pos2	0h:0m:43s (0h:0m:37s left)
 114 GTR+F+I+G4   171670.229  32.865      cyb_pos2+nd4_pos3	0h:0m:43s (0h:0m:37s left)
 115 GTR+F+I+G4   171170.474  55.037      cyb_pos3+nd4_pos1	0h:0m:44s (0h:0m:37s left)
 116 GTR+F+I+G4   171563.376  27.651      cyb_pos3+nd4_pos2	0h:0m:45s (0h:0m:37s left)
 117 GTR+F+ASC+G4 171042.558  18.871      cyb_pos3+nd4_pos3	0h:0m:46s (0h:0m:37s left)
 118 GTR+F+I+G4   171239.461  13.340      nd4_pos1+nd4_pos2	0h:0m:47s (0h:0m:37s left)
 119 GTR+F+I+G4   171353.702  41.511      nd4_pos1+nd4_pos3	0h:0m:47s (0h:0m:37s left)
 120 GTR+F+I+G4   171770.275  31.829      nd4_pos2+nd4_pos3	0h:0m:48s (0h:0m:36s left)
6 compatible better partition pairs found
Merging sia_pos1+bdnf_pos3 with BIC score: 170934.293 (LnL: -83005.738  df: 630)
Merging sia_pos2+nxc_pos2 with BIC score: 170866.243 (LnL: -83014.690  df: 619)
Merging sia_pos3+bdnf_pos1 with BIC score: 170820.380 (LnL: -83034.736  df: 608)
Merging bdnf_pos2+nxc_pos1 with BIC score: 170776.376 (LnL: -83055.710  df: 597)
Merging cyb_pos2+nd4_pos2 with BIC score: 170734.233 (LnL: -83077.616  df: 586)
Merging cyb_pos1+nd4_pos1 with BIC score: 170692.501 (LnL: -83099.727  df: 575)
 121 GTR+F+I+G4   170671.173  1.296       sia_pos1+sia_pos2+bdnf_pos3+nxc_pos2	0h:0m:49s (0h:0m:36s left)
 122 GTR+F+I+G4   170863.681  3.467       sia_pos1+sia_pos3+bdnf_pos1+bdnf_pos3	0h:0m:49s (0h:0m:36s left)
 123 GTR+F+I+G4   170656.177  0.627       sia_pos1+bdnf_pos2+bdnf_pos3+nxc_pos1	0h:0m:49s (0h:0m:35s left)
 124 GTR+F+I+G4   170831.719  1.292       sia_pos1+bdnf_pos3+nxc_pos3	0h:0m:50s (0h:0m:35s left)
 125 GTR+F+I+G4   170926.731  8.024       sia_pos1+bdnf_pos3+cyb_pos1+nd4_pos1	0h:0m:51s (0h:0m:35s left)
 126 GTR+F+I+G4   170808.026  2.718       sia_pos1+bdnf_pos3+cyb_pos2+nd4_pos2	0h:0m:51s (0h:0m:34s left)
 127 GTR+F+I+G4   171452.060  26.179      sia_pos1+bdnf_pos3+cyb_pos3	0h:0m:52s (0h:0m:34s left)
 128 GTR+F+I+G4   171657.275  20.808      sia_pos1+bdnf_pos3+nd4_pos3	0h:0m:52s (0h:0m:34s left)
 129 GTR+F+I+G4   170888.380  3.778       sia_pos2+sia_pos3+bdnf_pos1+nxc_pos2	0h:0m:53s (0h:0m:34s left)
 130 GTR+F+I+G4   170795.366  0.961       sia_pos2+bdnf_pos2+nxc_pos1+nxc_pos2	0h:0m:53s (0h:0m:33s left)
 131 GTR+F+I+G4   170940.529  1.817       sia_pos2+nxc_pos2+nxc_pos3	0h:0m:54s (0h:0m:33s left)
 132 GTR+F+I+G4   170944.877  7.413       sia_pos2+nxc_pos2+cyb_pos1+nd4_pos1	0h:0m:55s (0h:0m:32s left)
 133 GTR+F+I+G4   170942.939  2.833       sia_pos2+nxc_pos2+cyb_pos2+nd4_pos2	0h:0m:55s (0h:0m:32s left)
 134 GTR+F+I+G4   171521.034  27.284      sia_pos2+nxc_pos2+cyb_pos3	0h:0m:56s (0h:0m:32s left)
 135 GTR+F+I+G4   171713.617  20.632      sia_pos2+nxc_pos2+nd4_pos3	0h:0m:56s (0h:0m:32s left)
 136 GTR+F+I+G4   171017.470  3.146       sia_pos3+bdnf_pos1+bdnf_pos2+nxc_pos1	0h:0m:57s (0h:0m:31s left)
 137 GTR+F+I+G4   170722.533  5.672       sia_pos3+bdnf_pos1+nxc_pos3	0h:0m:57s (0h:0m:31s left)
 138 GTR+F+I+G4   170894.469  12.899      sia_pos3+bdnf_pos1+cyb_pos1+nd4_pos1	0h:0m:58s (0h:0m:31s left)
 139 GTR+F+I+G4   170886.903  5.489       sia_pos3+bdnf_pos1+cyb_pos2+nd4_pos2	0h:0m:59s (0h:0m:30s left)
 140 GTR+F+I+G4   171756.409  22.382      sia_pos3+bdnf_pos1+cyb_pos3	0h:1m:0s (0h:0m:30s left)
 141 GTR+F+I+G4   171926.005  21.261      sia_pos3+bdnf_pos1+nd4_pos3	0h:1m:1s (0h:0m:30s left)
 142 GTR+F+I+G4   170886.824  1.550       bdnf_pos2+nxc_pos1+nxc_pos3	0h:1m:1s (0h:0m:29s left)
 143 GTR+F+I+G4   171114.208  8.370       bdnf_pos2+nxc_pos1+cyb_pos1+nd4_pos1	0h:1m:2s (0h:0m:29s left)
 144 GTR+F+I+G4   170957.495  2.694       bdnf_pos2+nxc_pos1+cyb_pos2+nd4_pos2	0h:1m:2s (0h:0m:29s left)
 145 GTR+F+I+G4   171905.827  23.488      bdnf_pos2+nxc_pos1+cyb_pos3	0h:1m:3s (0h:0m:28s left)
 146 GTR+F+I+G4   172088.283  22.862      bdnf_pos2+nxc_pos1+nd4_pos3	0h:1m:4s (0h:0m:28s left)
 147 GTR+F+I+G4   170814.277  12.695      nxc_pos3+cyb_pos1+nd4_pos1	0h:1m:4s (0h:0m:28s left)
 148 GTR+F+I+G4   170797.831  4.931       nxc_pos3+cyb_pos2+nd4_pos2	0h:1m:5s (0h:0m:27s left)
 149 GTR+F+I+G4   171019.609  10.573      cyb_pos1+cyb_pos2+nd4_pos1+nd4_pos2	0h:1m:6s (0h:0m:27s left)
 150 GTR+F+I+G4   171208.956  45.133      cyb_pos1+cyb_pos3+nd4_pos1	0h:1m:7s (0h:0m:27s left)
 151 GTR+F+I+G4   171348.053  33.805      cyb_pos1+nd4_pos1+nd4_pos3	0h:1m:8s (0h:0m:27s left)
 152 GTR+F+I+G4   171613.841  23.289      cyb_pos2+cyb_pos3+nd4_pos2	0h:1m:9s (0h:0m:26s left)
 153 GTR+F+I+G4   171797.227  24.554      cyb_pos2+nd4_pos2+nd4_pos3	0h:1m:9s (0h:0m:26s left)
Merging sia_pos1+bdnf_pos2+bdnf_pos3+nxc_pos1 with BIC score: 170656.177 (LnL: -83124.541  df: 564)
 154 GTR+F+I+G4   170743.778  0.782       sia_pos1+sia_pos2+bdnf_pos2+bdnf_pos3+nxc_pos1+nxc_pos2	0h:1m:10s (0h:0m:26s left)
 155 GTR+F+I+G4   171065.285  2.341       sia_pos1+sia_pos3+bdnf_pos1+bdnf_pos2+bdnf_pos3+nxc_pos1	0h:1m:10s (0h:0m:25s left)
 156 GTR+F+I+G4   170894.597  1.097       sia_pos1+bdnf_pos2+bdnf_pos3+nxc_pos1+nxc_pos3	0h:1m:11s (0h:0m:25s left)
 157 GTR+F+I+G4   171195.119  6.277       sia_pos1+bdnf_pos2+bdnf_pos3+nxc_pos1+cyb_pos1+nd4_pos1	0h:1m:12s (0h:0m:24s left)
 158 GTR+F+I+G4   170971.061  2.061       sia_pos1+bdnf_pos2+bdnf_pos3+nxc_pos1+cyb_pos2+nd4_pos2	0h:1m:13s (0h:0m:24s left)
 159 GTR+F+I+G4   172085.529  16.952      sia_pos1+bdnf_pos2+bdnf_pos3+nxc_pos1+cyb_pos3	0h:1m:14s (0h:0m:24s left)
 160 GTR+F+I+G4   172248.835  16.839      sia_pos1+bdnf_pos2+bdnf_pos3+nxc_pos1+nd4_pos3	0h:1m:14s (0h:0m:23s left)
Agglomerative model selection: (((sia_pos1,bdnf_pos3)1:170934,(bdnf_pos2,nxc_pos1)4:170776)7:170656,(sia_pos2,nxc_pos2)2:170866,(sia_pos3,bdnf_pos1)3:170820,nxc_pos3,(cyb_pos1,nd4_pos1)6:170693,(cyb_pos2,nd4_pos2)5:170734,cyb_pos3,nd4_pos3)
Merging into 8 partitions...
 161 SYM+I+G4     5546.147    sia_pos1+bdnf_pos2+bdnf_pos3+nxc_pos1	0h:1m:16s (0h:0m:23s left)
 162 TIM3e+I+G4   2241.492    sia_pos2+nxc_pos2	0h:1m:19s (0h:0m:23s left)
 163 HKY+F+I+G4   12665.910   sia_pos3+bdnf_pos1	0h:1m:21s (0h:0m:24s left)
 164 TN+F+G4      6753.048    nxc_pos3	0h:1m:25s (0h:0m:24s left)
 165 GTR+F+I+G4   30518.087   cyb_pos1+nd4_pos1	0h:1m:28s (0h:0m:24s left)
 166 GTR+F+I+G4   12568.372   cyb_pos2+nd4_pos2	0h:1m:31s (0h:0m:24s left)
 167 GTR+F+G4     49451.367   cyb_pos3	0h:1m:38s (0h:0m:26s left)
 168 TN+F+ASC     46380.974   nd4_pos3	0h:1m:45s (0h:0m:26s left)
Best partition model BIC score: 170003.334 (LnL: -82876.260  df:544)
Partition information was printed to merge68.nex.best_scheme.nex
Partition information in Raxml format was printed to merge68.nex.best_scheme

All model information printed to merge68.nex.model.gz
CPU time for ModelFinder: 117.484 seconds (0h:1m:57s)
Wall-clock time for ModelFinder: 118.295 seconds (0h:1m:58s)

NOTE: 43 MB RAM (0 GB) is required!
Estimate model parameters (epsilon = 0.010)
Initial log-likelihood: -82906.367
Current log-likelihood at step 1: -82869.736
Current log-likelihood at step 2: -82869.273
Current log-likelihood at step 3: -82869.218
Current log-likelihood at step 4: -82869.203
Current log-likelihood at step 5: -82868.989
Current log-likelihood at step 6: -82868.977
Current log-likelihood at step 7: -82868.968
Partition-specific rates:  0.043 0.119 0.401 0.199 0.970 0.316 5.985 4.962
Parameters optimization took 6 rounds (2.107 sec)

Wrote distance file to... 
Partition information was printed to merge68.nex.best_model.nex
BEST SCORE FOUND : -82868.968
Total tree length: 14.973

Total number of iterations: 0
CPU time used for tree search: 0.000 sec (0h:0m:0s)
Wall-clock time used for tree search: 0.000 sec (0h:0m:0s)
Total CPU time used: 2.141 sec (0h:0m:2s)
Total wall-clock time used: 2.150 sec (0h:0m:2s)

Analysis results written to: 
  IQ-TREE report:                merge68.nex.iqtree
  Tree used for ModelFinder:     merge68.nex.treefile
  Best partitioning scheme:      merge68.nex.best_scheme.nex
           in RAxML format:      merge68.nex.best_scheme
  Screen log file:               merge68.nex.log

--- Start phylogenetic dating ---
Reading date file asterophryinae_dates.txt ...
5 dates extracted
Building time tree by least-square dating (LSD) with command:
lsd -i merge68.nex.timetree.subst -s 2475 -o merge68.nex.timetree -g merge68.nex.timetree.outgroup -d merge68.nex.timetree.date -z 0 
Reroot the tree(s) using given outgroups ...

TREE 1
*PROCESSING:
Reading the tree ... 
Collapse 0 (over 239) internal branches having branch length <= 0.000202
 (settable via option -l)
Parameter to adjust variances was set to 0.0217 (settable via option -b)
Minimum branch length of time scaled tree (settable via option -u and -U): 0
Estimating the root position on the branch defined by given outgroups ...

*RESULTS:
- Dating results:
 rate 0.00735485, tMRCA -29.3744 , objective function 1.13933

TOTAL ELAPSED TIME: 0.008 seconds
LSD results written to:
  LSD report:                  merge68.nex.timetree.lsd
  Time tree in nexus format:   merge68.nex.timetree.nex
  Time tree in newick format:  merge68.nex.timetree.nwk

--- End phylogenetic dating ---
Date and Time: Mon Mar 13 10:17:53 2023
