IQ-TREE multicore version 2.2.0 COVID-edition for Windows 64-bit built Jun  1 2022
Developed by Bui Quang Minh, James Barbetti, Nguyen Lam Tung,
Olga Chernomor, Heiko Schmidt, Dominik Schrempf, Michael Woodhams, Ly Trong Nhan.

Host:    MSI (AVX512, FMA3, 15 GB RAM)
Command: C:\Users\Marguerite Butler\Documents\iqtree-2.2.0-Windows\bin\iqtree2.exe -s asterophryinae_20230305.phy -p merge36.nex -m TESTMERGEONLY -o UMMZ219489_Scaphiophryne_marmorata --date asterophryinae_dates.txt --date-tip 0 -mset JC,F81,K80,HKY,TN,TNe,TPM2,TPM2u,TPM3,TPM3u,TIM,TIMe,TIM2,TIM2e,TIM3,TIM3e,TVMe,TVM,SYM,GTR
Seed:    219110 (Using SPRNG - Scalable Parallel Random Number Generator)
Time:    Mon Mar 13 09:07:02 2023
Kernel:  AVX+FMA - 1 threads (16 CPU cores detected)

HINT: Use -nt option to specify number of threads because your CPU has 16 cores!
HINT: -nt AUTO will automatically determine the best number of threads to use.

Reading partition model file merge36.nex ...
Reading alignment file asterophryinae_20230305.phy ... Phylip format detected
Alignment most likely contains DNA/RNA sequences
Constructing alignment: done in 0.0035085 secs
Alignment has 241 sequences with 2475 columns, 1396 distinct patterns
951 parsimony-informative, 195 singleton sites, 1329 constant sites
                                                 Gap/Ambiguity  Composition  p-value
Analyzing sequences: done in 0.0005434 secs
   1  ABTC116941_Oreophryne_A_graminis                  21.21%    passed      9.71%
   2  BPBM47733_Choerophryne_darlingtoni_complex_sp_1    0.28%    passed     96.60%
   3  BPBM47780_Cophixalus_cf__cryptotympanum            2.14%    passed     91.67%
   4  BPBM47792_Hylophorbus_cf__rufescens_14            20.85%    passed     24.73%
   5  BPBM47804_Cophixalus_darlingtoni                   5.41%    passed     98.10%
   6  BPBM31882_Paedophryne_swiftorum_complex_sp_1      22.42%    passed     19.52%
   7  BPBM47713_Paedophryne_amauensis                    0.08%    passed     92.53%
   8  BPBM47786_Callulops_sp_2                           3.68%    passed     93.38%
   9  UMMZ242263_Cophixalus_variabilis_complex_sp_1      1.25%    passed     72.08%
  10  UMMZ242338_Liophryne_aff__dentata_1                0.00%    passed     17.75%
  11  UMMZ242317_Hylophorbus_cf__rufescens_1             0.00%    passed     95.92%
  12  UMMZ242212_Austrochaperina_C_aff__palmipes_1       1.70%    passed     77.36%
  13  UMMZ242361_Mantophryne_cf__lateralis_1             0.04%    passed     85.97%
  14  UMMZ242309_Genyophryne_aff__thomsoni_1             0.44%    passed     87.40%
  15  UMMZ242349_Cophixalus_verrucosus_complex_sp_1      1.41%    passed     98.39%
  16  UMMZ242404_Oreophryne_A_sp_8                       0.00%    passed     13.57%
  17  UMMZ242232_Cophixalus_desticans_complex_sp_1       0.36%    passed     45.73%
  18  UMMZ242226_Callulops_doriae_complex_sp_1           0.20%    passed     65.99%
  19  FK16913_Paedophryne_titan                          0.48%    passed     19.15%
  20  UMMZ242398_Oreophryne_B_penelopia                  0.12%    passed     94.97%
  21  BPBM47888_Hylophorbus_cf__rufescens_13             4.24%    passed     97.91%
  22  JAM11383_Oreophryne_B_sp_5                         1.82%    passed     81.25%
  23  BPBM35843_Cophixalus_cf__pipilans_1                0.20%    passed     23.99%
  24  BPBM40083_Copiula_sp_1                             1.29%    passed     78.83%
  25  BPBM20571_Oreophryne_B_sp_2                        0.20%    passed     74.23%
  26  BPBM22664_Austrochaperina_A_sp_1                   1.58%    passed     79.76%
  27  BPBM20396_Mantophryne_cf__lateralis_1              0.24%    passed     94.07%
  28  BPBM48036_Paedophryne_sp_2                        20.00%    passed     27.41%
  29  BPBM35561_Choerophryne_gudrunae                    1.41%    passed     97.20%
  30  BPBM40135_Mantophryne_insignis                     0.12%    passed     84.40%
  31  BPBM39638_Hylophorbus_myopicus                     1.49%    passed    100.00%
  32  BPBM20572_Oreophryne_B_sp_3                        5.17%    passed     95.08%
  33  BPBM13110_Asterophrys_slateri                      0.93%    passed     34.14%
  34  BPBM33669_Callulops_wilhelmanus                    0.20%    passed     97.12%
  35  BPBM16554_Oreophryne_A_philosylleptoris            0.20%    passed     14.90%
  36  BPBM20262_Copiula_sp_2                             5.86%    passed     88.13%
  37  BPBM39000_Oreophryne_B_sp_1                        0.20%    passed     83.57%
  38  BPBM34677_Oreophryne_A_cameroni                    5.74%    passed     47.88%
  39  BPBM38990_Oreophryne_A_sp_2                        0.81%    passed     25.28%
  40  BPBM16181_Hylophorbus_cf__rufescens_2              0.24%    passed     96.81%
  41  BPBM39048_Cophixalus_sp_3                          0.69%    passed     49.47%
  42  BPBM34688_Oreophryne_A_biroi                       0.16%    passed     28.23%
  43  BPBM38939_Copiula_sp_7                            20.04%    passed     38.88%
  44  BPBM22675_Choerophryne_longirostris                0.12%    passed     95.90%
  45  BPBM18450_Hylophorbus_cf__rufescens_6              0.20%    passed     83.63%
  46  BPBM22504_Hylophorbus_cf__rufescens_12             1.45%    passed     82.58%
  47  BPBM39357_Oreophryne_B_sp_6                        0.32%    passed     87.01%
  48  BPBM20522_Oreophryne_A_aurora                      0.28%    passed     94.40%
  49  BPBM40145_Oreophryne_A_sp_6                        2.46%    passed     30.55%
  50  BPBM39569_Hylophorbus_cf__rufescens_9              0.04%    passed     99.01%
  51  BPBM22780_Mantophryne_cf__lateralis_3              1.25%    passed     99.39%
  52  BPBM39007_Copiula_sp_3                            20.97%    passed     21.16%
  53  BPBM19265_Mantophryne_cf__lateralis_4              1.29%    passed     99.16%
  54  BPBM33763_Oreophryne_A_anamiatoi                   0.12%    passed     59.29%
  55  BPBM22692_Cophixalus_balbus                        1.41%    passed     98.67%
  56  BPBM39244_Oreophryne_A_sp_3                        1.58%    passed     45.36%
  57  BPBM22689_Oreophryne_A_cf__cameroni                1.82%    passed     48.15%
  58  BPBM18430_Cophixalus_albolineatus                  1.21%    passed     68.02%
  59  BPBM38988_Oreophryne_B_sp_4                        2.34%    passed     83.93%
  60  BPBM33707_Cophixalus_caverniphilus                 1.98%    passed     83.04%
  61  BPBM39991_Choerophryne_bryonopsis                  1.70%    passed     58.86%
  62  BPBM39631_Hylophorbus_cf__rufescens_7              0.24%    passed     98.72%
  63  BPBM19320_Cophixalus_nexipus                       1.70%    passed     88.14%
  64  BPBM37122_Callulops_sp_1                           0.04%    passed     91.62%
  65  BPBM34724_Hylophorbus_atrifasciatus                0.04%    passed     90.27%
  66  BPBM18392_Cophixalus_cheesmanae_complex_sp_1       3.07%    passed     74.80%
  67  BPBM39929_Liophryne_miniafia                       0.00%    passed     96.69%
  68  BPBM35866_Hylophorbus_cf__rufescens_15             0.04%    passed     95.82%
  69  BPBM17959_Cophixalus_sp_4                          0.16%    passed     93.15%
  70  BPBM40000_Austrochaperina_A_sp_2                   0.04%    passed     80.15%
  71  BPBM19277_Cophixalus_iovaorum                      0.16%    passed     86.10%
  72  BPBM19338_Hylophorbus_cf__rufescens_10             0.20%    passed     99.69%
  73  BPBM37232_Hylophorbus_cf__rufescens_3              0.28%    passed     96.62%
  74  BPBM38914_Barygenys_maculata                       0.12%    passed     12.44%
  75  BPBM19371_Oreophryne_A_sp_4                        0.00%    passed     76.11%
  76  BPBM33749_Hylophorbus_richardsi                    0.08%    passed     85.61%
  77  BPBM18429_Cophixalus_albolineatus                  2.55%    passed     84.86%
  78  BPBM33664_Choerophryne_darlingtoni_complex_sp_2    0.81%    passed     98.97%
  79  BPBM34679_Choerophryne_proboscidea                 0.57%    passed     92.40%
  80  BPBM20538_Oreophryne_B_sp_3                        0.85%    passed     99.71%
  81  BPBM19314_Cophixalus_ateles                        2.18%    passed     96.02%
  82  BPBM38992_Oreophryne_A_sp_2                        1.98%    passed     32.27%
  83  BPBM39510_Oreophryne_B_phoebe                      1.54%    passed     55.11%
  84  BPBM37718_Cophixalus_clapporum                    20.97%    passed     29.96%
  85  BPBM39344_Oreophryne_B_sp_4                        1.25%    passed     47.08%
  86  BPBM38904_Barygenys_apodasta                       1.62%    passed     59.40%
  87  BPBM20126_Barygenys_aff__exsul_1                   1.78%    passed     37.71%
  88  BPBM15814_Cophixalus_variabilis_complex_sp_2       5.17%    passed     97.34%
  89  BPBM15708_Cophixalus_desticans_complex_sp_2        0.16%    passed     62.78%
  90  BPBM33674_Oreophryne_A_notata                      2.79%    failed      2.69%
  91  BPBM35692_Hylophorbus_cf__proekes                  1.78%    passed     61.14%
  92  BPBM20141_Callulops_doriae_complex_sp_2            1.78%    passed     44.31%
  93  BPBM17048_Hylophorbus_cf__rufescens_11             1.82%    passed     97.14%
  94  BPBM18509_Oreophryne_A_lemur                       1.41%    passed     85.29%
  95  BPBM33780_Xenorhina_parkerorum                     2.75%    passed     65.42%
  96  BPBM15259_Barygenys_resima                         1.94%    passed     46.73%
  97  BPBM20501_Oreophryne_B_meliades                    0.32%    passed     85.03%
  98  BPBM35986_Hylophorbus_cf__rufescens_17             2.02%    passed     95.61%
  99  BPBM27491_Cophixalus_verrucosus_complex_sp_3       1.13%    passed     84.33%
 100  BPBM15775_Oreophryne_B_equus                       1.45%    passed     73.73%
 101  BPBM15410_Mantophryne_cf__lateralis_2              1.25%    passed     97.77%
 102  BPBM39366_Oreophryne_A_sp_5                        1.86%    passed     85.70%
 103  BPBM37753_Paedophryne_dekot                        1.86%    passed     98.09%
 104  BPBM15707_Cophixalus_sp_5                          0.08%    passed     91.17%
 105  BPBM35735_Austrochaperina_B_sp_3                   0.00%    passed     96.90%
 106  TNHC58922_Oreophryne_B_variabilis                  3.19%    passed     63.12%
 107  CMNH1366_Oreophryne_A_anulata                      2.30%    passed     10.04%
 108  KU321316_Oreophryne_A_nana                         1.78%    passed     12.39%
 109  BPBM18605_Copiula_fistulans                        0.36%    passed     87.45%
 110  BPBM41683_Aphantophryne_B_pansa.3-Omunia_Camp      3.03%    passed     96.28%
 111  BPBM41681_Aphantophryne_B_pansa.3-Omunia_Camp      4.57%    passed     99.65%
 112  BPBM41685_Aphantophryne_B_pansa.3-Omunia_Camp      1.37%    passed     99.61%
 113  BPBM41682_Aphantophryne_B_pansa.3-Omunia_Camp      1.37%    passed     97.54%
 114  BPBM17084_Copiula_oxyrhina                         1.25%    passed     92.24%
 115  BPBM13862_Austrochaperina_B_macrorhyncha           0.85%    passed     96.73%
 116  BPBM18351_Choerophryne_gunnari                     2.26%    passed     53.45%
 117  BPBM20357_Genyophryne_thomsoni                     1.94%    passed     66.73%
 118  BPBM22740_Hylophorbus_cf__rufescens_16             1.13%    passed     95.66%
 119  BPBM20369_Hylophorbus_extimus                      0.85%    passed     97.27%
 120  BPBM22761_Hylophorbus_proekes                      0.85%    passed     97.43%
 121  BPBM15373_Liophryne_aff__dentata_2                 1.37%    passed     39.91%
 122  BPBM22754_Liophryne_schlaginhaufeni                1.13%    passed     51.23%
 123  BPBM20142_Mantophryne_louisiadensis                3.39%    passed     85.19%
 124  BPBM22511_Oreophryne_A_brachypus                   1.58%    passed     44.28%
 125  BPBM18510_Oreophryne_A_cf__geislerorum_1           1.17%    passed     28.30%
 126  BPBM17847_Choerophryne_sanguinopictus              1.66%    passed     98.81%
 127  BPBM16217_Oreophryne_A_inornata                    0.93%    passed     66.13%
 128  BPBM16546_Oreophryne_B_insulana                    2.63%    passed     77.70%
 129  BPBM22539_Oreophryne_A_loriae                      1.41%    passed     71.49%
 130  BPBM17890_Oxydactyla_crassa                        1.21%    passed     76.18%
 131  BPBM31477_Mantophryne_menziesi                     0.89%    passed     97.87%
 132  BPBM22793_Sphenophryne_cornuta                     3.64%    passed     59.94%
 133  BPBM22797_Xenorhina_arboricola                     0.89%    failed      3.81%
 134  BPBM28179_Xenorhina_mehelyi                        0.89%    passed     16.57%
 135  BPBM14060_Xenorhina_ocellata                       2.46%    passed     37.05%
 136  BPBM22795_Xenorhina_tumulus                        0.81%    passed      6.50%
 137  BPBM28153_Asterophrys_leucopus                     0.89%    passed     62.03%
 138  BPBM22649_Choerophryne_brunhildae                  0.97%    passed     90.66%
 139  BPBM18317_Choerophryne_exclamitans                 1.54%    passed     91.32%
 140  BPBM28204_Asterophrys_turpicola                    0.97%    passed     58.59%
 141  BPBM22665_Austrochaperina_B_basipalmata            1.62%    passed     71.00%
 142  BPBM22656_Austrochaperina_B_blumi                  1.29%    passed     90.00%
 143  BPBM22708_Copiula_tyleri                           0.04%    passed     73.77%
 144  BPBM22481_Austrochaperina_A_novaebritanniae        1.66%    passed     85.13%
 145  BPBM20112_Austrochaperina_A_yelaensis              3.84%    passed     72.30%
 146  BPBM15234_Austrochaperina_C_aff__palmipes_3        0.12%    passed     96.64%
 147  BPBM25756_Barygenys_atra                           0.85%    passed     48.58%
 148  BPBM25760_Barygenys_sp                             0.04%    passed     99.75%
 149  BPBM18504_Callulops_personatus                     0.89%    passed     99.31%
 150  BPBM13155_Callulops_eremnosphax                    1.62%    passed     91.58%
 151  BPBM20215_Cophixalus_cupricarenus                  2.51%    passed     94.82%
 152  BPBM20197_Cophixalus_melanops                      2.34%    passed     67.44%
 153  BPBM15665_Copiula_minor                            1.13%    passed     64.00%
 154  BPBM20287_Copiula_sp_6                            22.38%    passed     17.00%
 155  BPBM17827_Copiula_sp_4                             1.13%    passed     89.01%
 156  BPBM18388_Austrochaperina_A_parkeri                0.85%    passed     88.19%
 157  BPBM15355_Hylophorbus_cf__rufescens_4              1.13%    passed     85.90%
 158  BPBM18033_Hylophorbus_cf__rufescens_8              1.05%    passed     96.59%
 159  BPBM18441_Hylophorbus_cf__rufescens_12             1.45%    passed     81.97%
 160  BPBM18315_Liophryne_allisoni                       0.85%    passed     56.59%
 161  BPBM19360_Liophryne_magnitympanum                  1.29%    passed     64.61%
 162  BPBM20397_Mantophryne_axanthogaster                0.89%    passed     99.79%
 163  BPBM22784_Oreophryne_A_parkeri                    21.70%    passed     21.76%
 164  BPBM18128_Oreophryne_B_picticrus                   1.90%    passed     63.58%
 165  BPBM18002_Oreophryne_A_sp_7                        1.90%    passed     69.44%
 166  BPBM17980_Oreophryne_B_matawan                     6.95%    passed     80.16%
 167  BPBM22668_Austrochaperina_B_septentrionalis        1.86%    passed     63.65%
 168  BPBM22789_Oreophryne_A_parkopanorum                1.17%    passed     14.79%
 169  BPBM21474_Xenorhina_adisca                         1.09%    passed     37.08%
 170  BPBM22685_Choerophryne_rostellifer                 0.12%    passed     88.29%
 171  UMMZ211174_Dyscophis_antongilli                    2.18%    passed     83.90%
 172  UMMZ211181_Platypelis_grandis                      2.42%    passed     70.33%
 173  UMMZ219489_Scaphiophryne_marmorata                 0.08%    passed     78.46%
 174  BPBM20128_Barygenys_exsul                          0.89%    passed      8.08%
 175  ZMB74609_Asterophrys_senglaubi                     1.37%    passed     49.29%
 176  ZMB70535_Asterophrys_eurydactylus                  1.29%    passed     19.17%
 177  ZMB70187_Asterophrys_cf__marani                    1.58%    passed     20.48%
 178  ZMB63882_Asterophrys_marani                        2.63%    passed     40.93%
 179  ZMB70185_Asterophrys_cf__marani                    1.54%    passed     20.70%
 180  FK15527_Paedophryne_verrucosa                      1.49%    passed     23.45%
 181  BPBM39156_Oreophryne_A_sp_1                        0.81%    passed     33.48%
 182  BPBM19236_Callulops_bicolor                        1.54%    passed     56.74%
 183  BPBM35836_Callulops_microtis                       0.93%    passed     88.41%
 184  BPBM34741_Xenorhina_obesa                          0.85%    passed     33.97%
 185  BPBM20532_Oreophryne_B_sp_3                        0.89%    passed     99.80%
 186  BPBM15232_Austrochaperina_C_aff__palmipes_3        0.89%    passed     85.46%
 187  BPBM20469_Oreophryne_B_ezra                        4.16%    passed     42.92%
 188  BPBM33637_Choerophryne_murrita                     0.97%    passed     98.63%
 189  BPBM40143_Oreophryne_B_brunnea                     0.04%    passed     46.13%
 190  BPBM18097_Cophixalus_timidus                       1.29%    passed     86.66%
 191  BPBM20440_Oreophryne_B_meliades                    0.32%    passed     87.91%
 192  BPBM34697_Xenorhina_oxycephala                     0.00%    passed     29.14%
 193  BPBM16806_Callulops_robustus                       0.04%    passed     91.61%
 194  MB233_Cophixalus_sp_1                              2.71%    passed     72.31%
 195  MB291_Paedophryne_sp_1                             3.64%    passed     82.03%
 196  MB294_Hylophorbus_cf__rufescens_12                 0.04%    passed     87.73%
 197  MB300_Choerophryne_gunnari                         0.12%    passed     45.91%
 198  MB302_Cophixalus_sp_2                              0.00%    passed     54.48%
 199  MB309_Copiula_sp_5                                 2.51%    passed     68.80%
 200  MB327_Xenorhina_sp_1                              19.64%    passed     13.32%
 201  MB331_Mantophryne_cf__lateralis_4                  0.04%    passed     89.33%
 202  MB342_Oreophryne_A_loriae                          1.25%    passed     64.96%
 203  MB463_Choerophryne_sp_2                            0.44%    passed     84.86%
 204  MB466_Choerophryne_sp_1                            0.00%    passed     99.97%
 205  MB470_Cophixalus_cheesmanae_complex_sp_2           1.25%    passed     38.76%
 206  MB472_Choerophryne_sp_4                            0.00%    passed     58.32%
 207  MB475_Austrochaperina_C_aff__palmipes_4            0.00%    passed     98.74%
 208  MB479_Mantophryne_cf__lateralis_5                  2.91%    passed     97.41%
 209  MB482_Cophixalus_linnaeus                          0.24%    passed     86.36%
 210  MB483_Hylophorbus_cf__rufescens_5                  0.04%    passed     83.87%
 211  MB484_Oreophryne_A_cf__geislerorum_2               0.73%    passed     21.11%
 212  MB486_Paedophryne_swiftorum_complex_sp_2           6.51%    passed     29.80%
 213  MB508_Callulops_doriae_complex_sp_1                1.17%    passed     41.07%
 214  MB518_Mantophryne_cf__lateralis_1                  3.23%    passed     95.46%
 215  MB539_Austrochaperina_C_aff__palmipes_2            1.17%    passed     73.41%
 216  MB556_Hylophorbus_cf__rufescens_1                  1.25%    passed     94.69%
 217  MB571_Cophixalus_variabilis_complex_sp_3           0.00%    passed     93.20%
 218  MB583_Cophixalus_verrucosus_complex_sp_2           1.17%    passed     97.87%
 219  MB593_Liophryne_aff__dentata_3                     1.25%    passed     47.38%
 220  MB617_Cophixalus_desticans_complex_sp_1            0.00%    passed     44.78%
 221  MB626_Genyophryne_aff__thomsoni_2                  1.41%    passed     97.10%
 222  MB627_Oreophryne_B_penelopia                       1.33%    passed     80.94%
 223  BPBM31979_Hylophorbus_cf__rufescens_5              3.27%    passed     84.96%
 224  BPBM26182_Cophixalus_tomaiodactylus                1.29%    passed     98.92%
 225  BPBM23740_Callulops_personatus                     1.09%    passed     99.22%
 226  BPBM25837_Choerophryne_sp_3                        1.45%    passed     97.88%
 227  BPBM26194_Cophixalus_phaeobalius                   1.41%    passed     98.49%
 228  BPBM25754_Choerophryne_sp_4                        1.41%    passed     55.33%
 229  BPBM31337_Cophixalus_linnaeus                      1.37%    passed     86.18%
 230  BPBM31847_Cophixalus_cf__pipilans_2                0.28%    passed     71.79%
 231  BPBM31853_Genyophryne_aff__thomsoni_3              2.83%    passed     44.14%
 232  BPBM31808_Choerophryne_sp_1                        1.45%    passed     97.91%
 233  BPBM35367_Choerophryne_sp_4                        0.04%    passed     66.71%
 234  AA24862_Asterophrys_sp                             2.34%    passed     16.37%
 235  BPBM44363_Aphantophryne_sabini-Myola_GH            0.12%    passed     98.60%
 236  BPBM44369_Aphantophryne_sabini-Myola_GH            0.20%    passed     99.09%
 237  BPBM44373_Aphantophryne_sabini-Myola_GH            0.20%    passed     98.81%
 238  BJE1120_Oreophryne_A_senckenbergiana               1.29%    passed     43.70%
 239  BJE1143_Oreophryne_A_senckenbergiana               1.21%    passed     42.99%
 240  BJE1144_Oreophryne_A_senckenbergiana               1.21%    passed     42.49%
 241  BJE1248_Oreophryne_A_frontifasciata               21.82%    passed     75.31%
****  TOTAL                                              2.23%  2 sequences failed composition chi2 test (p-value<5%; df=3)
NOTE: No CharPartition defined, use all CharSets

Loading 15 partitions...
Identifying sites to remove: done in 0.0003421 secs
Identifying sites to remove: done in 0.000271 secs
Identifying sites to remove: done in 0.0003618 secs
Identifying sites to remove: done in 0.0003936 secs
Identifying sites to remove: done in 0.0002275 secs
Identifying sites to remove: done in 0.0003674 secs
Subset	Type	Seqs	Sites	Infor	Invar	Model	Name
1		241	136	4	118	TESTMERGEONLY	sia_pos1
2		241	136	0	128	TESTMERGEONLY	sia_pos2
WARNING: No parsimony-informative sites in partition sia_pos2
3		241	135	72	45	TESTMERGEONLY	sia_pos3
4		241	173	78	78	TESTMERGEONLY	bdnf_pos1
5		241	172	16	154	TESTMERGEONLY	bdnf_pos2
6		241	172	4	163	TESTMERGEONLY	bdnf_pos3
7		241	185	16	144	TESTMERGEONLY	nxc_pos1
8		241	185	10	164	TESTMERGEONLY	nxc_pos2
9		241	185	96	52	TESTMERGEONLY	nxc_pos3
10		238	170	86	72	TESTMERGEONLY	cyb_pos1
11		238	170	59	99	TESTMERGEONLY	cyb_pos2
12		238	170	170	0	TESTMERGEONLY	cyb_pos3
13		233	162	110	39	TESTMERGEONLY	nd4_pos1
14		233	162	68	73	TESTMERGEONLY	nd4_pos2
15		233	162	162	0	TESTMERGEONLY	nd4_pos3
Degree of missing data: 0.009
Info: multi-threading strategy over partitions



Create initial parsimony tree by phylogenetic likelihood library (PLL)... 0.074 seconds
Perform fast likelihood tree search using GTR+I+G model...
Estimate model parameters (epsilon = 5.000)
Initial log-likelihood: -98398.802
Current log-likelihood at step 1: -84993.161
Current log-likelihood at step 2: -83538.699
Current log-likelihood at step 3: -83463.645
Current log-likelihood at step 4: -83436.195
Current log-likelihood at step 5: -83395.716
Current log-likelihood at step 6: -83388.704
Current log-likelihood at step 7: -83387.148
Parameters optimization took 6 rounds (7.632 sec)


WARNING: Estimated model parameters are at boundary that can cause numerical instability!

Perform nearest neighbor interchange...
Optimizing NNI: done in 3.08526 secs using 100.3% CPU
Estimate model parameters (epsilon = 1.000)
Initial log-likelihood: -83110.255
Current log-likelihood at step 1: -83106.821
Current log-likelihood at step 2: -83106.078
Partition-specific rates:  0.328 0.265 1.036 0.469 0.219 0.606 0.679 0.380 0.436 1.487 0.579 2.756 2.372 0.769 2.630
Parameters optimization took 1 rounds (1.328 sec)


WARNING: Estimated model parameters are at boundary that can cause numerical instability!

Time for fast ML tree search: 12.066 seconds

NOTE: ModelFinder requires 5 MB RAM!
Selecting individual models for 15 charsets using BIC...
 No. Model        Score       TreeLen     Charset
   1 GTR+F+I+G4   1091.827    2.120       sia_pos1
   2 GTR+F+I+G4   637.261     1.086       sia_pos2
   3 GTR+F+I+G4   6791.405    7.350       sia_pos3
   4 GTR+F+I+G4   5822.269    3.315       bdnf_pos1
   5 GTR+F+I+G4   1602.329    0.730       bdnf_pos2
   6 GTR+F+I+G4   838.697     4.104       bdnf_pos3
   7 GTR+F+I+G4   2130.146    4.678       nxc_pos1
   8 GTR+F+I+G4   1640.027    2.665       nxc_pos2
   9 GTR+F+I+G4   6717.516    3.081       nxc_pos3
  10 GTR+F+I+G4   13718.561   10.388      cyb_pos1	0h:0m:0s (0h:0m:10s left)
  11 GTR+F+I+G4   5639.191    4.040       cyb_pos2	0h:0m:0s (0h:0m:9s left)
  12 GTR+F+ASC+G4 50113.448   19.276      cyb_pos3	0h:0m:0s (0h:0m:9s left)
  13 GTR+F+I+G4   16873.698   16.458      nd4_pos1	0h:0m:0s (0h:0m:9s left)
  14 GTR+F+I+G4   6966.605    5.345       nd4_pos2	0h:0m:0s (0h:0m:8s left)
  15 GTR+F+ASC+G4 46451.472   18.238      nd4_pos3	0h:0m:0s (0h:0m:9s left)
Full partition model BIC score: 171211.835 (LnL: -83101.532  df:641)
Merging models to increase model fit (about 211 total partition schemes)...
  16 GTR+F+I+G4   171129.640  0.513       sia_pos1+sia_pos2	0h:0m:1s (0h:0m:12s left)
  17 GTR+F+I+G4   171228.418  4.181       sia_pos1+sia_pos3	0h:0m:1s (0h:0m:16s left)
  18 GTR+F+I+G4   171189.216  2.130       sia_pos1+bdnf_pos1	0h:0m:1s (0h:0m:17s left)
  19 GTR+F+I+G4   171152.483  0.715       sia_pos1+bdnf_pos2	0h:0m:1s (0h:0m:19s left)
  20 GTR+F+I+G4   171124.823  0.520       sia_pos1+bdnf_pos3	0h:0m:2s (0h:0m:28s left)
  21 GTR+F+I+G4   171171.371  4.102       sia_pos1+nxc_pos1	0h:0m:3s (0h:0m:28s left)
  22 GTR+F+I+G4   171183.576  3.378       sia_pos1+nxc_pos2	0h:0m:3s (0h:0m:29s left)
  23 GTR+F+I+G4   171247.509  2.018       sia_pos1+nxc_pos3	0h:0m:3s (0h:0m:30s left)
  24 GTR+F+I+G4   171226.891  7.076       sia_pos1+cyb_pos1	0h:0m:4s (0h:0m:32s left)
  25 GTR+F+I+G4   171173.541  2.726       sia_pos1+cyb_pos2	0h:0m:4s (0h:0m:34s left)
  26 GTR+F+I+G4   171668.821  40.331      sia_pos1+cyb_pos3	0h:0m:5s (0h:0m:36s left)
  27 GTR+F+I+G4   171306.578  10.991      sia_pos1+nd4_pos1	0h:0m:5s (0h:0m:37s left)
  28 GTR+F+I+G4   171229.432  3.374       sia_pos1+nd4_pos2	0h:0m:5s (0h:0m:37s left)
  29 GTR+F+I+G4   171819.973  31.077      sia_pos1+nd4_pos3	0h:0m:6s (0h:0m:39s left)
  30 GTR+F+I+G4   171267.669  4.144       sia_pos2+sia_pos3	0h:0m:6s (0h:0m:40s left)
  31 GTR+F+I+G4   171229.666  1.989       sia_pos2+bdnf_pos1	0h:0m:6s (0h:0m:40s left)
  32 GTR+F+I+G4   171163.287  0.563       sia_pos2+bdnf_pos2	0h:0m:7s (0h:0m:39s left)
  33 GTR+F+I+G4   171140.816  2.906       sia_pos2+bdnf_pos3	0h:0m:7s (0h:0m:39s left)
  34 GTR+F+I+G4   171119.148  0.692       sia_pos2+nxc_pos1	0h:0m:7s (0h:0m:38s left)
  35 GTR+F+I+G4   171143.750  2.084       sia_pos2+nxc_pos2	0h:0m:7s (0h:0m:39s left)
  36 GTR+F+I+G4   171300.203  1.887       sia_pos2+nxc_pos3	0h:0m:8s (0h:0m:39s left)
  37 GTR+F+I+G4   171250.670  6.312       sia_pos2+cyb_pos1	0h:0m:8s (0h:0m:41s left)
  38 GTR+F+I+G4   171207.808  2.422       sia_pos2+cyb_pos2	0h:0m:9s (0h:0m:41s left)
  39 GTR+F+I+G4   171561.534  39.569      sia_pos2+cyb_pos3	0h:0m:9s (0h:0m:42s left)
  40 GTR+F+I+G4   171333.347  9.893       sia_pos2+nd4_pos1	0h:0m:10s (0h:0m:43s left)
  41 GTR+F+I+G4   171269.849  3.120       sia_pos2+nd4_pos2	0h:0m:10s (0h:0m:43s left)
  42 GTR+F+I+G4   171723.643  30.542      sia_pos2+nd4_pos3	0h:0m:10s (0h:0m:44s left)
  43 GTR+F+I+G4   171168.819  5.941       sia_pos3+bdnf_pos1	0h:0m:11s (0h:0m:44s left)
  44 GTR+F+I+G4   171391.124  3.700       sia_pos3+bdnf_pos2	0h:0m:11s (0h:0m:44s left)
  45 GTR+F+I+G4   171303.172  3.834       sia_pos3+bdnf_pos3	0h:0m:12s (0h:0m:44s left)
  46 GTR+F+I+G4   171330.796  4.067       sia_pos3+nxc_pos1	0h:0m:12s (0h:0m:44s left)
  47 GTR+F+I+G4   171296.693  4.578       sia_pos3+nxc_pos2	0h:0m:12s (0h:0m:44s left)
  48 GTR+F+I+G4   171233.501  6.528       sia_pos3+nxc_pos3	0h:0m:13s (0h:0m:45s left)
  49 GTR+F+I+G4   171263.716  11.407      sia_pos3+cyb_pos1	0h:0m:13s (0h:0m:45s left)
  50 GTR+F+I+G4   171307.200  6.013       sia_pos3+cyb_pos2	0h:0m:14s (0h:0m:45s left)
  51 GTR+F+I+G4   171889.061  55.617      sia_pos3+cyb_pos3	0h:0m:14s (0h:0m:46s left)
  52 GTR+F+I+G4   171317.447  16.015      sia_pos3+nd4_pos1	0h:0m:15s (0h:0m:47s left)
  53 GTR+F+I+G4   171291.268  6.222       sia_pos3+nd4_pos2	0h:0m:15s (0h:0m:47s left)
  54 GTR+F+I+G4   172012.545  28.401      sia_pos3+nd4_pos3	0h:0m:16s (0h:0m:48s left)
  55 GTR+F+I+G4   171314.377  1.916       bdnf_pos1+bdnf_pos2	0h:0m:16s (0h:0m:47s left)
  56 GTR+F+I+G4   171247.000  1.714       bdnf_pos1+bdnf_pos3	0h:0m:16s (0h:0m:46s left)
  57 GTR+F+I+G4   171231.261  2.137       bdnf_pos1+nxc_pos1	0h:0m:17s (0h:0m:46s left)
  58 GTR+F+I+G4   171294.472  2.721       bdnf_pos1+nxc_pos2	0h:0m:17s (0h:0m:46s left)
  59 GTR+F+I+G4   171163.843  3.388       bdnf_pos1+nxc_pos3	0h:0m:17s (0h:0m:46s left)
  60 GTR+F+I+G4   171253.604  9.639       bdnf_pos1+cyb_pos1	0h:0m:18s (0h:0m:46s left)
  61 GTR+F+I+G4   171248.563  3.951       bdnf_pos1+cyb_pos2	0h:0m:18s (0h:0m:46s left)
  62 GTR+F+I+G4   171877.087  49.544      bdnf_pos1+cyb_pos3	0h:0m:19s (0h:0m:46s left)
  63 GTR+F+I+G4   171329.985  14.175      bdnf_pos1+nd4_pos1	0h:0m:20s (0h:0m:47s left)
  64 GTR+F+I+G4   171281.461  4.776       bdnf_pos1+nd4_pos2	0h:0m:20s (0h:0m:47s left)
  65 GTR+F+I+G4   172069.603  35.417      bdnf_pos1+nd4_pos3	0h:0m:21s (0h:0m:47s left)
  66 GTR+F+I+G4   171144.416  0.564       bdnf_pos2+bdnf_pos3	0h:0m:21s (0h:0m:47s left)
  67 GTR+F+I+G4   171122.054  0.786       bdnf_pos2+nxc_pos1	0h:0m:21s (0h:0m:47s left)
  68 GTR+F+I+G4   171251.329  2.556       bdnf_pos2+nxc_pos2	0h:0m:22s (0h:0m:46s left)
  69 GTR+F+I+G4   171358.917  2.099       bdnf_pos2+nxc_pos3	0h:0m:22s (0h:0m:46s left)
  70 GTR+F+I+G4   171355.226  6.767       bdnf_pos2+cyb_pos1	0h:0m:22s (0h:0m:46s left)
  71 GTR+F+I+G4   171301.818  2.336       bdnf_pos2+cyb_pos2	0h:0m:23s (0h:0m:46s left)
  72 GTR+F+I+G4   171926.929  31.748      bdnf_pos2+cyb_pos3	0h:0m:23s (0h:0m:46s left)
  73 GTR+F+I+G4   171425.778  9.611       bdnf_pos2+nd4_pos1	0h:0m:24s (0h:0m:45s left)
  74 GTR+F+I+G4   171377.403  2.886       bdnf_pos2+nd4_pos2	0h:0m:24s (0h:0m:45s left)
  75 GTR+F+I+G4   172023.978  29.759      bdnf_pos2+nd4_pos3	0h:0m:25s (0h:0m:45s left)
  76 GTR+F+I+G4   171166.021  2.461       bdnf_pos3+nxc_pos1	0h:0m:25s (0h:0m:45s left)
  77 GTR+F+I+G4   171146.011  1.834       bdnf_pos3+nxc_pos2	0h:0m:26s (0h:0m:45s left)
  78 GTR+F+I+G4   171314.209  1.646       bdnf_pos3+nxc_pos3	0h:0m:26s (0h:0m:45s left)
  79 GTR+F+I+G4   171266.942  5.499       bdnf_pos3+cyb_pos1	0h:0m:27s (0h:0m:45s left)
  80 GTR+F+I+G4   171211.643  2.083       bdnf_pos3+cyb_pos2	0h:0m:27s (0h:0m:45s left)
  81 GTR+F+I+G4   171617.242  33.994      bdnf_pos3+cyb_pos3	0h:0m:27s (0h:0m:44s left)
  82 GTR+F+I+G4   171354.731  8.408       bdnf_pos3+nd4_pos1	0h:0m:28s (0h:0m:44s left)
  83 GTR+F+I+G4   171302.389  2.653       bdnf_pos3+nd4_pos2	0h:0m:28s (0h:0m:44s left)
  84 GTR+F+I+G4   171794.344  28.377      bdnf_pos3+nd4_pos3	0h:0m:29s (0h:0m:44s left)
  85 GTR+F+I+G4   171254.178  4.283       nxc_pos1+nxc_pos2	0h:0m:29s (0h:0m:43s left)
  86 GTR+F+I+G4   171261.167  1.907       nxc_pos1+nxc_pos3	0h:0m:29s (0h:0m:43s left)
  87 GTR+F+I+G4   171330.084  6.816       nxc_pos1+cyb_pos1	0h:0m:30s (0h:0m:43s left)
  88 GTR+F+I+G4   171240.385  2.478       nxc_pos1+cyb_pos2	0h:0m:30s (0h:0m:42s left)
  89 GTR+F+I+G4   172052.738  36.622      nxc_pos1+cyb_pos3	0h:0m:31s (0h:0m:42s left)
  90 GTR+F+I+G4   171409.943  10.261      nxc_pos1+nd4_pos1	0h:0m:31s (0h:0m:42s left)
  91 GTR+F+I+G4   171289.898  3.094       nxc_pos1+nd4_pos2	0h:0m:32s (0h:0m:42s left)
  92 GTR+F+I+G4   172225.516  30.482      nxc_pos1+nd4_pos3	0h:0m:32s (0h:0m:42s left)
  93 GTR+F+I+G4   171388.472  2.475       nxc_pos2+nxc_pos3	0h:0m:33s (0h:0m:42s left)
  94 GTR+F+I+G4   171284.801  5.645       nxc_pos2+cyb_pos1	0h:0m:33s (0h:0m:41s left)
  95 GTR+F+I+G4   171317.948  3.069       nxc_pos2+cyb_pos2	0h:0m:33s (0h:0m:41s left)
  96 GTR+F+I+G4   171759.148  33.440      nxc_pos2+cyb_pos3	0h:0m:34s (0h:0m:41s left)
  97 GTR+F+I+G4   171380.859  8.146       nxc_pos2+nd4_pos1	0h:0m:34s (0h:0m:41s left)
  98 GTR+F+I+G4   171407.700  3.271       nxc_pos2+nd4_pos2	0h:0m:35s (0h:0m:40s left)
  99 GTR+F+I+G4   171977.806  27.118      nxc_pos2+nd4_pos3	0h:0m:35s (0h:0m:40s left)
 100 GTR+F+I+G4   171297.764  10.888      nxc_pos3+cyb_pos1	0h:0m:36s (0h:0m:40s left)
 101 GTR+F+I+G4   171262.579  4.471       nxc_pos3+cyb_pos2	0h:0m:36s (0h:0m:40s left)
 102 GTR+F+I+G4   171868.877  58.394      nxc_pos3+cyb_pos3	0h:0m:38s (0h:0m:40s left)
 103 GTR+F+I+G4   171337.423  14.534      nxc_pos3+nd4_pos1	0h:0m:38s (0h:0m:40s left)
 104 GTR+F+I+G4   171288.445  5.541       nxc_pos3+nd4_pos2	0h:0m:38s (0h:0m:39s left)
 105 GTR+F+I+G4   172101.063  23.970      nxc_pos3+nd4_pos3	0h:0m:39s (0h:0m:40s left)
 106 GTR+F+I+G4   171278.348  8.235       cyb_pos1+cyb_pos2	0h:0m:40s (0h:0m:39s left)
 107 GTR+F+I+G4   171537.474  49.814      cyb_pos1+cyb_pos3	0h:0m:40s (0h:0m:39s left)
 108 GTR+F+I+G4   171171.371  14.709      cyb_pos1+nd4_pos1	0h:0m:41s (0h:0m:39s left)
 109 GTR+F+I+G4   171344.019  9.575       cyb_pos1+nd4_pos2	0h:0m:41s (0h:0m:39s left)
 110 GTR+F+I+G4   171693.145  37.312      cyb_pos1+nd4_pos3	0h:0m:42s (0h:0m:38s left)
 111 GTR+F+I+G4   171662.291  48.040      cyb_pos2+cyb_pos3	0h:0m:43s (0h:0m:38s left)
 112 GTR+F+I+G4   171382.481  11.552      cyb_pos2+nd4_pos1	0h:0m:43s (0h:0m:38s left)
 113 GTR+F+I+G4   171169.297  4.703       cyb_pos2+nd4_pos2	0h:0m:43s (0h:0m:38s left)
 114 GTR+F+I+G4   171837.920  32.763      cyb_pos2+nd4_pos3	0h:0m:44s (0h:0m:37s left)
 115 GTR+F+I+G4   171380.490  54.956      cyb_pos3+nd4_pos1	0h:0m:45s (0h:0m:37s left)
 116 GTR+F+I+G4   171791.030  28.851      cyb_pos3+nd4_pos2	0h:0m:45s (0h:0m:37s left)
 117 GTR+F+ASC+G4 171250.404  19.075      cyb_pos3+nd4_pos3	0h:0m:47s (0h:0m:38s left)
 118 GTR+F+I+G4   171438.809  13.424      nd4_pos1+nd4_pos2	0h:0m:47s (0h:0m:37s left)
 119 GTR+F+I+G4   171532.214  42.027      nd4_pos1+nd4_pos3	0h:0m:48s (0h:0m:37s left)
 120 GTR+F+I+G4   171929.612  29.911      nd4_pos2+nd4_pos3	0h:0m:49s (0h:0m:37s left)
5 compatible better partition pairs found
Merging sia_pos2+nxc_pos1 with BIC score: 171119.148 (LnL: -83098.165  df: 630)
Merging sia_pos1+bdnf_pos3 with BIC score: 171032.136 (LnL: -83097.636  df: 619)
Merging bdnf_pos1+nxc_pos3 with BIC score: 170984.144 (LnL: -83116.617  df: 608)
Merging cyb_pos2+nd4_pos2 with BIC score: 170941.606 (LnL: -83138.325  df: 597)
Merging cyb_pos1+nd4_pos1 with BIC score: 170901.142 (LnL: -83161.070  df: 586)
 121 GTR+F+I+G4   170851.813  0.590       sia_pos1+sia_pos2+bdnf_pos3+nxc_pos1	0h:0m:49s (0h:0m:36s left)
 122 GTR+F+I+G4   171029.852  2.957       sia_pos1+sia_pos3+bdnf_pos3	0h:0m:50s (0h:0m:36s left)
 123 GTR+F+I+G4   171062.122  1.938       sia_pos1+bdnf_pos1+bdnf_pos3+nxc_pos3	0h:0m:50s (0h:0m:36s left)
 124 GTR+F+I+G4   170859.645  0.642       sia_pos1+bdnf_pos2+bdnf_pos3	0h:0m:51s (0h:0m:35s left)
 125 GTR+F+I+G4   170882.392  1.469       sia_pos1+bdnf_pos3+nxc_pos2	0h:0m:51s (0h:0m:35s left)
 126 GTR+F+I+G4   171135.470  8.145       sia_pos1+bdnf_pos3+cyb_pos1+nd4_pos1	0h:0m:52s (0h:0m:35s left)
 127 GTR+F+I+G4   171014.359  2.686       sia_pos1+bdnf_pos3+cyb_pos2+nd4_pos2	0h:0m:52s (0h:0m:34s left)
 128 GTR+F+I+G4   171671.942  26.306      sia_pos1+bdnf_pos3+cyb_pos3	0h:0m:53s (0h:0m:34s left)
 129 GTR+F+I+G4   171823.346  20.876      sia_pos1+bdnf_pos3+nd4_pos3	0h:0m:54s (0h:0m:34s left)
 130 GTR+F+I+G4   171110.655  3.158       sia_pos2+sia_pos3+nxc_pos1	0h:0m:54s (0h:0m:33s left)
 131 GTR+F+I+G4   171091.054  2.059       sia_pos2+bdnf_pos1+nxc_pos1+nxc_pos3	0h:0m:54s (0h:0m:33s left)
 132 GTR+F+I+G4   170858.053  0.696       sia_pos2+bdnf_pos2+nxc_pos1	0h:0m:54s (0h:0m:32s left)
 133 GTR+F+I+G4   170949.915  1.927       sia_pos2+nxc_pos1+nxc_pos2	0h:0m:55s (0h:0m:32s left)
 134 GTR+F+I+G4   171231.917  8.234       sia_pos2+nxc_pos1+cyb_pos1+nd4_pos1	0h:0m:56s (0h:0m:32s left)
 135 GTR+F+I+G4   171077.142  2.753       sia_pos2+nxc_pos1+cyb_pos2+nd4_pos2	0h:0m:56s (0h:0m:31s left)
 136 GTR+F+I+G4   171968.596  27.788      sia_pos2+nxc_pos1+cyb_pos3	0h:0m:57s (0h:0m:31s left)
 137 GTR+F+I+G4   172119.846  23.058      sia_pos2+nxc_pos1+nd4_pos3	0h:0m:58s (0h:0m:31s left)
 138 GTR+F+I+G4   170925.287  5.574       sia_pos3+bdnf_pos1+nxc_pos3	0h:0m:58s (0h:0m:31s left)
 139 GTR+F+I+G4   170992.182  14.345      sia_pos3+cyb_pos1+nd4_pos1	0h:0m:59s (0h:0m:31s left)
 140 GTR+F+I+G4   171050.466  5.674       sia_pos3+cyb_pos2+nd4_pos2	0h:1m:0s (0h:0m:30s left)
 141 GTR+F+I+G4   171063.527  2.518       bdnf_pos1+bdnf_pos2+nxc_pos3	0h:1m:0s (0h:0m:30s left)
 142 GTR+F+I+G4   171069.952  2.803       bdnf_pos1+nxc_pos2+nxc_pos3	0h:1m:1s (0h:0m:29s left)
 143 GTR+F+I+G4   171138.949  12.016      bdnf_pos1+nxc_pos3+cyb_pos1+nd4_pos1	0h:1m:2s (0h:0m:29s left)
 144 GTR+F+I+G4   171054.487  4.681       bdnf_pos1+nxc_pos3+cyb_pos2+nd4_pos2	0h:1m:2s (0h:0m:29s left)
 145 GTR+F+I+G4   172126.948  22.107      bdnf_pos1+nxc_pos3+cyb_pos3	0h:1m:3s (0h:0m:29s left)
 146 GTR+F+I+G4   172172.416  19.811      bdnf_pos1+nxc_pos3+nd4_pos3	0h:1m:4s (0h:0m:28s left)
 147 GTR+F+I+G4   171117.782  10.259      bdnf_pos2+cyb_pos1+nd4_pos1	0h:1m:5s (0h:0m:28s left)
 148 GTR+F+I+G4   171056.948  3.270       bdnf_pos2+cyb_pos2+nd4_pos2	0h:1m:5s (0h:0m:28s left)
 149 GTR+F+I+G4   171056.515  9.127       nxc_pos2+cyb_pos1+nd4_pos1	0h:1m:6s (0h:0m:27s left)
 150 GTR+F+I+G4   171089.277  3.471       nxc_pos2+cyb_pos2+nd4_pos2	0h:1m:6s (0h:0m:27s left)
 151 GTR+F+I+G4   171238.995  10.619      cyb_pos1+cyb_pos2+nd4_pos1+nd4_pos2	0h:1m:7s (0h:0m:26s left)
 152 GTR+F+I+G4   171431.933  44.915      cyb_pos1+cyb_pos3+nd4_pos1	0h:1m:8s (0h:0m:26s left)
 153 GTR+F+I+G4   171538.083  34.369      cyb_pos1+nd4_pos1+nd4_pos3	0h:1m:9s (0h:0m:26s left)
 154 GTR+F+I+G4   171857.468  23.813      cyb_pos2+cyb_pos3+nd4_pos2	0h:1m:10s (0h:0m:26s left)
 155 GTR+F+I+G4   171967.284  23.917      cyb_pos2+nd4_pos2+nd4_pos3	0h:1m:11s (0h:0m:25s left)
Merging sia_pos1+sia_pos2+bdnf_pos3+nxc_pos1 with BIC score: 170851.813 (LnL: -83179.383  df: 575)
 156 GTR+F+I+G4   171120.860  2.194       sia_pos1+sia_pos2+sia_pos3+bdnf_pos3+nxc_pos1	0h:1m:11s (0h:0m:25s left)
 157 GTR+F+I+G4   171133.272  1.490       sia_pos1+sia_pos2+bdnf_pos1+bdnf_pos3+nxc_pos1+nxc_pos3	0h:1m:12s (0h:0m:24s left)
 158 GTR+F+I+G4   170814.191  0.644       sia_pos1+sia_pos2+bdnf_pos2+bdnf_pos3+nxc_pos1	0h:1m:12s (0h:0m:24s left)
 159 GTR+F+I+G4   170913.650  1.023       sia_pos1+sia_pos2+bdnf_pos3+nxc_pos1+nxc_pos2	0h:1m:12s (0h:0m:23s left)
 160 GTR+F+I+G4   171320.233  6.096       sia_pos1+sia_pos2+bdnf_pos3+nxc_pos1+cyb_pos1+nd4_pos1	0h:1m:13s (0h:0m:23s left)
 161 GTR+F+I+G4   171094.710  2.080       sia_pos1+sia_pos2+bdnf_pos3+nxc_pos1+cyb_pos2+nd4_pos2	0h:1m:14s (0h:0m:23s left)
 162 GTR+F+I+G4   172183.267  19.097      sia_pos1+sia_pos2+bdnf_pos3+nxc_pos1+cyb_pos3	0h:1m:15s (0h:0m:22s left)
 163 GTR+F+I+G4   172378.650  8.256       sia_pos1+sia_pos2+bdnf_pos3+nxc_pos1+nd4_pos3	0h:1m:16s (0h:0m:22s left)
Merging sia_pos1+sia_pos2+bdnf_pos2+bdnf_pos3+nxc_pos1 with BIC score: 170814.191 (LnL: -83203.549  df: 564)
 164 GTR+F+I+G4   171152.682  1.797       sia_pos1+sia_pos2+sia_pos3+bdnf_pos2+bdnf_pos3+nxc_pos1	0h:1m:16s (0h:0m:21s left)
 165 GTR+F+I+G4   171166.749  1.370       sia_pos1+sia_pos2+bdnf_pos1+bdnf_pos2+bdnf_pos3+nxc_pos1+nxc_pos3	0h:1m:17s (0h:0m:21s left)
 166 GTR+F+I+G4   170884.113  0.788       sia_pos1+sia_pos2+bdnf_pos2+bdnf_pos3+nxc_pos1+nxc_pos2	0h:1m:17s (0h:0m:21s left)
 167 GTR+F+I+G4   171390.155  5.717       sia_pos1+sia_pos2+bdnf_pos2+bdnf_pos3+nxc_pos1+cyb_pos1+nd4_pos1	0h:1m:18s (0h:0m:20s left)
 168 GTR+F+I+G4   171141.476  1.866       sia_pos1+sia_pos2+bdnf_pos2+bdnf_pos3+nxc_pos1+cyb_pos2+nd4_pos2	0h:1m:19s (0h:0m:20s left)
 169 GTR+F+I+G4   172318.663  15.789      sia_pos1+sia_pos2+bdnf_pos2+bdnf_pos3+nxc_pos1+cyb_pos3	0h:1m:20s (0h:0m:19s left)
 170 GTR+F+I+G4   172468.232  7.045       sia_pos1+sia_pos2+bdnf_pos2+bdnf_pos3+nxc_pos1+nd4_pos3	0h:1m:21s (0h:0m:19s left)
Agglomerative model selection: ((((sia_pos1,bdnf_pos3)2:171032,(sia_pos2,nxc_pos1)1:171119)6:170852,bdnf_pos2)7:170814,sia_pos3,(bdnf_pos1,nxc_pos3)3:170984,nxc_pos2,(cyb_pos1,nd4_pos1)5:170901,(cyb_pos2,nd4_pos2)4:170942,cyb_pos3,nd4_pos3)
Merging into 8 partitions...
 171 TVMe+I+G4    6159.807    sia_pos1+sia_pos2+bdnf_pos2+bdnf_pos3+nxc_pos1	0h:1m:23s (0h:0m:19s left)
 172 TN+F+I+G4    6777.463    sia_pos3	0h:1m:27s (0h:0m:19s left)
 173 K2P+G4       12500.888   bdnf_pos1+nxc_pos3	0h:1m:32s (0h:0m:20s left)
 174 TIM3e+I+G4   1639.868    nxc_pos2	0h:1m:34s (0h:0m:20s left)
 175 GTR+F+I+G4   30589.148   cyb_pos1+nd4_pos1	0h:1m:37s (0h:0m:20s left)
 176 GTR+F+I+G4   12600.612   cyb_pos2+nd4_pos2	0h:1m:40s (0h:0m:20s left)
 177 TIM2+F+ASC   50104.476   cyb_pos3	0h:1m:48s (0h:0m:20s left)
 178 TN+F+ASC+G4  46029.265   nd4_pos3	0h:1m:53s (0h:0m:21s left)
Best partition model BIC score: 170271.173 (LnL: -83033.622  df:538)
Partition information was printed to merge36.nex.best_scheme.nex
Partition information in Raxml format was printed to merge36.nex.best_scheme

All model information printed to merge36.nex.model.gz
CPU time for ModelFinder: 125.547 seconds (0h:2m:5s)
Wall-clock time for ModelFinder: 126.060 seconds (0h:2m:6s)

NOTE: 42 MB RAM (0 GB) is required!
Estimate model parameters (epsilon = 0.010)
Initial log-likelihood: -83065.003
Current log-likelihood at step 1: -83029.243
Current log-likelihood at step 2: -83028.951
Current log-likelihood at step 3: -83028.831
Current log-likelihood at step 4: -83028.770
Current log-likelihood at step 5: -83028.724
Current log-likelihood at step 6: -83028.686
Current log-likelihood at step 7: -83028.651
Current log-likelihood at step 8: -83028.617
Current log-likelihood at step 9: -83028.588
Current log-likelihood at step 10: -83028.557
Current log-likelihood at step 11: -83028.530
Current log-likelihood at step 12: -83028.503
Current log-likelihood at step 13: -83028.480
Current log-likelihood at step 14: -83028.454
Current log-likelihood at step 15: -83028.430
Current log-likelihood at step 16: -83028.406
Current log-likelihood at step 17: -83028.383
Current log-likelihood at step 18: -83028.363
Current log-likelihood at step 19: -83028.344
Current log-likelihood at step 20: -83028.324
Current log-likelihood at step 21: -83028.306
Current log-likelihood at step 22: -83028.286
Current log-likelihood at step 23: -83028.268
Current log-likelihood at step 24: -83028.249
Current log-likelihood at step 25: -83028.231
Current log-likelihood at step 26: -83028.212
Current log-likelihood at step 27: -83028.187
Current log-likelihood at step 28: -83028.169
Current log-likelihood at step 29: -83028.141
Current log-likelihood at step 30: -83028.122
Current log-likelihood at step 31: -83028.104
Current log-likelihood at step 32: -83028.088
Current log-likelihood at step 33: -83028.071
Current log-likelihood at step 34: -83028.055
Current log-likelihood at step 35: -83028.039
Current log-likelihood at step 36: -83028.023
Current log-likelihood at step 37: -83028.008
Current log-likelihood at step 38: -83027.993
Current log-likelihood at step 39: -83027.978
Current log-likelihood at step 40: -83027.963
Current log-likelihood at step 41: -83027.940
Current log-likelihood at step 42: -83027.923
Current log-likelihood at step 43: -83027.900
Current log-likelihood at step 44: -83027.876
Current log-likelihood at step 45: -83027.857
Current log-likelihood at step 46: -83027.842
Current log-likelihood at step 47: -83027.820
Current log-likelihood at step 48: -83027.797
Current log-likelihood at step 49: -83027.775
Current log-likelihood at step 50: -83027.751
Current log-likelihood at step 51: -83027.728
Current log-likelihood at step 52: -83027.706
Current log-likelihood at step 53: -83027.685
Current log-likelihood at step 54: -83027.664
Current log-likelihood at step 55: -83027.642
Current log-likelihood at step 56: -83027.622
Current log-likelihood at step 57: -83027.602
Current log-likelihood at step 58: -83027.582
Current log-likelihood at step 59: -83027.563
Current log-likelihood at step 60: -83027.544
Current log-likelihood at step 61: -83027.525
Current log-likelihood at step 62: -83027.509
Current log-likelihood at step 63: -83027.492
Current log-likelihood at step 64: -83027.476
Current log-likelihood at step 65: -83027.460
Current log-likelihood at step 66: -83027.444
Current log-likelihood at step 67: -83027.429
Current log-likelihood at step 68: -83027.413
Current log-likelihood at step 69: -83027.399
Current log-likelihood at step 70: -83027.386
Current log-likelihood at step 71: -83027.373
Current log-likelihood at step 72: -83027.361
Current log-likelihood at step 73: -83027.348
Current log-likelihood at step 74: -83027.336
Current log-likelihood at step 75: -83027.323
Current log-likelihood at step 76: -83027.311
Current log-likelihood at step 77: -83027.299
Current log-likelihood at step 78: -83027.287
Current log-likelihood at step 79: -83027.276
Current log-likelihood at step 80: -83027.264
Current log-likelihood at step 81: -83027.253
Current log-likelihood at step 82: -83027.241
Current log-likelihood at step 83: -83027.230
Current log-likelihood at step 84: -83027.219
Current log-likelihood at step 85: -83027.208
Current log-likelihood at step 86: -83027.198
Current log-likelihood at step 87: -83027.188
Current log-likelihood at step 88: -83027.177
Current log-likelihood at step 89: -83027.167
Current log-likelihood at step 90: -83027.157
Partition-specific rates:  0.039 0.486 0.246 0.150 0.968 0.309 5.130 5.961
Parameters optimization took 89 rounds (23.473 sec)

Wrote distance file to... 
Partition information was printed to merge36.nex.best_model.nex
BEST SCORE FOUND : -83027.157
Total tree length: 15.301

Total number of iterations: 0
CPU time used for tree search: 0.000 sec (0h:0m:0s)
Wall-clock time used for tree search: 0.000 sec (0h:0m:0s)
Total CPU time used: 23.484 sec (0h:0m:23s)
Total wall-clock time used: 23.515 sec (0h:0m:23s)

Analysis results written to: 
  IQ-TREE report:                merge36.nex.iqtree
  Tree used for ModelFinder:     merge36.nex.treefile
  Best partitioning scheme:      merge36.nex.best_scheme.nex
           in RAxML format:      merge36.nex.best_scheme
  Screen log file:               merge36.nex.log

--- Start phylogenetic dating ---
Reading date file asterophryinae_dates.txt ...
5 dates extracted
Building time tree by least-square dating (LSD) with command:
lsd -i merge36.nex.timetree.subst -s 2475 -o merge36.nex.timetree -g merge36.nex.timetree.outgroup -d merge36.nex.timetree.date -z 0 
Reroot the tree(s) using given outgroups ...

TREE 1
*PROCESSING:
Reading the tree ... 
Collapse 0 (over 239) internal branches having branch length <= 0.000202
 (settable via option -l)
Parameter to adjust variances was set to 0.0205 (settable via option -b)
Minimum branch length of time scaled tree (settable via option -u and -U): 0
Estimating the root position on the branch defined by given outgroups ...

*RESULTS:
- Dating results:
 rate 0.00741668, tMRCA -29.794 , objective function 1.13197

TOTAL ELAPSED TIME: 0.008 seconds
LSD results written to:
  LSD report:                  merge36.nex.timetree.lsd
  Time tree in nexus format:   merge36.nex.timetree.nex
  Time tree in newick format:  merge36.nex.timetree.nwk

--- End phylogenetic dating ---
Date and Time: Mon Mar 13 09:09:31 2023
