IQ-TREE multicore version 2.2.0 COVID-edition for Windows 64-bit built Jun  1 2022
Developed by Bui Quang Minh, James Barbetti, Nguyen Lam Tung,
Olga Chernomor, Heiko Schmidt, Dominik Schrempf, Michael Woodhams, Ly Trong Nhan.

Host:    MSI (AVX512, FMA3, 15 GB RAM)
Command: C:\Users\Marguerite Butler\Documents\iqtree-2.2.0-Windows\bin\iqtree2.exe -s asterophryinae_20230305.phy -p merge32.nex -m TESTMERGEONLY -o UMMZ219489_Scaphiophryne_marmorata --date asterophryinae_dates.txt --date-tip 0 -mset JC,F81,K80,HKY,TN,TNe,TPM2,TPM2u,TPM3,TPM3u,TIM,TIMe,TIM2,TIM2e,TIM3,TIM3e,TVMe,TVM,SYM,GTR
Seed:    768739 (Using SPRNG - Scalable Parallel Random Number Generator)
Time:    Mon Mar 13 08:58:10 2023
Kernel:  AVX+FMA - 1 threads (16 CPU cores detected)

HINT: Use -nt option to specify number of threads because your CPU has 16 cores!
HINT: -nt AUTO will automatically determine the best number of threads to use.

Reading partition model file merge32.nex ...
Reading alignment file asterophryinae_20230305.phy ... Phylip format detected
Alignment most likely contains DNA/RNA sequences
Constructing alignment: done in 0.0035171 secs
Alignment has 241 sequences with 2475 columns, 1396 distinct patterns
951 parsimony-informative, 195 singleton sites, 1329 constant sites
                                                 Gap/Ambiguity  Composition  p-value
Analyzing sequences: done in 0.0005309 secs
   1  ABTC116941_Oreophryne_A_graminis                  21.21%    passed      9.71%
   2  BPBM47733_Choerophryne_darlingtoni_complex_sp_1    0.28%    passed     96.60%
   3  BPBM47780_Cophixalus_cf__cryptotympanum            2.14%    passed     91.67%
   4  BPBM47792_Hylophorbus_cf__rufescens_14            20.85%    passed     24.73%
   5  BPBM47804_Cophixalus_darlingtoni                   5.41%    passed     98.10%
   6  BPBM31882_Paedophryne_swiftorum_complex_sp_1      22.42%    passed     19.52%
   7  BPBM47713_Paedophryne_amauensis                    0.08%    passed     92.53%
   8  BPBM47786_Callulops_sp_2                           3.68%    passed     93.38%
   9  UMMZ242263_Cophixalus_variabilis_complex_sp_1      1.25%    passed     72.08%
  10  UMMZ242338_Liophryne_aff__dentata_1                0.00%    passed     17.75%
  11  UMMZ242317_Hylophorbus_cf__rufescens_1             0.00%    passed     95.92%
  12  UMMZ242212_Austrochaperina_C_aff__palmipes_1       1.70%    passed     77.36%
  13  UMMZ242361_Mantophryne_cf__lateralis_1             0.04%    passed     85.97%
  14  UMMZ242309_Genyophryne_aff__thomsoni_1             0.44%    passed     87.40%
  15  UMMZ242349_Cophixalus_verrucosus_complex_sp_1      1.41%    passed     98.39%
  16  UMMZ242404_Oreophryne_A_sp_8                       0.00%    passed     13.57%
  17  UMMZ242232_Cophixalus_desticans_complex_sp_1       0.36%    passed     45.73%
  18  UMMZ242226_Callulops_doriae_complex_sp_1           0.20%    passed     65.99%
  19  FK16913_Paedophryne_titan                          0.48%    passed     19.15%
  20  UMMZ242398_Oreophryne_B_penelopia                  0.12%    passed     94.97%
  21  BPBM47888_Hylophorbus_cf__rufescens_13             4.24%    passed     97.91%
  22  JAM11383_Oreophryne_B_sp_5                         1.82%    passed     81.25%
  23  BPBM35843_Cophixalus_cf__pipilans_1                0.20%    passed     23.99%
  24  BPBM40083_Copiula_sp_1                             1.29%    passed     78.83%
  25  BPBM20571_Oreophryne_B_sp_2                        0.20%    passed     74.23%
  26  BPBM22664_Austrochaperina_A_sp_1                   1.58%    passed     79.76%
  27  BPBM20396_Mantophryne_cf__lateralis_1              0.24%    passed     94.07%
  28  BPBM48036_Paedophryne_sp_2                        20.00%    passed     27.41%
  29  BPBM35561_Choerophryne_gudrunae                    1.41%    passed     97.20%
  30  BPBM40135_Mantophryne_insignis                     0.12%    passed     84.40%
  31  BPBM39638_Hylophorbus_myopicus                     1.49%    passed    100.00%
  32  BPBM20572_Oreophryne_B_sp_3                        5.17%    passed     95.08%
  33  BPBM13110_Asterophrys_slateri                      0.93%    passed     34.14%
  34  BPBM33669_Callulops_wilhelmanus                    0.20%    passed     97.12%
  35  BPBM16554_Oreophryne_A_philosylleptoris            0.20%    passed     14.90%
  36  BPBM20262_Copiula_sp_2                             5.86%    passed     88.13%
  37  BPBM39000_Oreophryne_B_sp_1                        0.20%    passed     83.57%
  38  BPBM34677_Oreophryne_A_cameroni                    5.74%    passed     47.88%
  39  BPBM38990_Oreophryne_A_sp_2                        0.81%    passed     25.28%
  40  BPBM16181_Hylophorbus_cf__rufescens_2              0.24%    passed     96.81%
  41  BPBM39048_Cophixalus_sp_3                          0.69%    passed     49.47%
  42  BPBM34688_Oreophryne_A_biroi                       0.16%    passed     28.23%
  43  BPBM38939_Copiula_sp_7                            20.04%    passed     38.88%
  44  BPBM22675_Choerophryne_longirostris                0.12%    passed     95.90%
  45  BPBM18450_Hylophorbus_cf__rufescens_6              0.20%    passed     83.63%
  46  BPBM22504_Hylophorbus_cf__rufescens_12             1.45%    passed     82.58%
  47  BPBM39357_Oreophryne_B_sp_6                        0.32%    passed     87.01%
  48  BPBM20522_Oreophryne_A_aurora                      0.28%    passed     94.40%
  49  BPBM40145_Oreophryne_A_sp_6                        2.46%    passed     30.55%
  50  BPBM39569_Hylophorbus_cf__rufescens_9              0.04%    passed     99.01%
  51  BPBM22780_Mantophryne_cf__lateralis_3              1.25%    passed     99.39%
  52  BPBM39007_Copiula_sp_3                            20.97%    passed     21.16%
  53  BPBM19265_Mantophryne_cf__lateralis_4              1.29%    passed     99.16%
  54  BPBM33763_Oreophryne_A_anamiatoi                   0.12%    passed     59.29%
  55  BPBM22692_Cophixalus_balbus                        1.41%    passed     98.67%
  56  BPBM39244_Oreophryne_A_sp_3                        1.58%    passed     45.36%
  57  BPBM22689_Oreophryne_A_cf__cameroni                1.82%    passed     48.15%
  58  BPBM18430_Cophixalus_albolineatus                  1.21%    passed     68.02%
  59  BPBM38988_Oreophryne_B_sp_4                        2.34%    passed     83.93%
  60  BPBM33707_Cophixalus_caverniphilus                 1.98%    passed     83.04%
  61  BPBM39991_Choerophryne_bryonopsis                  1.70%    passed     58.86%
  62  BPBM39631_Hylophorbus_cf__rufescens_7              0.24%    passed     98.72%
  63  BPBM19320_Cophixalus_nexipus                       1.70%    passed     88.14%
  64  BPBM37122_Callulops_sp_1                           0.04%    passed     91.62%
  65  BPBM34724_Hylophorbus_atrifasciatus                0.04%    passed     90.27%
  66  BPBM18392_Cophixalus_cheesmanae_complex_sp_1       3.07%    passed     74.80%
  67  BPBM39929_Liophryne_miniafia                       0.00%    passed     96.69%
  68  BPBM35866_Hylophorbus_cf__rufescens_15             0.04%    passed     95.82%
  69  BPBM17959_Cophixalus_sp_4                          0.16%    passed     93.15%
  70  BPBM40000_Austrochaperina_A_sp_2                   0.04%    passed     80.15%
  71  BPBM19277_Cophixalus_iovaorum                      0.16%    passed     86.10%
  72  BPBM19338_Hylophorbus_cf__rufescens_10             0.20%    passed     99.69%
  73  BPBM37232_Hylophorbus_cf__rufescens_3              0.28%    passed     96.62%
  74  BPBM38914_Barygenys_maculata                       0.12%    passed     12.44%
  75  BPBM19371_Oreophryne_A_sp_4                        0.00%    passed     76.11%
  76  BPBM33749_Hylophorbus_richardsi                    0.08%    passed     85.61%
  77  BPBM18429_Cophixalus_albolineatus                  2.55%    passed     84.86%
  78  BPBM33664_Choerophryne_darlingtoni_complex_sp_2    0.81%    passed     98.97%
  79  BPBM34679_Choerophryne_proboscidea                 0.57%    passed     92.40%
  80  BPBM20538_Oreophryne_B_sp_3                        0.85%    passed     99.71%
  81  BPBM19314_Cophixalus_ateles                        2.18%    passed     96.02%
  82  BPBM38992_Oreophryne_A_sp_2                        1.98%    passed     32.27%
  83  BPBM39510_Oreophryne_B_phoebe                      1.54%    passed     55.11%
  84  BPBM37718_Cophixalus_clapporum                    20.97%    passed     29.96%
  85  BPBM39344_Oreophryne_B_sp_4                        1.25%    passed     47.08%
  86  BPBM38904_Barygenys_apodasta                       1.62%    passed     59.40%
  87  BPBM20126_Barygenys_aff__exsul_1                   1.78%    passed     37.71%
  88  BPBM15814_Cophixalus_variabilis_complex_sp_2       5.17%    passed     97.34%
  89  BPBM15708_Cophixalus_desticans_complex_sp_2        0.16%    passed     62.78%
  90  BPBM33674_Oreophryne_A_notata                      2.79%    failed      2.69%
  91  BPBM35692_Hylophorbus_cf__proekes                  1.78%    passed     61.14%
  92  BPBM20141_Callulops_doriae_complex_sp_2            1.78%    passed     44.31%
  93  BPBM17048_Hylophorbus_cf__rufescens_11             1.82%    passed     97.14%
  94  BPBM18509_Oreophryne_A_lemur                       1.41%    passed     85.29%
  95  BPBM33780_Xenorhina_parkerorum                     2.75%    passed     65.42%
  96  BPBM15259_Barygenys_resima                         1.94%    passed     46.73%
  97  BPBM20501_Oreophryne_B_meliades                    0.32%    passed     85.03%
  98  BPBM35986_Hylophorbus_cf__rufescens_17             2.02%    passed     95.61%
  99  BPBM27491_Cophixalus_verrucosus_complex_sp_3       1.13%    passed     84.33%
 100  BPBM15775_Oreophryne_B_equus                       1.45%    passed     73.73%
 101  BPBM15410_Mantophryne_cf__lateralis_2              1.25%    passed     97.77%
 102  BPBM39366_Oreophryne_A_sp_5                        1.86%    passed     85.70%
 103  BPBM37753_Paedophryne_dekot                        1.86%    passed     98.09%
 104  BPBM15707_Cophixalus_sp_5                          0.08%    passed     91.17%
 105  BPBM35735_Austrochaperina_B_sp_3                   0.00%    passed     96.90%
 106  TNHC58922_Oreophryne_B_variabilis                  3.19%    passed     63.12%
 107  CMNH1366_Oreophryne_A_anulata                      2.30%    passed     10.04%
 108  KU321316_Oreophryne_A_nana                         1.78%    passed     12.39%
 109  BPBM18605_Copiula_fistulans                        0.36%    passed     87.45%
 110  BPBM41683_Aphantophryne_B_pansa.3-Omunia_Camp      3.03%    passed     96.28%
 111  BPBM41681_Aphantophryne_B_pansa.3-Omunia_Camp      4.57%    passed     99.65%
 112  BPBM41685_Aphantophryne_B_pansa.3-Omunia_Camp      1.37%    passed     99.61%
 113  BPBM41682_Aphantophryne_B_pansa.3-Omunia_Camp      1.37%    passed     97.54%
 114  BPBM17084_Copiula_oxyrhina                         1.25%    passed     92.24%
 115  BPBM13862_Austrochaperina_B_macrorhyncha           0.85%    passed     96.73%
 116  BPBM18351_Choerophryne_gunnari                     2.26%    passed     53.45%
 117  BPBM20357_Genyophryne_thomsoni                     1.94%    passed     66.73%
 118  BPBM22740_Hylophorbus_cf__rufescens_16             1.13%    passed     95.66%
 119  BPBM20369_Hylophorbus_extimus                      0.85%    passed     97.27%
 120  BPBM22761_Hylophorbus_proekes                      0.85%    passed     97.43%
 121  BPBM15373_Liophryne_aff__dentata_2                 1.37%    passed     39.91%
 122  BPBM22754_Liophryne_schlaginhaufeni                1.13%    passed     51.23%
 123  BPBM20142_Mantophryne_louisiadensis                3.39%    passed     85.19%
 124  BPBM22511_Oreophryne_A_brachypus                   1.58%    passed     44.28%
 125  BPBM18510_Oreophryne_A_cf__geislerorum_1           1.17%    passed     28.30%
 126  BPBM17847_Choerophryne_sanguinopictus              1.66%    passed     98.81%
 127  BPBM16217_Oreophryne_A_inornata                    0.93%    passed     66.13%
 128  BPBM16546_Oreophryne_B_insulana                    2.63%    passed     77.70%
 129  BPBM22539_Oreophryne_A_loriae                      1.41%    passed     71.49%
 130  BPBM17890_Oxydactyla_crassa                        1.21%    passed     76.18%
 131  BPBM31477_Mantophryne_menziesi                     0.89%    passed     97.87%
 132  BPBM22793_Sphenophryne_cornuta                     3.64%    passed     59.94%
 133  BPBM22797_Xenorhina_arboricola                     0.89%    failed      3.81%
 134  BPBM28179_Xenorhina_mehelyi                        0.89%    passed     16.57%
 135  BPBM14060_Xenorhina_ocellata                       2.46%    passed     37.05%
 136  BPBM22795_Xenorhina_tumulus                        0.81%    passed      6.50%
 137  BPBM28153_Asterophrys_leucopus                     0.89%    passed     62.03%
 138  BPBM22649_Choerophryne_brunhildae                  0.97%    passed     90.66%
 139  BPBM18317_Choerophryne_exclamitans                 1.54%    passed     91.32%
 140  BPBM28204_Asterophrys_turpicola                    0.97%    passed     58.59%
 141  BPBM22665_Austrochaperina_B_basipalmata            1.62%    passed     71.00%
 142  BPBM22656_Austrochaperina_B_blumi                  1.29%    passed     90.00%
 143  BPBM22708_Copiula_tyleri                           0.04%    passed     73.77%
 144  BPBM22481_Austrochaperina_A_novaebritanniae        1.66%    passed     85.13%
 145  BPBM20112_Austrochaperina_A_yelaensis              3.84%    passed     72.30%
 146  BPBM15234_Austrochaperina_C_aff__palmipes_3        0.12%    passed     96.64%
 147  BPBM25756_Barygenys_atra                           0.85%    passed     48.58%
 148  BPBM25760_Barygenys_sp                             0.04%    passed     99.75%
 149  BPBM18504_Callulops_personatus                     0.89%    passed     99.31%
 150  BPBM13155_Callulops_eremnosphax                    1.62%    passed     91.58%
 151  BPBM20215_Cophixalus_cupricarenus                  2.51%    passed     94.82%
 152  BPBM20197_Cophixalus_melanops                      2.34%    passed     67.44%
 153  BPBM15665_Copiula_minor                            1.13%    passed     64.00%
 154  BPBM20287_Copiula_sp_6                            22.38%    passed     17.00%
 155  BPBM17827_Copiula_sp_4                             1.13%    passed     89.01%
 156  BPBM18388_Austrochaperina_A_parkeri                0.85%    passed     88.19%
 157  BPBM15355_Hylophorbus_cf__rufescens_4              1.13%    passed     85.90%
 158  BPBM18033_Hylophorbus_cf__rufescens_8              1.05%    passed     96.59%
 159  BPBM18441_Hylophorbus_cf__rufescens_12             1.45%    passed     81.97%
 160  BPBM18315_Liophryne_allisoni                       0.85%    passed     56.59%
 161  BPBM19360_Liophryne_magnitympanum                  1.29%    passed     64.61%
 162  BPBM20397_Mantophryne_axanthogaster                0.89%    passed     99.79%
 163  BPBM22784_Oreophryne_A_parkeri                    21.70%    passed     21.76%
 164  BPBM18128_Oreophryne_B_picticrus                   1.90%    passed     63.58%
 165  BPBM18002_Oreophryne_A_sp_7                        1.90%    passed     69.44%
 166  BPBM17980_Oreophryne_B_matawan                     6.95%    passed     80.16%
 167  BPBM22668_Austrochaperina_B_septentrionalis        1.86%    passed     63.65%
 168  BPBM22789_Oreophryne_A_parkopanorum                1.17%    passed     14.79%
 169  BPBM21474_Xenorhina_adisca                         1.09%    passed     37.08%
 170  BPBM22685_Choerophryne_rostellifer                 0.12%    passed     88.29%
 171  UMMZ211174_Dyscophis_antongilli                    2.18%    passed     83.90%
 172  UMMZ211181_Platypelis_grandis                      2.42%    passed     70.33%
 173  UMMZ219489_Scaphiophryne_marmorata                 0.08%    passed     78.46%
 174  BPBM20128_Barygenys_exsul                          0.89%    passed      8.08%
 175  ZMB74609_Asterophrys_senglaubi                     1.37%    passed     49.29%
 176  ZMB70535_Asterophrys_eurydactylus                  1.29%    passed     19.17%
 177  ZMB70187_Asterophrys_cf__marani                    1.58%    passed     20.48%
 178  ZMB63882_Asterophrys_marani                        2.63%    passed     40.93%
 179  ZMB70185_Asterophrys_cf__marani                    1.54%    passed     20.70%
 180  FK15527_Paedophryne_verrucosa                      1.49%    passed     23.45%
 181  BPBM39156_Oreophryne_A_sp_1                        0.81%    passed     33.48%
 182  BPBM19236_Callulops_bicolor                        1.54%    passed     56.74%
 183  BPBM35836_Callulops_microtis                       0.93%    passed     88.41%
 184  BPBM34741_Xenorhina_obesa                          0.85%    passed     33.97%
 185  BPBM20532_Oreophryne_B_sp_3                        0.89%    passed     99.80%
 186  BPBM15232_Austrochaperina_C_aff__palmipes_3        0.89%    passed     85.46%
 187  BPBM20469_Oreophryne_B_ezra                        4.16%    passed     42.92%
 188  BPBM33637_Choerophryne_murrita                     0.97%    passed     98.63%
 189  BPBM40143_Oreophryne_B_brunnea                     0.04%    passed     46.13%
 190  BPBM18097_Cophixalus_timidus                       1.29%    passed     86.66%
 191  BPBM20440_Oreophryne_B_meliades                    0.32%    passed     87.91%
 192  BPBM34697_Xenorhina_oxycephala                     0.00%    passed     29.14%
 193  BPBM16806_Callulops_robustus                       0.04%    passed     91.61%
 194  MB233_Cophixalus_sp_1                              2.71%    passed     72.31%
 195  MB291_Paedophryne_sp_1                             3.64%    passed     82.03%
 196  MB294_Hylophorbus_cf__rufescens_12                 0.04%    passed     87.73%
 197  MB300_Choerophryne_gunnari                         0.12%    passed     45.91%
 198  MB302_Cophixalus_sp_2                              0.00%    passed     54.48%
 199  MB309_Copiula_sp_5                                 2.51%    passed     68.80%
 200  MB327_Xenorhina_sp_1                              19.64%    passed     13.32%
 201  MB331_Mantophryne_cf__lateralis_4                  0.04%    passed     89.33%
 202  MB342_Oreophryne_A_loriae                          1.25%    passed     64.96%
 203  MB463_Choerophryne_sp_2                            0.44%    passed     84.86%
 204  MB466_Choerophryne_sp_1                            0.00%    passed     99.97%
 205  MB470_Cophixalus_cheesmanae_complex_sp_2           1.25%    passed     38.76%
 206  MB472_Choerophryne_sp_4                            0.00%    passed     58.32%
 207  MB475_Austrochaperina_C_aff__palmipes_4            0.00%    passed     98.74%
 208  MB479_Mantophryne_cf__lateralis_5                  2.91%    passed     97.41%
 209  MB482_Cophixalus_linnaeus                          0.24%    passed     86.36%
 210  MB483_Hylophorbus_cf__rufescens_5                  0.04%    passed     83.87%
 211  MB484_Oreophryne_A_cf__geislerorum_2               0.73%    passed     21.11%
 212  MB486_Paedophryne_swiftorum_complex_sp_2           6.51%    passed     29.80%
 213  MB508_Callulops_doriae_complex_sp_1                1.17%    passed     41.07%
 214  MB518_Mantophryne_cf__lateralis_1                  3.23%    passed     95.46%
 215  MB539_Austrochaperina_C_aff__palmipes_2            1.17%    passed     73.41%
 216  MB556_Hylophorbus_cf__rufescens_1                  1.25%    passed     94.69%
 217  MB571_Cophixalus_variabilis_complex_sp_3           0.00%    passed     93.20%
 218  MB583_Cophixalus_verrucosus_complex_sp_2           1.17%    passed     97.87%
 219  MB593_Liophryne_aff__dentata_3                     1.25%    passed     47.38%
 220  MB617_Cophixalus_desticans_complex_sp_1            0.00%    passed     44.78%
 221  MB626_Genyophryne_aff__thomsoni_2                  1.41%    passed     97.10%
 222  MB627_Oreophryne_B_penelopia                       1.33%    passed     80.94%
 223  BPBM31979_Hylophorbus_cf__rufescens_5              3.27%    passed     84.96%
 224  BPBM26182_Cophixalus_tomaiodactylus                1.29%    passed     98.92%
 225  BPBM23740_Callulops_personatus                     1.09%    passed     99.22%
 226  BPBM25837_Choerophryne_sp_3                        1.45%    passed     97.88%
 227  BPBM26194_Cophixalus_phaeobalius                   1.41%    passed     98.49%
 228  BPBM25754_Choerophryne_sp_4                        1.41%    passed     55.33%
 229  BPBM31337_Cophixalus_linnaeus                      1.37%    passed     86.18%
 230  BPBM31847_Cophixalus_cf__pipilans_2                0.28%    passed     71.79%
 231  BPBM31853_Genyophryne_aff__thomsoni_3              2.83%    passed     44.14%
 232  BPBM31808_Choerophryne_sp_1                        1.45%    passed     97.91%
 233  BPBM35367_Choerophryne_sp_4                        0.04%    passed     66.71%
 234  AA24862_Asterophrys_sp                             2.34%    passed     16.37%
 235  BPBM44363_Aphantophryne_sabini-Myola_GH            0.12%    passed     98.60%
 236  BPBM44369_Aphantophryne_sabini-Myola_GH            0.20%    passed     99.09%
 237  BPBM44373_Aphantophryne_sabini-Myola_GH            0.20%    passed     98.81%
 238  BJE1120_Oreophryne_A_senckenbergiana               1.29%    passed     43.70%
 239  BJE1143_Oreophryne_A_senckenbergiana               1.21%    passed     42.99%
 240  BJE1144_Oreophryne_A_senckenbergiana               1.21%    passed     42.49%
 241  BJE1248_Oreophryne_A_frontifasciata               21.82%    passed     75.31%
****  TOTAL                                              2.23%  2 sequences failed composition chi2 test (p-value<5%; df=3)
NOTE: No CharPartition defined, use all CharSets

Loading 15 partitions...
Identifying sites to remove: done in 0.0003205 secs
Identifying sites to remove: done in 0.0002768 secs
Identifying sites to remove: done in 0.0003656 secs
Identifying sites to remove: done in 0.0003699 secs
Identifying sites to remove: done in 0.0002324 secs
Identifying sites to remove: done in 0.0003646 secs
Subset	Type	Seqs	Sites	Infor	Invar	Model	Name
1		241	136	4	118	TESTMERGEONLY	sia_pos1
2		241	136	0	128	TESTMERGEONLY	sia_pos2
WARNING: No parsimony-informative sites in partition sia_pos2
3		241	135	72	45	TESTMERGEONLY	sia_pos3
4		241	173	78	78	TESTMERGEONLY	bdnf_pos1
5		241	172	16	154	TESTMERGEONLY	bdnf_pos2
6		241	172	4	163	TESTMERGEONLY	bdnf_pos3
7		241	185	16	144	TESTMERGEONLY	nxc_pos1
8		241	185	10	164	TESTMERGEONLY	nxc_pos2
9		241	185	96	52	TESTMERGEONLY	nxc_pos3
10		238	170	86	72	TESTMERGEONLY	cyb_pos1
11		238	170	59	99	TESTMERGEONLY	cyb_pos2
12		238	170	170	0	TESTMERGEONLY	cyb_pos3
13		233	162	110	39	TESTMERGEONLY	nd4_pos1
14		233	162	68	73	TESTMERGEONLY	nd4_pos2
15		233	162	162	0	TESTMERGEONLY	nd4_pos3
Degree of missing data: 0.009
Info: multi-threading strategy over partitions



Create initial parsimony tree by phylogenetic likelihood library (PLL)... 0.083 seconds
Perform fast likelihood tree search using GTR+I+G model...
Estimate model parameters (epsilon = 5.000)
Initial log-likelihood: -98286.568
Current log-likelihood at step 1: -84823.925
Current log-likelihood at step 2: -83369.754
Current log-likelihood at step 3: -83311.283
Current log-likelihood at step 4: -83288.096
Current log-likelihood at step 5: -83245.180
Current log-likelihood at step 6: -83235.491
Current log-likelihood at step 7: -83231.904
Parameters optimization took 6 rounds (7.492 sec)


WARNING: Estimated model parameters are at boundary that can cause numerical instability!

Perform nearest neighbor interchange...
Optimizing NNI: done in 2.51535 secs using 100% CPU
Estimate model parameters (epsilon = 1.000)
Initial log-likelihood: -83021.146
Current log-likelihood at step 1: -83017.743
Current log-likelihood at step 2: -83016.740
Current log-likelihood at step 3: -83016.358
Partition-specific rates:  0.306 0.252 1.009 0.488 0.209 0.641 0.656 0.369 0.426 1.478 0.591 2.747 2.396 0.784 2.654
Parameters optimization took 2 rounds (1.984 sec)


WARNING: Estimated model parameters are at boundary that can cause numerical instability!

Time for fast ML tree search: 12.013 seconds

NOTE: ModelFinder requires 5 MB RAM!
Selecting individual models for 15 charsets using BIC...
 No. Model        Score       TreeLen     Charset
   1 GTR+F+I+G4   1077.489    0.640       sia_pos1
   2 GTR+F+I+G4   636.582     1.151       sia_pos2
   3 GTR+F+I+G4   6806.497    7.045       sia_pos3
   4 GTR+F+I+G4   5857.771    3.405       bdnf_pos1
   5 GTR+F+I+G4   1591.156    0.718       bdnf_pos2
   6 GTR+F+I+G4   833.070     4.242       bdnf_pos3
   7 GTR+F+I+G4   2136.020    4.408       nxc_pos1
   8 GTR+F+I+G4   1638.596    2.567       nxc_pos2
   9 GTR+F+I+G4   6779.228    2.974       nxc_pos3
  10 GTR+F+I+G4   13698.388   10.204      cyb_pos1	0h:0m:0s (0h:0m:12s left)
  11 GTR+F+I+G4   5619.854    4.075       cyb_pos2	0h:0m:0s (0h:0m:11s left)
  12 GTR+F+ASC+G4 49925.864   18.974      cyb_pos3	0h:0m:0s (0h:0m:11s left)
  13 GTR+F+I+G4   16817.118   16.439      nd4_pos1	0h:0m:0s (0h:0m:10s left)
  14 GTR+F+I+G4   6917.561    5.389       nd4_pos2	0h:0m:0s (0h:0m:10s left)
  15 GTR+F+ASC+G4 46503.481   18.225      nd4_pos3	0h:0m:0s (0h:0m:10s left)
Full partition model BIC score: 171016.059 (LnL: -83003.644  df:641)
Merging models to increase model fit (about 211 total partition schemes)...
  16 GTR+F+I+G4   170949.864  0.534       sia_pos1+sia_pos2	0h:0m:1s (0h:0m:13s left)
  17 GTR+F+I+G4   171049.004  4.235       sia_pos1+sia_pos3	0h:0m:1s (0h:0m:16s left)
  18 GTR+F+I+G4   171010.004  2.159       sia_pos1+bdnf_pos1	0h:0m:1s (0h:0m:17s left)
  19 GTR+F+I+G4   170970.199  0.709       sia_pos1+bdnf_pos2	0h:0m:1s (0h:0m:18s left)
  20 GTR+F+I+G4   170948.058  0.553       sia_pos1+bdnf_pos3	0h:0m:2s (0h:0m:20s left)
  21 GTR+F+I+G4   170922.339  0.813       sia_pos1+nxc_pos1	0h:0m:2s (0h:0m:22s left)
  22 GTR+F+I+G4   170989.517  2.088       sia_pos1+nxc_pos2	0h:0m:2s (0h:0m:23s left)
  23 GTR+F+I+G4   171065.544  1.960       sia_pos1+nxc_pos3	0h:0m:3s (0h:0m:24s left)
  24 GTR+F+I+G4   171043.617  7.036       sia_pos1+cyb_pos1	0h:0m:3s (0h:0m:26s left)
  25 GTR+F+I+G4   170995.654  2.722       sia_pos1+cyb_pos2	0h:0m:3s (0h:0m:27s left)
  26 GTR+F+I+G4   171482.907  39.402      sia_pos1+cyb_pos3	0h:0m:4s (0h:0m:30s left)
  27 GTR+F+I+G4   171124.146  10.987      sia_pos1+nd4_pos1	0h:0m:4s (0h:0m:32s left)
  28 GTR+F+I+G4   171047.334  3.392       sia_pos1+nd4_pos2	0h:0m:5s (0h:0m:32s left)
  29 GTR+F+I+G4   171666.609  30.592      sia_pos1+nd4_pos3	0h:0m:5s (0h:0m:35s left)
  30 GTR+F+I+G4   171075.569  4.195       sia_pos2+sia_pos3	0h:0m:6s (0h:0m:36s left)
  31 GTR+F+I+G4   171034.618  2.035       sia_pos2+bdnf_pos1	0h:0m:6s (0h:0m:36s left)
  32 GTR+F+I+G4   170967.464  0.548       sia_pos2+bdnf_pos2	0h:0m:6s (0h:0m:35s left)
  33 GTR+F+I+G4   170946.160  3.144       sia_pos2+bdnf_pos3	0h:0m:6s (0h:0m:35s left)
  34 GTR+F+I+G4   170923.830  0.682       sia_pos2+nxc_pos1	0h:0m:6s (0h:0m:35s left)
  35 GTR+F+I+G4   170949.079  2.055       sia_pos2+nxc_pos2	0h:0m:7s (0h:0m:36s left)
  36 GTR+F+I+G4   171103.981  1.808       sia_pos2+nxc_pos3	0h:0m:7s (0h:0m:36s left)
  37 GTR+F+I+G4   171054.601  6.253       sia_pos2+cyb_pos1	0h:0m:7s (0h:0m:36s left)
  38 GTR+F+I+G4   171015.502  2.420       sia_pos2+cyb_pos2	0h:0m:8s (0h:0m:37s left)
  39 GTR+F+I+G4   171367.079  38.916      sia_pos2+cyb_pos3	0h:0m:8s (0h:0m:38s left)
  40 GTR+F+I+G4   171137.455  9.889       sia_pos2+nd4_pos1	0h:0m:9s (0h:0m:39s left)
  41 GTR+F+I+G4   171075.089  3.169       sia_pos2+nd4_pos2	0h:0m:9s (0h:0m:39s left)
  42 GTR+F+I+G4   171548.645  30.303      sia_pos2+nd4_pos3	0h:0m:9s (0h:0m:39s left)
  43 GTR+F+I+G4   170973.983  6.122       sia_pos3+bdnf_pos1	0h:0m:10s (0h:0m:39s left)
  44 GTR+F+I+G4   171198.299  3.964       sia_pos3+bdnf_pos2	0h:0m:10s (0h:0m:40s left)
  45 GTR+F+I+G4   171113.851  3.859       sia_pos3+bdnf_pos3	0h:0m:11s (0h:0m:41s left)
  46 GTR+F+I+G4   171142.755  4.128       sia_pos3+nxc_pos1	0h:0m:11s (0h:0m:40s left)
  47 GTR+F+I+G4   171111.180  4.607       sia_pos3+nxc_pos2	0h:0m:11s (0h:0m:41s left)
  48 GTR+F+I+G4   171051.021  6.497       sia_pos3+nxc_pos3	0h:0m:12s (0h:0m:41s left)
  49 GTR+F+I+G4   171068.840  11.443      sia_pos3+cyb_pos1	0h:0m:12s (0h:0m:41s left)
  50 GTR+F+I+G4   171117.576  6.030       sia_pos3+cyb_pos2	0h:0m:12s (0h:0m:41s left)
  51 GTR+F+I+G4   171673.807  53.142      sia_pos3+cyb_pos3	0h:0m:13s (0h:0m:43s left)
  52 GTR+F+I+G4   171124.657  16.080      sia_pos3+nd4_pos1	0h:0m:14s (0h:0m:43s left)
  53 GTR+F+I+G4   171098.076  6.283       sia_pos3+nd4_pos2	0h:0m:14s (0h:0m:43s left)
  54 GTR+F+I+G4   171858.662  29.870      sia_pos3+nd4_pos3	0h:0m:15s (0h:0m:44s left)
  55 GTR+F+I+G4   171118.284  1.948       bdnf_pos1+bdnf_pos2	0h:0m:15s (0h:0m:44s left)
  56 GTR+F+I+G4   171052.790  1.784       bdnf_pos1+bdnf_pos3	0h:0m:15s (0h:0m:43s left)
  57 GTR+F+I+G4   171036.164  2.217       bdnf_pos1+nxc_pos1	0h:0m:16s (0h:0m:43s left)
  58 GTR+F+I+G4   171095.890  2.834       bdnf_pos1+nxc_pos2	0h:0m:16s (0h:0m:43s left)
  59 GTR+F+I+G4   170973.877  3.395       bdnf_pos1+nxc_pos3	0h:0m:16s (0h:0m:43s left)
  60 GTR+F+I+G4   171053.716  9.575       bdnf_pos1+cyb_pos1	0h:0m:17s (0h:0m:43s left)
  61 GTR+F+I+G4   171051.996  3.906       bdnf_pos1+cyb_pos2	0h:0m:17s (0h:0m:43s left)
  62 GTR+F+I+G4   171672.996  49.144      bdnf_pos1+cyb_pos3	0h:0m:18s (0h:0m:44s left)
  63 GTR+F+I+G4   171134.343  14.041      bdnf_pos1+nd4_pos1	0h:0m:19s (0h:0m:44s left)
  64 GTR+F+I+G4   171080.446  4.732       bdnf_pos1+nd4_pos2	0h:0m:19s (0h:0m:44s left)
  65 GTR+F+I+G4   171907.229  35.391      bdnf_pos1+nd4_pos3	0h:0m:20s (0h:0m:45s left)
  66 GTR+F+I+G4   170950.846  0.548       bdnf_pos2+bdnf_pos3	0h:0m:20s (0h:0m:44s left)
  67 GTR+F+I+G4   170922.723  0.778       bdnf_pos2+nxc_pos1	0h:0m:20s (0h:0m:44s left)
  68 GTR+F+I+G4   171053.991  2.572       bdnf_pos2+nxc_pos2	0h:0m:20s (0h:0m:44s left)
  69 GTR+F+I+G4   171161.398  1.960       bdnf_pos2+nxc_pos3	0h:0m:21s (0h:0m:43s left)
  70 GTR+F+I+G4   171157.088  6.482       bdnf_pos2+cyb_pos1	0h:0m:21s (0h:0m:43s left)
  71 GTR+F+I+G4   171108.551  2.312       bdnf_pos2+cyb_pos2	0h:0m:22s (0h:0m:43s left)
  72 GTR+F+I+G4   171734.858  31.255      bdnf_pos2+cyb_pos3	0h:0m:22s (0h:0m:43s left)
  73 GTR+F+I+G4   171230.480  9.457       bdnf_pos2+nd4_pos1	0h:0m:22s (0h:0m:43s left)
  74 GTR+F+I+G4   171175.532  2.902       bdnf_pos2+nd4_pos2	0h:0m:23s (0h:0m:43s left)
  75 GTR+F+I+G4   171872.834  33.219      bdnf_pos2+nd4_pos3	0h:0m:23s (0h:0m:43s left)
  76 GTR+F+I+G4   170920.360  0.649       bdnf_pos3+nxc_pos1	0h:0m:24s (0h:0m:43s left)
  77 GTR+F+I+G4   170952.209  1.820       bdnf_pos3+nxc_pos2	0h:0m:24s (0h:0m:43s left)
  78 GTR+F+I+G4   171120.317  1.586       bdnf_pos3+nxc_pos3	0h:0m:25s (0h:0m:43s left)
  79 GTR+F+I+G4   171074.649  5.442       bdnf_pos3+cyb_pos1	0h:0m:25s (0h:0m:43s left)
  80 GTR+F+I+G4   171022.347  2.084       bdnf_pos3+cyb_pos2	0h:0m:26s (0h:0m:43s left)
  81 GTR+F+I+G4   171435.763  34.379      bdnf_pos3+cyb_pos3	0h:0m:26s (0h:0m:42s left)
  82 GTR+F+I+G4   171163.357  8.345       bdnf_pos3+nd4_pos1	0h:0m:27s (0h:0m:42s left)
  83 GTR+F+I+G4   171110.265  2.701       bdnf_pos3+nd4_pos2	0h:0m:27s (0h:0m:42s left)
  84 GTR+F+I+G4   171619.661  28.281      bdnf_pos3+nd4_pos3	0h:0m:27s (0h:0m:42s left)
  85 GTR+F+I+G4   171059.177  4.253       nxc_pos1+nxc_pos2	0h:0m:28s (0h:0m:41s left)
  86 GTR+F+I+G4   171068.216  1.862       nxc_pos1+nxc_pos3	0h:0m:28s (0h:0m:41s left)
  87 GTR+F+I+G4   171133.527  6.725       nxc_pos1+cyb_pos1	0h:0m:28s (0h:0m:41s left)
  88 GTR+F+I+G4   171048.845  2.458       nxc_pos1+cyb_pos2	0h:0m:29s (0h:0m:41s left)
  89 GTR+F+I+G4   171858.928  36.119      nxc_pos1+cyb_pos3	0h:0m:30s (0h:0m:41s left)
  90 GTR+F+I+G4   171219.081  10.051      nxc_pos1+nd4_pos1	0h:0m:30s (0h:0m:40s left)
  91 GTR+F+I+G4   171096.577  3.110       nxc_pos1+nd4_pos2	0h:0m:30s (0h:0m:40s left)
  92 GTR+F+I+G4   172066.853  30.608      nxc_pos1+nd4_pos3	0h:0m:31s (0h:0m:40s left)
  93 GTR+F+I+G4   171203.529  2.384       nxc_pos2+nxc_pos3	0h:0m:31s (0h:0m:40s left)
  94 GTR+F+I+G4   171090.836  5.632       nxc_pos2+cyb_pos1	0h:0m:32s (0h:0m:40s left)
  95 GTR+F+I+G4   171125.376  3.109       nxc_pos2+cyb_pos2	0h:0m:32s (0h:0m:39s left)
  96 GTR+F+I+G4   171566.187  33.895      nxc_pos2+cyb_pos3	0h:0m:33s (0h:0m:39s left)
  97 GTR+F+I+G4   171187.209  8.110       nxc_pos2+nd4_pos1	0h:0m:33s (0h:0m:39s left)
  98 GTR+F+I+G4   171211.413  3.308       nxc_pos2+nd4_pos2	0h:0m:33s (0h:0m:39s left)
  99 GTR+F+I+G4   171796.332  27.754      nxc_pos2+nd4_pos3	0h:0m:34s (0h:0m:38s left)
 100 GTR+F+I+G4   171106.731  10.907      nxc_pos3+cyb_pos1	0h:0m:34s (0h:0m:38s left)
 101 GTR+F+I+G4   171074.161  4.318       nxc_pos3+cyb_pos2	0h:0m:35s (0h:0m:38s left)
 102 GTR+F+I+G4   171865.118  25.957      nxc_pos3+cyb_pos3	0h:0m:36s (0h:0m:38s left)
 103 GTR+F+I+G4   171148.523  14.395      nxc_pos3+nd4_pos1	0h:0m:36s (0h:0m:38s left)
 104 GTR+F+I+G4   171098.448  5.510       nxc_pos3+nd4_pos2	0h:0m:36s (0h:0m:38s left)
 105 GTR+F+I+G4   171945.784  24.101      nxc_pos3+nd4_pos3	0h:0m:37s (0h:0m:38s left)
 106 GTR+F+I+G4   171085.295  8.195       cyb_pos1+cyb_pos2	0h:0m:38s (0h:0m:37s left)
 107 GTR+F+I+G4   171341.695  48.134      cyb_pos1+cyb_pos3	0h:0m:38s (0h:0m:37s left)
 108 GTR+F+I+G4   170977.665  14.509      cyb_pos1+nd4_pos1	0h:0m:39s (0h:0m:37s left)
 109 GTR+F+I+G4   171153.627  9.561       cyb_pos1+nd4_pos2	0h:0m:40s (0h:0m:37s left)
 110 GTR+F+I+G4   171524.534  37.653      cyb_pos1+nd4_pos3	0h:0m:40s (0h:0m:37s left)
 111 GTR+F+I+G4   171459.431  47.053      cyb_pos2+cyb_pos3	0h:0m:41s (0h:0m:37s left)
 112 GTR+F+I+G4   171184.697  11.531      cyb_pos2+nd4_pos1	0h:0m:42s (0h:0m:37s left)
 113 GTR+F+I+G4   170971.856  4.674       cyb_pos2+nd4_pos2	0h:0m:42s (0h:0m:36s left)
 114 GTR+F+I+G4   171664.880  32.869      cyb_pos2+nd4_pos3	0h:0m:42s (0h:0m:36s left)
 115 GTR+F+I+G4   171176.881  54.675      cyb_pos3+nd4_pos1	0h:0m:43s (0h:0m:36s left)
 116 GTR+F+I+G4   171579.907  27.757      cyb_pos3+nd4_pos2	0h:0m:44s (0h:0m:36s left)
 117 GTR+F+ASC+G4 171035.338  18.897      cyb_pos3+nd4_pos3	0h:0m:45s (0h:0m:36s left)
 118 GTR+F+I+G4   171243.728  13.426      nd4_pos1+nd4_pos2	0h:0m:46s (0h:0m:36s left)
 119 GTR+F+I+G4   171340.191  42.110      nd4_pos1+nd4_pos3	0h:0m:46s (0h:0m:36s left)
 120 GTR+F+I+G4   171762.906  32.421      nd4_pos2+nd4_pos3	0h:0m:48s (0h:0m:36s left)
6 compatible better partition pairs found
Merging bdnf_pos3+nxc_pos1 with BIC score: 170920.360 (LnL: -82998.771  df: 630)
Merging sia_pos2+nxc_pos2 with BIC score: 170853.380 (LnL: -83008.258  df: 619)
Merging sia_pos1+bdnf_pos2 with BIC score: 170807.519 (LnL: -83028.305  df: 608)
Merging cyb_pos2+nd4_pos2 with BIC score: 170763.316 (LnL: -83049.180  df: 597)
Merging bdnf_pos1+nxc_pos3 with BIC score: 170721.134 (LnL: -83071.066  df: 586)
Merging cyb_pos1+nd4_pos1 with BIC score: 170682.740 (LnL: -83094.846  df: 575)
 121 GTR+F+I+G4   170730.306  0.845       sia_pos1+sia_pos2+bdnf_pos2+nxc_pos2	0h:0m:48s (0h:0m:36s left)
 122 GTR+F+I+G4   170878.152  2.764       sia_pos1+sia_pos3+bdnf_pos2	0h:0m:49s (0h:0m:35s left)
 123 GTR+F+I+G4   170875.320  2.080       sia_pos1+bdnf_pos1+bdnf_pos2+nxc_pos3	0h:0m:49s (0h:0m:35s left)
 124 GTR+F+I+G4   170629.813  0.679       sia_pos1+bdnf_pos2+bdnf_pos3+nxc_pos1	0h:0m:49s (0h:0m:35s left)
 125 GTR+F+I+G4   170966.739  8.529       sia_pos1+bdnf_pos2+cyb_pos1+nd4_pos1	0h:0m:50s (0h:0m:34s left)
 126 GTR+F+I+G4   170852.730  2.839       sia_pos1+bdnf_pos2+cyb_pos2+nd4_pos2	0h:0m:51s (0h:0m:34s left)
 127 GTR+F+I+G4   171617.286  24.529      sia_pos1+bdnf_pos2+cyb_pos3	0h:0m:52s (0h:0m:34s left)
 128 GTR+F+I+G4   171782.520  25.267      sia_pos1+bdnf_pos2+nd4_pos3	0h:0m:52s (0h:0m:34s left)
 129 GTR+F+I+G4   170820.988  3.517       sia_pos2+sia_pos3+nxc_pos2	0h:0m:53s (0h:0m:33s left)
 130 GTR+F+I+G4   170940.194  2.273       sia_pos2+bdnf_pos1+nxc_pos2+nxc_pos3	0h:0m:53s (0h:0m:33s left)
 131 GTR+F+I+G4   170743.526  1.521       sia_pos2+bdnf_pos3+nxc_pos1+nxc_pos2	0h:0m:53s (0h:0m:32s left)
 132 GTR+F+I+G4   170937.672  7.367       sia_pos2+nxc_pos2+cyb_pos1+nd4_pos1	0h:0m:54s (0h:0m:32s left)
 133 GTR+F+I+G4   170940.088  2.824       sia_pos2+nxc_pos2+cyb_pos2+nd4_pos2	0h:0m:55s (0h:0m:32s left)
 134 GTR+F+I+G4   171524.369  26.642      sia_pos2+nxc_pos2+cyb_pos3	0h:0m:55s (0h:0m:31s left)
 135 GTR+F+I+G4   171701.179  20.690      sia_pos2+nxc_pos2+nd4_pos3	0h:0m:56s (0h:0m:31s left)
 136 GTR+F+I+G4   170712.999  5.637       sia_pos3+bdnf_pos1+nxc_pos3	0h:0m:57s (0h:0m:31s left)
 137 GTR+F+I+G4   170927.397  2.960       sia_pos3+bdnf_pos3+nxc_pos1	0h:0m:57s (0h:0m:30s left)
 138 GTR+F+I+G4   170773.065  14.189      sia_pos3+cyb_pos1+nd4_pos1	0h:0m:58s (0h:0m:30s left)
 139 GTR+F+I+G4   170835.149  5.699       sia_pos3+cyb_pos2+nd4_pos2	0h:0m:58s (0h:0m:30s left)
 140 GTR+F+I+G4   170897.121  1.921       bdnf_pos1+bdnf_pos3+nxc_pos1+nxc_pos3	0h:0m:59s (0h:0m:29s left)
 141 GTR+F+I+G4   170914.713  11.807      bdnf_pos1+nxc_pos3+cyb_pos1+nd4_pos1	0h:1m:0s (0h:0m:29s left)
 142 GTR+F+I+G4   170835.425  4.622       bdnf_pos1+nxc_pos3+cyb_pos2+nd4_pos2	0h:1m:0s (0h:0m:29s left)
 143 GTR+F+I+G4   171899.630  21.744      bdnf_pos1+nxc_pos3+cyb_pos3	0h:1m:1s (0h:0m:29s left)
 144 GTR+F+I+G4   171998.992  19.921      bdnf_pos1+nxc_pos3+nd4_pos3	0h:1m:2s (0h:0m:29s left)
 145 GTR+F+I+G4   171037.094  7.425       bdnf_pos3+nxc_pos1+cyb_pos1+nd4_pos1	0h:1m:3s (0h:0m:28s left)
 146 GTR+F+I+G4   170886.961  2.583       bdnf_pos3+nxc_pos1+cyb_pos2+nd4_pos2	0h:1m:4s (0h:0m:28s left)
 147 GTR+F+I+G4   171806.817  23.692      bdnf_pos3+nxc_pos1+cyb_pos3	0h:1m:5s (0h:0m:28s left)
 148 GTR+F+I+G4   171980.457  21.346      bdnf_pos3+nxc_pos1+nd4_pos3	0h:1m:5s (0h:0m:27s left)
 149 GTR+F+I+G4   171022.107  10.540      cyb_pos1+cyb_pos2+nd4_pos1+nd4_pos2	0h:1m:6s (0h:0m:27s left)
 150 GTR+F+I+G4   171204.312  44.726      cyb_pos1+cyb_pos3+nd4_pos1	0h:1m:7s (0h:0m:27s left)
 151 GTR+F+I+G4   171333.452  33.970      cyb_pos1+nd4_pos1+nd4_pos3	0h:1m:8s (0h:0m:27s left)
 152 GTR+F+I+G4   171628.619  23.294      cyb_pos2+cyb_pos3+nd4_pos2	0h:1m:9s (0h:0m:26s left)
 153 GTR+F+I+G4   171791.658  24.708      cyb_pos2+nd4_pos2+nd4_pos3	0h:1m:10s (0h:0m:26s left)
Merging sia_pos1+bdnf_pos2+bdnf_pos3+nxc_pos1 with BIC score: 170629.813 (LnL: -83111.360  df: 564)
 154 GTR+F+I+G4   170717.189  0.768       sia_pos1+sia_pos2+bdnf_pos2+bdnf_pos3+nxc_pos1+nxc_pos2	0h:1m:10s (0h:0m:26s left)
 155 GTR+F+I+G4   170967.235  1.999       sia_pos1+sia_pos3+bdnf_pos2+bdnf_pos3+nxc_pos1	0h:1m:10s (0h:0m:25s left)
 156 GTR+F+I+G4   170952.015  1.503       sia_pos1+bdnf_pos1+bdnf_pos2+bdnf_pos3+nxc_pos1+nxc_pos3	0h:1m:11s (0h:0m:25s left)
 157 GTR+F+I+G4   171162.042  6.186       sia_pos1+bdnf_pos2+bdnf_pos3+nxc_pos1+cyb_pos1+nd4_pos1	0h:1m:12s (0h:0m:24s left)
 158 GTR+F+I+G4   170941.595  2.056       sia_pos1+bdnf_pos2+bdnf_pos3+nxc_pos1+cyb_pos2+nd4_pos2	0h:1m:13s (0h:0m:24s left)
 159 GTR+F+I+G4   172064.610  16.923      sia_pos1+bdnf_pos2+bdnf_pos3+nxc_pos1+cyb_pos3	0h:1m:14s (0h:0m:24s left)
 160 GTR+F+I+G4   172298.811  8.084       sia_pos1+bdnf_pos2+bdnf_pos3+nxc_pos1+nd4_pos3	0h:1m:15s (0h:0m:23s left)
Agglomerative model selection: (((sia_pos1,bdnf_pos2)3:170808,(bdnf_pos3,nxc_pos1)1:170920)7:170630,(sia_pos2,nxc_pos2)2:170853,sia_pos3,(bdnf_pos1,nxc_pos3)5:170721,(cyb_pos1,nd4_pos1)6:170683,(cyb_pos2,nd4_pos2)4:170763,cyb_pos3,nd4_pos3)
Merging into 8 partitions...
 161 SYM+I+G4     5542.234    sia_pos1+bdnf_pos2+bdnf_pos3+nxc_pos1	0h:1m:17s (0h:0m:23s left)
 162 TIM3e+I+G4   2241.670    sia_pos2+nxc_pos2	0h:1m:19s (0h:0m:24s left)
 163 TN+F+I+G4    6792.685    sia_pos3	0h:1m:23s (0h:0m:24s left)
 164 TNe+I+G4     12604.849   bdnf_pos1+nxc_pos3	0h:1m:28s (0h:0m:25s left)
 165 GTR+F+I+G4   30514.464   cyb_pos1+nd4_pos1	0h:1m:31s (0h:0m:25s left)
 166 GTR+F+I+G4   12530.566   cyb_pos2+nd4_pos2	0h:1m:34s (0h:0m:25s left)
 167 GTR+F+G4     49378.468   cyb_pos3	0h:1m:41s (0h:0m:26s left)
 168 TN+F+ASC     46487.671   nd4_pos3	0h:1m:47s (0h:0m:27s left)
Best partition model BIC score: 169970.739 (LnL: -82863.870  df:543)
Partition information was printed to merge32.nex.best_scheme.nex
Partition information in Raxml format was printed to merge32.nex.best_scheme

All model information printed to merge32.nex.model.gz
CPU time for ModelFinder: 119.453 seconds (0h:1m:59s)
Wall-clock time for ModelFinder: 120.101 seconds (0h:2m:0s)

NOTE: 43 MB RAM (0 GB) is required!
Estimate model parameters (epsilon = 0.010)
Initial log-likelihood: -82892.555
Current log-likelihood at step 1: -82858.018
Current log-likelihood at step 2: -82857.640
Current log-likelihood at step 3: -82857.496
Current log-likelihood at step 4: -82857.448
Current log-likelihood at step 5: -82857.407
Current log-likelihood at step 6: -82857.369
Current log-likelihood at step 7: -82857.332
Current log-likelihood at step 8: -82857.297
Current log-likelihood at step 9: -82857.262
Current log-likelihood at step 10: -82857.229
Current log-likelihood at step 11: -82857.196
Current log-likelihood at step 12: -82857.164
Current log-likelihood at step 13: -82857.132
Current log-likelihood at step 14: -82857.102
Current log-likelihood at step 15: -82857.071
Current log-likelihood at step 16: -82857.041
Current log-likelihood at step 17: -82857.012
Current log-likelihood at step 18: -82856.983
Current log-likelihood at step 19: -82856.956
Current log-likelihood at step 20: -82856.928
Current log-likelihood at step 21: -82856.900
Current log-likelihood at step 22: -82856.874
Current log-likelihood at step 23: -82856.849
Current log-likelihood at step 24: -82856.816
Current log-likelihood at step 25: -82856.782
Current log-likelihood at step 26: -82856.748
Current log-likelihood at step 27: -82856.716
Current log-likelihood at step 28: -82856.683
Current log-likelihood at step 29: -82856.651
Current log-likelihood at step 30: -82856.619
Current log-likelihood at step 31: -82856.588
Current log-likelihood at step 32: -82856.558
Current log-likelihood at step 33: -82856.529
Current log-likelihood at step 34: -82856.500
Current log-likelihood at step 35: -82856.471
Current log-likelihood at step 36: -82856.443
Current log-likelihood at step 37: -82856.415
Current log-likelihood at step 38: -82856.388
Current log-likelihood at step 39: -82856.362
Current log-likelihood at step 40: -82856.335
Current log-likelihood at step 41: -82856.310
Current log-likelihood at step 42: -82856.284
Current log-likelihood at step 43: -82856.259
Current log-likelihood at step 44: -82856.234
Current log-likelihood at step 45: -82856.210
Current log-likelihood at step 46: -82856.186
Current log-likelihood at step 47: -82856.163
Current log-likelihood at step 48: -82856.140
Current log-likelihood at step 49: -82856.118
Current log-likelihood at step 50: -82856.095
Current log-likelihood at step 51: -82856.074
Current log-likelihood at step 52: -82856.052
Current log-likelihood at step 53: -82856.031
Current log-likelihood at step 54: -82856.011
Current log-likelihood at step 55: -82855.990
Current log-likelihood at step 56: -82855.970
Current log-likelihood at step 57: -82855.951
Current log-likelihood at step 58: -82855.934
Current log-likelihood at step 59: -82855.918
Current log-likelihood at step 60: -82855.899
Current log-likelihood at step 61: -82855.882
Current log-likelihood at step 62: -82855.867
Current log-likelihood at step 63: -82855.852
Current log-likelihood at step 64: -82855.836
Current log-likelihood at step 65: -82855.821
Current log-likelihood at step 66: -82855.808
Current log-likelihood at step 67: -82855.795
Current log-likelihood at step 68: -82855.784
Current log-likelihood at step 69: -82855.770
Current log-likelihood at step 70: -82855.758
Current log-likelihood at step 71: -82855.746
Current log-likelihood at step 72: -82855.734
Current log-likelihood at step 73: -82855.722
Current log-likelihood at step 74: -82855.710
Current log-likelihood at step 75: -82855.699
Current log-likelihood at step 76: -82855.688
Current log-likelihood at step 77: -82855.677
Current log-likelihood at step 78: -82855.665
Current log-likelihood at step 79: -82855.655
Current log-likelihood at step 80: -82855.644
Current log-likelihood at step 81: -82855.634
Current log-likelihood at step 82: -82855.623
Current log-likelihood at step 83: -82855.613
Current log-likelihood at step 84: -82855.603
Current log-likelihood at step 85: -82855.593
Partition-specific rates:  0.043 0.121 0.494 0.231 0.981 0.315 5.981 5.007
Parameters optimization took 84 rounds (24.697 sec)

Wrote distance file to... 
Partition information was printed to merge32.nex.best_model.nex
BEST SCORE FOUND : -82855.593
Total tree length: 14.887

Total number of iterations: 0
CPU time used for tree search: 0.000 sec (0h:0m:0s)
Wall-clock time used for tree search: 0.000 sec (0h:0m:0s)
Total CPU time used: 24.688 sec (0h:0m:24s)
Total wall-clock time used: 24.740 sec (0h:0m:24s)

Analysis results written to: 
  IQ-TREE report:                merge32.nex.iqtree
  Tree used for ModelFinder:     merge32.nex.treefile
  Best partitioning scheme:      merge32.nex.best_scheme.nex
           in RAxML format:      merge32.nex.best_scheme
  Screen log file:               merge32.nex.log

--- Start phylogenetic dating ---
Reading date file asterophryinae_dates.txt ...
5 dates extracted
Building time tree by least-square dating (LSD) with command:
lsd -i merge32.nex.timetree.subst -s 2475 -o merge32.nex.timetree -g merge32.nex.timetree.outgroup -d merge32.nex.timetree.date -z 0 
Reroot the tree(s) using given outgroups ...

TREE 1
*PROCESSING:
Reading the tree ... 
Collapse 0 (over 239) internal branches having branch length <= 0.000202
 (settable via option -l)
Parameter to adjust variances was set to 0.0205 (settable via option -b)
Minimum branch length of time scaled tree (settable via option -u and -U): 0
Estimating the root position on the branch defined by given outgroups ...

*RESULTS:
- Dating results:
 rate 0.00744435, tMRCA -28.5749 , objective function 1.18169

TOTAL ELAPSED TIME: 0.009 seconds
LSD results written to:
  LSD report:                  merge32.nex.timetree.lsd
  Time tree in nexus format:   merge32.nex.timetree.nex
  Time tree in newick format:  merge32.nex.timetree.nwk

--- End phylogenetic dating ---
Date and Time: Mon Mar 13 09:00:35 2023
