IQ-TREE multicore version 2.2.0 COVID-edition for Windows 64-bit built Jun  1 2022
Developed by Bui Quang Minh, James Barbetti, Nguyen Lam Tung,
Olga Chernomor, Heiko Schmidt, Dominik Schrempf, Michael Woodhams, Ly Trong Nhan.

Host:    MSI (AVX512, FMA3, 15 GB RAM)
Command: C:\Users\Marguerite Butler\Documents\iqtree-2.2.0-Windows\bin\iqtree2.exe -s asterophryinae_20230305.phy -p nomerge08.nex.best_scheme.nex -B 1000 -o UMMZ219489_Scaphiophryne_marmorata --date asterophryinae_dates.txt --date-tip 0 -redo
Seed:    551384 (Using SPRNG - Scalable Parallel Random Number Generator)
Time:    Thu Mar 23 13:37:36 2023
Kernel:  AVX+FMA - 1 threads (16 CPU cores detected)

HINT: Use -nt option to specify number of threads because your CPU has 16 cores!
HINT: -nt AUTO will automatically determine the best number of threads to use.

Reading partition model file nomerge08.nex.best_scheme.nex ...
Reading alignment file asterophryinae_20230305.phy ... Phylip format detected
Alignment most likely contains DNA/RNA sequences
Constructing alignment: done in 0.0043704 secs
Alignment has 241 sequences with 2475 columns, 1396 distinct patterns
951 parsimony-informative, 195 singleton sites, 1329 constant sites
                                                 Gap/Ambiguity  Composition  p-value
Analyzing sequences: done in 0.0010973 secs
   1  ABTC116941_Oreophryne_A_graminis                  21.21%    passed      9.71%
   2  BPBM47733_Choerophryne_darlingtoni_complex_sp_1    0.28%    passed     96.60%
   3  BPBM47780_Cophixalus_cf__cryptotympanum            2.14%    passed     91.67%
   4  BPBM47792_Hylophorbus_cf__rufescens_14            20.85%    passed     24.73%
   5  BPBM47804_Cophixalus_darlingtoni                   5.41%    passed     98.10%
   6  BPBM31882_Paedophryne_swiftorum_complex_sp_1      22.42%    passed     19.52%
   7  BPBM47713_Paedophryne_amauensis                    0.08%    passed     92.53%
   8  BPBM47786_Callulops_sp_2                           3.68%    passed     93.38%
   9  UMMZ242263_Cophixalus_variabilis_complex_sp_1      1.25%    passed     72.08%
  10  UMMZ242338_Liophryne_aff__dentata_1                0.00%    passed     17.75%
  11  UMMZ242317_Hylophorbus_cf__rufescens_1             0.00%    passed     95.92%
  12  UMMZ242212_Austrochaperina_C_aff__palmipes_1       1.70%    passed     77.36%
  13  UMMZ242361_Mantophryne_cf__lateralis_1             0.04%    passed     85.97%
  14  UMMZ242309_Genyophryne_aff__thomsoni_1             0.44%    passed     87.40%
  15  UMMZ242349_Cophixalus_verrucosus_complex_sp_1      1.41%    passed     98.39%
  16  UMMZ242404_Oreophryne_A_sp_8                       0.00%    passed     13.57%
  17  UMMZ242232_Cophixalus_desticans_complex_sp_1       0.36%    passed     45.73%
  18  UMMZ242226_Callulops_doriae_complex_sp_1           0.20%    passed     65.99%
  19  FK16913_Paedophryne_titan                          0.48%    passed     19.15%
  20  UMMZ242398_Oreophryne_B_penelopia                  0.12%    passed     94.97%
  21  BPBM47888_Hylophorbus_cf__rufescens_13             4.24%    passed     97.91%
  22  JAM11383_Oreophryne_B_sp_5                         1.82%    passed     81.25%
  23  BPBM35843_Cophixalus_cf__pipilans_1                0.20%    passed     23.99%
  24  BPBM40083_Copiula_sp_1                             1.29%    passed     78.83%
  25  BPBM20571_Oreophryne_B_sp_2                        0.20%    passed     74.23%
  26  BPBM22664_Austrochaperina_A_sp_1                   1.58%    passed     79.76%
  27  BPBM20396_Mantophryne_cf__lateralis_1              0.24%    passed     94.07%
  28  BPBM48036_Paedophryne_sp_2                        20.00%    passed     27.41%
  29  BPBM35561_Choerophryne_gudrunae                    1.41%    passed     97.20%
  30  BPBM40135_Mantophryne_insignis                     0.12%    passed     84.40%
  31  BPBM39638_Hylophorbus_myopicus                     1.49%    passed    100.00%
  32  BPBM20572_Oreophryne_B_sp_3                        5.17%    passed     95.08%
  33  BPBM13110_Asterophrys_slateri                      0.93%    passed     34.14%
  34  BPBM33669_Callulops_wilhelmanus                    0.20%    passed     97.12%
  35  BPBM16554_Oreophryne_A_philosylleptoris            0.20%    passed     14.90%
  36  BPBM20262_Copiula_sp_2                             5.86%    passed     88.13%
  37  BPBM39000_Oreophryne_B_sp_1                        0.20%    passed     83.57%
  38  BPBM34677_Oreophryne_A_cameroni                    5.74%    passed     47.88%
  39  BPBM38990_Oreophryne_A_sp_2                        0.81%    passed     25.28%
  40  BPBM16181_Hylophorbus_cf__rufescens_2              0.24%    passed     96.81%
  41  BPBM39048_Cophixalus_sp_3                          0.69%    passed     49.47%
  42  BPBM34688_Oreophryne_A_biroi                       0.16%    passed     28.23%
  43  BPBM38939_Copiula_sp_7                            20.04%    passed     38.88%
  44  BPBM22675_Choerophryne_longirostris                0.12%    passed     95.90%
  45  BPBM18450_Hylophorbus_cf__rufescens_6              0.20%    passed     83.63%
  46  BPBM22504_Hylophorbus_cf__rufescens_12             1.45%    passed     82.58%
  47  BPBM39357_Oreophryne_B_sp_6                        0.32%    passed     87.01%
  48  BPBM20522_Oreophryne_A_aurora                      0.28%    passed     94.40%
  49  BPBM40145_Oreophryne_A_sp_6                        2.46%    passed     30.55%
  50  BPBM39569_Hylophorbus_cf__rufescens_9              0.04%    passed     99.01%
  51  BPBM22780_Mantophryne_cf__lateralis_3              1.25%    passed     99.39%
  52  BPBM39007_Copiula_sp_3                            20.97%    passed     21.16%
  53  BPBM19265_Mantophryne_cf__lateralis_4              1.29%    passed     99.16%
  54  BPBM33763_Oreophryne_A_anamiatoi                   0.12%    passed     59.29%
  55  BPBM22692_Cophixalus_balbus                        1.41%    passed     98.67%
  56  BPBM39244_Oreophryne_A_sp_3                        1.58%    passed     45.36%
  57  BPBM22689_Oreophryne_A_cf__cameroni                1.82%    passed     48.15%
  58  BPBM18430_Cophixalus_albolineatus                  1.21%    passed     68.02%
  59  BPBM38988_Oreophryne_B_sp_4                        2.34%    passed     83.93%
  60  BPBM33707_Cophixalus_caverniphilus                 1.98%    passed     83.04%
  61  BPBM39991_Choerophryne_bryonopsis                  1.70%    passed     58.86%
  62  BPBM39631_Hylophorbus_cf__rufescens_7              0.24%    passed     98.72%
  63  BPBM19320_Cophixalus_nexipus                       1.70%    passed     88.14%
  64  BPBM37122_Callulops_sp_1                           0.04%    passed     91.62%
  65  BPBM34724_Hylophorbus_atrifasciatus                0.04%    passed     90.27%
  66  BPBM18392_Cophixalus_cheesmanae_complex_sp_1       3.07%    passed     74.80%
  67  BPBM39929_Liophryne_miniafia                       0.00%    passed     96.69%
  68  BPBM35866_Hylophorbus_cf__rufescens_15             0.04%    passed     95.82%
  69  BPBM17959_Cophixalus_sp_4                          0.16%    passed     93.15%
  70  BPBM40000_Austrochaperina_A_sp_2                   0.04%    passed     80.15%
  71  BPBM19277_Cophixalus_iovaorum                      0.16%    passed     86.10%
  72  BPBM19338_Hylophorbus_cf__rufescens_10             0.20%    passed     99.69%
  73  BPBM37232_Hylophorbus_cf__rufescens_3              0.28%    passed     96.62%
  74  BPBM38914_Barygenys_maculata                       0.12%    passed     12.44%
  75  BPBM19371_Oreophryne_A_sp_4                        0.00%    passed     76.11%
  76  BPBM33749_Hylophorbus_richardsi                    0.08%    passed     85.61%
  77  BPBM18429_Cophixalus_albolineatus                  2.55%    passed     84.86%
  78  BPBM33664_Choerophryne_darlingtoni_complex_sp_2    0.81%    passed     98.97%
  79  BPBM34679_Choerophryne_proboscidea                 0.57%    passed     92.40%
  80  BPBM20538_Oreophryne_B_sp_3                        0.85%    passed     99.71%
  81  BPBM19314_Cophixalus_ateles                        2.18%    passed     96.02%
  82  BPBM38992_Oreophryne_A_sp_2                        1.98%    passed     32.27%
  83  BPBM39510_Oreophryne_B_phoebe                      1.54%    passed     55.11%
  84  BPBM37718_Cophixalus_clapporum                    20.97%    passed     29.96%
  85  BPBM39344_Oreophryne_B_sp_4                        1.25%    passed     47.08%
  86  BPBM38904_Barygenys_apodasta                       1.62%    passed     59.40%
  87  BPBM20126_Barygenys_aff__exsul_1                   1.78%    passed     37.71%
  88  BPBM15814_Cophixalus_variabilis_complex_sp_2       5.17%    passed     97.34%
  89  BPBM15708_Cophixalus_desticans_complex_sp_2        0.16%    passed     62.78%
  90  BPBM33674_Oreophryne_A_notata                      2.79%    failed      2.69%
  91  BPBM35692_Hylophorbus_cf__proekes                  1.78%    passed     61.14%
  92  BPBM20141_Callulops_doriae_complex_sp_2            1.78%    passed     44.31%
  93  BPBM17048_Hylophorbus_cf__rufescens_11             1.82%    passed     97.14%
  94  BPBM18509_Oreophryne_A_lemur                       1.41%    passed     85.29%
  95  BPBM33780_Xenorhina_parkerorum                     2.75%    passed     65.42%
  96  BPBM15259_Barygenys_resima                         1.94%    passed     46.73%
  97  BPBM20501_Oreophryne_B_meliades                    0.32%    passed     85.03%
  98  BPBM35986_Hylophorbus_cf__rufescens_17             2.02%    passed     95.61%
  99  BPBM27491_Cophixalus_verrucosus_complex_sp_3       1.13%    passed     84.33%
 100  BPBM15775_Oreophryne_B_equus                       1.45%    passed     73.73%
 101  BPBM15410_Mantophryne_cf__lateralis_2              1.25%    passed     97.77%
 102  BPBM39366_Oreophryne_A_sp_5                        1.86%    passed     85.70%
 103  BPBM37753_Paedophryne_dekot                        1.86%    passed     98.09%
 104  BPBM15707_Cophixalus_sp_5                          0.08%    passed     91.17%
 105  BPBM35735_Austrochaperina_B_sp_3                   0.00%    passed     96.90%
 106  TNHC58922_Oreophryne_B_variabilis                  3.19%    passed     63.12%
 107  CMNH1366_Oreophryne_A_anulata                      2.30%    passed     10.04%
 108  KU321316_Oreophryne_A_nana                         1.78%    passed     12.39%
 109  BPBM18605_Copiula_fistulans                        0.36%    passed     87.45%
 110  BPBM41683_Aphantophryne_B_pansa.3-Omunia_Camp      3.03%    passed     96.28%
 111  BPBM41681_Aphantophryne_B_pansa.3-Omunia_Camp      4.57%    passed     99.65%
 112  BPBM41685_Aphantophryne_B_pansa.3-Omunia_Camp      1.37%    passed     99.61%
 113  BPBM41682_Aphantophryne_B_pansa.3-Omunia_Camp      1.37%    passed     97.54%
 114  BPBM17084_Copiula_oxyrhina                         1.25%    passed     92.24%
 115  BPBM13862_Austrochaperina_B_macrorhyncha           0.85%    passed     96.73%
 116  BPBM18351_Choerophryne_gunnari                     2.26%    passed     53.45%
 117  BPBM20357_Genyophryne_thomsoni                     1.94%    passed     66.73%
 118  BPBM22740_Hylophorbus_cf__rufescens_16             1.13%    passed     95.66%
 119  BPBM20369_Hylophorbus_extimus                      0.85%    passed     97.27%
 120  BPBM22761_Hylophorbus_proekes                      0.85%    passed     97.43%
 121  BPBM15373_Liophryne_aff__dentata_2                 1.37%    passed     39.91%
 122  BPBM22754_Liophryne_schlaginhaufeni                1.13%    passed     51.23%
 123  BPBM20142_Mantophryne_louisiadensis                3.39%    passed     85.19%
 124  BPBM22511_Oreophryne_A_brachypus                   1.58%    passed     44.28%
 125  BPBM18510_Oreophryne_A_cf__geislerorum_1           1.17%    passed     28.30%
 126  BPBM17847_Choerophryne_sanguinopictus              1.66%    passed     98.81%
 127  BPBM16217_Oreophryne_A_inornata                    0.93%    passed     66.13%
 128  BPBM16546_Oreophryne_B_insulana                    2.63%    passed     77.70%
 129  BPBM22539_Oreophryne_A_loriae                      1.41%    passed     71.49%
 130  BPBM17890_Oxydactyla_crassa                        1.21%    passed     76.18%
 131  BPBM31477_Mantophryne_menziesi                     0.89%    passed     97.87%
 132  BPBM22793_Sphenophryne_cornuta                     3.64%    passed     59.94%
 133  BPBM22797_Xenorhina_arboricola                     0.89%    failed      3.81%
 134  BPBM28179_Xenorhina_mehelyi                        0.89%    passed     16.57%
 135  BPBM14060_Xenorhina_ocellata                       2.46%    passed     37.05%
 136  BPBM22795_Xenorhina_tumulus                        0.81%    passed      6.50%
 137  BPBM28153_Asterophrys_leucopus                     0.89%    passed     62.03%
 138  BPBM22649_Choerophryne_brunhildae                  0.97%    passed     90.66%
 139  BPBM18317_Choerophryne_exclamitans                 1.54%    passed     91.32%
 140  BPBM28204_Asterophrys_turpicola                    0.97%    passed     58.59%
 141  BPBM22665_Austrochaperina_B_basipalmata            1.62%    passed     71.00%
 142  BPBM22656_Austrochaperina_B_blumi                  1.29%    passed     90.00%
 143  BPBM22708_Copiula_tyleri                           0.04%    passed     73.77%
 144  BPBM22481_Austrochaperina_A_novaebritanniae        1.66%    passed     85.13%
 145  BPBM20112_Austrochaperina_A_yelaensis              3.84%    passed     72.30%
 146  BPBM15234_Austrochaperina_C_aff__palmipes_3        0.12%    passed     96.64%
 147  BPBM25756_Barygenys_atra                           0.85%    passed     48.58%
 148  BPBM25760_Barygenys_sp                             0.04%    passed     99.75%
 149  BPBM18504_Callulops_personatus                     0.89%    passed     99.31%
 150  BPBM13155_Callulops_eremnosphax                    1.62%    passed     91.58%
 151  BPBM20215_Cophixalus_cupricarenus                  2.51%    passed     94.82%
 152  BPBM20197_Cophixalus_melanops                      2.34%    passed     67.44%
 153  BPBM15665_Copiula_minor                            1.13%    passed     64.00%
 154  BPBM20287_Copiula_sp_6                            22.38%    passed     17.00%
 155  BPBM17827_Copiula_sp_4                             1.13%    passed     89.01%
 156  BPBM18388_Austrochaperina_A_parkeri                0.85%    passed     88.19%
 157  BPBM15355_Hylophorbus_cf__rufescens_4              1.13%    passed     85.90%
 158  BPBM18033_Hylophorbus_cf__rufescens_8              1.05%    passed     96.59%
 159  BPBM18441_Hylophorbus_cf__rufescens_12             1.45%    passed     81.97%
 160  BPBM18315_Liophryne_allisoni                       0.85%    passed     56.59%
 161  BPBM19360_Liophryne_magnitympanum                  1.29%    passed     64.61%
 162  BPBM20397_Mantophryne_axanthogaster                0.89%    passed     99.79%
 163  BPBM22784_Oreophryne_A_parkeri                    21.70%    passed     21.76%
 164  BPBM18128_Oreophryne_B_picticrus                   1.90%    passed     63.58%
 165  BPBM18002_Oreophryne_A_sp_7                        1.90%    passed     69.44%
 166  BPBM17980_Oreophryne_B_matawan                     6.95%    passed     80.16%
 167  BPBM22668_Austrochaperina_B_septentrionalis        1.86%    passed     63.65%
 168  BPBM22789_Oreophryne_A_parkopanorum                1.17%    passed     14.79%
 169  BPBM21474_Xenorhina_adisca                         1.09%    passed     37.08%
 170  BPBM22685_Choerophryne_rostellifer                 0.12%    passed     88.29%
 171  UMMZ211174_Dyscophis_antongilli                    2.18%    passed     83.90%
 172  UMMZ211181_Platypelis_grandis                      2.42%    passed     70.33%
 173  UMMZ219489_Scaphiophryne_marmorata                 0.08%    passed     78.46%
 174  BPBM20128_Barygenys_exsul                          0.89%    passed      8.08%
 175  ZMB74609_Asterophrys_senglaubi                     1.37%    passed     49.29%
 176  ZMB70535_Asterophrys_eurydactylus                  1.29%    passed     19.17%
 177  ZMB70187_Asterophrys_cf__marani                    1.58%    passed     20.48%
 178  ZMB63882_Asterophrys_marani                        2.63%    passed     40.93%
 179  ZMB70185_Asterophrys_cf__marani                    1.54%    passed     20.70%
 180  FK15527_Paedophryne_verrucosa                      1.49%    passed     23.45%
 181  BPBM39156_Oreophryne_A_sp_1                        0.81%    passed     33.48%
 182  BPBM19236_Callulops_bicolor                        1.54%    passed     56.74%
 183  BPBM35836_Callulops_microtis                       0.93%    passed     88.41%
 184  BPBM34741_Xenorhina_obesa                          0.85%    passed     33.97%
 185  BPBM20532_Oreophryne_B_sp_3                        0.89%    passed     99.80%
 186  BPBM15232_Austrochaperina_C_aff__palmipes_3        0.89%    passed     85.46%
 187  BPBM20469_Oreophryne_B_ezra                        4.16%    passed     42.92%
 188  BPBM33637_Choerophryne_murrita                     0.97%    passed     98.63%
 189  BPBM40143_Oreophryne_B_brunnea                     0.04%    passed     46.13%
 190  BPBM18097_Cophixalus_timidus                       1.29%    passed     86.66%
 191  BPBM20440_Oreophryne_B_meliades                    0.32%    passed     87.91%
 192  BPBM34697_Xenorhina_oxycephala                     0.00%    passed     29.14%
 193  BPBM16806_Callulops_robustus                       0.04%    passed     91.61%
 194  MB233_Cophixalus_sp_1                              2.71%    passed     72.31%
 195  MB291_Paedophryne_sp_1                             3.64%    passed     82.03%
 196  MB294_Hylophorbus_cf__rufescens_12                 0.04%    passed     87.73%
 197  MB300_Choerophryne_gunnari                         0.12%    passed     45.91%
 198  MB302_Cophixalus_sp_2                              0.00%    passed     54.48%
 199  MB309_Copiula_sp_5                                 2.51%    passed     68.80%
 200  MB327_Xenorhina_sp_1                              19.64%    passed     13.32%
 201  MB331_Mantophryne_cf__lateralis_4                  0.04%    passed     89.33%
 202  MB342_Oreophryne_A_loriae                          1.25%    passed     64.96%
 203  MB463_Choerophryne_sp_2                            0.44%    passed     84.86%
 204  MB466_Choerophryne_sp_1                            0.00%    passed     99.97%
 205  MB470_Cophixalus_cheesmanae_complex_sp_2           1.25%    passed     38.76%
 206  MB472_Choerophryne_sp_4                            0.00%    passed     58.32%
 207  MB475_Austrochaperina_C_aff__palmipes_4            0.00%    passed     98.74%
 208  MB479_Mantophryne_cf__lateralis_5                  2.91%    passed     97.41%
 209  MB482_Cophixalus_linnaeus                          0.24%    passed     86.36%
 210  MB483_Hylophorbus_cf__rufescens_5                  0.04%    passed     83.87%
 211  MB484_Oreophryne_A_cf__geislerorum_2               0.73%    passed     21.11%
 212  MB486_Paedophryne_swiftorum_complex_sp_2           6.51%    passed     29.80%
 213  MB508_Callulops_doriae_complex_sp_1                1.17%    passed     41.07%
 214  MB518_Mantophryne_cf__lateralis_1                  3.23%    passed     95.46%
 215  MB539_Austrochaperina_C_aff__palmipes_2            1.17%    passed     73.41%
 216  MB556_Hylophorbus_cf__rufescens_1                  1.25%    passed     94.69%
 217  MB571_Cophixalus_variabilis_complex_sp_3           0.00%    passed     93.20%
 218  MB583_Cophixalus_verrucosus_complex_sp_2           1.17%    passed     97.87%
 219  MB593_Liophryne_aff__dentata_3                     1.25%    passed     47.38%
 220  MB617_Cophixalus_desticans_complex_sp_1            0.00%    passed     44.78%
 221  MB626_Genyophryne_aff__thomsoni_2                  1.41%    passed     97.10%
 222  MB627_Oreophryne_B_penelopia                       1.33%    passed     80.94%
 223  BPBM31979_Hylophorbus_cf__rufescens_5              3.27%    passed     84.96%
 224  BPBM26182_Cophixalus_tomaiodactylus                1.29%    passed     98.92%
 225  BPBM23740_Callulops_personatus                     1.09%    passed     99.22%
 226  BPBM25837_Choerophryne_sp_3                        1.45%    passed     97.88%
 227  BPBM26194_Cophixalus_phaeobalius                   1.41%    passed     98.49%
 228  BPBM25754_Choerophryne_sp_4                        1.41%    passed     55.33%
 229  BPBM31337_Cophixalus_linnaeus                      1.37%    passed     86.18%
 230  BPBM31847_Cophixalus_cf__pipilans_2                0.28%    passed     71.79%
 231  BPBM31853_Genyophryne_aff__thomsoni_3              2.83%    passed     44.14%
 232  BPBM31808_Choerophryne_sp_1                        1.45%    passed     97.91%
 233  BPBM35367_Choerophryne_sp_4                        0.04%    passed     66.71%
 234  AA24862_Asterophrys_sp                             2.34%    passed     16.37%
 235  BPBM44363_Aphantophryne_sabini-Myola_GH            0.12%    passed     98.60%
 236  BPBM44369_Aphantophryne_sabini-Myola_GH            0.20%    passed     99.09%
 237  BPBM44373_Aphantophryne_sabini-Myola_GH            0.20%    passed     98.81%
 238  BJE1120_Oreophryne_A_senckenbergiana               1.29%    passed     43.70%
 239  BJE1143_Oreophryne_A_senckenbergiana               1.21%    passed     42.99%
 240  BJE1144_Oreophryne_A_senckenbergiana               1.21%    passed     42.49%
 241  BJE1248_Oreophryne_A_frontifasciata               21.82%    passed     75.31%
****  TOTAL                                              2.23%  2 sequences failed composition chi2 test (p-value<5%; df=3)

Loading 15 partitions...
Identifying sites to remove: done in 0.000452 secs
Identifying sites to remove: done in 0.0002722 secs
Identifying sites to remove: done in 0.0003568 secs
Identifying sites to remove: done in 0.0003724 secs
Identifying sites to remove: done in 0.0003042 secs
Identifying sites to remove: done in 0.0003423 secs
Subset	Type	Seqs	Sites	Infor	Invar	Model	Name
1	DNA	241	136	4	118	TNe+I+G4	sia_pos1
2	DNA	241	136	0	128	JC+I+G4	sia_pos2
WARNING: No parsimony-informative sites in partition sia_pos2
3	DNA	241	135	72	45	TN+F+I+G4	sia_pos3
4		241	173	78	78	K2P+G4	bdnf_pos1
5	DNA	241	172	16	154	TVMe+I+G4	bdnf_pos2
6	DNA	241	172	4	163	TIMe+I+G4	bdnf_pos3
7	DNA	241	185	16	144	TIM2+F+I+G4	nxc_pos1
8	DNA	241	185	10	164	GTR+F+I+G4	nxc_pos2
9	DNA	241	185	96	52	TN+F+G4	nxc_pos3
10	DNA	238	170	86	72	TPM2+I+G4	cyb_pos1
11	DNA	238	170	59	99	GTR+F+I+G4	cyb_pos2
12	DNA	238	170	170	0	GTR+F+ASC+G4	cyb_pos3
13	DNA	233	162	110	39	TIM2+F+I+G4	nd4_pos1
14	DNA	233	162	68	73	GTR+F+I+G4	nd4_pos2
15	DNA	233	162	162	0	TN+F+ASC+G4	nd4_pos3
Degree of missing data: 0.009
Info: multi-threading strategy over partitions


Create initial parsimony tree by phylogenetic likelihood library (PLL)... 0.069 seconds
Generating 1000 samples for ultrafast bootstrap (seed: 551384)...

NOTE: 55 MB RAM (0 GB) is required!
Estimate model parameters (epsilon = 0.100)
Initial log-likelihood: -98441.140
Current log-likelihood at step 1: -84447.007
Current log-likelihood at step 2: -84032.691
Current log-likelihood at step 3: -83977.542
Current log-likelihood at step 4: -83950.350
Current log-likelihood at step 5: -83911.214
Current log-likelihood at step 6: -83903.748
Current log-likelihood at step 7: -83898.522
Current log-likelihood at step 8: -83895.286
Current log-likelihood at step 9: -83892.271
Current log-likelihood at step 10: -83889.323
Current log-likelihood at step 11: -83886.374
Current log-likelihood at step 12: -83883.360
Current log-likelihood at step 13: -83880.177
Current log-likelihood at step 14: -83866.436
Current log-likelihood at step 15: -83862.873
Current log-likelihood at step 16: -83859.706
Current log-likelihood at step 17: -83856.491
Current log-likelihood at step 18: -83853.225
Current log-likelihood at step 19: -83849.904
Current log-likelihood at step 20: -83846.521
Current log-likelihood at step 21: -83843.081
Current log-likelihood at step 22: -83839.574
Current log-likelihood at step 23: -83836.004
Current log-likelihood at step 24: -83832.362
Current log-likelihood at step 25: -83828.649
Current log-likelihood at step 26: -83824.860
Current log-likelihood at step 27: -83820.993
Current log-likelihood at step 28: -83817.044
Current log-likelihood at step 29: -83813.008
Current log-likelihood at step 30: -83808.882
Current log-likelihood at step 31: -83804.661
Current log-likelihood at step 32: -83800.339
Current log-likelihood at step 33: -83795.910
Current log-likelihood at step 34: -83791.368
Current log-likelihood at step 35: -83786.719
Current log-likelihood at step 36: -83781.949
Current log-likelihood at step 37: -83777.051
Current log-likelihood at step 38: -83772.016
Current log-likelihood at step 39: -83766.842
Current log-likelihood at step 40: -83761.528
Current log-likelihood at step 41: -83756.051
Current log-likelihood at step 42: -83750.401
Current log-likelihood at step 43: -83744.567
Current log-likelihood at step 44: -83738.533
Current log-likelihood at step 45: -83732.285
Current log-likelihood at step 46: -83725.804
Current log-likelihood at step 47: -83719.072
Current log-likelihood at step 48: -83712.063
Current log-likelihood at step 49: -83704.750
Current log-likelihood at step 50: -83697.101
Current log-likelihood at step 51: -83689.076
Current log-likelihood at step 52: -83680.628
Current log-likelihood at step 53: -83671.701
Current log-likelihood at step 54: -83662.222
Current log-likelihood at step 55: -83652.108
Current log-likelihood at step 56: -83641.255
Current log-likelihood at step 57: -83629.558
Current log-likelihood at step 58: -83616.905
Current log-likelihood at step 59: -83505.474
Current log-likelihood at step 60: -83479.686
Current log-likelihood at step 61: -83477.136
Current log-likelihood at step 62: -83474.542
Current log-likelihood at step 63: -83471.909
Current log-likelihood at step 64: -83469.237
Current log-likelihood at step 65: -83466.533
Current log-likelihood at step 66: -83463.802
Current log-likelihood at step 67: -83461.045
Current log-likelihood at step 68: -83435.853
Current log-likelihood at step 69: -83434.101
Current log-likelihood at step 70: -83432.321
Current log-likelihood at step 71: -83430.503
Current log-likelihood at step 72: -83428.646
Current log-likelihood at step 73: -83426.749
Current log-likelihood at step 74: -83424.809
Current log-likelihood at step 75: -83422.822
Current log-likelihood at step 76: -83420.785
Current log-likelihood at step 77: -83418.699
Current log-likelihood at step 78: -83416.560
Current log-likelihood at step 79: -83414.367
Current log-likelihood at step 80: -83412.118
Current log-likelihood at step 81: -83409.812
Current log-likelihood at step 82: -83407.449
Current log-likelihood at step 83: -83405.027
Current log-likelihood at step 84: -83402.547
Current log-likelihood at step 85: -83400.010
Current log-likelihood at step 86: -83397.418
Current log-likelihood at step 87: -83394.775
Current log-likelihood at step 88: -83392.086
Current log-likelihood at step 89: -83389.357
Current log-likelihood at step 90: -83360.698
Current log-likelihood at step 91: -83360.383
Current log-likelihood at step 92: -83360.264
Current log-likelihood at step 93: -83360.153
Current log-likelihood at step 94: -83360.047
Current log-likelihood at step 95: -83359.943
Current log-likelihood at step 96: -83359.843
Current log-likelihood at step 97: -83359.742
Current log-likelihood at step 98: -83359.644
Partition-specific rates:  0.235 0.523 1.033 0.557 0.239 0.265 0.225 0.376 0.443 1.635 0.684 2.824 2.494 0.810 2.754
Parameters optimization took 97 rounds (55.344 sec)


WARNING: Estimated model parameters are at boundary that can cause numerical instability!

Wrote distance file to... 
Computing ML distances based on estimated model parameters...
Calculating distance matrix: done in 0.006903 secs using 226.4% CPU
Computing ML distances took 0.007237 sec (of wall-clock time) 0.015625 sec (of CPU time)
Setting up auxiliary I and S matrices: done in 0.0004365 secs
Constructing RapidNJ tree: done in 0.0012668 secs
Computing RapidNJ tree took 0.001800 sec (of wall-clock time) 0.000000 sec (of CPU time)
Log-likelihood of RapidNJ tree: -123064.495
--------------------------------------------------------------------
|             INITIALIZING CANDIDATE TREE SET                      |
--------------------------------------------------------------------
Generating 98 parsimony trees... 8.726 second
Computing log-likelihood of 98 initial trees ... 23.426 seconds
Current best score: -83359.644

Do NNI search on 20 best initial trees
Optimizing NNI: done in 2.73175 secs using 100.1% CPU
Estimate model parameters (epsilon = 0.100)
Initial log-likelihood: -83119.224
Current log-likelihood at step 1: -83117.455
Current log-likelihood at step 2: -83117.236
Current log-likelihood at step 3: -83117.120
Current log-likelihood at step 4: -83117.015
Current log-likelihood at step 5: -83116.927
Parameters optimization took 4 rounds (3.007 sec)


WARNING: Estimated model parameters are at boundary that can cause numerical instability!

BETTER TREE FOUND at iteration 1: -83116.927
Optimizing NNI: done in 4.83688 secs using 99.5% CPU
Estimate model parameters (epsilon = 0.100)
Initial log-likelihood: -83073.214
Current log-likelihood at step 1: -83071.129
Current log-likelihood at step 2: -83070.892
Current log-likelihood at step 3: -83070.788
Current log-likelihood at step 4: -83070.695
Parameters optimization took 3 rounds (2.521 sec)


WARNING: Estimated model parameters are at boundary that can cause numerical instability!

BETTER TREE FOUND at iteration 2: -83070.695
Optimizing NNI: done in 5.9474 secs using 100.1% CPU
Optimizing NNI: done in 6.056 secs using 100.1% CPU
Optimizing NNI: done in 4.89219 secs using 99.97% CPU
Estimate model parameters (epsilon = 0.100)
Initial log-likelihood: -83007.458
Current log-likelihood at step 1: -83006.186
Current log-likelihood at step 2: -83006.022
Current log-likelihood at step 3: -83005.926
Parameters optimization took 2 rounds (1.873 sec)


WARNING: Estimated model parameters are at boundary that can cause numerical instability!

BETTER TREE FOUND at iteration 5: -83005.926
Optimizing NNI: done in 6.26772 secs using 99.97% CPU
Optimizing NNI: done in 4.79672 secs using 99.68% CPU
Optimizing NNI: done in 6.25513 secs using 99.92% CPU
Optimizing NNI: done in 4.75318 secs using 99.93% CPU
Optimizing NNI: done in 5.83424 secs using 99.9% CPU
Estimate model parameters (epsilon = 0.100)
Initial log-likelihood: -82977.558
Current log-likelihood at step 1: -82976.634
Current log-likelihood at step 2: -82976.488
Current log-likelihood at step 3: -82976.401
Parameters optimization took 2 rounds (1.839 sec)


WARNING: Estimated model parameters are at boundary that can cause numerical instability!

BETTER TREE FOUND at iteration 10: -82976.401
Iteration 10 / LogL: -82976.401 / Time: 0h:2m:31s
Optimizing NNI: done in 6.09547 secs using 99.97% CPU
Optimizing NNI: done in 4.85567 secs using 100.1% CPU
Optimizing NNI: done in 4.39954 secs using 99.8% CPU
Optimizing NNI: done in 5.00686 secs using 99.86% CPU
Optimizing NNI: done in 5.41266 secs using 100.2% CPU
Optimizing NNI: done in 4.98055 secs using 100.1% CPU
Optimizing NNI: done in 5.85932 secs using 99.73% CPU
Optimizing NNI: done in 6.9766 secs using 99.89% CPU
Optimizing NNI: done in 5.38569 secs using 99.8% CPU
Optimizing NNI: done in 4.92416 secs using 99.64% CPU
Iteration 20 / LogL: -83076.308 / Time: 0h:3m:25s
Finish initializing candidate tree set (20)
Current best tree score: -82976.401 / CPU time: 148.136
Number of iterations: 20
--------------------------------------------------------------------
|               OPTIMIZING CANDIDATE TREE SET                      |
--------------------------------------------------------------------
Optimizing NNI: done in 3.37931 secs using 99.41% CPU
Optimizing NNI: done in 3.04366 secs using 99.59% CPU
Optimizing NNI: done in 3.85882 secs using 100% CPU
Optimizing NNI: done in 4.02187 secs using 100.2% CPU
Optimizing NNI: done in 3.99976 secs using 99.62% CPU
Optimizing NNI: done in 3.96094 secs using 99.8% CPU
Optimizing NNI: done in 3.34036 secs using 100.1% CPU
Optimizing NNI: done in 3.38889 secs using 100.1% CPU
Optimizing NNI: done in 3.51575 secs using 100% CPU
Estimate model parameters (epsilon = 0.100)
Initial log-likelihood: -82974.303
Current log-likelihood at step 1: -82973.392
Current log-likelihood at step 2: -82973.157
Current log-likelihood at step 3: -82972.990
Current log-likelihood at step 4: -82972.879
Current log-likelihood at step 5: -82972.786
Parameters optimization took 4 rounds (2.895 sec)


WARNING: Estimated model parameters are at boundary that can cause numerical instability!

BETTER TREE FOUND at iteration 29: -82972.786
Optimizing NNI: done in 3.71685 secs using 99.63% CPU
Iteration 30 / LogL: -82979.145 / Time: 0h:4m:5s (0h:13m:57s left)
Optimizing NNI: done in 4.01541 secs using 100% CPU
Optimizing NNI: done in 4.17692 secs using 99.88% CPU
Optimizing NNI: done in 3.36454 secs using 99.85% CPU
Optimizing NNI: done in 3.733 secs using 100% CPU
Estimate model parameters (epsilon = 0.100)
Initial log-likelihood: -82969.335
Current log-likelihood at step 1: -82968.314
Current log-likelihood at step 2: -82968.127
Current log-likelihood at step 3: -82968.037
Parameters optimization took 2 rounds (1.584 sec)


WARNING: Estimated model parameters are at boundary that can cause numerical instability!

BETTER TREE FOUND at iteration 34: -82968.037
Optimizing NNI: done in 3.70845 secs using 100.3% CPU
Optimizing NNI: done in 4.16379 secs using 99.82% CPU
Optimizing NNI: done in 3.55089 secs using 99.45% CPU
Optimizing NNI: done in 3.6338 secs using 100.2% CPU
Estimate model parameters (epsilon = 0.100)
Initial log-likelihood: -82963.893
Current log-likelihood at step 1: -82963.625
Current log-likelihood at step 2: -82963.516
Current log-likelihood at step 3: -82963.431
Parameters optimization took 2 rounds (1.538 sec)


WARNING: Estimated model parameters are at boundary that can cause numerical instability!

BETTER TREE FOUND at iteration 38: -82963.431
Optimizing NNI: done in 3.17954 secs using 99.76% CPU
Optimizing NNI: done in 3.52904 secs using 100.1% CPU
Iteration 40 / LogL: -82977.021 / Time: 0h:4m:46s (0h:11m:58s left)
Optimizing NNI: done in 3.73636 secs using 99.53% CPU
Optimizing NNI: done in 3.32735 secs using 99.55% CPU
Optimizing NNI: done in 3.5613 secs using 100% CPU
Estimate model parameters (epsilon = 0.100)
Initial log-likelihood: -82955.120
Current log-likelihood at step 1: -82954.797
Current log-likelihood at step 2: -82954.691
Current log-likelihood at step 3: -82954.621
Parameters optimization took 2 rounds (1.482 sec)


WARNING: Estimated model parameters are at boundary that can cause numerical instability!

BETTER TREE FOUND at iteration 43: -82954.621
Optimizing NNI: done in 3.51649 secs using 99.98% CPU
Optimizing NNI: done in 3.39321 secs using 100.4% CPU
Estimate model parameters (epsilon = 0.100)
Initial log-likelihood: -82953.983
Current log-likelihood at step 1: -82951.896
Current log-likelihood at step 2: -82951.627
Current log-likelihood at step 3: -82951.536
Parameters optimization took 2 rounds (1.576 sec)


WARNING: Estimated model parameters are at boundary that can cause numerical instability!

BETTER TREE FOUND at iteration 45: -82951.536
Optimizing NNI: done in 3.5463 secs using 100% CPU
Optimizing NNI: done in 3.57159 secs using 99.75% CPU
Optimizing NNI: done in 3.52156 secs using 99.39% CPU
Optimizing NNI: done in 3.5655 secs using 99.92% CPU
Optimizing NNI: done in 4.0567 secs using 100.1% CPU
Iteration 50 / LogL: -82958.695 / Time: 0h:5m:25s (0h:10m:31s left)
Log-likelihood cutoff on original alignment: -83059.773
Optimizing NNI: done in 3.2528 secs using 99.91% CPU
Optimizing NNI: done in 3.68054 secs using 99.76% CPU
Optimizing NNI: done in 4.0145 secs using 100% CPU
Optimizing NNI: done in 3.98965 secs using 99.87% CPU
Optimizing NNI: done in 3.78549 secs using 99.89% CPU
Optimizing NNI: done in 3.69164 secs using 100.3% CPU
Optimizing NNI: done in 3.17308 secs using 99.96% CPU
Optimizing NNI: done in 3.84547 secs using 99.96% CPU
Estimate model parameters (epsilon = 0.100)
Initial log-likelihood: -82949.782
Current log-likelihood at step 1: -82949.655
Current log-likelihood at step 2: -82949.575
Parameters optimization took 1 rounds (1.092 sec)


WARNING: Estimated model parameters are at boundary that can cause numerical instability!

BETTER TREE FOUND at iteration 58: -82949.575
Optimizing NNI: done in 3.50205 secs using 99.5% CPU
Optimizing NNI: done in 3.43289 secs using 99.68% CPU
Iteration 60 / LogL: -82951.976 / Time: 0h:6m:4s (0h:10m:4s left)
Optimizing NNI: done in 3.63083 secs using 99.84% CPU
Optimizing NNI: done in 3.75444 secs using 99.88% CPU
Optimizing NNI: done in 3.24899 secs using 99.07% CPU
Optimizing NNI: done in 3.48343 secs using 99.58% CPU
Optimizing NNI: done in 3.56517 secs using 99.93% CPU
Optimizing NNI: done in 3.26186 secs using 99.64% CPU
Optimizing NNI: done in 3.33851 secs using 100.2% CPU
Optimizing NNI: done in 3.64765 secs using 99.81% CPU
Estimate model parameters (epsilon = 0.100)
Initial log-likelihood: -82946.592
Current log-likelihood at step 1: -82946.256
Current log-likelihood at step 2: -82946.130
Current log-likelihood at step 3: -82946.038
Parameters optimization took 2 rounds (1.536 sec)


WARNING: Estimated model parameters are at boundary that can cause numerical instability!

BETTER TREE FOUND at iteration 68: -82946.038
Optimizing NNI: done in 3.39676 secs using 99.82% CPU
Optimizing NNI: done in 4.09487 secs using 99.97% CPU
Iteration 70 / LogL: -82961.419 / Time: 0h:6m:41s (0h:9m:30s left)
Optimizing NNI: done in 3.21519 secs using 99.62% CPU
Optimizing NNI: done in 3.10445 secs using 100.2% CPU
Optimizing NNI: done in 3.34342 secs using 100% CPU
Optimizing NNI: done in 3.63252 secs using 99.79% CPU
Optimizing NNI: done in 3.61099 secs using 99.96% CPU
Optimizing NNI: done in 3.46651 secs using 100.1% CPU
Optimizing NNI: done in 3.50264 secs using 99.92% CPU
Optimizing NNI: done in 2.83251 secs using 99.85% CPU
Optimizing NNI: done in 3.21825 secs using 100% CPU
Optimizing NNI: done in 3.62277 secs using 99.63% CPU
Iteration 80 / LogL: -82952.552 / Time: 0h:7m:15s (0h:8m:5s left)
Optimizing NNI: done in 2.88453 secs using 99.67% CPU
Optimizing NNI: done in 3.37491 secs using 100% CPU
Estimate model parameters (epsilon = 0.100)
Initial log-likelihood: -82943.739
Current log-likelihood at step 1: -82943.454
Current log-likelihood at step 2: -82943.360
Parameters optimization took 1 rounds (1.119 sec)


WARNING: Estimated model parameters are at boundary that can cause numerical instability!

BETTER TREE FOUND at iteration 82: -82943.360
Optimizing NNI: done in 3.24525 secs using 100.1% CPU
Optimizing NNI: done in 3.19652 secs using 100.2% CPU
Optimizing NNI: done in 3.42344 secs using 100.4% CPU
Optimizing NNI: done in 3.5283 secs using 100.1% CPU
Optimizing NNI: done in 3.18111 secs using 100.2% CPU
Optimizing NNI: done in 2.9715 secs using 99.91% CPU
Optimizing NNI: done in 3.4198 secs using 100.1% CPU
Optimizing NNI: done in 3.15339 secs using 100.1% CPU
Iteration 90 / LogL: -82945.377 / Time: 0h:7m:49s (0h:8m:5s left)
Optimizing NNI: done in 3.29949 secs using 99.92% CPU
Optimizing NNI: done in 3.12857 secs using 99.89% CPU
Optimizing NNI: done in 3.86901 secs using 99.75% CPU
Optimizing NNI: done in 2.81527 secs using 99.9% CPU
Optimizing NNI: done in 3.839 secs using 99.31% CPU
Optimizing NNI: done in 3.40632 secs using 100% CPU
Optimizing NNI: done in 3.52406 secs using 100.2% CPU
Optimizing NNI: done in 3.77302 secs using 100.2% CPU
Optimizing NNI: done in 3.83173 secs using 100.3% CPU
Optimizing NNI: done in 3.4008 secs using 99.7% CPU
Iteration 100 / LogL: -82948.970 / Time: 0h:8m:25s (0h:6m:58s left)
Log-likelihood cutoff on original alignment: -83059.773
NOTE: Bootstrap correlation coefficient of split occurrence frequencies: 0.988
NOTE: UFBoot does not converge, continue at least 100 more iterations
Optimizing NNI: done in 3.15698 secs using 99.98% CPU
Optimizing NNI: done in 3.20328 secs using 100% CPU
Optimizing NNI: done in 3.01203 secs using 100.1% CPU
Optimizing NNI: done in 2.99237 secs using 99.73% CPU
Optimizing NNI: done in 2.96005 secs using 100.3% CPU
Optimizing NNI: done in 3.74503 secs using 99.3% CPU
Optimizing NNI: done in 3.47113 secs using 99.48% CPU
Optimizing NNI: done in 3.11245 secs using 99.9% CPU
Optimizing NNI: done in 3.35508 secs using 100.1% CPU
Optimizing NNI: done in 3.98469 secs using 99.99% CPU
Iteration 110 / LogL: -83054.959 / Time: 0h:8m:59s (0h:7m:25s left)
Optimizing NNI: done in 3.16629 secs using 99.68% CPU
Optimizing NNI: done in 3.48723 secs using 99.92% CPU
Optimizing NNI: done in 3.23858 secs using 99.87% CPU
Optimizing NNI: done in 3.68951 secs using 99.95% CPU
Estimate model parameters (epsilon = 0.100)
Initial log-likelihood: -82943.047
Current log-likelihood at step 1: -82942.925
Current log-likelihood at step 2: -82942.843
Parameters optimization took 1 rounds (0.946 sec)


WARNING: Estimated model parameters are at boundary that can cause numerical instability!

UPDATE BEST LOG-LIKELIHOOD: -82942.843
Optimizing NNI: done in 3.36052 secs using 100.4% CPU
Optimizing NNI: done in 3.63897 secs using 100% CPU
Optimizing NNI: done in 3.30494 secs using 99.76% CPU
Optimizing NNI: done in 3.06839 secs using 99.81% CPU
Optimizing NNI: done in 3.67653 secs using 99.87% CPU
Optimizing NNI: done in 3.931 secs using 100.2% CPU
Iteration 120 / LogL: -82947.014 / Time: 0h:9m:35s (0h:6m:26s left)
Optimizing NNI: done in 3.44059 secs using 100.4% CPU
Optimizing NNI: done in 3.34218 secs using 100% CPU
Optimizing NNI: done in 3.09807 secs using 100.4% CPU
BETTER TREE FOUND at iteration 123: -82942.841
Optimizing NNI: done in 4.1262 secs using 99.97% CPU
Estimate model parameters (epsilon = 0.100)
Initial log-likelihood: -82942.036
Current log-likelihood at step 1: -82941.551
Current log-likelihood at step 2: -82941.470
Parameters optimization took 1 rounds (1.270 sec)


WARNING: Estimated model parameters are at boundary that can cause numerical instability!

BETTER TREE FOUND at iteration 124: -82941.470
Optimizing NNI: done in 3.4831 secs using 99.59% CPU
Optimizing NNI: done in 2.84826 secs using 99.84% CPU
Optimizing NNI: done in 3.41466 secs using 99.75% CPU
Optimizing NNI: done in 565.676 secs using 0.6905% CPU
Optimizing NNI: done in 3.96428 secs using 99.32% CPU
Optimizing NNI: done in 3.31913 secs using 100.3% CPU
Iteration 130 / LogL: -82947.215 / Time: 0h:19m:34s (0h:14m:15s left)
Optimizing NNI: done in 3.26453 secs using 99.55% CPU
Optimizing NNI: done in 3.31518 secs using 99.45% CPU
Optimizing NNI: done in 3.28909 secs using 99.76% CPU
Optimizing NNI: done in 3.44941 secs using 99.2% CPU
Optimizing NNI: done in 3.13756 secs using 100.1% CPU
Optimizing NNI: done in 3.40355 secs using 100.1% CPU
Optimizing NNI: done in 3.15708 secs using 99.97% CPU
Optimizing NNI: done in 3.07935 secs using 99.96% CPU
Optimizing NNI: done in 3.5907 secs using 100.1% CPU
Optimizing NNI: done in 2.8739 secs using 100% CPU
Iteration 140 / LogL: -82993.354 / Time: 0h:20m:7s (0h:12m:9s left)
Optimizing NNI: done in 3.47524 secs using 99.81% CPU
Optimizing NNI: done in 3.51353 secs using 100.1% CPU
Optimizing NNI: done in 2.79226 secs using 99.61% CPU
Optimizing NNI: done in 2.83479 secs using 100.3% CPU
Optimizing NNI: done in 2.71715 secs using 100.1% CPU
Optimizing NNI: done in 3.0306 secs using 100% CPU
Optimizing NNI: done in 3.37822 secs using 99.9% CPU
Optimizing NNI: done in 3.0425 secs using 100.1% CPU
Optimizing NNI: done in 3.54208 secs using 100.1% CPU
Optimizing NNI: done in 3.6669 secs using 100.1% CPU
Iteration 150 / LogL: -82945.218 / Time: 0h:20m:39s (0h:10m:15s left)
Log-likelihood cutoff on original alignment: -83059.773
Optimizing NNI: done in 3.67211 secs using 99.99% CPU
Optimizing NNI: done in 3.08262 secs using 98.84% CPU
Optimizing NNI: done in 3.74066 secs using 99.41% CPU
Optimizing NNI: done in 4.68093 secs using 99.14% CPU
Optimizing NNI: done in 3.10324 secs using 100.2% CPU
Optimizing NNI: done in 3.82432 secs using 99.28% CPU
Optimizing NNI: done in 3.78723 secs using 99.43% CPU
Optimizing NNI: done in 3.47955 secs using 100.1% CPU
Optimizing NNI: done in 4.19396 secs using 99.1% CPU
Optimizing NNI: done in 3.29414 secs using 98.66% CPU
Iteration 160 / LogL: -82951.931 / Time: 0h:21m:18s (0h:8m:34s left)
Optimizing NNI: done in 3.70765 secs using 100.3% CPU
Optimizing NNI: done in 3.92504 secs using 99.52% CPU
Optimizing NNI: done in 3.3898 secs using 98.64% CPU
Optimizing NNI: done in 3.40784 secs using 99.95% CPU
Optimizing NNI: done in 3.89478 secs using 97.49% CPU
Optimizing NNI: done in 3.3193 secs using 98.38% CPU
Optimizing NNI: done in 3.72252 secs using 97.38% CPU
Optimizing NNI: done in 3.54491 secs using 99.17% CPU
Optimizing NNI: done in 3.37097 secs using 100.1% CPU
Estimate model parameters (epsilon = 0.100)
Initial log-likelihood: -82941.384
Current log-likelihood at step 1: -82940.886
Current log-likelihood at step 2: -82940.794
Parameters optimization took 1 rounds (1.261 sec)


WARNING: Estimated model parameters are at boundary that can cause numerical instability!

BETTER TREE FOUND at iteration 169: -82940.794
Optimizing NNI: done in 2.85313 secs using 99.67% CPU
Iteration 170 / LogL: -82941.769 / Time: 0h:21m:55s (0h:12m:50s left)
Optimizing NNI: done in 3.37851 secs using 99.9% CPU
Optimizing NNI: done in 2.96184 secs using 100.2% CPU
Optimizing NNI: done in 3.64651 secs using 100.3% CPU
Optimizing NNI: done in 3.15586 secs using 100% CPU
Estimate model parameters (epsilon = 0.100)
Initial log-likelihood: -82940.627
Current log-likelihood at step 1: -82940.537
Parameters optimization took 0 rounds (0.518 sec)


WARNING: Estimated model parameters are at boundary that can cause numerical instability!

BETTER TREE FOUND at iteration 174: -82940.537
Optimizing NNI: done in 2.91908 secs using 99.56% CPU
Optimizing NNI: done in 3.49096 secs using 100.3% CPU
Optimizing NNI: done in 2.99837 secs using 100.1% CPU
Optimizing NNI: done in 3.04513 secs using 99.54% CPU
Optimizing NNI: done in 3.21831 secs using 100% CPU
Optimizing NNI: done in 3.39986 secs using 97.89% CPU
Iteration 180 / LogL: -82940.537 / Time: 0h:22m:28s (0h:11m:48s left)
Optimizing NNI: done in 4.29067 secs using 99.05% CPU
Optimizing NNI: done in 3.32537 secs using 99.14% CPU
Optimizing NNI: done in 4.8836 secs using 99.18% CPU
Optimizing NNI: done in 3.56519 secs using 99.92% CPU
Optimizing NNI: done in 3.20755 secs using 99.86% CPU
Optimizing NNI: done in 3.03751 secs using 100.3% CPU
Optimizing NNI: done in 3.38655 secs using 100.1% CPU
Optimizing NNI: done in 2.91533 secs using 99.69% CPU
Optimizing NNI: done in 3.55226 secs using 99.85% CPU
Optimizing NNI: done in 2.99246 secs using 99.73% CPU
Iteration 190 / LogL: -82958.718 / Time: 0h:23m:4s (0h:10m:15s left)
Optimizing NNI: done in 3.03068 secs using 100% CPU
Optimizing NNI: done in 3.35614 secs using 99.63% CPU
Optimizing NNI: done in 3.37075 secs using 100.1% CPU
Optimizing NNI: done in 2.62401 secs using 100% CPU
Optimizing NNI: done in 3.43547 secs using 100.1% CPU
Optimizing NNI: done in 3.02163 secs using 100.3% CPU
Optimizing NNI: done in 3.18453 secs using 100.1% CPU
Optimizing NNI: done in 3.37661 secs using 99.95% CPU
Optimizing NNI: done in 3.33803 secs using 100.2% CPU
Optimizing NNI: done in 2.99683 secs using 100.1% CPU
Iteration 200 / LogL: -82943.768 / Time: 0h:23m:36s (0h:8m:46s left)
Log-likelihood cutoff on original alignment: -83059.773
NOTE: Bootstrap correlation coefficient of split occurrence frequencies: 0.996
Optimizing NNI: done in 3.2678 secs using 99.93% CPU
Optimizing NNI: done in 2.87502 secs using 99.46% CPU
Optimizing NNI: done in 2.95439 secs using 99.96% CPU
Optimizing NNI: done in 3.55516 secs using 100.2% CPU
Optimizing NNI: done in 3.873 secs using 100.1% CPU
Optimizing NNI: done in 3.16984 secs using 100.1% CPU
Optimizing NNI: done in 3.20864 secs using 99.34% CPU
Optimizing NNI: done in 3.49989 secs using 99.11% CPU
Optimizing NNI: done in 3.79235 secs using 100.1% CPU
Optimizing NNI: done in 4.01967 secs using 99.9% CPU
Iteration 210 / LogL: -82949.055 / Time: 0h:24m:11s (0h:10m:25s left)
Optimizing NNI: done in 3.33261 secs using 99.87% CPU
Optimizing NNI: done in 3.47795 secs using 98.84% CPU
Optimizing NNI: done in 3.63678 secs using 98.82% CPU
Optimizing NNI: done in 4.00734 secs using 100.2% CPU
Optimizing NNI: done in 4.0015 secs using 98.79% CPU
Optimizing NNI: done in 3.72459 secs using 97.33% CPU
Optimizing NNI: done in 3.93902 secs using 99.96% CPU
Optimizing NNI: done in 3.47434 secs using 99.84% CPU
Optimizing NNI: done in 4.45079 secs using 99.7% CPU
Optimizing NNI: done in 3.82531 secs using 100.1% CPU
Iteration 220 / LogL: -82943.317 / Time: 0h:24m:50s (0h:9m:4s left)
Optimizing NNI: done in 3.59818 secs using 99.88% CPU
Optimizing NNI: done in 3.87797 secs using 99.52% CPU
Optimizing NNI: done in 2.71244 secs using 100.2% CPU
Optimizing NNI: done in 2.89115 secs using 99.98% CPU
Optimizing NNI: done in 3.28171 secs using 99.99% CPU
Optimizing NNI: done in 3.13367 secs using 100.2% CPU
Optimizing NNI: done in 3.52842 secs using 100.1% CPU
Optimizing NNI: done in 3.29842 secs using 99.95% CPU
Optimizing NNI: done in 2.86687 secs using 99.74% CPU
Optimizing NNI: done in 2.96373 secs using 100.2% CPU
Iteration 230 / LogL: -82949.211 / Time: 0h:25m:23s (0h:7m:45s left)
Optimizing NNI: done in 2.88476 secs using 100.2% CPU
Optimizing NNI: done in 2.80234 secs using 99.8% CPU
Optimizing NNI: done in 3.08714 secs using 100.2% CPU
Optimizing NNI: done in 3.89256 secs using 99.95% CPU
Optimizing NNI: done in 3.52765 secs using 98.33% CPU
Optimizing NNI: done in 3.27245 secs using 99.79% CPU
Optimizing NNI: done in 3.31338 secs using 99.5% CPU
Optimizing NNI: done in 3.28049 secs using 99.55% CPU
Optimizing NNI: done in 3.53241 secs using 99.52% CPU
Optimizing NNI: done in 3.31218 secs using 100% CPU
Iteration 240 / LogL: -82940.548 / Time: 0h:25m:56s (0h:6m:30s left)
Optimizing NNI: done in 2.96286 secs using 98.62% CPU
Optimizing NNI: done in 3.31086 secs using 100% CPU
Optimizing NNI: done in 3.68827 secs using 99.13% CPU
Optimizing NNI: done in 3.36753 secs using 100.2% CPU
Optimizing NNI: done in 3.31524 secs using 99.92% CPU
Optimizing NNI: done in 3.61586 secs using 99.82% CPU
Optimizing NNI: done in 3.40406 secs using 100.1% CPU
Optimizing NNI: done in 3.138 secs using 100.1% CPU
Optimizing NNI: done in 3.2316 secs using 98.64% CPU
Optimizing NNI: done in 3.78718 secs using 98.61% CPU
Iteration 250 / LogL: -82942.350 / Time: 0h:26m:31s (0h:5m:19s left)
Log-likelihood cutoff on original alignment: -83052.444
Optimizing NNI: done in 2.80862 secs using 100.1% CPU
Optimizing NNI: done in 2.84485 secs using 99.96% CPU
Optimizing NNI: done in 3.18808 secs using 98.02% CPU
Optimizing NNI: done in 3.03117 secs using 99.49% CPU
Optimizing NNI: done in 3.54121 secs using 99.72% CPU
Optimizing NNI: done in 3.71887 secs using 100% CPU
Optimizing NNI: done in 3.38995 secs using 99.1% CPU
Optimizing NNI: done in 3.14554 secs using 99.84% CPU
Optimizing NNI: done in 3.8809 secs using 100.3% CPU
Optimizing NNI: done in 3.52078 secs using 97.19% CPU
Iteration 260 / LogL: -82984.905 / Time: 0h:27m:5s (0h:4m:11s left)
Optimizing NNI: done in 3.23924 secs using 100.3% CPU
Optimizing NNI: done in 3.37615 secs using 99.97% CPU
Optimizing NNI: done in 2.79782 secs using 99.97% CPU
Optimizing NNI: done in 3.8977 secs using 99.42% CPU
Optimizing NNI: done in 3.49334 secs using 100.2% CPU
Optimizing NNI: done in 2.95864 secs using 99.29% CPU
Optimizing NNI: done in 3.69277 secs using 99.01% CPU
Optimizing NNI: done in 2.81866 secs using 99.23% CPU
Optimizing NNI: done in 3.35337 secs using 100.2% CPU
Optimizing NNI: done in 3.04932 secs using 98.38% CPU
Iteration 270 / LogL: -82942.893 / Time: 0h:27m:38s (0h:3m:4s left)
Optimizing NNI: done in 3.06694 secs using 99.86% CPU
Optimizing NNI: done in 3.09909 secs using 99.83% CPU
Optimizing NNI: done in 2.93624 secs using 100% CPU
Optimizing NNI: done in 3.69329 secs using 97.3% CPU
Optimizing NNI: done in 3.50496 secs using 99.86% CPU
TREE SEARCH COMPLETED AFTER 275 ITERATIONS / Time: 0h:27m:55s

--------------------------------------------------------------------
|                    FINALIZING TREE SEARCH                        |
--------------------------------------------------------------------
Performs final model parameters optimization
Estimate model parameters (epsilon = 0.010)
Initial log-likelihood: -82940.537
Current log-likelihood at step 1: -82940.458
Current log-likelihood at step 2: -82940.388
Current log-likelihood at step 3: -82940.314
Current log-likelihood at step 4: -82940.238
Current log-likelihood at step 5: -82940.168
Current log-likelihood at step 6: -82940.100
Current log-likelihood at step 7: -82940.030
Current log-likelihood at step 8: -82939.961
Current log-likelihood at step 9: -82939.893
Current log-likelihood at step 10: -82939.826
Current log-likelihood at step 11: -82939.760
Current log-likelihood at step 12: -82939.694
Current log-likelihood at step 13: -82939.628
Current log-likelihood at step 14: -82939.564
Current log-likelihood at step 15: -82939.500
Current log-likelihood at step 16: -82939.436
Current log-likelihood at step 17: -82939.373
Current log-likelihood at step 18: -82939.310
Current log-likelihood at step 19: -82939.248
Current log-likelihood at step 20: -82939.187
Current log-likelihood at step 21: -82939.126
Current log-likelihood at step 22: -82939.065
Current log-likelihood at step 23: -82939.005
Current log-likelihood at step 24: -82938.946
Current log-likelihood at step 25: -82938.887
Current log-likelihood at step 26: -82938.829
Current log-likelihood at step 27: -82938.772
Current log-likelihood at step 28: -82938.714
Current log-likelihood at step 29: -82938.658
Current log-likelihood at step 30: -82938.602
Current log-likelihood at step 31: -82938.546
Current log-likelihood at step 32: -82938.486
Current log-likelihood at step 33: -82938.431
Current log-likelihood at step 34: -82938.377
Current log-likelihood at step 35: -82938.324
Current log-likelihood at step 36: -82938.270
Current log-likelihood at step 37: -82938.217
Current log-likelihood at step 38: -82938.165
Current log-likelihood at step 39: -82938.113
Current log-likelihood at step 40: -82938.061
Current log-likelihood at step 41: -82938.010
Current log-likelihood at step 42: -82937.959
Current log-likelihood at step 43: -82937.909
Current log-likelihood at step 44: -82937.859
Current log-likelihood at step 45: -82937.809
Current log-likelihood at step 46: -82937.760
Current log-likelihood at step 47: -82937.711
Current log-likelihood at step 48: -82937.663
Current log-likelihood at step 49: -82937.615
Current log-likelihood at step 50: -82937.568
Current log-likelihood at step 51: -82937.520
Current log-likelihood at step 52: -82937.473
Current log-likelihood at step 53: -82937.427
Current log-likelihood at step 54: -82937.381
Current log-likelihood at step 55: -82937.335
Current log-likelihood at step 56: -82937.290
Current log-likelihood at step 57: -82937.245
Current log-likelihood at step 58: -82937.201
Current log-likelihood at step 59: -82937.156
Current log-likelihood at step 60: -82937.112
Current log-likelihood at step 61: -82937.069
Current log-likelihood at step 62: -82937.025
Current log-likelihood at step 63: -82936.982
Current log-likelihood at step 64: -82936.940
Current log-likelihood at step 65: -82936.897
Current log-likelihood at step 66: -82936.855
Current log-likelihood at step 67: -82936.813
Current log-likelihood at step 68: -82936.772
Current log-likelihood at step 69: -82936.731
Current log-likelihood at step 70: -82936.690
Current log-likelihood at step 71: -82936.649
Current log-likelihood at step 72: -82936.609
Current log-likelihood at step 73: -82936.569
Current log-likelihood at step 74: -82936.529
Current log-likelihood at step 75: -82936.490
Current log-likelihood at step 76: -82936.450
Current log-likelihood at step 77: -82936.412
Current log-likelihood at step 78: -82936.373
Current log-likelihood at step 79: -82936.334
Current log-likelihood at step 80: -82936.296
Current log-likelihood at step 81: -82936.258
Current log-likelihood at step 82: -82936.220
Current log-likelihood at step 83: -82936.182
Current log-likelihood at step 84: -82936.145
Current log-likelihood at step 85: -82936.107
Current log-likelihood at step 86: -82936.070
Current log-likelihood at step 87: -82936.034
Current log-likelihood at step 88: -82935.997
Current log-likelihood at step 89: -82935.961
Current log-likelihood at step 90: -82935.924
Current log-likelihood at step 91: -82935.880
Current log-likelihood at step 92: -82935.834
Current log-likelihood at step 93: -82935.784
Current log-likelihood at step 94: -82935.738
Current log-likelihood at step 95: -82935.693
Current log-likelihood at step 96: -82935.649
Current log-likelihood at step 97: -82935.604
Current log-likelihood at step 98: -82935.561
Current log-likelihood at step 99: -82935.517
Partition-specific rates:  0.183 0.259 1.081 0.564 0.180 0.154 0.194 0.387 0.433 1.678 0.597 2.962 2.601 0.849 2.945
Parameters optimization took 99 rounds (62.003 sec)


WARNING: Estimated model parameters are at boundary that can cause numerical instability!

Partition information was printed to nomerge08.nex.best_scheme.nex.best_model.nex
BEST SCORE FOUND : -82935.517
Creating bootstrap support values...
Split supports printed to NEXUS file nomerge08.nex.best_scheme.nex.splits.nex
Total tree length: 6.450

Total number of iterations: 275
CPU time used for tree search: 1053.406 sec (0h:17m:33s)
Wall-clock time used for tree search: 1617.889 sec (0h:26m:57s)
Total CPU time used: 1173.859 sec (0h:19m:33s)
Total wall-clock time used: 1738.122 sec (0h:28m:58s)

Computing bootstrap consensus tree...
Reading input file nomerge08.nex.best_scheme.nex.splits.nex...
241 taxa and 962 splits.
Consensus tree written to nomerge08.nex.best_scheme.nex.contree
Reading input trees file nomerge08.nex.best_scheme.nex.contree
Log-likelihood of consensus tree: -82938.791

Analysis results written to: 
  IQ-TREE report:                nomerge08.nex.best_scheme.nex.iqtree
  Maximum-likelihood tree:       nomerge08.nex.best_scheme.nex.treefile
  Likelihood distances:          nomerge08.nex.best_scheme.nex.mldist

Ultrafast bootstrap approximation results written to:
  Split support values:          nomerge08.nex.best_scheme.nex.splits.nex
  Consensus tree:                nomerge08.nex.best_scheme.nex.contree
  Screen log file:               nomerge08.nex.best_scheme.nex.log

--- Start phylogenetic dating ---
Reading date file asterophryinae_dates.txt ...
5 dates extracted
Building time tree by least-square dating (LSD) with command:
lsd -i nomerge08.nex.best_scheme.nex.timetree.subst -s 2475 -o nomerge08.nex.best_scheme.nex.timetree -g nomerge08.nex.best_scheme.nex.timetree.outgroup -d nomerge08.nex.best_scheme.nex.timetree.date -z 0 
Reroot the tree(s) using given outgroups ...

TREE 1
*PROCESSING:
Reading the tree ... 
Collapse 3 (over 239) internal branches having branch length <= 0.000202
 (settable via option -l)
Parameter to adjust variances was set to 0.00915 (settable via option -b)
Minimum branch length of time scaled tree (settable via option -u and -U): 0
Estimating the root position on the branch defined by given outgroups ...

*RESULTS:
- Dating results:
 rate 0.00315102, tMRCA -29.4277 , objective function 0.461821

TOTAL ELAPSED TIME: 0.012 seconds
LSD results written to:
  LSD report:                  nomerge08.nex.best_scheme.nex.timetree.lsd
  Time tree in nexus format:   nomerge08.nex.best_scheme.nex.timetree.nex
  Time tree in newick format:  nomerge08.nex.best_scheme.nex.timetree.nwk

--- End phylogenetic dating ---
Date and Time: Thu Mar 23 14:06:36 2023
