IQ-TREE multicore version 2.2.0 COVID-edition for Windows 64-bit built Jun  1 2022
Developed by Bui Quang Minh, James Barbetti, Nguyen Lam Tung,
Olga Chernomor, Heiko Schmidt, Dominik Schrempf, Michael Woodhams, Ly Trong Nhan.

Host:    MSI (AVX512, FMA3, 15 GB RAM)
Command: C:\Users\Marguerite Butler\Documents\iqtree-2.2.0-Windows\bin\iqtree2.exe -s asterophryinae_20230305.phy -p nomerge08.nex -m TEST -B 1000 -o UMMZ219489_Scaphiophryne_marmorata --date asterophryinae_dates.txt --date-tip 0 -mset JC,F81,K80,HKY,TN,TNe,TPM2,TPM2u,TPM3,TPM3u,TIM,TIMe,TIM2,TIM2e,TIM3,TIM3e,TVMe,TVM,SYM,GTR
Seed:    555305 (Using SPRNG - Scalable Parallel Random Number Generator)
Time:    Sun Mar 12 10:28:47 2023
Kernel:  AVX+FMA - 1 threads (16 CPU cores detected)

HINT: Use -nt option to specify number of threads because your CPU has 16 cores!
HINT: -nt AUTO will automatically determine the best number of threads to use.

Reading partition model file nomerge08.nex ...
Reading alignment file asterophryinae_20230305.phy ... Phylip format detected
Alignment most likely contains DNA/RNA sequences
Constructing alignment: done in 0.0035985 secs
Alignment has 241 sequences with 2475 columns, 1396 distinct patterns
951 parsimony-informative, 195 singleton sites, 1329 constant sites
                                                 Gap/Ambiguity  Composition  p-value
Analyzing sequences: done in 0.0005628 secs
   1  ABTC116941_Oreophryne_A_graminis                  21.21%    passed      9.71%
   2  BPBM47733_Choerophryne_darlingtoni_complex_sp_1    0.28%    passed     96.60%
   3  BPBM47780_Cophixalus_cf__cryptotympanum            2.14%    passed     91.67%
   4  BPBM47792_Hylophorbus_cf__rufescens_14            20.85%    passed     24.73%
   5  BPBM47804_Cophixalus_darlingtoni                   5.41%    passed     98.10%
   6  BPBM31882_Paedophryne_swiftorum_complex_sp_1      22.42%    passed     19.52%
   7  BPBM47713_Paedophryne_amauensis                    0.08%    passed     92.53%
   8  BPBM47786_Callulops_sp_2                           3.68%    passed     93.38%
   9  UMMZ242263_Cophixalus_variabilis_complex_sp_1      1.25%    passed     72.08%
  10  UMMZ242338_Liophryne_aff__dentata_1                0.00%    passed     17.75%
  11  UMMZ242317_Hylophorbus_cf__rufescens_1             0.00%    passed     95.92%
  12  UMMZ242212_Austrochaperina_C_aff__palmipes_1       1.70%    passed     77.36%
  13  UMMZ242361_Mantophryne_cf__lateralis_1             0.04%    passed     85.97%
  14  UMMZ242309_Genyophryne_aff__thomsoni_1             0.44%    passed     87.40%
  15  UMMZ242349_Cophixalus_verrucosus_complex_sp_1      1.41%    passed     98.39%
  16  UMMZ242404_Oreophryne_A_sp_8                       0.00%    passed     13.57%
  17  UMMZ242232_Cophixalus_desticans_complex_sp_1       0.36%    passed     45.73%
  18  UMMZ242226_Callulops_doriae_complex_sp_1           0.20%    passed     65.99%
  19  FK16913_Paedophryne_titan                          0.48%    passed     19.15%
  20  UMMZ242398_Oreophryne_B_penelopia                  0.12%    passed     94.97%
  21  BPBM47888_Hylophorbus_cf__rufescens_13             4.24%    passed     97.91%
  22  JAM11383_Oreophryne_B_sp_5                         1.82%    passed     81.25%
  23  BPBM35843_Cophixalus_cf__pipilans_1                0.20%    passed     23.99%
  24  BPBM40083_Copiula_sp_1                             1.29%    passed     78.83%
  25  BPBM20571_Oreophryne_B_sp_2                        0.20%    passed     74.23%
  26  BPBM22664_Austrochaperina_A_sp_1                   1.58%    passed     79.76%
  27  BPBM20396_Mantophryne_cf__lateralis_1              0.24%    passed     94.07%
  28  BPBM48036_Paedophryne_sp_2                        20.00%    passed     27.41%
  29  BPBM35561_Choerophryne_gudrunae                    1.41%    passed     97.20%
  30  BPBM40135_Mantophryne_insignis                     0.12%    passed     84.40%
  31  BPBM39638_Hylophorbus_myopicus                     1.49%    passed    100.00%
  32  BPBM20572_Oreophryne_B_sp_3                        5.17%    passed     95.08%
  33  BPBM13110_Asterophrys_slateri                      0.93%    passed     34.14%
  34  BPBM33669_Callulops_wilhelmanus                    0.20%    passed     97.12%
  35  BPBM16554_Oreophryne_A_philosylleptoris            0.20%    passed     14.90%
  36  BPBM20262_Copiula_sp_2                             5.86%    passed     88.13%
  37  BPBM39000_Oreophryne_B_sp_1                        0.20%    passed     83.57%
  38  BPBM34677_Oreophryne_A_cameroni                    5.74%    passed     47.88%
  39  BPBM38990_Oreophryne_A_sp_2                        0.81%    passed     25.28%
  40  BPBM16181_Hylophorbus_cf__rufescens_2              0.24%    passed     96.81%
  41  BPBM39048_Cophixalus_sp_3                          0.69%    passed     49.47%
  42  BPBM34688_Oreophryne_A_biroi                       0.16%    passed     28.23%
  43  BPBM38939_Copiula_sp_7                            20.04%    passed     38.88%
  44  BPBM22675_Choerophryne_longirostris                0.12%    passed     95.90%
  45  BPBM18450_Hylophorbus_cf__rufescens_6              0.20%    passed     83.63%
  46  BPBM22504_Hylophorbus_cf__rufescens_12             1.45%    passed     82.58%
  47  BPBM39357_Oreophryne_B_sp_6                        0.32%    passed     87.01%
  48  BPBM20522_Oreophryne_A_aurora                      0.28%    passed     94.40%
  49  BPBM40145_Oreophryne_A_sp_6                        2.46%    passed     30.55%
  50  BPBM39569_Hylophorbus_cf__rufescens_9              0.04%    passed     99.01%
  51  BPBM22780_Mantophryne_cf__lateralis_3              1.25%    passed     99.39%
  52  BPBM39007_Copiula_sp_3                            20.97%    passed     21.16%
  53  BPBM19265_Mantophryne_cf__lateralis_4              1.29%    passed     99.16%
  54  BPBM33763_Oreophryne_A_anamiatoi                   0.12%    passed     59.29%
  55  BPBM22692_Cophixalus_balbus                        1.41%    passed     98.67%
  56  BPBM39244_Oreophryne_A_sp_3                        1.58%    passed     45.36%
  57  BPBM22689_Oreophryne_A_cf__cameroni                1.82%    passed     48.15%
  58  BPBM18430_Cophixalus_albolineatus                  1.21%    passed     68.02%
  59  BPBM38988_Oreophryne_B_sp_4                        2.34%    passed     83.93%
  60  BPBM33707_Cophixalus_caverniphilus                 1.98%    passed     83.04%
  61  BPBM39991_Choerophryne_bryonopsis                  1.70%    passed     58.86%
  62  BPBM39631_Hylophorbus_cf__rufescens_7              0.24%    passed     98.72%
  63  BPBM19320_Cophixalus_nexipus                       1.70%    passed     88.14%
  64  BPBM37122_Callulops_sp_1                           0.04%    passed     91.62%
  65  BPBM34724_Hylophorbus_atrifasciatus                0.04%    passed     90.27%
  66  BPBM18392_Cophixalus_cheesmanae_complex_sp_1       3.07%    passed     74.80%
  67  BPBM39929_Liophryne_miniafia                       0.00%    passed     96.69%
  68  BPBM35866_Hylophorbus_cf__rufescens_15             0.04%    passed     95.82%
  69  BPBM17959_Cophixalus_sp_4                          0.16%    passed     93.15%
  70  BPBM40000_Austrochaperina_A_sp_2                   0.04%    passed     80.15%
  71  BPBM19277_Cophixalus_iovaorum                      0.16%    passed     86.10%
  72  BPBM19338_Hylophorbus_cf__rufescens_10             0.20%    passed     99.69%
  73  BPBM37232_Hylophorbus_cf__rufescens_3              0.28%    passed     96.62%
  74  BPBM38914_Barygenys_maculata                       0.12%    passed     12.44%
  75  BPBM19371_Oreophryne_A_sp_4                        0.00%    passed     76.11%
  76  BPBM33749_Hylophorbus_richardsi                    0.08%    passed     85.61%
  77  BPBM18429_Cophixalus_albolineatus                  2.55%    passed     84.86%
  78  BPBM33664_Choerophryne_darlingtoni_complex_sp_2    0.81%    passed     98.97%
  79  BPBM34679_Choerophryne_proboscidea                 0.57%    passed     92.40%
  80  BPBM20538_Oreophryne_B_sp_3                        0.85%    passed     99.71%
  81  BPBM19314_Cophixalus_ateles                        2.18%    passed     96.02%
  82  BPBM38992_Oreophryne_A_sp_2                        1.98%    passed     32.27%
  83  BPBM39510_Oreophryne_B_phoebe                      1.54%    passed     55.11%
  84  BPBM37718_Cophixalus_clapporum                    20.97%    passed     29.96%
  85  BPBM39344_Oreophryne_B_sp_4                        1.25%    passed     47.08%
  86  BPBM38904_Barygenys_apodasta                       1.62%    passed     59.40%
  87  BPBM20126_Barygenys_aff__exsul_1                   1.78%    passed     37.71%
  88  BPBM15814_Cophixalus_variabilis_complex_sp_2       5.17%    passed     97.34%
  89  BPBM15708_Cophixalus_desticans_complex_sp_2        0.16%    passed     62.78%
  90  BPBM33674_Oreophryne_A_notata                      2.79%    failed      2.69%
  91  BPBM35692_Hylophorbus_cf__proekes                  1.78%    passed     61.14%
  92  BPBM20141_Callulops_doriae_complex_sp_2            1.78%    passed     44.31%
  93  BPBM17048_Hylophorbus_cf__rufescens_11             1.82%    passed     97.14%
  94  BPBM18509_Oreophryne_A_lemur                       1.41%    passed     85.29%
  95  BPBM33780_Xenorhina_parkerorum                     2.75%    passed     65.42%
  96  BPBM15259_Barygenys_resima                         1.94%    passed     46.73%
  97  BPBM20501_Oreophryne_B_meliades                    0.32%    passed     85.03%
  98  BPBM35986_Hylophorbus_cf__rufescens_17             2.02%    passed     95.61%
  99  BPBM27491_Cophixalus_verrucosus_complex_sp_3       1.13%    passed     84.33%
 100  BPBM15775_Oreophryne_B_equus                       1.45%    passed     73.73%
 101  BPBM15410_Mantophryne_cf__lateralis_2              1.25%    passed     97.77%
 102  BPBM39366_Oreophryne_A_sp_5                        1.86%    passed     85.70%
 103  BPBM37753_Paedophryne_dekot                        1.86%    passed     98.09%
 104  BPBM15707_Cophixalus_sp_5                          0.08%    passed     91.17%
 105  BPBM35735_Austrochaperina_B_sp_3                   0.00%    passed     96.90%
 106  TNHC58922_Oreophryne_B_variabilis                  3.19%    passed     63.12%
 107  CMNH1366_Oreophryne_A_anulata                      2.30%    passed     10.04%
 108  KU321316_Oreophryne_A_nana                         1.78%    passed     12.39%
 109  BPBM18605_Copiula_fistulans                        0.36%    passed     87.45%
 110  BPBM41683_Aphantophryne_B_pansa.3-Omunia_Camp      3.03%    passed     96.28%
 111  BPBM41681_Aphantophryne_B_pansa.3-Omunia_Camp      4.57%    passed     99.65%
 112  BPBM41685_Aphantophryne_B_pansa.3-Omunia_Camp      1.37%    passed     99.61%
 113  BPBM41682_Aphantophryne_B_pansa.3-Omunia_Camp      1.37%    passed     97.54%
 114  BPBM17084_Copiula_oxyrhina                         1.25%    passed     92.24%
 115  BPBM13862_Austrochaperina_B_macrorhyncha           0.85%    passed     96.73%
 116  BPBM18351_Choerophryne_gunnari                     2.26%    passed     53.45%
 117  BPBM20357_Genyophryne_thomsoni                     1.94%    passed     66.73%
 118  BPBM22740_Hylophorbus_cf__rufescens_16             1.13%    passed     95.66%
 119  BPBM20369_Hylophorbus_extimus                      0.85%    passed     97.27%
 120  BPBM22761_Hylophorbus_proekes                      0.85%    passed     97.43%
 121  BPBM15373_Liophryne_aff__dentata_2                 1.37%    passed     39.91%
 122  BPBM22754_Liophryne_schlaginhaufeni                1.13%    passed     51.23%
 123  BPBM20142_Mantophryne_louisiadensis                3.39%    passed     85.19%
 124  BPBM22511_Oreophryne_A_brachypus                   1.58%    passed     44.28%
 125  BPBM18510_Oreophryne_A_cf__geislerorum_1           1.17%    passed     28.30%
 126  BPBM17847_Choerophryne_sanguinopictus              1.66%    passed     98.81%
 127  BPBM16217_Oreophryne_A_inornata                    0.93%    passed     66.13%
 128  BPBM16546_Oreophryne_B_insulana                    2.63%    passed     77.70%
 129  BPBM22539_Oreophryne_A_loriae                      1.41%    passed     71.49%
 130  BPBM17890_Oxydactyla_crassa                        1.21%    passed     76.18%
 131  BPBM31477_Mantophryne_menziesi                     0.89%    passed     97.87%
 132  BPBM22793_Sphenophryne_cornuta                     3.64%    passed     59.94%
 133  BPBM22797_Xenorhina_arboricola                     0.89%    failed      3.81%
 134  BPBM28179_Xenorhina_mehelyi                        0.89%    passed     16.57%
 135  BPBM14060_Xenorhina_ocellata                       2.46%    passed     37.05%
 136  BPBM22795_Xenorhina_tumulus                        0.81%    passed      6.50%
 137  BPBM28153_Asterophrys_leucopus                     0.89%    passed     62.03%
 138  BPBM22649_Choerophryne_brunhildae                  0.97%    passed     90.66%
 139  BPBM18317_Choerophryne_exclamitans                 1.54%    passed     91.32%
 140  BPBM28204_Asterophrys_turpicola                    0.97%    passed     58.59%
 141  BPBM22665_Austrochaperina_B_basipalmata            1.62%    passed     71.00%
 142  BPBM22656_Austrochaperina_B_blumi                  1.29%    passed     90.00%
 143  BPBM22708_Copiula_tyleri                           0.04%    passed     73.77%
 144  BPBM22481_Austrochaperina_A_novaebritanniae        1.66%    passed     85.13%
 145  BPBM20112_Austrochaperina_A_yelaensis              3.84%    passed     72.30%
 146  BPBM15234_Austrochaperina_C_aff__palmipes_3        0.12%    passed     96.64%
 147  BPBM25756_Barygenys_atra                           0.85%    passed     48.58%
 148  BPBM25760_Barygenys_sp                             0.04%    passed     99.75%
 149  BPBM18504_Callulops_personatus                     0.89%    passed     99.31%
 150  BPBM13155_Callulops_eremnosphax                    1.62%    passed     91.58%
 151  BPBM20215_Cophixalus_cupricarenus                  2.51%    passed     94.82%
 152  BPBM20197_Cophixalus_melanops                      2.34%    passed     67.44%
 153  BPBM15665_Copiula_minor                            1.13%    passed     64.00%
 154  BPBM20287_Copiula_sp_6                            22.38%    passed     17.00%
 155  BPBM17827_Copiula_sp_4                             1.13%    passed     89.01%
 156  BPBM18388_Austrochaperina_A_parkeri                0.85%    passed     88.19%
 157  BPBM15355_Hylophorbus_cf__rufescens_4              1.13%    passed     85.90%
 158  BPBM18033_Hylophorbus_cf__rufescens_8              1.05%    passed     96.59%
 159  BPBM18441_Hylophorbus_cf__rufescens_12             1.45%    passed     81.97%
 160  BPBM18315_Liophryne_allisoni                       0.85%    passed     56.59%
 161  BPBM19360_Liophryne_magnitympanum                  1.29%    passed     64.61%
 162  BPBM20397_Mantophryne_axanthogaster                0.89%    passed     99.79%
 163  BPBM22784_Oreophryne_A_parkeri                    21.70%    passed     21.76%
 164  BPBM18128_Oreophryne_B_picticrus                   1.90%    passed     63.58%
 165  BPBM18002_Oreophryne_A_sp_7                        1.90%    passed     69.44%
 166  BPBM17980_Oreophryne_B_matawan                     6.95%    passed     80.16%
 167  BPBM22668_Austrochaperina_B_septentrionalis        1.86%    passed     63.65%
 168  BPBM22789_Oreophryne_A_parkopanorum                1.17%    passed     14.79%
 169  BPBM21474_Xenorhina_adisca                         1.09%    passed     37.08%
 170  BPBM22685_Choerophryne_rostellifer                 0.12%    passed     88.29%
 171  UMMZ211174_Dyscophis_antongilli                    2.18%    passed     83.90%
 172  UMMZ211181_Platypelis_grandis                      2.42%    passed     70.33%
 173  UMMZ219489_Scaphiophryne_marmorata                 0.08%    passed     78.46%
 174  BPBM20128_Barygenys_exsul                          0.89%    passed      8.08%
 175  ZMB74609_Asterophrys_senglaubi                     1.37%    passed     49.29%
 176  ZMB70535_Asterophrys_eurydactylus                  1.29%    passed     19.17%
 177  ZMB70187_Asterophrys_cf__marani                    1.58%    passed     20.48%
 178  ZMB63882_Asterophrys_marani                        2.63%    passed     40.93%
 179  ZMB70185_Asterophrys_cf__marani                    1.54%    passed     20.70%
 180  FK15527_Paedophryne_verrucosa                      1.49%    passed     23.45%
 181  BPBM39156_Oreophryne_A_sp_1                        0.81%    passed     33.48%
 182  BPBM19236_Callulops_bicolor                        1.54%    passed     56.74%
 183  BPBM35836_Callulops_microtis                       0.93%    passed     88.41%
 184  BPBM34741_Xenorhina_obesa                          0.85%    passed     33.97%
 185  BPBM20532_Oreophryne_B_sp_3                        0.89%    passed     99.80%
 186  BPBM15232_Austrochaperina_C_aff__palmipes_3        0.89%    passed     85.46%
 187  BPBM20469_Oreophryne_B_ezra                        4.16%    passed     42.92%
 188  BPBM33637_Choerophryne_murrita                     0.97%    passed     98.63%
 189  BPBM40143_Oreophryne_B_brunnea                     0.04%    passed     46.13%
 190  BPBM18097_Cophixalus_timidus                       1.29%    passed     86.66%
 191  BPBM20440_Oreophryne_B_meliades                    0.32%    passed     87.91%
 192  BPBM34697_Xenorhina_oxycephala                     0.00%    passed     29.14%
 193  BPBM16806_Callulops_robustus                       0.04%    passed     91.61%
 194  MB233_Cophixalus_sp_1                              2.71%    passed     72.31%
 195  MB291_Paedophryne_sp_1                             3.64%    passed     82.03%
 196  MB294_Hylophorbus_cf__rufescens_12                 0.04%    passed     87.73%
 197  MB300_Choerophryne_gunnari                         0.12%    passed     45.91%
 198  MB302_Cophixalus_sp_2                              0.00%    passed     54.48%
 199  MB309_Copiula_sp_5                                 2.51%    passed     68.80%
 200  MB327_Xenorhina_sp_1                              19.64%    passed     13.32%
 201  MB331_Mantophryne_cf__lateralis_4                  0.04%    passed     89.33%
 202  MB342_Oreophryne_A_loriae                          1.25%    passed     64.96%
 203  MB463_Choerophryne_sp_2                            0.44%    passed     84.86%
 204  MB466_Choerophryne_sp_1                            0.00%    passed     99.97%
 205  MB470_Cophixalus_cheesmanae_complex_sp_2           1.25%    passed     38.76%
 206  MB472_Choerophryne_sp_4                            0.00%    passed     58.32%
 207  MB475_Austrochaperina_C_aff__palmipes_4            0.00%    passed     98.74%
 208  MB479_Mantophryne_cf__lateralis_5                  2.91%    passed     97.41%
 209  MB482_Cophixalus_linnaeus                          0.24%    passed     86.36%
 210  MB483_Hylophorbus_cf__rufescens_5                  0.04%    passed     83.87%
 211  MB484_Oreophryne_A_cf__geislerorum_2               0.73%    passed     21.11%
 212  MB486_Paedophryne_swiftorum_complex_sp_2           6.51%    passed     29.80%
 213  MB508_Callulops_doriae_complex_sp_1                1.17%    passed     41.07%
 214  MB518_Mantophryne_cf__lateralis_1                  3.23%    passed     95.46%
 215  MB539_Austrochaperina_C_aff__palmipes_2            1.17%    passed     73.41%
 216  MB556_Hylophorbus_cf__rufescens_1                  1.25%    passed     94.69%
 217  MB571_Cophixalus_variabilis_complex_sp_3           0.00%    passed     93.20%
 218  MB583_Cophixalus_verrucosus_complex_sp_2           1.17%    passed     97.87%
 219  MB593_Liophryne_aff__dentata_3                     1.25%    passed     47.38%
 220  MB617_Cophixalus_desticans_complex_sp_1            0.00%    passed     44.78%
 221  MB626_Genyophryne_aff__thomsoni_2                  1.41%    passed     97.10%
 222  MB627_Oreophryne_B_penelopia                       1.33%    passed     80.94%
 223  BPBM31979_Hylophorbus_cf__rufescens_5              3.27%    passed     84.96%
 224  BPBM26182_Cophixalus_tomaiodactylus                1.29%    passed     98.92%
 225  BPBM23740_Callulops_personatus                     1.09%    passed     99.22%
 226  BPBM25837_Choerophryne_sp_3                        1.45%    passed     97.88%
 227  BPBM26194_Cophixalus_phaeobalius                   1.41%    passed     98.49%
 228  BPBM25754_Choerophryne_sp_4                        1.41%    passed     55.33%
 229  BPBM31337_Cophixalus_linnaeus                      1.37%    passed     86.18%
 230  BPBM31847_Cophixalus_cf__pipilans_2                0.28%    passed     71.79%
 231  BPBM31853_Genyophryne_aff__thomsoni_3              2.83%    passed     44.14%
 232  BPBM31808_Choerophryne_sp_1                        1.45%    passed     97.91%
 233  BPBM35367_Choerophryne_sp_4                        0.04%    passed     66.71%
 234  AA24862_Asterophrys_sp                             2.34%    passed     16.37%
 235  BPBM44363_Aphantophryne_sabini-Myola_GH            0.12%    passed     98.60%
 236  BPBM44369_Aphantophryne_sabini-Myola_GH            0.20%    passed     99.09%
 237  BPBM44373_Aphantophryne_sabini-Myola_GH            0.20%    passed     98.81%
 238  BJE1120_Oreophryne_A_senckenbergiana               1.29%    passed     43.70%
 239  BJE1143_Oreophryne_A_senckenbergiana               1.21%    passed     42.99%
 240  BJE1144_Oreophryne_A_senckenbergiana               1.21%    passed     42.49%
 241  BJE1248_Oreophryne_A_frontifasciata               21.82%    passed     75.31%
****  TOTAL                                              2.23%  2 sequences failed composition chi2 test (p-value<5%; df=3)
NOTE: No CharPartition defined, use all CharSets

Loading 15 partitions...
Identifying sites to remove: done in 0.0002972 secs
Identifying sites to remove: done in 0.0002472 secs
Identifying sites to remove: done in 0.0003284 secs
Identifying sites to remove: done in 0.0003367 secs
Identifying sites to remove: done in 0.0002452 secs
Identifying sites to remove: done in 0.0003197 secs
Subset	Type	Seqs	Sites	Infor	Invar	Model	Name
1		241	136	4	118	TEST	sia_pos1
2		241	136	0	128	TEST	sia_pos2
WARNING: No parsimony-informative sites in partition sia_pos2
3		241	135	72	45	TEST	sia_pos3
4		241	173	78	78	TEST	bdnf_pos1
5		241	172	16	154	TEST	bdnf_pos2
6		241	172	4	163	TEST	bdnf_pos3
7		241	185	16	144	TEST	nxc_pos1
8		241	185	10	164	TEST	nxc_pos2
9		241	185	96	52	TEST	nxc_pos3
10		238	170	86	72	TEST	cyb_pos1
11		238	170	59	99	TEST	cyb_pos2
12		238	170	170	0	TEST	cyb_pos3
13		233	162	110	39	TEST	nd4_pos1
14		233	162	68	73	TEST	nd4_pos2
15		233	162	162	0	TEST	nd4_pos3
Degree of missing data: 0.009
Info: multi-threading strategy over partitions



Create initial parsimony tree by phylogenetic likelihood library (PLL)... 0.071 seconds
Perform fast likelihood tree search using GTR+I+G model...
Estimate model parameters (epsilon = 5.000)
Initial log-likelihood: -98458.057
Current log-likelihood at step 1: -84077.366
Current log-likelihood at step 2: -83501.713
Current log-likelihood at step 3: -83458.122
Current log-likelihood at step 4: -83435.175
Current log-likelihood at step 5: -83388.953
Current log-likelihood at step 6: -83379.516
Current log-likelihood at step 7: -83378.227
Parameters optimization took 6 rounds (8.628 sec)


WARNING: Estimated model parameters are at boundary that can cause numerical instability!

Perform nearest neighbor interchange...
Optimizing NNI: done in 2.83914 secs using 100.2% CPU
Estimate model parameters (epsilon = 1.000)
Initial log-likelihood: -83185.647
Current log-likelihood at step 1: -83183.777
Current log-likelihood at step 2: -83183.203
Partition-specific rates:  0.345 0.266 0.983 0.480 0.283 0.631 0.624 0.369 0.420 1.449 0.551 2.699 2.439 0.783 2.694
Parameters optimization took 1 rounds (1.520 sec)


WARNING: Estimated model parameters are at boundary that can cause numerical instability!

Time for fast ML tree search: 13.009 seconds

NOTE: ModelFinder requires 6 MB RAM!
Selecting individual models for 15 charsets using BIC...
 No. Model        Score       TreeLen     Charset
   1 TNe+I+G4     1052.070    0.642       sia_pos1
   2 JC+I+G4      611.540     3.150       sia_pos2
   3 TN+F+I+G4    6790.557    7.080       sia_pos3
   4 K2P+G4       5861.447    3.758       bdnf_pos1
   5 TVMe+I+G4    1593.720    0.628       bdnf_pos2
   6 TIMe+I+G4    815.998     4.118       bdnf_pos3
   7 TIM2+F+I+G4  2080.221    0.944       nxc_pos1
   8 GTR+F+I+G4   1647.835    2.574       nxc_pos2
   9 TN+F+G4      6719.410    2.983       nxc_pos3
  10 TPM2+I+G4    13578.287   10.625      cyb_pos1	0h:0m:22s (0h:0m:11s left)
  11 GTR+F+I+G4   5588.241    3.858       cyb_pos2	0h:0m:25s (0h:0m:9s left)
  12 GTR+F+ASC+G4 49209.489   84.866      cyb_pos3	0h:0m:33s (0h:0m:8s left)
  13 TIM2+F+I+G4  17068.967   16.849      nd4_pos1	0h:0m:36s (0h:0m:5s left)
  14 GTR+F+I+G4   6997.406    5.455       nd4_pos2	0h:0m:40s (0h:0m:2s left)
  15 TN+F+ASC+G4  46367.608   89.366      nd4_pos3	0h:0m:46s (0h:0m:0s left)
Full partition model BIC score: 170020.287 (LnL: -82705.015  df:590)
Partition information was printed to nomerge08.nex.best_scheme.nex
Partition information in Raxml format was printed to nomerge08.nex.best_scheme

All model information printed to nomerge08.nex.model.gz
CPU time for ModelFinder: 59.656 seconds (0h:0m:59s)
Wall-clock time for ModelFinder: 60.150 seconds (0h:1m:0s)
Generating 1000 samples for ultrafast bootstrap (seed: 555305)...

NOTE: 55 MB RAM (0 GB) is required!
Estimate model parameters (epsilon = 0.100)
Initial log-likelihood: -82705.648
Current log-likelihood at step 1: -82690.276
Current log-likelihood at step 2: -82689.122
Current log-likelihood at step 3: -82688.825
Current log-likelihood at step 4: -82688.701
Current log-likelihood at step 5: -82688.642
Partition-specific rates:  0.038 0.170 0.432 0.228 0.038 0.234 0.061 0.158 0.182 0.656 0.238 5.403 1.056 0.340 5.749
Parameters optimization took 4 rounds (2.344 sec)


WARNING: Estimated model parameters are at boundary that can cause numerical instability!

Wrote distance file to... 
Computing ML distances based on estimated model parameters...
Calculating distance matrix: done in 0.0070193 secs using 222.6% CPU
Computing ML distances took 0.007278 sec (of wall-clock time) 0.015625 sec (of CPU time)
Setting up auxiliary I and S matrices: done in 0.000279 secs
Constructing RapidNJ tree: done in 0.0010607 secs
Computing RapidNJ tree took 0.001400 sec (of wall-clock time) 0.000000 sec (of CPU time)
Log-likelihood of RapidNJ tree: -120268.374
--------------------------------------------------------------------
|             INITIALIZING CANDIDATE TREE SET                      |
--------------------------------------------------------------------
Generating 98 parsimony trees... 9.329 second
Computing log-likelihood of 98 initial trees ... 14.625 seconds
Current best score: -82688.642

Do NNI search on 20 best initial trees
Optimizing NNI: done in 0.816059 secs using 101.5% CPU
Estimate model parameters (epsilon = 0.100)
Initial log-likelihood: -82684.841
Current log-likelihood at step 1: -82684.716
Current log-likelihood at step 2: -82684.675
Parameters optimization took 1 rounds (0.791 sec)


WARNING: Estimated model parameters are at boundary that can cause numerical instability!

BETTER TREE FOUND at iteration 1: -82684.675
Optimizing NNI: done in 2.3172 secs using 99.8% CPU
Estimate model parameters (epsilon = 0.100)
Initial log-likelihood: -82489.139
Current log-likelihood at step 1: -82488.071
Current log-likelihood at step 2: -82487.706
Current log-likelihood at step 3: -82487.644
Parameters optimization took 2 rounds (1.475 sec)


WARNING: Estimated model parameters are at boundary that can cause numerical instability!

BETTER TREE FOUND at iteration 2: -82487.644
Optimizing NNI: done in 3.12662 secs using 99.95% CPU
Estimate model parameters (epsilon = 0.100)
Initial log-likelihood: -82477.003
Current log-likelihood at step 1: -82476.477
Current log-likelihood at step 2: -82476.357
Current log-likelihood at step 3: -82476.296
Parameters optimization took 2 rounds (1.330 sec)


WARNING: Estimated model parameters are at boundary that can cause numerical instability!

BETTER TREE FOUND at iteration 3: -82476.296
Optimizing NNI: done in 3.08157 secs using 99.89% CPU
Estimate model parameters (epsilon = 0.100)
Initial log-likelihood: -82450.042
Current log-likelihood at step 1: -82449.652
Current log-likelihood at step 2: -82449.602
Parameters optimization took 1 rounds (0.954 sec)


WARNING: Estimated model parameters are at boundary that can cause numerical instability!

BETTER TREE FOUND at iteration 4: -82449.602
Optimizing NNI: done in 2.95465 secs using 99.95% CPU
Optimizing NNI: done in 2.86717 secs using 100.3% CPU
Optimizing NNI: done in 2.24153 secs using 99.68% CPU
Optimizing NNI: done in 3.47245 secs using 99.89% CPU
Optimizing NNI: done in 2.71673 secs using 99.5% CPU
Optimizing NNI: done in 2.68646 secs using 100% CPU
Estimate model parameters (epsilon = 0.100)
Initial log-likelihood: -82434.446
Current log-likelihood at step 1: -82433.909
Current log-likelihood at step 2: -82433.827
Parameters optimization took 1 rounds (0.946 sec)


WARNING: Estimated model parameters are at boundary that can cause numerical instability!

BETTER TREE FOUND at iteration 10: -82433.827
Iteration 10 / LogL: -82433.827 / Time: 0h:1m:0s
Optimizing NNI: done in 2.84083 secs using 100.1% CPU
Optimizing NNI: done in 2.51093 secs using 100.2% CPU
Optimizing NNI: done in 2.5866 secs using 100.3% CPU
Optimizing NNI: done in 3.13859 secs using 100.1% CPU
Optimizing NNI: done in 2.43711 secs using 100% CPU
Optimizing NNI: done in 3.99788 secs using 99.66% CPU
Optimizing NNI: done in 3.25006 secs using 100% CPU
Optimizing NNI: done in 3.26066 secs using 100.2% CPU
Optimizing NNI: done in 4.10623 secs using 100.1% CPU
Optimizing NNI: done in 3.71768 secs using 100% CPU
Iteration 20 / LogL: -82472.901 / Time: 0h:1m:32s
Finish initializing candidate tree set (20)
Current best tree score: -82433.827 / CPU time: 88.023
Number of iterations: 20
--------------------------------------------------------------------
|               OPTIMIZING CANDIDATE TREE SET                      |
--------------------------------------------------------------------
Optimizing NNI: done in 3.18568 secs using 100.1% CPU
Optimizing NNI: done in 2.02327 secs using 100.4% CPU
Optimizing NNI: done in 2.39795 secs using 99.69% CPU
Estimate model parameters (epsilon = 0.100)
Initial log-likelihood: -82433.522
Current log-likelihood at step 1: -82433.085
Current log-likelihood at step 2: -82432.972
Current log-likelihood at step 3: -82432.919
Parameters optimization took 2 rounds (1.567 sec)


WARNING: Estimated model parameters are at boundary that can cause numerical instability!

BETTER TREE FOUND at iteration 23: -82432.919
Optimizing NNI: done in 2.16367 secs using 100.4% CPU
Optimizing NNI: done in 2.38582 secs using 100.2% CPU
Optimizing NNI: done in 2.45912 secs using 100.4% CPU
Estimate model parameters (epsilon = 0.100)
Initial log-likelihood: -82429.516
Current log-likelihood at step 1: -82429.346
Current log-likelihood at step 2: -82429.303
Parameters optimization took 1 rounds (0.812 sec)


WARNING: Estimated model parameters are at boundary that can cause numerical instability!

BETTER TREE FOUND at iteration 26: -82429.303
Optimizing NNI: done in 2.10293 secs using 99.56% CPU
Optimizing NNI: done in 2.2191 secs using 99.98% CPU
Optimizing NNI: done in 2.89901 secs using 100.2% CPU
Optimizing NNI: done in 1.8988 secs using 100.4% CPU
Iteration 30 / LogL: -82433.740 / Time: 0h:1m:59s (0h:6m:36s left)
Optimizing NNI: done in 2.36448 secs using 99.78% CPU
Optimizing NNI: done in 2.10717 secs using 100.1% CPU
Optimizing NNI: done in 2.3077 secs using 99.53% CPU
Optimizing NNI: done in 1.97503 secs using 100.5% CPU
Estimate model parameters (epsilon = 0.100)
Initial log-likelihood: -82429.006
Current log-likelihood at step 1: -82428.939
Parameters optimization took 0 rounds (0.375 sec)


WARNING: Estimated model parameters are at boundary that can cause numerical instability!

BETTER TREE FOUND at iteration 34: -82428.939
Optimizing NNI: done in 2.32255 secs using 99.57% CPU
Optimizing NNI: done in 2.12321 secs using 99.35% CPU
Optimizing NNI: done in 2.06877 secs using 99.7% CPU
Optimizing NNI: done in 2.80039 secs using 99.87% CPU
Estimate model parameters (epsilon = 0.100)
Initial log-likelihood: -82428.695
Current log-likelihood at step 1: -82428.445
Current log-likelihood at step 2: -82428.410
Parameters optimization took 1 rounds (0.937 sec)


WARNING: Estimated model parameters are at boundary that can cause numerical instability!

BETTER TREE FOUND at iteration 38: -82428.410
Optimizing NNI: done in 2.22777 secs using 99.59% CPU
Optimizing NNI: done in 2.2642 secs using 99.37% CPU
Iteration 40 / LogL: -82428.644 / Time: 0h:2m:24s (0h:6m:2s left)
Optimizing NNI: done in 2.49242 secs using 99.68% CPU
Optimizing NNI: done in 2.31414 secs using 99.25% CPU
Optimizing NNI: done in 2.40595 secs using 100% CPU
Estimate model parameters (epsilon = 0.100)
Initial log-likelihood: -82426.691
Current log-likelihood at step 1: -82426.535
Current log-likelihood at step 2: -82426.497
Parameters optimization took 1 rounds (0.796 sec)


WARNING: Estimated model parameters are at boundary that can cause numerical instability!

BETTER TREE FOUND at iteration 43: -82426.497
Optimizing NNI: done in 2.36166 secs using 99.9% CPU
Optimizing NNI: done in 2.5284 secs using 100.1% CPU
Optimizing NNI: done in 2.29333 secs using 100.2% CPU
Optimizing NNI: done in 2.3925 secs using 99.92% CPU
Optimizing NNI: done in 2.24894 secs using 100% CPU
Optimizing NNI: done in 2.00482 secs using 100.5% CPU
Optimizing NNI: done in 2.05499 secs using 100.4% CPU
Iteration 50 / LogL: -82429.178 / Time: 0h:2m:48s (0h:5m:19s left)
Log-likelihood cutoff on original alignment: -82555.040
Optimizing NNI: done in 2.30216 secs using 99.77% CPU
Optimizing NNI: done in 2.58102 secs using 99.89% CPU
Optimizing NNI: done in 1.96201 secs using 99.55% CPU
Optimizing NNI: done in 2.19247 secs using 99.77% CPU
Optimizing NNI: done in 2.37511 secs using 100% CPU
Optimizing NNI: done in 2.15328 secs using 100.1% CPU
Optimizing NNI: done in 2.40732 secs using 99.96% CPU
Optimizing NNI: done in 2.14261 secs using 99.91% CPU
Optimizing NNI: done in 2.62483 secs using 100% CPU
Optimizing NNI: done in 2.61519 secs using 99.78% CPU
Iteration 60 / LogL: -82426.556 / Time: 0h:3m:13s (0h:4m:31s left)
Optimizing NNI: done in 2.68553 secs using 99.49% CPU
Optimizing NNI: done in 2.26574 secs using 99.99% CPU
Optimizing NNI: done in 2.12951 secs using 99.79% CPU
Optimizing NNI: done in 2.86406 secs using 100.4% CPU
Optimizing NNI: done in 2.36068 secs using 99.94% CPU
Optimizing NNI: done in 2.00551 secs using 100.5% CPU
Estimate model parameters (epsilon = 0.100)
Initial log-likelihood: -82420.806
Current log-likelihood at step 1: -82420.499
Current log-likelihood at step 2: -82420.422
Parameters optimization took 1 rounds (1.078 sec)


WARNING: Estimated model parameters are at boundary that can cause numerical instability!

BETTER TREE FOUND at iteration 66: -82420.422
Optimizing NNI: done in 2.22097 secs using 99.9% CPU
Optimizing NNI: done in 2.13113 secs using 100.4% CPU
Optimizing NNI: done in 2.00438 secs using 99.78% CPU
Optimizing NNI: done in 2.06154 secs using 100% CPU
Iteration 70 / LogL: -82421.454 / Time: 0h:3m:37s (0h:5m:2s left)
Optimizing NNI: done in 2.17026 secs using 100.1% CPU
Estimate model parameters (epsilon = 0.100)
Initial log-likelihood: -82420.142
Current log-likelihood at step 1: -82420.066
Parameters optimization took 0 rounds (0.403 sec)


WARNING: Estimated model parameters are at boundary that can cause numerical instability!

BETTER TREE FOUND at iteration 71: -82420.066
Optimizing NNI: done in 2.67428 secs using 99.91% CPU
Optimizing NNI: done in 2.14799 secs using 100.4% CPU
Optimizing NNI: done in 2.32753 secs using 100% CPU
Optimizing NNI: done in 2.2897 secs using 99.63% CPU
Optimizing NNI: done in 2.59554 secs using 99.93% CPU
Optimizing NNI: done in 2.23606 secs using 99.92% CPU
Optimizing NNI: done in 2.128 secs using 99.86% CPU
Estimate model parameters (epsilon = 0.100)
Initial log-likelihood: -82419.091
Current log-likelihood at step 1: -82418.957
Current log-likelihood at step 2: -82418.921
Parameters optimization took 1 rounds (0.778 sec)


WARNING: Estimated model parameters are at boundary that can cause numerical instability!

BETTER TREE FOUND at iteration 78: -82418.921
Optimizing NNI: done in 2.8749 secs using 100% CPU
Optimizing NNI: done in 2.19113 secs using 99.83% CPU
Iteration 80 / LogL: -82445.824 / Time: 0h:4m:2s (0h:5m:1s left)
Optimizing NNI: done in 2.34692 secs using 99.86% CPU
Optimizing NNI: done in 2.07702 secs using 99.3% CPU
Optimizing NNI: done in 2.01126 secs using 99.44% CPU
Optimizing NNI: done in 2.22378 secs using 100.5% CPU
Optimizing NNI: done in 3.33687 secs using 99.74% CPU
Optimizing NNI: done in 2.52997 secs using 100.1% CPU
Optimizing NNI: done in 2.37065 secs using 100.2% CPU
Optimizing NNI: done in 2.31173 secs using 100% CPU
Optimizing NNI: done in 2.0513 secs using 100.5% CPU
Optimizing NNI: done in 2.26323 secs using 100.1% CPU
Iteration 90 / LogL: -82419.970 / Time: 0h:4m:26s (0h:4m:23s left)
Optimizing NNI: done in 2.43402 secs using 100.1% CPU
Optimizing NNI: done in 2.11206 secs using 99.87% CPU
Optimizing NNI: done in 2.12601 secs using 99.95% CPU
Optimizing NNI: done in 2.37369 secs using 100.1% CPU
Optimizing NNI: done in 2.08717 secs using 100.3% CPU
Optimizing NNI: done in 2.21152 secs using 100.3% CPU
Optimizing NNI: done in 2.17115 secs using 100% CPU
Optimizing NNI: done in 1.88098 secs using 99.68% CPU
Optimizing NNI: done in 2.41328 secs using 100.4% CPU
Optimizing NNI: done in 2.09966 secs using 99.72% CPU
Iteration 100 / LogL: -82426.850 / Time: 0h:4m:49s (0h:3m:47s left)
Log-likelihood cutoff on original alignment: -82541.751
NOTE: Bootstrap correlation coefficient of split occurrence frequencies: 0.994
Optimizing NNI: done in 2.28137 secs using 99.31% CPU
Optimizing NNI: done in 2.00691 secs using 100.4% CPU
Optimizing NNI: done in 2.23441 secs using 100% CPU
Optimizing NNI: done in 2.23434 secs using 100% CPU
Optimizing NNI: done in 2.44767 secs using 100.2% CPU
Optimizing NNI: done in 2.51236 secs using 100.1% CPU
Optimizing NNI: done in 2.31321 secs using 99.97% CPU
Optimizing NNI: done in 2.13649 secs using 100.2% CPU
Optimizing NNI: done in 2.18402 secs using 99.44% CPU
Optimizing NNI: done in 2.29766 secs using 99.97% CPU
Iteration 110 / LogL: -82524.241 / Time: 0h:5m:13s (0h:4m:18s left)
Optimizing NNI: done in 2.24414 secs using 99.56% CPU
Optimizing NNI: done in 2.06703 secs using 99.78% CPU
Optimizing NNI: done in 2.19467 secs using 98.96% CPU
Optimizing NNI: done in 2.57937 secs using 100.6% CPU
Optimizing NNI: done in 2.45802 secs using 99.8% CPU
Optimizing NNI: done in 2.38049 secs using 99.77% CPU
Optimizing NNI: done in 2.45597 secs using 99.88% CPU
Optimizing NNI: done in 1.91815 secs using 100.2% CPU
Optimizing NNI: done in 2.23464 secs using 99.99% CPU
Optimizing NNI: done in 2.01653 secs using 99.96% CPU
Iteration 120 / LogL: -82424.852 / Time: 0h:5m:36s (0h:3m:45s left)
Optimizing NNI: done in 2.22363 secs using 99.78% CPU
Optimizing NNI: done in 2.25858 secs using 100.3% CPU
Optimizing NNI: done in 2.08744 secs using 99.55% CPU
Optimizing NNI: done in 2.47134 secs using 99.9% CPU
Optimizing NNI: done in 2.38956 secs using 100% CPU
Optimizing NNI: done in 1.89614 secs using 100.5% CPU
Optimizing NNI: done in 2.23266 secs using 100.1% CPU
Optimizing NNI: done in 2.91834 secs using 99.59% CPU
Optimizing NNI: done in 2.2411 secs using 100.4% CPU
Optimizing NNI: done in 2.06652 secs using 100.6% CPU
Iteration 130 / LogL: -82425.769 / Time: 0h:5m:59s (0h:3m:15s left)
Optimizing NNI: done in 2.04026 secs using 98.79% CPU
Optimizing NNI: done in 1.76189 secs using 100.2% CPU
Optimizing NNI: done in 2.17651 secs using 100.5% CPU
Optimizing NNI: done in 2.6102 secs using 100.6% CPU
Optimizing NNI: done in 2.64834 secs using 99.12% CPU
Optimizing NNI: done in 2.42427 secs using 99.9% CPU
Optimizing NNI: done in 2.11331 secs using 100.6% CPU
Optimizing NNI: done in 1.94323 secs using 100.5% CPU
Optimizing NNI: done in 2.26143 secs using 99.49% CPU
Optimizing NNI: done in 2.08612 secs using 99.62% CPU
Iteration 140 / LogL: -82420.935 / Time: 0h:6m:22s (0h:2m:44s left)
Optimizing NNI: done in 1.99437 secs using 99.5% CPU
Optimizing NNI: done in 2.0488 secs using 99.91% CPU
Optimizing NNI: done in 2.77849 secs using 100.1% CPU
Optimizing NNI: done in 1.9081 secs using 100.7% CPU
Optimizing NNI: done in 2.31713 secs using 99.8% CPU
Optimizing NNI: done in 2.2181 secs using 100% CPU
Optimizing NNI: done in 2.36974 secs using 100.2% CPU
Optimizing NNI: done in 2.34087 secs using 100.1% CPU
Optimizing NNI: done in 2.05925 secs using 100.2% CPU
Optimizing NNI: done in 2.38462 secs using 100.3% CPU
Iteration 150 / LogL: -82421.345 / Time: 0h:6m:45s (0h:2m:15s left)
Log-likelihood cutoff on original alignment: -82541.751
Optimizing NNI: done in 2.54373 secs using 100.1% CPU
Optimizing NNI: done in 2.55238 secs using 99.17% CPU
Optimizing NNI: done in 2.55305 secs using 99.76% CPU
Optimizing NNI: done in 1.98097 secs using 100.2% CPU
Optimizing NNI: done in 2.60401 secs using 100.2% CPU
Optimizing NNI: done in 2.26834 secs using 99.88% CPU
Optimizing NNI: done in 2.17096 secs using 100% CPU
Optimizing NNI: done in 2.064 secs using 99.93% CPU
Optimizing NNI: done in 2.39842 secs using 99.67% CPU
Optimizing NNI: done in 2.32446 secs using 100.2% CPU
Iteration 160 / LogL: -82420.421 / Time: 0h:7m:9s (0h:1m:48s left)
Optimizing NNI: done in 2.23452 secs using 99.99% CPU
Optimizing NNI: done in 2.24494 secs using 100.2% CPU
Optimizing NNI: done in 2.30209 secs using 99.77% CPU
Optimizing NNI: done in 2.4087 secs using 99.9% CPU
Optimizing NNI: done in 1.98312 secs using 100.1% CPU
Optimizing NNI: done in 2.03126 secs using 100% CPU
Optimizing NNI: done in 1.90237 secs using 100.2% CPU
Optimizing NNI: done in 2.09139 secs using 100.1% CPU
Optimizing NNI: done in 2.2028 secs using 100% CPU
Optimizing NNI: done in 2.03686 secs using 100.5% CPU
Iteration 170 / LogL: -82424.333 / Time: 0h:7m:31s (0h:1m:20s left)
Optimizing NNI: done in 2.57579 secs using 100.1% CPU
Optimizing NNI: done in 2.11503 secs using 99.73% CPU
Optimizing NNI: done in 2.25484 secs using 100.5% CPU
Optimizing NNI: done in 2.49217 secs using 99.69% CPU
Optimizing NNI: done in 2.33606 secs using 99.66% CPU
Optimizing NNI: done in 2.17094 secs using 100% CPU
Optimizing NNI: done in 2.36014 secs using 99.97% CPU
Optimizing NNI: done in 2.21533 secs using 100.2% CPU
Optimizing NNI: done in 2.28337 secs using 99.91% CPU
TREE SEARCH COMPLETED AFTER 179 ITERATIONS / Time: 0h:7m:52s

--------------------------------------------------------------------
|                    FINALIZING TREE SEARCH                        |
--------------------------------------------------------------------
Performs final model parameters optimization
Estimate model parameters (epsilon = 0.010)
Initial log-likelihood: -82418.921
Current log-likelihood at step 1: -82418.895
Current log-likelihood at step 2: -82418.868
Current log-likelihood at step 3: -82418.848
Current log-likelihood at step 4: -82418.832
Current log-likelihood at step 5: -82418.817
Current log-likelihood at step 6: -82418.803
Current log-likelihood at step 7: -82418.790
Current log-likelihood at step 8: -82418.777
Current log-likelihood at step 9: -82418.765
Current log-likelihood at step 10: -82418.752
Current log-likelihood at step 11: -82418.741
Current log-likelihood at step 12: -82418.731
Current log-likelihood at step 13: -82418.719
Current log-likelihood at step 14: -82418.709
Current log-likelihood at step 15: -82418.698
Current log-likelihood at step 16: -82418.688
Current log-likelihood at step 17: -82418.679
Partition-specific rates:  0.038 0.150 0.430 0.219 0.038 0.206 0.058 0.152 0.168 0.654 0.227 5.483 1.026 0.333 5.800
Parameters optimization took 16 rounds (6.377 sec)


WARNING: Estimated model parameters are at boundary that can cause numerical instability!

Partition information was printed to nomerge08.nex.best_model.nex
BEST SCORE FOUND : -82418.679
Creating bootstrap support values...
Split supports printed to NEXUS file nomerge08.nex.splits.nex
Total tree length: 16.539

Total number of iterations: 179
CPU time used for tree search: 467.578 sec (0h:7m:47s)
Wall-clock time used for tree search: 467.956 sec (0h:7m:47s)
Total CPU time used: 479.844 sec (0h:7m:59s)
Total wall-clock time used: 479.940 sec (0h:7m:59s)

Computing bootstrap consensus tree...
Reading input file nomerge08.nex.splits.nex...
241 taxa and 922 splits.
Consensus tree written to nomerge08.nex.contree
Reading input trees file nomerge08.nex.contree
Log-likelihood of consensus tree: -82419.704

Analysis results written to: 
  IQ-TREE report:                nomerge08.nex.iqtree
  Maximum-likelihood tree:       nomerge08.nex.treefile
  Likelihood distances:          nomerge08.nex.mldist
  Best partitioning scheme:      nomerge08.nex.best_scheme.nex
           in RAxML format:      nomerge08.nex.best_scheme

Ultrafast bootstrap approximation results written to:
  Split support values:          nomerge08.nex.splits.nex
  Consensus tree:                nomerge08.nex.contree
  Screen log file:               nomerge08.nex.log

--- Start phylogenetic dating ---
Reading date file asterophryinae_dates.txt ...
5 dates extracted
Building time tree by least-square dating (LSD) with command:
lsd -i nomerge08.nex.timetree.subst -s 2475 -o nomerge08.nex.timetree -g nomerge08.nex.timetree.outgroup -d nomerge08.nex.timetree.date -z 0 
Reroot the tree(s) using given outgroups ...

TREE 1
*PROCESSING:
Reading the tree ... 
Collapse 0 (over 239) internal branches having branch length <= 0.000202
 (settable via option -l)
Parameter to adjust variances was set to 0.0226 (settable via option -b)
Minimum branch length of time scaled tree (settable via option -u and -U): 0
Estimating the root position on the branch defined by given outgroups ...

*RESULTS:
- Dating results:
 rate 0.0078748, tMRCA -30.693 , objective function 1.32212

TOTAL ELAPSED TIME: 0.009 seconds
LSD results written to:
  LSD report:                  nomerge08.nex.timetree.lsd
  Time tree in nexus format:   nomerge08.nex.timetree.nex
  Time tree in newick format:  nomerge08.nex.timetree.nwk

--- End phylogenetic dating ---
Date and Time: Sun Mar 12 10:37:48 2023
